
Processing d = 74 


Negatively Dependent (:,-3)  = 0
Negatively Dependent [-3,-2) = 11
Negatively Dependent [-2,-1) = 2589
Negatively Dependent [-1,0)  = 42297
Independent = 99512659
Positively Dependent (0,1)   = 101459
Positively Dependent [1,2)   = 88019
Positively Dependent [2,3)   = 70649
Positively Dependent [3,4)   = 59459
Positively Dependent [4,5)   = 46465
Positively Dependent [5,6)   = 34479
Positively Dependent [6,7)   = 21894
Positively Dependent [7,8)   = 12197
Positively Dependent [8,9)   = 5809
Positively Dependent [9,10)  = 1848
Positively Dependent [10,:)  = 166
             regatta:     7               gitano:     6 -> Joint Freq:     1, PMI: 10.16007
           ssangyong:     7            ssangyong:     6 -> Joint Freq:     1, PMI: 10.16007
              glazer:     7            calculate:     6 -> Joint Freq:     1, PMI: 10.16007
              syrian:     6             portugal:     8 -> Joint Freq:     1, PMI: 10.02654
           startling:     7               porter:     7 -> Joint Freq:     1, PMI: 10.00592
             tainted:     6                 marc:     8 -> Joint Freq:     1, PMI: 10.02654
            swelling:     7                weird:     7 -> Joint Freq:     1, PMI: 10.00592
         peripherals:     6            jefferson:     8 -> Joint Freq:     1, PMI: 10.02654
                kirk:     6           domination:     6 -> Joint Freq:     1, PMI: 10.31422
             bullock:     6          measurement:     6 -> Joint Freq:     1, PMI: 10.31422
             novello:     6           transplant:     7 -> Joint Freq:     1, PMI: 10.16007
               mimic:     6                 ala.:     6 -> Joint Freq:     1, PMI: 10.31422
             on-site:     8           committing:     6 -> Joint Freq:     1, PMI: 10.02654
          connecting:     6           sentencing:     7 -> Joint Freq:     1, PMI: 10.16007
              bausch:     6               sights:     7 -> Joint Freq:     1, PMI: 10.16007
            tailored:     6             athletic:     7 -> Joint Freq:     1, PMI: 10.16007
           pediatric:     7           youngsters:     6 -> Joint Freq:     1, PMI: 10.16007
                mack:     6                pulls:     7 -> Joint Freq:     1, PMI: 10.16007
          disappears:     7               wheels:     7 -> Joint Freq:     1, PMI: 10.00592
                cela:     6                wound:     8 -> Joint Freq:     1, PMI: 10.02654
   anti-abortionists:     7                bulls:     7 -> Joint Freq:     1, PMI: 10.00592
            diplomat:     6              nowhere:     8 -> Joint Freq:     1, PMI: 10.02654
               osaka:     7                osaka:     7 -> Joint Freq:     1, PMI: 10.00592
            importer:     7            tightened:     7 -> Joint Freq:     1, PMI: 10.00592
           peninsula:     6            peninsula:     6 -> Joint Freq:     1, PMI: 10.31422
       high-interest:     6          consequence:     8 -> Joint Freq:     1, PMI: 10.02654
           calculate:     6            statutory:     8 -> Joint Freq:     1, PMI: 10.02654
             dressed:     8                  duo:     6 -> Joint Freq:     1, PMI: 10.02654
               noise:     7               yorker:     6 -> Joint Freq:     1, PMI: 10.16007
           addresses:     6          direct-mail:     7 -> Joint Freq:     1, PMI: 10.16007
               reich:     6               palace:     7 -> Joint Freq:     1, PMI: 10.16007
            crystals:     6       superconductor:     7 -> Joint Freq:     1, PMI: 10.16007
            neutrons:     7                dover:     7 -> Joint Freq:     1, PMI: 10.00592
           eurobonds:     6            eurobonds:     6 -> Joint Freq:     1, PMI: 10.31422
          irrelevant:     7               reupke:     6 -> Joint Freq:     1, PMI: 10.16007
               deter:     8                 cara:     6 -> Joint Freq:     1, PMI: 10.02654
        attributable:     6         nonrecurring:     8 -> Joint Freq:     1, PMI: 10.02654
           republics:     6        modernization:     7 -> Joint Freq:     1, PMI: 10.16007
                khan:     6                flies:     8 -> Joint Freq:     1, PMI: 10.02654
            distinct:     7                 till:     6 -> Joint Freq:     1, PMI: 10.16007
                bone:     6                 bone:     6 -> Joint Freq:     1, PMI: 10.31422
            shedding:     8              rulings:     6 -> Joint Freq:     1, PMI: 10.02654
             ralston:     7              ralston:     7 -> Joint Freq:     1, PMI: 10.00592
                taxi:     8               chunks:     6 -> Joint Freq:     1, PMI: 10.02654
          prevention:     7                  jan:     7 -> Joint Freq:     1, PMI: 10.00592
                itel:     6               robots:     7 -> Joint Freq:     1, PMI: 10.16007
          commanding:     6                 luis:     7 -> Joint Freq:     1, PMI: 10.16007
               faded:     8           midmorning:     6 -> Joint Freq:     1, PMI: 10.02654
                pete:     8              nagging:     6 -> Joint Freq:     1, PMI: 10.02654
              gently:     6             pitching:     6 -> Joint Freq:     1, PMI: 10.31422
            attracts:     8           attraction:     6 -> Joint Freq:     1, PMI: 10.02654
            cadillac:     8           attraction:     6 -> Joint Freq:     1, PMI: 10.02654
                 ifi:     6                  aga:     7 -> Joint Freq:     1, PMI: 10.16007
                 ifi:     6        collaboration:     8 -> Joint Freq:     1, PMI: 10.02654
                 lab:     7           accessible:     6 -> Joint Freq:     1, PMI: 10.16007
              skiers:     6                 fool:     6 -> Joint Freq:     1, PMI: 10.31422
               chefs:     8               butter:     6 -> Joint Freq:     1, PMI: 10.02654
              butter:     6               weekes:     8 -> Joint Freq:     1, PMI: 10.02654
          courthouse:     7                loath:     6 -> Joint Freq:     1, PMI: 10.16007
                 fad:     6                 bran:     7 -> Joint Freq:     1, PMI: 10.16007
            jetliner:     7                 cook:     7 -> Joint Freq:     1, PMI: 10.00592
            ethiopia:     7            continent:     6 -> Joint Freq:     1, PMI: 10.16007
             cilcorp:     6              kremlin:     8 -> Joint Freq:     1, PMI: 10.02654
            educated:     6                  apt:     7 -> Joint Freq:     1, PMI: 10.16007
              greedy:     6             speeding:     7 -> Joint Freq:     1, PMI: 10.16007
               deere:     6             probable:     8 -> Joint Freq:     1, PMI: 10.02654
                  ai:     7                 rode:     6 -> Joint Freq:     1, PMI: 10.16007
             bloated:     7                  sen:     6 -> Joint Freq:     1, PMI: 10.16007
             peanuts:     7          stimulators:     6 -> Joint Freq:     1, PMI: 10.16007
         skyrocketed:     6            unpopular:     8 -> Joint Freq:     1, PMI: 10.02654
            steering:     6               pledge:     8 -> Joint Freq:     1, PMI: 10.02654
               kerry:     6                  nam:     7 -> Joint Freq:     1, PMI: 10.16007
             bullock:     6                roots:     7 -> Joint Freq:     1, PMI: 10.16007
           realities:     6          prohibition:     8 -> Joint Freq:     1, PMI: 10.02654
            presumed:     6        contemplating:     7 -> Joint Freq:     1, PMI: 10.16007
             cilcorp:     6              cilcorp:     6 -> Joint Freq:     1, PMI: 10.31422
              accuse:     7               tanker:     7 -> Joint Freq:     1, PMI: 10.00592
           primerica:     6           disk-drive:     7 -> Joint Freq:     1, PMI: 10.16007
              bursts:     8               tunnel:     6 -> Joint Freq:     1, PMI: 10.02654
               lasts:     8       price-earnings:     6 -> Joint Freq:     1, PMI: 10.02654
         u.s.-soviet:     7      entrepreneurial:     6 -> Joint Freq:     1, PMI: 10.16007
               taxed:     6            taiwanese:     7 -> Joint Freq:     1, PMI: 10.16007
              durkin:     6          home-equity:     8 -> Joint Freq:     1, PMI: 10.02654
        commissioned:     8         commissioned:     8 -> Joint Freq:     2, PMI: 10.43200
               prone:     6               vacuum:     6 -> Joint Freq:     1, PMI: 10.31422
          commanding:     6                 lets:     6 -> Joint Freq:     1, PMI: 10.31422
            fernando:     8           commanding:     6 -> Joint Freq:     1, PMI: 10.02654
             pennies:     6                 wrap:     8 -> Joint Freq:     1, PMI: 10.02654
                feat:     6              rattled:     7 -> Joint Freq:     1, PMI: 10.16007
         fabrication:     6               demler:     7 -> Joint Freq:     1, PMI: 10.16007
             pullout:     6            four-game:     7 -> Joint Freq:     1, PMI: 10.16007
               tally:     7             playoffs:     7 -> Joint Freq:     1, PMI: 10.00592
        hemorrhaging:     6        contraceptive:     6 -> Joint Freq:     1, PMI: 10.31422
      specifications:     8              cocaine:     6 -> Joint Freq:     1, PMI: 10.02654
           ignorance:     6             romantic:     8 -> Joint Freq:     1, PMI: 10.02654
          girlfriend:     7               tacked:     7 -> Joint Freq:     1, PMI: 10.00592
             prisons:     6             warranty:     7 -> Joint Freq:     1, PMI: 10.16007
         u.s.-soviet:     7              dangers:     7 -> Joint Freq:     1, PMI: 10.00592
           suspected:     8     tumor-suppressor:     6 -> Joint Freq:     1, PMI: 10.02654
            pinpoint:     8                prone:     6 -> Joint Freq:     1, PMI: 10.02654
           viability:     6           vigorously:     8 -> Joint Freq:     1, PMI: 10.02654
             hancock:     7              hancock:     7 -> Joint Freq:     1, PMI: 10.00592
         undertaking:     8        calgary-based:     6 -> Joint Freq:     1, PMI: 10.02654
           eagerness:     7          commerzbank:     7 -> Joint Freq:     1, PMI: 10.00592
              bakker:     6                teeth:     7 -> Joint Freq:     1, PMI: 10.16007
             vickers:     6                 folk:     6 -> Joint Freq:     1, PMI: 10.31422
           calculate:     6                 carr:     7 -> Joint Freq:     1, PMI: 10.16007
         shakespeare:     8                 loud:     6 -> Joint Freq:     1, PMI: 10.02654
             gatward:     6         broadcasters:     6 -> Joint Freq:     1, PMI: 10.31422
     competitiveness:     6              concord:     7 -> Joint Freq:     1, PMI: 10.16007
              debris:     8            trustcorp:     6 -> Joint Freq:     1, PMI: 10.02654
       distinguished:     6               chorus:     7 -> Joint Freq:     1, PMI: 10.16007
            whooping:     8                fatal:     6 -> Joint Freq:     1, PMI: 10.02654
               troop:     8              pullout:     6 -> Joint Freq:     1, PMI: 10.02654
             greeted:     6                 dodd:     8 -> Joint Freq:     1, PMI: 10.02654
            abundant:     6           ministries:     8 -> Joint Freq:     1, PMI: 10.02654
                lion:    14              finnair:     6 -> Joint Freq:     2, PMI: 10.16007
            plumbing:     7                yards:     7 -> Joint Freq:     1, PMI: 10.00592
       redevelopment:     6                octel:     7 -> Joint Freq:     1, PMI: 10.16007
               octel:     7                octel:     7 -> Joint Freq:     2, PMI: 10.69907
           broderick:     6                  faa:     8 -> Joint Freq:     1, PMI: 10.02654
             strokes:     6                atoms:     6 -> Joint Freq:     1, PMI: 10.31422
              misses:     6             chairmen:     8 -> Joint Freq:     1, PMI: 10.02654
           contested:     6                jolla:     8 -> Joint Freq:     1, PMI: 10.02654
            whooping:     8            bacterium:     6 -> Joint Freq:     1, PMI: 10.02654
         handicapped:     6            ordinance:     6 -> Joint Freq:     1, PMI: 10.31422
          deficiency:     7              lacking:     7 -> Joint Freq:     1, PMI: 10.00592
            seizures:     6              seizure:     6 -> Joint Freq:     1, PMI: 10.31422
           infringed:     7              willful:     6 -> Joint Freq:     1, PMI: 10.16007
                keen:     7           bureaucrat:     6 -> Joint Freq:     1, PMI: 10.16007
               aichi:     8            christies:     6 -> Joint Freq:     1, PMI: 10.02654
           christies:     6                aichi:     8 -> Joint Freq:     1, PMI: 10.02654
             reclaim:     6            confessed:     6 -> Joint Freq:     1, PMI: 10.31422
           ohbayashi:     6            ohbayashi:     6 -> Joint Freq:     1, PMI: 10.31422
                slew:     6          workstation:     8 -> Joint Freq:     1, PMI: 10.02654
         unpublished:     7           bare-faced:     6 -> Joint Freq:     1, PMI: 10.16007
        championship:     6           dishonesty:     6 -> Joint Freq:     1, PMI: 10.31422
             mideast:     8             sporadic:     6 -> Joint Freq:     1, PMI: 10.02654
                 vax:     7                  vax:     7 -> Joint Freq:     1, PMI: 10.00592
        legislatures:     6         legislatures:     6 -> Joint Freq:     1, PMI: 10.31422
                 bat:     6            fernandez:     6 -> Joint Freq:     1, PMI: 10.31422
              palmer:     6              on-site:     8 -> Joint Freq:     1, PMI: 10.02654
         prepayments:     6               downey:     6 -> Joint Freq:     1, PMI: 10.31422
            trespass:     6             preamble:     8 -> Joint Freq:     1, PMI: 10.02654
             somalia:     8               runway:     6 -> Joint Freq:     1, PMI: 10.02654
              rafale:     6               rafale:     6 -> Joint Freq:     1, PMI: 10.31422
           infection:     6            cafeteria:     8 -> Joint Freq:     1, PMI: 10.02654
               walks:     7                quack:     6 -> Joint Freq:     1, PMI: 10.16007
              tremor:     7               tremor:     7 -> Joint Freq:     1, PMI: 10.00592
            assessed:     6            enforcers:     7 -> Joint Freq:     1, PMI: 10.16007
             reclaim:     6              hoelzer:     6 -> Joint Freq:     1, PMI: 10.31422
        commissioned:     8              hoelzer:     6 -> Joint Freq:     1, PMI: 10.02654
            biscuits:     6             biscuits:     6 -> Joint Freq:     1, PMI: 10.31422
               doman:     7                doman:     7 -> Joint Freq:     1, PMI: 10.00592
           provinces:     6               amdura:     7 -> Joint Freq:     1, PMI: 10.16007
            preclude:     7        caffeine-free:     7 -> Joint Freq:     1, PMI: 10.00592
              craven:     6               craven:     6 -> Joint Freq:     1, PMI: 10.31422
           gutfreund:     7            gutfreund:     7 -> Joint Freq:     1, PMI: 10.00592