
Processing d = 75 


Negatively Dependent (:,-3)  = 0
Negatively Dependent [-3,-2) = 22
Negatively Dependent [-2,-1) = 2542
Negatively Dependent [-1,0)  = 42619
Independent = 99512771
Positively Dependent (0,1)   = 101122
Positively Dependent [1,2)   = 87230
Positively Dependent [2,3)   = 71083
Positively Dependent [3,4)   = 59085
Positively Dependent [4,5)   = 46875
Positively Dependent [5,6)   = 34411
Positively Dependent [6,7)   = 22263
Positively Dependent [7,8)   = 12241
Positively Dependent [8,9)   = 5714
Positively Dependent [9,10)  = 1823
Positively Dependent [10,:)  = 199
             marched:     7              longest:     7 -> Joint Freq:     1, PMI: 10.00592
               jacob:     7             donoghue:     7 -> Joint Freq:     1, PMI: 10.00592
        hypothetical:     6          accumulated:     8 -> Joint Freq:     1, PMI: 10.02654
           broderick:     6                 n.h.:     8 -> Joint Freq:     1, PMI: 10.02654
          prescribed:     6         satisfactory:     8 -> Joint Freq:     1, PMI: 10.02654
            arteries:     7                chile:     7 -> Joint Freq:     1, PMI: 10.00592
            portugal:     8                mania:     6 -> Joint Freq:     1, PMI: 10.02654
          remembered:     7               rooted:     6 -> Joint Freq:     1, PMI: 10.16007
              taping:     7            restricts:     6 -> Joint Freq:     1, PMI: 10.16007
            illusion:     6              chaotic:     7 -> Joint Freq:     1, PMI: 10.16007
          deficiency:     7               modify:     6 -> Joint Freq:     1, PMI: 10.16007
                marc:     8                tramp:     6 -> Joint Freq:     1, PMI: 10.02654
         aspirations:     6             murdered:     8 -> Joint Freq:     1, PMI: 10.02654
             organic:     6              goodman:     8 -> Joint Freq:     1, PMI: 10.02654
               edgar:     6              goodman:     8 -> Joint Freq:     1, PMI: 10.02654
           hispanics:     7           photograph:     7 -> Joint Freq:     1, PMI: 10.00592
             pullout:     6           photograph:     7 -> Joint Freq:     1, PMI: 10.16007
          domination:     6             swelling:     7 -> Joint Freq:     1, PMI: 10.16007
                slew:     6            geography:     7 -> Joint Freq:     1, PMI: 10.16007
             honesty:     6           incredible:     6 -> Joint Freq:     1, PMI: 10.31422
              gently:     6             educated:     6 -> Joint Freq:     1, PMI: 10.31422
             crusade:     7                gangs:     6 -> Joint Freq:     1, PMI: 10.16007
      assassinations:     7              surgeon:     7 -> Joint Freq:     1, PMI: 10.00592
      regular-season:     7            certified:     7 -> Joint Freq:     1, PMI: 10.00592
             recruit:     7               punish:     7 -> Joint Freq:     1, PMI: 10.00592
                rode:     6             crossing:     7 -> Joint Freq:     1, PMI: 10.16007
         interactive:     7                  ddb:     7 -> Joint Freq:     1, PMI: 10.00592
            birthday:     6                  ian:     7 -> Joint Freq:     1, PMI: 10.16007
        deteriorated:     7                 trap:     7 -> Joint Freq:     1, PMI: 10.00592
      stress-related:     7         environments:     6 -> Joint Freq:     1, PMI: 10.16007
          bare-faced:     6              hubbard:     8 -> Joint Freq:     1, PMI: 10.02654
             messiah:     7            infringed:     7 -> Joint Freq:     1, PMI: 10.00592
           emergence:     6              privacy:     8 -> Joint Freq:     1, PMI: 10.02654
          free-lance:     8             provoked:     6 -> Joint Freq:     1, PMI: 10.02654
        calif.-based:     7             provoked:     6 -> Joint Freq:     1, PMI: 10.16007
                byrd:     6               inouye:     8 -> Joint Freq:     1, PMI: 10.02654
                snow:     7                birds:     6 -> Joint Freq:     1, PMI: 10.16007
          convenient:     7                greed:     6 -> Joint Freq:     1, PMI: 10.16007
               hyman:     6                edwin:     8 -> Joint Freq:     1, PMI: 10.02654
            deserves:     8               yorker:     6 -> Joint Freq:     1, PMI: 10.02654
            minimize:     8             trespass:     6 -> Joint Freq:     1, PMI: 10.02654
              uptick:     7              impetus:     6 -> Joint Freq:     1, PMI: 10.16007
     vermont-slauson:     8            fasteners:     6 -> Joint Freq:     1, PMI: 10.02654
             pennies:     6               briefs:     7 -> Joint Freq:     1, PMI: 10.16007
      superconductor:     7       superconductor:     7 -> Joint Freq:     1, PMI: 10.00592
    current-carrying:     8                 sigh:     6 -> Joint Freq:     1, PMI: 10.02654
             trusted:     6         demonstrates:     8 -> Joint Freq:     1, PMI: 10.02654
            competes:     7      insider-trading:     6 -> Joint Freq:     1, PMI: 10.16007
       contraceptive:     6          centerpiece:     8 -> Joint Freq:     1, PMI: 10.02654
     entrepreneurial:     6               newest:     8 -> Joint Freq:     1, PMI: 10.02654
       mountain-bike:     8               rocket:     6 -> Joint Freq:     1, PMI: 10.02654
           strengths:     7               bomber:     6 -> Joint Freq:     1, PMI: 10.16007
             pullout:     6        third-largest:     8 -> Joint Freq:     1, PMI: 10.02654
            younkers:     6             younkers:     6 -> Joint Freq:     1, PMI: 10.31422
     conservatorship:     6                 paso:     8 -> Joint Freq:     1, PMI: 10.02654
              donuts:    10                 cara:     6 -> Joint Freq:     2, PMI: 10.49654
       calgary-based:     6            severance:     8 -> Joint Freq:     1, PMI: 10.02654
               bowed:     6            guerrilla:     8 -> Joint Freq:     1, PMI: 10.02654
                bone:     6                 bone:     6 -> Joint Freq:     1, PMI: 10.31422
               chile:     7               upbeat:     6 -> Joint Freq:     1, PMI: 10.16007
             callers:     7                  etc:     7 -> Joint Freq:     1, PMI: 10.00592
                inch:     6                  jan:     7 -> Joint Freq:     1, PMI: 10.16007
            violates:     7          embarrassed:     7 -> Joint Freq:     1, PMI: 10.00592
            pitching:     6           attraction:     6 -> Joint Freq:     1, PMI: 10.31422
            festival:     7           attraction:     6 -> Joint Freq:     1, PMI: 10.16007
                 ifi:     6                 khan:     6 -> Joint Freq:     1, PMI: 10.31422
              gitano:     7             clifford:     6 -> Joint Freq:     1, PMI: 10.16007
              aliens:     6                alarm:     8 -> Joint Freq:     1, PMI: 10.02654
              dogged:     6               lumber:     6 -> Joint Freq:     1, PMI: 10.31422
              mattel:     8            painfully:     6 -> Joint Freq:     1, PMI: 10.02654
        subordinates:     6               enjoys:     8 -> Joint Freq:     1, PMI: 10.02654
               balls:     6              evasion:     7 -> Joint Freq:     1, PMI: 10.16007
              teagan:     6                karen:     8 -> Joint Freq:     1, PMI: 10.02654
           acquitted:     6             jetliner:     7 -> Joint Freq:     1, PMI: 10.16007
         unpublished:     7              messiah:     7 -> Joint Freq:     1, PMI: 10.00592
       architectural:     8               yankee:     6 -> Joint Freq:     1, PMI: 10.02654
              gently:     6       respectability:     6 -> Joint Freq:     1, PMI: 10.31422
              daikin:     7            republics:     6 -> Joint Freq:     1, PMI: 10.16007
               weird:     7             protocol:     6 -> Joint Freq:     1, PMI: 10.16007
              gloomy:     7            neglected:     7 -> Joint Freq:     1, PMI: 10.00592
               devoe:     6              disrupt:     8 -> Joint Freq:     1, PMI: 10.02654
              heroes:     8            diversion:     6 -> Joint Freq:     1, PMI: 10.02654
              eduard:     6          u.s.-soviet:     7 -> Joint Freq:     1, PMI: 10.16007
              butter:     6             delicate:     8 -> Joint Freq:     1, PMI: 10.02654
              picket:     6            worldwide:     8 -> Joint Freq:     1, PMI: 10.02654
             enables:     7                  sen:     6 -> Joint Freq:     1, PMI: 10.16007
             crossed:     8                knock:     6 -> Joint Freq:     1, PMI: 10.02654
                tass:     6          daffynition:     6 -> Joint Freq:     1, PMI: 10.31422
        legislatures:     6          daffynition:     6 -> Joint Freq:     1, PMI: 10.31422
                cnbc:     7          daffynition:     6 -> Joint Freq:     1, PMI: 10.16007
                 nye:     6          contentious:     7 -> Joint Freq:     1, PMI: 10.16007
          warehouses:     6            o'connell:     6 -> Joint Freq:     1, PMI: 10.31422
                sang:     7                cease:     7 -> Joint Freq:     1, PMI: 10.00592
        businessland:     8               geared:     6 -> Joint Freq:     1, PMI: 10.02654
            prentice:     6                 gasb:     6 -> Joint Freq:     1, PMI: 10.31422
             enserch:     6             one-half:     7 -> Joint Freq:     1, PMI: 10.16007
        fractionally:     6               wholly:     8 -> Joint Freq:     1, PMI: 10.02654
           stimulate:     8                   ig:     6 -> Joint Freq:     1, PMI: 10.02654
               loser:     6                doyle:     7 -> Joint Freq:     1, PMI: 10.16007
            swelling:     7               dreams:     7 -> Joint Freq:     1, PMI: 10.00592
             prisons:     6         drug-related:     8 -> Joint Freq:     1, PMI: 10.02654
               outer:     6             statutes:     8 -> Joint Freq:     1, PMI: 10.02654
         ex-dividend:     6             chancery:     8 -> Joint Freq:     1, PMI: 10.02654
          small-town:     6          exclusivity:     6 -> Joint Freq:     1, PMI: 10.31422
              demler:     7               demler:     7 -> Joint Freq:     1, PMI: 10.00592
               roper:     9              conform:    10 -> Joint Freq:     2, PMI: 10.09108
             disrupt:     8           conceptual:     6 -> Joint Freq:     1, PMI: 10.02654
           annuities:     8                towel:     6 -> Joint Freq:     1, PMI: 10.02654
             obliged:     6                 rows:     6 -> Joint Freq:     1, PMI: 10.31422
           naczelnik:     6                 sits:     6 -> Joint Freq:     1, PMI: 10.31422
             sherwin:     8        contraceptive:     6 -> Joint Freq:     1, PMI: 10.02654
            warranty:     7             warranty:     7 -> Joint Freq:     1, PMI: 10.00592
                 apt:     7             donating:     6 -> Joint Freq:     1, PMI: 10.16007
             roadway:     7            rejecting:     6 -> Joint Freq:     1, PMI: 10.16007
         traffickers:     7           laundering:     6 -> Joint Freq:     1, PMI: 10.16007
                undo:     7          identifying:     6 -> Joint Freq:     1, PMI: 10.16007
              robbed:     6               deadly:     6 -> Joint Freq:     1, PMI: 10.31422
               doman:     7             manitoba:     6 -> Joint Freq:     1, PMI: 10.16007
           1\/2-year:     8               arctic:     6 -> Joint Freq:     1, PMI: 10.02654
           intensely:     6        calgary-based:     6 -> Joint Freq:     1, PMI: 10.31422
             roadway:     7           connecting:     6 -> Joint Freq:     1, PMI: 10.16007
             mansion:     7                 folk:     6 -> Joint Freq:     1, PMI: 10.16007
               naked:     6               sohmer:     8 -> Joint Freq:     1, PMI: 10.02654
           nightmare:     7               outset:     7 -> Joint Freq:     1, PMI: 10.00592
           crossland:     9            crossland:     9 -> Joint Freq:     2, PMI: 10.19644
              flashy:     7               casual:     7 -> Joint Freq:     1, PMI: 10.00592
              aliens:     6                 beam:     7 -> Joint Freq:     1, PMI: 10.16007
               alarm:     8             shooting:     6 -> Joint Freq:     1, PMI: 10.02654
         prepayments:     6                 asea:     6 -> Joint Freq:     1, PMI: 10.31422
           awareness:     7                 keen:     7 -> Joint Freq:     1, PMI: 10.00592
               opera:     8               neatly:     6 -> Joint Freq:     1, PMI: 10.02654
              chorus:     7              affects:     7 -> Joint Freq:     1, PMI: 10.00592
                gang:     7      friday-the-13th:     6 -> Joint Freq:     1, PMI: 10.16007
              pravda:     6              cheered:     8 -> Joint Freq:     1, PMI: 10.02654
            honduras:     6                 dodd:     8 -> Joint Freq:     1, PMI: 10.02654
            cathcart:     6             cathcart:     6 -> Joint Freq:     1, PMI: 10.31422
               arose:     7            restoring:     6 -> Joint Freq:     1, PMI: 10.16007
            repaired:     7            instantly:     7 -> Joint Freq:     1, PMI: 10.00592
           exercises:     7              finnair:     6 -> Joint Freq:     1, PMI: 10.16007
             perlman:     8                stops:     6 -> Joint Freq:     1, PMI: 10.02654
              inning:     6             equation:     6 -> Joint Freq:     1, PMI: 10.31422
             hastily:     6                comex:     8 -> Joint Freq:     1, PMI: 10.02654
                taxi:     8                 envy:     6 -> Joint Freq:     1, PMI: 10.02654
            repaired:     7                manic:     7 -> Joint Freq:     1, PMI: 10.00592
          indexation:     7           indexation:     7 -> Joint Freq:     1, PMI: 10.00592
       intentionally:     6              coaches:     8 -> Joint Freq:     1, PMI: 10.02654
             sinking:     8                 agip:     6 -> Joint Freq:     1, PMI: 10.02654
                sigh:     6        determination:     8 -> Joint Freq:     1, PMI: 10.02654
          homosexual:     6            shattered:     7 -> Joint Freq:     1, PMI: 10.16007
            adjuster:     6              hammack:     6 -> Joint Freq:     1, PMI: 10.31422
              linear:     6               linear:     6 -> Joint Freq:     1, PMI: 10.31422
              flashy:     7               gently:     6 -> Joint Freq:     1, PMI: 10.16007
           guideline:     6       assassinations:     7 -> Joint Freq:     1, PMI: 10.16007
           pediatric:     7              tainted:     6 -> Joint Freq:     1, PMI: 10.16007
               scare:     8              applies:     6 -> Joint Freq:     1, PMI: 10.02654
            backlogs:     7             refiners:     7 -> Joint Freq:     1, PMI: 10.00592
                clue:     7           bare-faced:     6 -> Joint Freq:     1, PMI: 10.16007
               oakes:     7                oakes:     7 -> Joint Freq:     1, PMI: 10.00592
               robot:     7              trapped:     6 -> Joint Freq:     1, PMI: 10.16007
           justifies:     7              bronner:     6 -> Joint Freq:     1, PMI: 10.16007
             aligned:     6                mouth:     7 -> Joint Freq:     1, PMI: 10.16007
              nadeau:     7               nadeau:     7 -> Joint Freq:     1, PMI: 10.00592
                 nye:     6                  nye:     6 -> Joint Freq:     1, PMI: 10.31422
            wellcome:     6            pediatric:     7 -> Joint Freq:     1, PMI: 10.16007
                envy:     6               eroded:     7 -> Joint Freq:     1, PMI: 10.16007
           claimants:    10               robins:     9 -> Joint Freq:     3, PMI: 10.49654
             goodman:     8            quickview:     6 -> Joint Freq:     1, PMI: 10.02654
          sverdlovsk:     7              anthrax:     6 -> Joint Freq:     1, PMI: 10.16007
              kuwait:     6           applicants:     8 -> Joint Freq:     1, PMI: 10.02654
             seismic:     6             freeways:     8 -> Joint Freq:     1, PMI: 10.02654
             logical:     6                 cnbc:     7 -> Joint Freq:     1, PMI: 10.16007
                \*\*:     7              emerson:     7 -> Joint Freq:     1, PMI: 10.00592
            provoked:     6                fazio:     8 -> Joint Freq:     1, PMI: 10.02654
                lesk:     6                 lesk:     6 -> Joint Freq:     1, PMI: 10.31422
               zones:     6      vermont-slauson:     8 -> Joint Freq:     1, PMI: 10.02654
               quack:     6                ducks:     8 -> Joint Freq:     1, PMI: 10.02654
             vintage:     8                 nora:     6 -> Joint Freq:     1, PMI: 10.02654
               walks:     7                quack:     6 -> Joint Freq:     1, PMI: 10.16007
             noranda:     7         falconbridge:     7 -> Joint Freq:     1, PMI: 10.00592
               watts:     6              tritium:     6 -> Joint Freq:     1, PMI: 10.31422
       reinforcement:     8              seismic:     6 -> Joint Freq:     1, PMI: 10.02654
     futures-related:     7                devoe:     6 -> Joint Freq:     1, PMI: 10.16007
            manitoba:     6               amdura:     7 -> Joint Freq:     1, PMI: 10.16007
         commerciale:     7          commerciale:     7 -> Joint Freq:     1, PMI: 10.00592
             corsica:     6              beretta:     7 -> Joint Freq:     1, PMI: 10.16007
       caffeine-free:     7        caffeine-free:     7 -> Joint Freq:     1, PMI: 10.00592
              craven:     6               craven:     6 -> Joint Freq:     1, PMI: 10.31422
             trecker:     6              trecker:     6 -> Joint Freq:     1, PMI: 10.31422
              wholly:     8               unilab:     6 -> Joint Freq:     1, PMI: 10.02654