
Processing d = 34 


Negatively Dependent (:,-3)  = 0
Negatively Dependent [-3,-2) = 15
Negatively Dependent [-2,-1) = 2823
Negatively Dependent [-1,0)  = 42187
Independent = 99514947
Positively Dependent (0,1)   = 100577
Positively Dependent [1,2)   = 87038
Positively Dependent [2,3)   = 70574
Positively Dependent [3,4)   = 59038
Positively Dependent [4,5)   = 46336
Positively Dependent [5,6)   = 34188
Positively Dependent [6,7)   = 22069
Positively Dependent [7,8)   = 12256
Positively Dependent [8,9)   = 5942
Positively Dependent [9,10)  = 1839
Positively Dependent [10,:)  = 171
            guterman:     7             guterman:     6 -> Joint Freq:     1, PMI: 10.16011
             berlitz:     8         nonexecutive:     6 -> Joint Freq:     1, PMI: 10.02658
           five-cent:    11            forecasts:    48 -> Joint Freq:    11, PMI: 10.02658
                feat:     6               tricky:     8 -> Joint Freq:     1, PMI: 10.02658
              skiers:     6                bunny:     6 -> Joint Freq:     1, PMI: 10.31426
                 ivy:     7            venerable:     7 -> Joint Freq:     1, PMI: 10.00596
           beefeater:     6            venerable:     7 -> Joint Freq:     1, PMI: 10.16011
            sidewalk:     7                tramp:     6 -> Joint Freq:     1, PMI: 10.16011
               tramp:     6             sidewalk:     7 -> Joint Freq:     1, PMI: 10.16011
             goodman:     8            classical:     6 -> Joint Freq:     1, PMI: 10.02658
              benign:     7               benign:     7 -> Joint Freq:     1, PMI: 10.00596
              haunts:     7                weird:     7 -> Joint Freq:     1, PMI: 10.00596
           distorted:     8              bullets:     6 -> Joint Freq:     1, PMI: 10.02658
        legislatures:     6           confronted:     6 -> Joint Freq:     1, PMI: 10.31426
            booklets:     6             educated:     6 -> Joint Freq:     1, PMI: 10.31426
              palmer:     6              touched:     8 -> Joint Freq:     1, PMI: 10.02658
                helm:     6              novello:     6 -> Joint Freq:     1, PMI: 10.31426
         coordinator:     6                 l.p.:     8 -> Joint Freq:     1, PMI: 10.02658
             sounded:     6           disclosing:     6 -> Joint Freq:     1, PMI: 10.31426
         prepayments:     6               clears:     7 -> Joint Freq:     1, PMI: 10.16011
               hosts:     8           homosexual:     6 -> Joint Freq:     1, PMI: 10.02658
           narcotics:     6            narcotics:     6 -> Joint Freq:     1, PMI: 10.31426
             monster:     6            contacted:     8 -> Joint Freq:     1, PMI: 10.02658
           severance:     8              monster:     6 -> Joint Freq:     1, PMI: 10.02658
           champagne:     7                salon:     7 -> Joint Freq:     1, PMI: 10.00596
            violetta:     7          connections:     6 -> Joint Freq:     1, PMI: 10.16011
              fossil:     6              seniors:     7 -> Joint Freq:     1, PMI: 10.16011
               ropes:     6                ropes:     6 -> Joint Freq:     1, PMI: 10.31426
             skilled:     7             novelist:     7 -> Joint Freq:     1, PMI: 10.00596
          reassuring:     6           invariably:     7 -> Joint Freq:     1, PMI: 10.16011
             payouts:     6         environments:     6 -> Joint Freq:     1, PMI: 10.31426
               towel:     6              einhorn:     6 -> Joint Freq:     1, PMI: 10.31426
          confronted:     6                bulls:     7 -> Joint Freq:     1, PMI: 10.16011
               bulls:     7                tally:     7 -> Joint Freq:     1, PMI: 10.00596
          prediction:     7            infringed:     7 -> Joint Freq:     1, PMI: 10.00596
        simultaneous:     6              physics:     6 -> Joint Freq:     1, PMI: 10.31426
              garage:     6               inouye:     8 -> Joint Freq:     1, PMI: 10.02658
                 apt:     7            peninsula:     6 -> Joint Freq:     1, PMI: 10.16011
              gerard:     6              hazards:     8 -> Joint Freq:     1, PMI: 10.02658
             persons:    10            mccormick:     6 -> Joint Freq:     2, PMI: 10.49658
           disagreed:     7               assure:     7 -> Joint Freq:     1, PMI: 10.00596
      accountability:     7        confederation:     7 -> Joint Freq:     1, PMI: 10.00596
           legendary:     8              reclaim:     6 -> Joint Freq:     1, PMI: 10.02658
              castle:     7               castle:     7 -> Joint Freq:     1, PMI: 10.00596
                 tim:     8              reeling:     6 -> Joint Freq:     1, PMI: 10.02658
             peasant:     7                loser:     6 -> Joint Freq:     1, PMI: 10.16011
           milwaukee:     7             trimming:     7 -> Joint Freq:     1, PMI: 10.00596
            neutrons:     7             neutrons:     7 -> Joint Freq:     1, PMI: 10.00596
           justifies:     7            subsidize:     7 -> Joint Freq:     1, PMI: 10.00596
          attraction:     6                  zip:     6 -> Joint Freq:     1, PMI: 10.31426
           primerica:     6            primerica:     6 -> Joint Freq:     1, PMI: 10.31426
          reinforced:     7               bomber:     6 -> Joint Freq:     1, PMI: 10.16011
        bougainville:     6             younkers:     6 -> Joint Freq:     1, PMI: 10.31426
              aquino:     8            ferdinand:     6 -> Joint Freq:     1, PMI: 10.02658
              lortie:     8                 holt:     6 -> Joint Freq:     1, PMI: 10.02658
            birthday:     6               glossy:     7 -> Joint Freq:     1, PMI: 10.16011
          undermined:     8               doomed:     6 -> Joint Freq:     1, PMI: 10.02658
                itel:     6                 itel:     6 -> Joint Freq:     1, PMI: 10.31426
             cooling:     7              reitman:     7 -> Joint Freq:     1, PMI: 10.00596
           ignorance:     6               fraser:     7 -> Joint Freq:     1, PMI: 10.16011
             crushed:     6              marched:     7 -> Joint Freq:     1, PMI: 10.16011
         prepayments:     6               abused:     6 -> Joint Freq:     1, PMI: 10.31426
                glad:     6             bronfman:     8 -> Joint Freq:     1, PMI: 10.02658
             vacated:     8             backlash:     6 -> Joint Freq:     1, PMI: 10.02658
           co-author:     8          sociologist:     6 -> Joint Freq:     1, PMI: 10.02658
           seniority:     8            abolished:     6 -> Joint Freq:     1, PMI: 10.02658
         appearances:     6          appearances:     6 -> Joint Freq:     1, PMI: 10.31426
             emerson:     7              posture:     6 -> Joint Freq:     1, PMI: 10.16011
             custody:     6             seizures:     6 -> Joint Freq:     1, PMI: 10.31426
             wichita:     6         hemorrhaging:     6 -> Joint Freq:     1, PMI: 10.31426
                  ai:     7          contentious:     7 -> Joint Freq:     1, PMI: 10.00596
              arctic:     6          contentious:     7 -> Joint Freq:     1, PMI: 10.16011
               proud:     8               lipton:     6 -> Joint Freq:     1, PMI: 10.02658
           denounced:     7           portraying:     7 -> Joint Freq:     1, PMI: 10.00596
          disclosing:     6                kevin:     8 -> Joint Freq:     1, PMI: 10.02658
               forum:     7            o'connell:     6 -> Joint Freq:     1, PMI: 10.16011
             cilcorp:     6              cilcorp:     6 -> Joint Freq:     1, PMI: 10.31426
            prentice:     6             prentice:     6 -> Joint Freq:     1, PMI: 10.31426
               hosts:     8       electronically:     6 -> Joint Freq:     1, PMI: 10.02658
          rifenburgh:     6           rifenburgh:     6 -> Joint Freq:     1, PMI: 10.31426
       disappearance:     7             shipment:     6 -> Joint Freq:     1, PMI: 10.16011
       mountain-bike:     8                burke:     6 -> Joint Freq:     1, PMI: 10.02658
             logical:     6                kerry:     6 -> Joint Freq:     1, PMI: 10.31426
             peasant:     7              narrows:     7 -> Joint Freq:     1, PMI: 10.00596
               hyman:     6                hyman:     6 -> Joint Freq:     1, PMI: 10.31426
          privileges:     6           commanding:     6 -> Joint Freq:     1, PMI: 10.31426
        nonexecutive:     6          subsidizing:     6 -> Joint Freq:     1, PMI: 10.31426
         susceptible:     8                hints:     6 -> Joint Freq:     1, PMI: 10.02658
                gatt:     8               voiced:     6 -> Joint Freq:     1, PMI: 10.02658
               chris:     8              organic:     6 -> Joint Freq:     1, PMI: 10.02658
          prediction:     7            construct:     6 -> Joint Freq:     1, PMI: 10.16011
         beleaguered:     8                towel:     6 -> Joint Freq:     1, PMI: 10.02658
               shots:     7               misses:     6 -> Joint Freq:     1, PMI: 10.16011
       contraceptive:     6        contraceptive:     6 -> Joint Freq:     1, PMI: 10.31426
             cocaine:     6              leipzig:     7 -> Joint Freq:     1, PMI: 10.16011
      retinoblastoma:     7       retinoblastoma:     7 -> Joint Freq:     1, PMI: 10.00596
          applicable:     8                 mice:     6 -> Joint Freq:     1, PMI: 10.02658
              accuse:     7               accuse:     7 -> Joint Freq:     1, PMI: 10.00596
           eagerness:     7          commerzbank:     7 -> Joint Freq:     1, PMI: 10.00596
             dorfman:     7         outperformed:     6 -> Joint Freq:     1, PMI: 10.16011
              russia:     7                 loud:     6 -> Joint Freq:     1, PMI: 10.16011
           signature:     8              roberti:     6 -> Joint Freq:     1, PMI: 10.02658
          disclosing:     6              gatward:     6 -> Joint Freq:     1, PMI: 10.31426
         fortunately:     7             universe:     7 -> Joint Freq:     1, PMI: 10.00596
               rocks:     7           sverdlovsk:     7 -> Joint Freq:     1, PMI: 10.00596
           trustcorp:     6            trustcorp:     6 -> Joint Freq:     1, PMI: 10.31426
             urgency:     7              rampant:     6 -> Joint Freq:     1, PMI: 10.16011
          prevailing:     8            viability:     6 -> Joint Freq:     1, PMI: 10.02658
            ahmanson:     7         attributable:     6 -> Joint Freq:     1, PMI: 10.16011
         mass-market:     7          mass-market:     7 -> Joint Freq:     1, PMI: 10.00596
               coups:     8             endanger:     6 -> Joint Freq:     1, PMI: 10.02658
              custom:     6              bracing:     8 -> Joint Freq:     1, PMI: 10.02658
               istat:     6                istat:     6 -> Joint Freq:     1, PMI: 10.31426
               spate:     7          mega-issues:     6 -> Joint Freq:     1, PMI: 10.16011
          warehouses:     6                comex:     8 -> Joint Freq:     1, PMI: 10.02658
              phelps:     7            attribute:     7 -> Joint Freq:     1, PMI: 10.00596
           calculate:     6             revealed:     8 -> Joint Freq:     1, PMI: 10.02658
            broadway:     6             revealed:     8 -> Joint Freq:     1, PMI: 10.02658
        championship:     6               chiefs:     8 -> Joint Freq:     1, PMI: 10.02658
              bausch:     6               bausch:     6 -> Joint Freq:     1, PMI: 10.31426
          sverdlovsk:     7           biological:     7 -> Joint Freq:     1, PMI: 10.00596
           guideline:     6             recalled:     8 -> Joint Freq:     1, PMI: 10.02658
                 skf:     7                  skf:     7 -> Joint Freq:     1, PMI: 10.00596
           overbuilt:     7            leventhal:     7 -> Joint Freq:     1, PMI: 10.00596
            adjuster:     6        policyholders:     8 -> Joint Freq:     1, PMI: 10.02658
             surgeon:     7       assassinations:     7 -> Joint Freq:     1, PMI: 10.00596
          dependents:     6              seizure:     6 -> Joint Freq:     1, PMI: 10.31426
               alley:     8              bottled:     6 -> Joint Freq:     1, PMI: 10.02658
             burning:     7                edgar:     6 -> Joint Freq:     1, PMI: 10.16011
           ohbayashi:     6            ohbayashi:     6 -> Joint Freq:     1, PMI: 10.31426
            outweigh:     8           bare-faced:     6 -> Joint Freq:     1, PMI: 10.02658
           beefeater:     6                atlas:     6 -> Joint Freq:     1, PMI: 10.31426
            drawings:     6             drawings:     6 -> Joint Freq:     1, PMI: 10.31426
         blue-collar:     7               influx:     7 -> Joint Freq:     1, PMI: 10.00596
                zeta:     7                 zeta:     7 -> Joint Freq:     1, PMI: 10.00596
           quickview:     6            quickview:     6 -> Joint Freq:     1, PMI: 10.31426
              laurel:     8         thoroughbred:     6 -> Joint Freq:     1, PMI: 10.02658
                echo:     7             violetta:     7 -> Joint Freq:     1, PMI: 10.00596
               magic:     7             violetta:     7 -> Joint Freq:     1, PMI: 10.00596
             staging:     7             violetta:     7 -> Joint Freq:     1, PMI: 10.00596
            violetta:     7             violetta:     7 -> Joint Freq:     1, PMI: 10.00596
         whittington:     7          whittington:     7 -> Joint Freq:     1, PMI: 10.00596
         handicapped:     6                codes:     7 -> Joint Freq:     1, PMI: 10.16011
             13-week:     7                  imo:     6 -> Joint Freq:     1, PMI: 10.16011
               atoms:     6             arteries:     7 -> Joint Freq:     1, PMI: 10.16011
             clinton:     9              clinton:     9 -> Joint Freq:     2, PMI: 10.19647
           downright:     7              bureaus:     7 -> Joint Freq:     1, PMI: 10.00596
               seita:     9                seita:     9 -> Joint Freq:     2, PMI: 10.19647
             tritium:     6               bursts:     8 -> Joint Freq:     1, PMI: 10.02658
               watts:     6                watts:     6 -> Joint Freq:     1, PMI: 10.31426
            recycled:     6              carpets:     6 -> Joint Freq:     1, PMI: 10.31426
          ecological:     7              carpets:     6 -> Joint Freq:     1, PMI: 10.16011
                ekco:     7                 ekco:     7 -> Joint Freq:     1, PMI: 10.00596
               ducks:     8                quack:     6 -> Joint Freq:     1, PMI: 10.02658
          snack-food:     7                  hut:     6 -> Joint Freq:     1, PMI: 10.16011
                mink:     6                 mink:     6 -> Joint Freq:     1, PMI: 10.31426
              nguyen:     7               nguyen:     7 -> Joint Freq:     1, PMI: 10.00596
              d'arcy:     6               skiers:     6 -> Joint Freq:     1, PMI: 10.31426
             trapped:     6                outer:     6 -> Joint Freq:     1, PMI: 10.31426
             hoelzer:     6              hoelzer:     6 -> Joint Freq:     1, PMI: 10.31426
               blues:     6              prisons:     6 -> Joint Freq:     1, PMI: 10.31426
            manitoba:     6               amdura:     7 -> Joint Freq:     1, PMI: 10.16011
              amdura:     7               amdura:     7 -> Joint Freq:     1, PMI: 10.00596
            cherokee:     6             cherokee:     6 -> Joint Freq:     1, PMI: 10.31426
              wholly:     8               unilab:     6 -> Joint Freq:     1, PMI: 10.02658