data: dataset/hutter-text/enwik8
d:1:0.7887728178910383,3.479649627469586,3.479649587582708,6.170526397161256
d:2:0.35646736699409765,3.479649631099198,3.479649583055064,6.602831847160164
d:3:0.21020282270235313,3.4796496520258398,3.479649611730153,6.74909644105364
d:4:0.13722424416186918,3.4796496618408757,3.479649609335567,6.822075027014574
d:5:0.1010375587316048,3.4796496801472063,3.479649620530955,6.858261741946556
d:6:0.08207745531364097,3.4796496752855166,3.4796496212324612,6.877221841204337
d:7:0.0672612969026325,3.4796496801472063,3.4796496092347127,6.8920379924792865
d:8:0.05862213426216023,3.4796496638891163,3.479649645475586,6.900677175102542
d:9:0.053684660833507536,3.4796496796596568,3.479649594199822,6.905614613025971
d:10:0.04648756879696592,3.4796496638891163,3.479649605395208,6.912811700487358
d:11:0.042874348165568676,3.4796496807519173,3.4796496639774848,6.916424996563833
d:12:0.042744047738379365,3.4796496638891163,3.4796495884557626,6.9165552046064995
d:13:0.037608534738966526,3.4796496795192375,3.479649639373841,6.921690784154112
d:14:0.03648737625889886,3.479649665489408,3.4796495839548083,6.922811873185317
d:15:0.03642279120246883,3.4796496770770275,3.4796496216064288,6.9228765074809875
d:16:0.03353232015689578,3.4796496642887824,3.479649623187795,6.9257669673196816
d:17:0.033036445897561606,3.4796496807519173,3.4796495783040218,6.926262813158377
d:18:0.03220252035018767,3.4796496807519173,3.4796495231251328,6.927096683526862
d:19:0.028853699199732574,3.4796496795192375,3.4796495281198183,6.930445508439323
d:20:0.03086349018033374,3.4796496833753157,3.4796495623684613,6.928435755563443
d:21:0.028822743395599204,3.4796496795192375,3.479649536733451,6.930476472857089
d:22:0.028613300816049403,3.4796496755309203,3.479649579500908,6.930685954215779
d:23:0.028423399556631423,3.4796496755309203,3.479649550692587,6.930875826666876
d:24:0.027100303136309734,3.4796496758204416,3.4796495203342737,6.9321988930184055
d:25:0.028821990907248463,3.4796496770770275,3.4796494733473065,6.9304771595170855
d:26:0.028030253196821064,3.4796496734011377,3.479649511099078,6.931268931303395
d:27:0.0277004586872458,3.4796496758204416,3.479649492216039,6.931598709349235
d:28:0.026259711400163255,3.4796496741828307,3.479649431657796,6.933039394440463
d:29:0.026916877154295804,3.4796496758204416,3.479649467102025,6.932382265768171
d:30:0.025127106767856233,3.4796496819553226,3.4796494463162695,6.934172021503736
d:31:0.025577764883996323,3.479649789807249,3.4796494664250073,6.93372149134826
d:32:0.025907896257200136,3.4796496758204416,3.4796494516884824,6.933391231251724
d:33:0.025129854516162453,3.4796497375053974,3.4796494760986914,6.934169359087926
d:34:0.0240652093267002,3.479649752735856,3.4796494824963933,6.935234025905549
d:35:0.024422492454373668,3.4796496819553226,3.4796494698939195,6.9348766593948685
d:36:0.023355350886603787,3.4796496758204416,3.479649426345082,6.93594375127892
d:37:0.022958421021607833,3.479649799622285,3.4796494299304452,6.9363408085311224
d:38:0.022165343279462846,3.4796496755309203,3.4796494170063497,6.937133749257807
d:39:0.02123421466891351,3.479649799622285,3.479649446126384,6.938065031079756
d:40:0.02140956269565919,3.479649752735856,3.4796494358950714,6.937889625935268
d:41:0.02111637880921613,3.479649883894748,3.479649451821242,6.938182956906774
d:42:0.020430609975939262,3.4796496819553226,3.479649399704284,6.9388684716836675
d:43:0.02000855763479059,3.479649899159112,3.4796494267767617,6.939290768301083
d:44:0.0203774270337167,3.4796499178307236,3.4796493977689433,6.93892188856595
d:45:0.019895456467331485,3.479649864447058,3.4796493947874225,6.939403802767149
d:46:0.02062453314065671,3.4796499208349374,3.479649393267982,6.938674780962263
d:47:0.019303842270007365,3.479649852110793,3.47964935306247,6.939995362903256
d:48:0.01948847870257886,3.4796499178307236,3.4796493834792432,6.939810822607388
d:49:0.019330724888870776,3.4796498213061575,3.4796493466744405,6.939968443091727
d:50:0.020220956712361016,3.479649752735856,3.479649311095164,6.939078107118659
d:51:0.019278980014838965,3.4796498467119914,3.4796493604504732,6.940020227147626
d:52:0.018954734187850875,3.479649799622285,3.4796493702383735,6.940344435672808
d:53:0.018925607373995845,3.479649832721485,3.4796493523428804,6.9403735776903694
d:54:0.018688834437023516,3.4796499345395127,3.4796493440346197,6.940610444137109
d:55:0.019483882125236107,3.479649806075697,3.4796493271747,6.939815251125161
d:56:0.019926404602871983,3.4796499178307236,3.4796493076064667,6.939372820834318
d:57:0.01907673652326025,3.4796498831932414,3.4796492828751564,6.940222429545138
d:58:0.01938942383790554,3.479649934664419,3.4796492592829864,6.9399097701095
d:59:0.019119469820367385,3.4796498253010366,3.4796492001514974,6.940179555632167
d:60:0.019840812747444758,3.479649864447058,3.479649213800574,6.939458265500187
d:61:0.019064263183455665,3.479649968709568,3.479649230438353,6.940234935964465
d:62:0.020008236167239346,3.4796499345395127,3.479649193092742,6.939290891465015
d:63:0.019178750563403568,3.4796498213061575,3.4796491500358258,6.94012022077858
d:64:0.019549208770182958,3.4796499333768605,3.479649199618688,6.9397499242253655
d:65:0.019366735206272523,3.4796500043115053,3.479649251976179,6.939932521081412
d:66:0.019277912261154384,3.4796499178307236,3.4796491857691763,6.9400211913387455
d:67:0.01912963965212633,3.479649852110793,3.4796491305692303,6.940169343027897
d:68:0.01853244347534222,3.4796500283021192,3.4796492349087647,6.940766819735542
d:69:0.018644224514972052,3.479650104894475,3.4796493089782743,6.940655189357777
d:70:0.018315666877414927,3.4796500043115053,3.4796491490875674,6.940983486521658
d:71:0.01854120452517627,3.4796499584490697,3.47964910172559,6.940757855649483
d:72:0.017580607807003545,3.4796499811907022,3.4796490934691473,6.941718466852846
d:73:0.018321496747992327,3.479649883928648,3.479649104950939,6.940977492131594
d:74:0.017211914071667778,3.4796501237545616,3.4796492315808383,6.942087441263732
d:75:0.01755298250887094,3.4796499486340267,3.4796491021503346,6.94174606827549
d:76:0.018199912785348715,3.479650026050164,3.4796490781934875,6.941099191458303
d:77:0.016948960499401977,3.4796499178307236,3.4796490629165397,6.942350020247861
d:78:0.017357987859474733,3.4796501381707845,3.4796491624981254,6.941941312809435
d:79:0.01710149647499648,3.4796499233088607,3.479649014767231,6.942197441601095
d:80:0.017085757114077893,3.479650104894475,3.4796490916160625,6.942213439396459
d:81:0.017105250275943007,3.4796500236555747,3.479649002702816,6.942193776082448
d:82:0.017051900965201483,3.479650038886046,3.479648989098969,6.942247127019813
d:83:0.016413852646161686,3.4796499334035627,3.4796489820326926,6.9428850627900935
d:84:0.016322906256224456,3.4796499178307236,3.4796489023121993,6.942975913886698
d:85:0.016704145493493527,3.4796501326715763,3.4796490103448807,6.9425949975229635
d:86:0.015194349854112943,3.4796500636081333,3.4796489410727975,6.944104654826818
d:87:0.01675753231973154,3.479650053793087,3.479648942823136,6.942541464296491
d:88:0.015224784736817654,3.4796502698041127,3.479649177437679,6.944074662504974
d:89:0.015573661705412079,3.479650296294004,3.479649160548478,6.94372579513707
d:90:0.015652659233516886,3.479650262520762,3.4796490794874693,6.943646682774714
d:91:0.015367792308444095,3.4796500043115053,3.4796488733729625,6.943931085376024
d:92:0.015594304304510587,3.479650104894475,3.4796488481977157,6.94370464878768
d:93:0.015932876398800033,3.4796502222310774,3.4796490872613806,6.943366433093658
d:94:0.01583038782410462,3.479650277197514,3.479648984939251,6.943468874312661
d:95:0.015709790345786345,3.479649929513208,3.479648712538939,6.943588851706361
d:96:0.016221723129024923,3.479650104894475,3.4796487231761226,6.9430771049415725
d:97:0.015333209267048176,3.479650277197514,3.479648852981315,6.943965920911781
d:98:0.015458966344079172,3.4796500043115053,3.47964865663214,6.943839694599566
d:99:0.015361213960630948,3.4796500236555747,3.4796486690004436,6.943937478695387
d:100:0.015431639457503366,3.4796502202495496,3.4796487402826752,6.9438673210747215
d:101:0.015641447824000565,3.4796500141265483,3.4796486612511828,6.9436572275537305
d:102:0.015587897346621915,3.4796500283021192,3.4796486735862917,6.943710804541789
d:103:0.015374233182901875,3.479650020550954,3.479648663121216,6.943924450489268
d:104:0.0153643418161451,3.479650277197514,3.4796487762199817,6.943934711601351
d:105:0.015300532550320156,3.4796501804245956,3.4796486640522044,6.94399831192648
d:106:0.015232345251703805,3.4796502698041127,3.479648819680069,6.944066744232478
d:107:0.015199724221767852,3.479650240380659,3.4796487244639707,6.944099240622862
d:108:0.015323059413926643,3.479650174872001,3.479648673563565,6.943975789021639
d:109:0.014984423538839664,3.4796502737414894,3.4796489249757325,6.944314775178382
d:110:0.015262499570946275,3.4796502698041127,3.4796488150781943,6.944036585311361
d:111:0.01487439748795083,3.4796502634064037,3.479648805730587,6.94442467164904
d:112:0.01465225123213898,3.479650283556545,3.4796489337540617,6.9446469660784675
d:113:0.014503535688197289,3.479650241877735,3.4796486490694836,6.944795355259021
d:114:0.014425654907951113,3.479650260162149,3.4796488655645614,6.944873470818759
d:115:0.014180983040192885,3.479650104894475,3.479648630251784,6.945117752106066
d:116:0.014128458918229114,3.4796502202495496,3.479648635347438,6.945170396678758
d:117:0.014060055617944656,3.4796503713175024,3.4796488920052404,6.945239207704798
d:118:0.014264581812666322,3.479650230379212,3.4796487679164834,6.945034416483029
d:119:0.014137571775753699,3.479650241877735,3.4796486294612468,6.945161299563228
d:120:0.014165327853232768,3.479650104894475,3.4796486072401542,6.945133384281396
d:121:0.013788837215606975,3.4796500801616723,3.4796486227967733,6.945509865742839
d:122:0.013867852197822828,3.47965027670997,3.4796486594651768,6.945431083977324
d:123:0.013826771848171049,3.479650262766068,3.4796486237571287,6.945472114675026
d:124:0.013919550887109722,3.4796502202495496,3.4796486285173156,6.9453792978797555
d:125:0.013957844614354897,3.4796503216520858,3.4796488056340085,6.945341282671739
d:126:0.014022148088491448,3.479650067607949,3.479648558237505,6.945276477756963
d:127:0.014032542768802614,3.479650067607949,3.4796485517136873,6.945266076552834
d:128:0.014000779379802708,3.479650277197514,3.4796486064620087,6.94529810427972
d:129:0.014086767994303528,3.479650378041086,3.479648836955567,6.9452124470023495
d:130:0.014134469341120948,3.4796503644347947,3.4796489476071315,6.945164842700805
d:131:0.014178078853603893,3.479650377391904,3.47964896924538,6.94512126778368
d:132:0.01412818577056818,3.4796503713175024,3.47964887138688,6.945171056933814
d:133:0.014107779513771845,3.479650241877735,3.4796486125356587,6.945191074899622
d:134:0.014066870860977687,3.4796503339883706,3.4796487363441884,6.945232199471581
d:135:0.014005891856045949,3.4796504103675066,3.479648907187366,6.945293425698827
d:136:0.01386825066269104,3.47965024077282,3.479648643422653,6.945430633532782
d:137:0.013727705089246811,3.4796502462322874,3.4796485950274825,6.945571136170523
d:138:0.013659204392148183,3.4796504881012496,3.4796489958508783,6.94564027955998
d:139:0.013598532470128433,3.479650395227374,3.479648791854455,6.9457006546117
d:140:0.013517352980445096,3.4796504103675066,3.4796488529636367,6.945781910350698
d:141:0.013267939069683266,3.479650446478665,3.479648852414206,6.946031359823188
d:142:0.013145311844745322,3.4796502898962967,3.4796485001362694,6.946153478187821
d:143:0.013069739752571863,3.4796503713175024,3.479648672839639,6.94622930440457
d:144:0.013061367011999891,3.4796502462322874,3.4796484685855376,6.946237347805825
d:145:0.01299842875416779,3.4796502202495496,3.4796484593087023,6.946300250804084
d:146:0.01285973787136463,3.4796503987317937,3.4796486585621285,6.9464393194225575
d:147:0.01288615538788207,3.479650378041086,3.479648605754745,6.946412828407949
d:148:0.012905375501510719,3.479650365487343,3.479648581676269,6.946393571662101
d:149:0.012779274688901054,3.4796502222310774,3.4796484609543157,6.946519408496492
d:150:0.012768776003500903,3.4796504103675066,3.4796487425848284,6.946530376948834
d:151:0.012622590926333999,3.4796503571847044,3.4796486982602133,6.946676464518584
d:152:0.012607330094413172,3.4796504711312526,3.4796488135022976,6.946691954539137
d:153:0.012611241179794064,3.4796502634064037,3.47964844767011,6.94668746989672
d:154:0.012525859398921924,3.4796503571847044,3.4796486902479256,6.946773188033708
d:155:0.012494384403352043,3.479650606993287,3.4796489790628193,6.946805201652754
d:156:0.012563360438756277,3.4796503713175024,3.4796485638343952,6.946735574713141
d:157:0.012508720373084259,3.479650499170699,3.479648791862518,6.9467905706601325
d:158:0.012423058851593893,3.479650258544705,3.479648424700546,6.946875624393657
d:159:0.012358326670101505,3.4796503835013066,3.47964857363921,6.946940630470415
d:160:0.012397776353930468,3.4796505874767654,3.4796488193381574,6.946901630460992
d:161:0.012376026378854377,3.479650383474615,3.479648531222173,6.946922888317934
d:162:0.012266993087832745,3.4796503027819217,3.4796483857631237,6.947031695457213
d:163:0.01223647769595182,3.4796503480711483,3.479648558125824,6.94706242850102
d:164:0.012247027652097842,3.479650316226584,3.4796483756846346,6.947051664259121
d:165:0.012213993575070248,3.4796505660227357,3.4796486970456417,6.947085269493307
d:166:0.012187412782203921,3.479650227629886,3.479648347256962,6.947111162104644
d:167:0.01207158646518991,3.479650498462181,3.479648640613137,6.947227552610128
d:168:0.012283739374261415,3.4796504103675066,3.4796485937292356,6.947015264722481
d:169:0.012076232755646288,3.479650688868789,3.4796489602509517,6.9472234163640945
d:170:0.012100601399868793,3.479650372215195,3.4796484131550542,6.9471981839703805
d:171:0.012120240324591691,3.4796505917627893,3.47964876661654,6.947179118054738
d:172:0.01198505827442986,3.4796505762700978,3.4796486892365532,6.947314207232221
d:173:0.01190332479516698,3.4796503737622917,3.4796484600076116,6.947395508974736
d:174:0.012017857084352102,3.479650378041086,3.4796482514874256,6.947280772444159
d:175:0.011849937395959742,3.4796504103675066,3.479648474792217,6.947448947763764
d:176:0.011806750883721406,3.4796504688640955,3.479648508026674,6.947492226007048
d:177:0.012083125832806019,3.479650608574886,3.479648651143938,6.947216133886018
d:178:0.011760934583628924,3.479650472974411,3.479648525340716,6.947538063731498
d:179:0.011842332828935653,3.4796503770769007,3.4796483046212945,6.94745634886926
d:180:0.01181792407267146,3.4796504103675066,3.4796484396567386,6.947480925951574
d:181:0.011707309237481311,3.4796503973197073,3.4796483971663843,6.94759148524861
d:182:0.011653802431460747,3.479650573340308,3.479648539733944,6.947645310642791
d:183:0.01159930873351378,3.479650583727162,3.479648492134073,6.947699767127721
d:184:0.011639622778803371,3.479650636991307,3.4796486163211373,6.947659630533641
d:185:0.011572122157437192,3.4796505660227357,3.4796484289418608,6.947726872807159
d:186:0.01157875766595673,3.479650524216254,3.4796484203642706,6.947720186914568
d:187:0.011497536116308993,3.4796503438034243,3.4796481620492603,6.947800969736376
d:188:0.011541667771671982,3.479650752603952,3.4796487683096835,6.9477578531419635
d:189:0.01155311532778569,3.4796504103675066,3.4796483100237197,6.9477456050634405
d:190:0.011530518455296956,3.479650260162149,3.4796481310124037,6.947767872719256
d:191:0.011512232819967494,3.479650524216254,3.47964841605058,6.947786707446866
d:192:0.01144545119445084,3.4796504099912138,3.479648164436931,6.947853123233694
d:193:0.011461982904712897,3.479650771213308,3.479648735993468,6.947837524302063
d:194:0.011383166971006276,3.479650756048896,3.479648750779061,6.947916339856951
d:195:0.011374587250987389,3.479650684536031,3.479648760610873,6.9479248578959165
d:196:0.011382809890202239,3.479650612392101,3.4796484697882555,6.947916272290154
d:197:0.011374978206831088,3.4796505660227357,3.4796483863116894,6.947923974127594
d:198:0.011369935825886301,3.4796503713175024,3.4796481556225594,6.9479285911141755
d:199:0.011314188167297345,3.4796503746932537,3.479648150850121,6.947984337376077
d:200:0.011327557748694872,3.4796504103675066,3.4796482003168556,6.947971052935667
d:201:0.011263330465148158,3.4796503339883706,3.4796480731330472,6.94803507665627
d:202:0.011267137715918807,3.479650369690816,3.479648080468573,6.9480313124434705
d:203:0.01122155158492788,3.479650378041086,3.479648096753431,6.948076923209589
d:204:0.011196286365608543,3.4796506650841383,3.4796484250142985,6.948102803732828
d:205:0.011200839986598154,3.4796505660227357,3.479648290422027,6.9480980164581645
d:206:0.011107761537944683,3.4796503847621683,3.4796480439424933,6.948190667166717
d:207:0.011138416950840835,3.4796504881012496,3.4796481944739703,6.948160265624379
d:208:0.011049905520042813,3.479650684536031,3.4796486557641533,6.948249434780141
d:209:0.011098262504045664,3.4796503973197073,3.4796480580923443,6.948200192908006
d:210:0.011154654730379576,3.4796504103675066,3.479648071671651,6.948143827308778
d:211:0.011031675329403967,3.479650637044678,3.4796483428739915,6.948267304589265
d:212:0.011021778305520868,3.4796507280971536,3.4796486156992987,6.9482775654909315
d:213:0.010904111867100497,3.479650757137657,3.4796486221875718,6.948395267458128
d:214:0.010872500298074073,3.479650472974411,3.4796480360990536,6.948426008775391
d:215:0.010866505083427569,3.4796507313528178,3.479648571727017,6.948432797996407
d:216:0.01089310765381768,3.4796504103675066,3.479647937965556,6.948405240679245
d:217:0.010818467758973327,3.4796503737622917,3.47964793995774,6.948479845961058
d:218:0.010812534916306404,3.4796506227641046,3.4796481842150566,6.948486272062855
d:219:0.010786239490215621,3.479650684536031,3.4796484412439828,6.948512886289798
d:220:0.010777698767379107,3.479650773345961,3.4796484996312955,6.948521574209877
d:221:0.010654454527392332,3.479650606993287,3.479648135678488,6.948644288144383
d:222:0.010618892908123456,3.4796505660227357,3.4796480242809054,6.948679697395518
d:223:0.010597403344451806,3.4796504674751834,3.479647904184368,6.9487009683151
d:224:0.010590803888531397,3.4796507418552967,3.4796485158393278,6.948708453806093
d:225:0.010507766433567767,3.4796504103675066,3.4796479148594965,6.948790558793435
d:226:0.010432013013772945,3.4796507464882342,3.479648485058849,6.9488672185333105
d:227:0.010506089350538872,3.4796506232516577,3.4796481265120462,6.948792660413165
d:228:0.010491636787756775,3.4796507418552967,3.479648487664713,6.948807592732253
d:229:0.010410643286890675,3.4796504099912138,3.479647806189048,6.948887572893371
d:230:0.010361150962427956,3.479650749686048,3.4796482624266662,6.948937861150286
d:231:0.010282913010563277,3.4796506314920794,3.479648061758933,6.949015780240449
d:232:0.010368119397549336,3.4796504711312526,3.4796477896805964,6.9489301414143
d:233:0.010317777613156665,3.4796507730918655,3.479648350110468,6.948981345589177
d:234:0.010243075787661482,3.4796508460268996,3.4796484516234827,6.949056221862721
d:235:0.010177682813107936,3.479650752603952,3.479648077487699,6.949121147278543
d:236:0.010349291256257942,3.479650608574886,3.4796478746055683,6.948949191924196
d:237:0.010148503037706647,3.4796503973197073,3.479647713220672,6.949149607502672
d:238:0.010146685929196764,3.479650773345961,3.479648268798016,6.94915235621478
d:239:0.010151775551202391,3.4796508236414088,3.479648397832804,6.9491474459230105
d:240:0.010173383525149404,3.479650684536031,3.4796481382391793,6.949125439250061
d:241:0.010054523935259851,3.479650759705187,3.479648066481774,6.949244302251701
d:242:0.010036551799032623,3.479650659490451,3.4796481109722794,6.949262218663698
d:243:0.00999550208395128,3.479650759705187,3.4796480339261606,6.9493032915473965
d:244:0.009996457654601443,3.479650583727162,3.479647668486921,6.9493017945594815
d:245:0.010010444594902523,3.4796507496511726,3.479647975612579,6.949288280668849
d:246:0.009940991273346356,3.4796505660227357,3.479647651983303,6.949357226732692
d:247:0.009958330188618802,3.4796504711312526,3.4796476068974016,6.949339747840035
d:248:0.010039645378112638,3.479650524216254,3.479647576904428,6.949258455742569
d:249:0.009974508353659317,3.479650471104561,3.4796475987041298,6.9493235614550315
d:250:0.009953609146206688,3.479650852947792,3.479648214946904,6.949345458748489
d:251:0.009870541703957514,3.4796505669425866,3.479647578880197,6.949427604118826
d:252:0.009911892024774716,3.4796504103675066,3.479647533523755,6.949386051866487
d:253:0.00982330824818689,3.4796505669425866,3.4796475851099107,6.94947484380431
d:254:0.009779641018864638,3.4796507464882342,3.479647987001975,6.949519092471345
d:255:0.00980380174106621,3.4796509399788658,3.479648297107813,6.949495435345613
d:256:0.009739988421236134,3.4796505874767654,3.4796476055754013,6.9495582046309305
d:257:0.009765247243187503,3.479650608574886,3.4796476187925656,6.949532980124264
d:258:0.009734025897991216,3.4796508812902474,3.4796483050463305,6.949565160438587
d:259:0.009728587763699892,3.479651024266536,3.4796482761103587,6.949570712613195
d:260:0.009748947491644344,3.479650684536031,3.4796479218910097,6.949549658935396
d:261:0.009665361412931617,3.4796505798997135,3.4796475687434345,6.949632787230216
d:262:0.009707272854996063,3.4796510404242937,3.4796482739435035,6.949592041512801
d:263:0.009687195955512706,3.479650838871935,3.479648138026503,6.949611780942925
d:264:0.009641591051892107,3.47965077836826,3.4796478270374447,6.949657014353813
d:265:0.009580246297877792,3.4796507794756018,3.479648188825749,6.949718722003473
d:266:0.009575382443296476,3.4796507418552967,3.4796481657611746,6.949723525173175
d:267:0.009566859593725496,3.4796511665805365,3.4796484032545347,6.949732710241346
d:268:0.009564764294628603,3.4796509054612077,3.479648259741472,6.949734400908051
d:269:0.00957666384123712,3.4796509546556607,3.4796483136092995,6.949722604423723
d:270:0.009568042569624069,3.4796511079411765,3.479648321278379,6.9497313866499315
d:271:0.009513398142626528,3.479650608574886,3.479647560492616,6.949784770924875
d:272:0.009469905725703498,3.4796506650841383,3.4796476347295577,6.949828394087993
d:273:0.009459321080813154,3.479650573340308,3.4796475409789895,6.949838793238484
d:274:0.009492149812837525,3.4796508593721924,3.4796481131906383,6.949806822749993
d:275:0.009467299685544717,3.479651016846029,3.479648263666256,6.94983198082674
d:276:0.009398327209755308,3.479650758327935,3.479647974782882,6.949900405901062
d:277:0.009390187222283686,3.4796507460085255,3.4796480235056,6.949908582291842
d:278:0.009405569374081324,3.4796510404242937,3.479648268219771,6.949893739269983
d:279:0.009370908188701677,3.4796506640153897,3.4796478139301517,6.94992756975684
d:280:0.009375950921063136,3.479651163686345,3.479648265100444,6.949923477865726
d:281:0.009308839622724108,3.479650718194234,3.4796479278379397,6.94998980640945
d:282:0.009322747439316714,3.4796511841244513,3.479648284947519,6.949976721632654
d:283:0.009291768773024955,3.4796506849784503,3.4796475645225566,6.950006480727982
d:284:0.009276529578981396,3.479650636991307,3.4796475344995823,6.950021641911908
d:285:0.009285431351012008,3.4796509399788658,3.47964812110086,6.950013629728714
d:286:0.009230846089570477,3.479651016846029,3.4796482371178676,6.950068407874326
d:287:0.00922336411519531,3.4796507349221635,3.4796477560932733,6.950075126900241
d:288:0.009253028522204332,3.4796506650841383,3.4796475434912058,6.95004518005314
d:289:0.009248958474074698,3.479650756048896,3.4796477241978394,6.9500495217726606
d:290:0.00921545396931478,3.479650807390854,3.4796480730787724,6.950083426500312
d:291:0.00915770960243023,3.4796512115298484,3.479648346737978,6.950141848665396
d:292:0.0091654948214277,3.479650684536031,3.479647727331713,6.950132917046316
d:293:0.009133887741830549,3.4796508735981657,3.4796480778811176,6.950165063737453
d:294:0.009109687522514065,3.479651024266536,3.4796482166109524,6.950189553354974
d:295:0.009307041117049053,3.4796509399788658,3.4796480725786463,6.949991971440463
d:296:0.009168070043306997,3.4796507447894633,3.479647651637059,6.950130326383215
d:297:0.009122645937111429,3.479650742538327,3.4796478510136524,6.950175947614868
d:298:0.009120659571673073,3.4796506888421046,3.4796475000577427,6.950177529328174
d:299:0.009105388755290988,3.4796507433276727,3.479647754646482,6.950193109218864
d:300:0.009108336381453697,3.4796512115298484,3.4796482513329554,6.95019112648135
d:301:0.009055223820356062,3.4796510530823586,3.4796482121219725,6.950244041383975
d:302:0.009032459308347285,3.4796511841244513,3.479648168854199,6.950266893670303
d:303:0.009029714689450685,3.4796506314920794,3.47964745566596,6.950268372468589
d:304:0.009018479382877587,3.4796507418552967,3.4796477979329,6.950280060405319
d:305:0.008968687167136835,3.479651163686345,3.4796481852908396,6.950330661810048
d:306:0.008972652131740588,3.4796506650841383,3.47964746731172,6.950325480264118
d:307:0.008983185429142893,3.4796507531427423,3.479647653254526,6.950315220968125
d:308:0.009000370060613605,3.479650773345961,3.4796476787883073,6.950298082073655
d:309:0.008946514582756748,3.4796506588763982,3.479647430346178,6.95035157463982
d:310:0.00898386889199898,3.4796508379081192,3.479647966172033,6.950314935188153
d:311:0.008933111604799038,3.47965097884323,3.4796480477156653,6.950365914954096
d:312:0.008899754725069542,3.479650684536031,3.4796475441585724,6.950398473969534
d:313:0.008863143565911002,3.4796507334247515,3.479647681330407,6.950435271189248
d:314:0.008934308283951253,3.479651238098409,3.4796482511262816,6.950365180940739
d:315:0.008899379252392592,3.4796512097354757,3.4796481678223667,6.95039999830545
d:316:0.008857684516231146,3.479650689131658,3.4796474277430693,6.950440432358496
d:317:0.00882704754369179,3.4796509660072736,3.479648033357373,6.950471951820955
d:318:0.00881243606498927,3.4796507280971536,3.4796475883699216,6.950485880402086
d:319:0.008809587100740757,3.4796506901297057,3.479647439790961,6.950488542819926
d:320:0.00885411763053412,3.4796512978819916,3.479648339723255,6.950445519974712
d:321:0.008822113323022407,3.479651222086776,3.4796482053271216,6.950477314090875
d:322:0.008780913046431138,3.4796511828057497,3.479648103829904,6.950518373589222
d:323:0.008788443891090125,3.4796509399788658,3.479647967732811,6.950510463820587
d:324:0.008755037436042556,3.479650759705187,3.4796473811410227,6.950543103410167
d:325:0.00874071824478051,3.479651016846029,3.4796479923500723,6.950558290951321
d:326:0.008700861963614415,3.479651196254105,3.4796480389964035,6.950598373286894
d:327:0.008721828328916104,3.4796511079411765,3.479647936279303,6.950577215891563
d:328:0.008722490770898261,3.4796507349221635,3.4796473447562963,6.9505755889075616
d:329:0.008650278478539164,3.47965078187341,3.4796475265458753,6.950648029940746
d:330:0.00869758249845809,3.4796512978819916,3.479648245318476,6.950601960702009
d:331:0.008608368896467766,3.4796512991787587,3.4796483276582215,6.9506912579405125
d:332:0.008625835576273388,3.4796510990700185,3.4796478366704466,6.950673100164192
d:333:0.008657016230682046,3.479651024266536,3.4796478788449754,6.950641886880829
d:334:0.008546406950058483,3.479651275898327,3.479648106503685,6.9507529754519535
d:335:0.008552585873671248,3.4796509054612077,3.479647750529491,6.950746070117027
d:336:0.008572973713521392,3.4796507418552967,3.479647511031917,6.950725279173692
d:337:0.008551979642653862,3.4796507696338477,3.4796474954246506,6.950746285415844
d:338:0.008593952947268946,3.479651016846029,3.4796478392742536,6.950704903173014
d:339:0.008587577513745615,3.479651275898327,3.479648039577606,6.950711737962187
d:340:0.008539749072708602,3.479650773345961,3.4796473248397444,6.950758349112997
d:341:0.008522311818030204,3.4796511190910753,3.479647804149746,6.950776611422791
d:342:0.008541520213846354,3.4796513118206622,3.479648149023445,6.950757940630261
d:343:0.00844699471179311,3.4796507730918655,3.47964739379899,6.950851172179062
d:344:0.008427642973494187,3.4796508812902474,3.4796476114442587,6.950870849761012
d:345:0.008484687599970897,3.4796509399788658,3.479647645334804,6.950813897713699
d:346:0.008405455010601415,3.4796507361934523,3.479647414702395,6.950892695885246
d:347:0.00839370609959289,3.4796513227160535,3.4796480793320406,6.950905695948501
d:348:0.00841097079284836,3.4796507280971536,3.4796472407524472,6.9508869980567525
d:349:0.008375208313637472,3.4796507259539986,3.4796472523024917,6.950922769942853
d:350:0.008353860948140834,3.4796512617957642,3.4796479856910043,6.950945386538628
d:351:0.008332095637664239,3.4796513247947267,3.479648271346697,6.95096750050376
d:352:0.008299298535877853,3.4796512978819916,3.4796480567414765,6.95100005608759
d:353:0.008235575909253612,3.479650674720965,3.4796472726254795,6.951062371437191
d:354:0.008390505548673488,3.4796512903138943,3.4796481757900786,6.950908960555299
d:355:0.008208716972070818,3.479650757137657,3.4796472222041928,6.951089262369779
d:356:0.008217979495610095,3.4796513257002797,3.479648021617022,6.951081367821692
d:357:0.008187212741491479,3.4796513109001648,3.4796480495717663,6.95111214773044
d:358:0.00817200968832843,3.4796508019923156,3.479647258749001,6.951126051052988
d:359:0.00816951004683375,3.4796512853520234,3.4796481151392484,6.951129890444438
d:360:0.0081737951403138,3.4796512978819916,3.479647934094805,6.951125436836483
d:361:0.008103143504184729,3.479651356592292,3.479648120988898,6.9511963340770055
d:362:0.008081064236570512,3.479650763768431,3.479647350543557,6.951217050075417
d:363:0.00808148471079484,3.4796512978819916,3.479647911511142,6.951217724682339
d:364:0.008051949933088665,3.4796509328238976,3.4796475337345267,6.951246516625336
d:365:0.008074739665804742,3.479650684536031,3.479647189625691,6.951223134495917
d:366:0.008032286995419469,3.4796512903138943,3.4796480796000253,6.9512670829185
d:367:0.007989272491606414,3.4796512383187785,3.4796478673253866,6.951309833152559
d:368:0.007957676857673235,3.4796510136132532,3.479647575531173,6.951340912286753
d:369:0.007960280096879657,3.4796507936261243,3.4796471464836323,6.951337660012877
d:370:0.007987709484574168,3.479651288713539,3.4796480297995114,6.951311609028476
d:371:0.007943582792947268,3.479650991643217,3.4796474913518445,6.951354900202114
d:372:0.00794018628250015,3.4796513118206622,3.479647993689154,6.951359119227316
d:373:0.007911957783587553,3.479650674720965,3.4796470570568534,6.951385773994231
d:374:0.007905439214198395,3.479650773345961,3.4796471056756957,6.951392439807458
d:375:0.007913877899497379,3.4796513257634594,3.479648100259828,6.95138554812379
d:376:0.007890616181478904,3.4796511841244513,3.479647704540424,6.9514082724833965
d:377:0.007895350511837762,3.4796513018020185,3.4796479033343495,6.95140385462453
d:378:0.007887762685303557,3.4796513109001648,3.4796478523857566,6.951411400600618
d:379:0.00785670711380071,3.479650970534909,3.4796474093250325,6.9514416727461406
d:380:0.00786927171177787,3.479651201159381,3.479647712573829,6.9514296420214325
d:381:0.00784307030217768,3.4796510433184746,3.4796475271750342,6.951455500191331
d:382:0.0077937293494976245,3.47965130557648,3.4796479891808865,6.951505565407869
d:383:0.007776916379137688,3.479651325789229,3.479647854281403,6.951522263691494
d:384:0.007790449642993025,3.4796507418552967,3.4796471201242323,6.951507412336536
d:385:0.007759840540028762,3.479650773345961,3.479647139682104,6.951538072488036
d:386:0.007735073961896433,3.4796511841244513,3.479647676755535,6.95156378691809
d:387:0.007774361420734621,3.4796508812902474,3.4796473311425107,6.951523851012023
d:388:0.007715839636494692,3.4796512115298484,3.4796477155788494,6.951583087472203
d:389:0.007742074863145376,3.4796507757652506,3.479647107481636,6.951555808383741
d:390:0.00769724150908857,3.479651342493277,3.4796481363595877,6.951602237343776
d:391:0.007690592422365583,3.4796509399788658,3.4796473480038728,6.951607695560373
d:392:0.007669928550384952,3.479651325710101,3.479648031411399,6.951629428571115
d:393:0.007661080133242848,3.4796512853520234,3.479647801910808,6.9516380071295885
d:394:0.007627780128832029,3.479651301910245,3.479647994536542,6.951671516317955
d:395:0.00760208570928711,3.479650768938642,3.479647096033844,6.951695779263199
d:396:0.007670723734470641,3.4796512978819916,3.479647810616573,6.951628384764094
d:397:0.007619442310877744,3.4796509810324814,3.4796473513294437,6.951678890051047
d:398:0.007597681117292865,3.479650763768431,3.479647100067197,6.951700182718335
d:399:0.00763880354420543,3.4796507418552967,3.479647106026203,6.951659044337294
d:400:0.007629676553232656,3.479650852947792,3.479647186397406,6.951668362791965
d:401:0.007576475172127672,3.4796511030649437,3.479647466866796,6.951722094759612
d:402:0.007534398813607623,3.479651275898327,3.479647784619903,6.9517646617046225
d:403:0.007521712465113239,3.4796512723597566,3.479648061618523,6.951777621513166
d:404:0.00756879326049642,3.479650734566759,3.4796470938590893,6.951729035165352
d:405:0.00752508751235581,3.4796511079411765,3.4796474337313654,6.951773454160186
d:406:0.0075129979552279735,3.4796513074728566,3.4796477852226193,6.951786094740248
d:407:0.0075189902172922984,3.47965134955437,3.4796479796011006,6.951780338938178
d:408:0.007569500906575044,3.4796512421453407,3.4796480822915825,6.951729823530348
d:409:0.007502377508121327,3.47965125167441,3.479648109756468,6.9517969839227565
d:410:0.007493682193970841,3.4796513569237035,3.479647968388896,6.951805643118629
d:411:0.007468820629746631,3.4796512223851295,3.479647663829793,6.951830065585176
d:412:0.007452813779687872,3.4796507485265344,3.4796470568301157,6.951844991576962
d:413:0.007541779472109766,3.4796512309870486,3.479647628181459,6.951757079696398
d:414:0.007416644776878201,3.4796513247947267,3.4796478923003296,6.951882572318178
d:415:0.007388461437777494,3.47965131787382,3.4796478707759118,6.9519107272119545
d:416:0.007360820798293588,3.479651231433479,3.4796476866852917,6.951938097320477
d:417:0.007390660588376008,3.4796514325705488,3.4796480771303937,6.9519088491125665
d:418:0.007399191472616806,3.4796508841051157,3.479647081762394,6.951898774394893
d:419:0.007371834827559098,3.4796507482797026,3.4796470646556585,6.951925978107802
d:420:0.0073885441491050585,3.479651373009787,3.4796478201017056,6.951910648962388
d:421:0.007333075073812978,3.479651412464703,3.4796481792538856,6.9519665166447755
d:422:0.007312422452459444,3.479651249058426,3.4796480602231714,6.951986886829138
d:423:0.007295514385317503,3.4796511841244513,3.4796474221785108,6.9520030919176445
d:424:0.007299314504180643,3.4796512462175997,3.4796476835577543,6.951999615271173
d:425:0.007264511099053905,3.4796509399788658,3.4796471418322152,6.952033570712027
d:426:0.007283529213301776,3.4796512429356046,3.479647683854761,6.952015397577064
d:427:0.007245292206595977,3.479651163686345,3.4796473690654466,6.952053240545196
d:428:0.0072280089663774305,3.4796513569237035,3.479647868801754,6.95207121675908
d:429:0.007286754367076043,3.4796513018020185,3.4796477769606113,6.952012324395554
d:430:0.007243894703860221,3.4796515276170794,3.4796481406236968,6.952055773536916
d:431:0.0071874797102022825,3.4796513229378068,3.4796480827009155,6.95211192592852
d:432:0.00722555124728963,3.4796508812902474,3.4796470846054746,6.952072414648432
d:433:0.007182300339357184,3.479651525376598,3.47964809042516,6.9521173154624005
d:434:0.0071756163988307975,3.4796508379081192,3.479647089888955,6.952122311398243
d:435:0.007169683695279261,3.4796512421453407,3.4796480108352146,6.952129569285276
d:436:0.0071375931829695816,3.479651249058426,3.4796480331651285,6.952161689040585
d:437:0.007149304211594654,3.4796509399788658,3.4796470957479375,6.952148731515209
d:438:0.007121638075879844,3.4796515220911335,3.47964809414068,6.952177978155934
d:439:0.007160457267779918,3.47965143585893,3.479648135072411,6.952139113663561
d:440:0.00713397373142044,3.4796512978819916,3.479647610085399,6.95216493423597
d:441:0.00711370088141372,3.479651024266536,3.4796471389528794,6.952184462338002
d:442:0.007103729426656713,3.479651138695777,3.479647213808457,6.9521946230775775
d:443:0.007070092580690357,3.4796512863593954,3.479647588263031,6.952228782041736
d:444:0.0070608221639734126,3.479651024266536,3.479647019152832,6.952237221255395
d:445:0.00704824161804396,3.479651503950276,3.479647998530446,6.952251260862678
d:446:0.007032881270490066,3.47965097884323,3.479646876488447,6.952264974061187
d:447:0.007011532724133573,3.4796513109001648,3.4796474207939045,6.952287198969936
d:448:0.007038775916401008,3.4796514786305472,3.479647945914529,6.952260648628675
d:449:0.0070014942945348935,3.4796512772154244,3.479647786728691,6.952297569649581
d:450:0.007001792936252471,3.4796513257634594,3.479647596169322,6.952297128996529
d:451:0.007004442322093851,3.4796512421720127,3.479647731930795,6.952294531780714
d:452:0.006950610220346931,3.479651603646758,3.4796479172568766,6.952348910683288
d:453:0.006952603635475896,3.4796511841244513,3.479647093475725,6.9523456739647
d:454:0.006962173925078474,3.4796513229378068,3.4796477958910987,6.952336944903827
d:455:0.006962217123149372,3.4796512097354757,3.47964718676738,6.9523361793797065
d:456:0.006997371911698025,3.479651436739765,3.4796479279376857,6.952301992765753
d:457:0.006999881812832953,3.479651380983684,3.479647798745619,6.95229929791647
d:458:0.007002932952451246,3.4796513312191344,3.479647595588604,6.952295993855287
d:459:0.0070108777247366305,3.4796513109001648,3.47964744611005,6.952287879285478
d:460:0.0070037846139729965,3.4796512295401048,3.4796472974132744,6.952294742339406
d:461:0.006926513364245324,3.479651204873756,3.4796471365711046,6.952371828080615
d:462:0.006942660390063082,3.4796511828057497,3.4796471009228895,6.952355623338576
d:463:0.006967584055468379,3.4796511186035186,3.479646979741238,6.952330514289288
d:464:0.006940232375391986,3.4796510136132532,3.479646839117086,6.952357620354947
d:465:0.006927513405848629,3.479651660313582,3.479648007599213,6.952372154506946
d:466:0.006937556318456828,3.479651479561719,3.4796479382559156,6.952361861499178
d:467:0.006949015499532862,3.4796514500389186,3.479647865110117,6.952350299649503
d:468:0.006944405768434692,3.4796513247947267,3.479647549928698,6.95235446895499
d:469:0.006949782377578373,3.479651204658772,3.4796470238367885,6.952348446117982
d:470:0.006914889664889401,3.479651568379902,3.4796479307260633,6.952384609441076
d:471:0.006906656774946285,3.479651238098409,3.479647198885095,6.952391780208558
d:472:0.006996848246403786,3.479651369586577,3.479647793618234,6.952302314958407
d:473:0.0068294518676559335,3.479651526063238,3.4796479527937354,6.952470026989317
d:474:0.006803160779396578,3.47965097884323,3.479646843630137,6.9524946616939705
d:475:0.006864853636294299,3.4796509399788658,3.4796468263515674,6.952432912694139
d:476:0.006812900166545788,3.4796514786305472,3.4796479522887065,6.952486530752708
d:477:0.0068174143846118085,3.4796513257634594,3.4796475419059707,6.952481453284818
d:478:0.006827753649226054,3.4796516549147185,3.47964793325686,6.952471834522353
d:479:0.006782189275515549,3.4796512383187785,3.479647020361032,6.952516069404295
d:480:0.006811830980579359,3.4796512978819916,3.479647171934012,6.952486638835424
d:481:0.006802334764518747,3.4796511905221745,3.479646817874743,6.952495673632399
d:482:0.006734451758592996,3.4796516333080927,3.479647753298641,6.952564934848141
d:483:0.006769754352825785,3.4796511828057497,3.4796467912834483,6.952528219736372
d:484:0.0067441219027841726,3.4796512978819916,3.479647043253779,6.9525542192329866
d:485:0.006754503808563683,3.4796512115298484,3.4796468111276138,6.952543518848898
d:486:0.006723165665567521,3.4796514540876817,3.479647729715852,6.952576018137966
d:487:0.00670204764004545,3.4796511030649437,3.4796466284263587,6.952595683851257
d:488:0.00675535880605338,3.479651163686345,3.479646688910286,6.9525424937905775
d:489:0.0067162194818219945,3.4796515137653987,3.47964776380687,6.952583058090447
d:490:0.006755239025752147,3.4796512617957642,3.4796469615907863,6.952542984360798
d:491:0.0067289574657039,3.4796513224314225,3.47964717846771,6.9525695434334285
d:492:0.006706222264575956,3.479651138695777,3.479646618067294,6.952591534498495
d:493:0.0066908212989780225,3.4796512421453407,3.479647312983376,6.952607733829739
d:494:0.006640250050539365,3.479651342493277,3.4796474152468324,6.95265850768957
d:495:0.006639587271113356,3.4796512978819916,3.4796469775875583,6.9526586881984365
d:496:0.006678095506067905,3.479651369586577,3.479647481776622,6.952620755857131
d:497:0.006624659876628414,3.4796512652712597,3.479647324437215,6.952673929831846
d:498:0.006639535891219239,3.4796510990700185,3.47964663782615,6.952658201004949
d:499:0.006632474208737804,3.479651233236689,3.479646885717411,6.9526656447453625
d:500:0.006640008805961273,3.4796517435057073,3.479647816939135,6.952659551638881
d:501:0.006594166461967532,3.479651275898327,3.4796469080471404,6.9527040174835
d:502:0.006590118246009524,3.479651173692158,3.4796466365232472,6.952707691969396
d:503:0.00657003141689394,3.479651357723851,3.47964739877405,6.952728725081007
d:504:0.006560015572318889,3.4796513229378068,3.4796473451389502,6.952738652504438
d:505:0.006572232665497779,3.4796511030649437,3.479646605059976,6.952725475459422
d:506:0.0065499958933887825,3.4796511828057497,3.4796466121734024,6.952747799085763
d:507:0.006541709384103811,3.4796516423576165,3.479647635324751,6.952757568298264
d:508:0.006548388898607982,3.4796515137653987,3.479647696573327,6.952750821440118
d:509:0.006551199943718444,3.4796513247947267,3.4796472394961633,6.9527473643471716
d:510:0.006569546228204715,3.4796512421453407,3.4796473218143955,6.9527290177315315
d:511:0.006538601603502059,3.4796511094626688,3.479646626853267,6.952759134712434
d:512:0.006515979549275741,3.479651205191267,3.479646632340758,6.95278185798275
d:513:0.006474911697855745,3.4796515556833807,3.4796475635121276,6.9528242074976525
d:514:0.006493405413925402,3.4796515374588672,3.4796475597900027,6.952805691834945
d:515:0.006484223421219681,3.479651133834057,3.4796466249211466,6.952813535333984
d:516:0.006439465763126151,3.479651797418578,3.4796478317073714,6.952860163362823
d:517:0.006448396253444955,3.4796512856202018,3.479646953536511,6.952849842903268
d:518:0.006491157564822103,3.479651618877094,3.4796479053560017,6.952808366668274
d:519:0.00646458322422383,3.4796512223851295,3.4796467243538007,6.952833363514706
d:520:0.0064666875099117505,3.479651523294489,3.479647495652374,6.952832331436952
d:521:0.006457472298119882,3.4796514886121024,3.479647576033532,6.952841592347514
d:522:0.006443992777189322,3.479651200133043,3.479646482276042,6.952853689631896
d:523:0.006418818638524115,3.4796517698058427,3.4796475620394514,6.95288051320677
d:524:0.006396802663529044,3.4796516417028442,3.4796478374490025,6.952902676488318
d:525:0.00640040307357026,3.4796513800517985,3.4796471827380078,6.952898159716236
d:526:0.006439373646999869,3.4796511849549496,3.4796470132083392,6.952858824516289
d:527:0.0063808599561028245,3.4796516045179846,3.4796473906227945,6.952918135184676
d:528:0.00639136042540045,3.4796512978819916,3.479646696934406,6.952906634390997
d:529:0.006399178833346397,3.4796511990162156,3.4796464644493916,6.952898484632261
d:530:0.006411016764102939,3.4796513257634594,3.4796470623524876,6.952887371351844
d:531:0.006465358076576777,3.479651665206699,3.479647725637701,6.952834032767823
d:532:0.00637087419878668,3.4796517435057073,3.479647533912191,6.952928403219111
d:533:0.006335089389631676,3.4796517654134806,3.4796479278577195,6.9529646038815685
d:534:0.006321748205785127,3.4796514672392505,3.4796472719545246,6.95297699098799
d:535:0.006348971213478549,3.4796513569237035,3.4796470545929328,6.952949440303158
d:536:0.006325786656725896,3.479651249058426,3.479647127665528,6.952972590067228
d:537:0.0063086405813646,3.479651696483927,3.4796476054818513,6.952990661384414
d:538:0.006306482344317743,3.4796513014744654,3.4796471709227585,6.952991990052906
d:539:0.006308115637674305,3.479651325710101,3.479647031233311,6.952990241305738
d:540:0.006323339609892287,3.4796514348083356,3.4796471339196486,6.952975229118092
d:541:0.006281452688773115,3.4796516217712856,3.4796476734905806,6.953017842573093
d:542:0.006307317121986955,3.4796516333080927,3.479647263393277,6.952991579579383
d:543:0.006260293781286563,3.4796514348083356,3.4796470274812705,6.95303816850832
d:544:0.006287017940683981,3.4796514786305472,3.4796472720428664,6.95301173273273
d:545:0.006278997013188459,3.479651768245528,3.479647721294789,6.953020492527129
d:546:0.006253870882391155,3.4796516423576165,3.479647186723785,6.95304495819901
d:547:0.006349132075040842,3.4796512244398343,3.4796468079989573,6.952948900363751
d:548:0.006318223033749959,3.4796512244398343,3.479646814425452,6.952979815831537
d:549:0.006245696732340988,3.479651617998142,3.479647132025285,6.953053053291086
d:550:0.006238645907924223,3.4796517497964174,3.479647570002081,6.953060673890574
d:551:0.006247177041510454,3.4796515556833807,3.479647030688522,6.953051409330392
d:552:0.006217211009403201,3.4796513247947267,3.479646659925981,6.953080773711305
d:553:0.006199879164217492,3.479651304196592,3.4796464881551685,6.953097913187543
d:554:0.006206053554809188,3.479651357854891,3.4796467244879565,6.9530920287880384
d:555:0.006200609574259275,3.479651617998142,3.4796471276117487,6.953098136035631
d:556:0.006193826751454523,3.479651771901967,3.4796476084071912,6.9531055535577035
d:557:0.006206150883883765,3.47965155497487,3.479647033956523,6.953092438047509
d:558:0.0061849755497416226,3.4796513118206622,3.479646509448555,6.953112845719476
d:559:0.006166858214948334,3.479651962713662,3.4796477730353246,6.953132877534038
d:560:0.006171716769424407,3.479651862873439,3.479647729163508,6.953127875267523
d:561:0.006138178329385013,3.4796512383187785,3.4796462215774664,6.95315928156686
d:562:0.006135730478384005,3.4796513569237035,3.479646638684649,6.9531622651299685
d:563:0.006144837233739153,3.4796514786305472,3.4796471812441787,6.953153822640987
d:564:0.006116593436162887,3.4796519222232085,3.4796477316755823,6.953183060462628
d:565:0.006093962176672463,3.479651603646758,3.4796470284746857,6.953204669944771
d:566:0.006117952409878669,3.4796512978819916,3.4796462815546896,6.9531796270268025
d:567:0.006094118112836,3.479651665206699,3.4796473578729437,6.953204904966807
d:568:0.0061020102010598265,3.4796514844588664,3.4796471975027146,6.953196671760521
d:569:0.006136666325804896,3.479651505284279,3.4796468864638026,6.953161725422277
d:570:0.006120968441972963,3.479651342493277,3.479646827596003,6.953177201647307
d:571:0.0060884213962086875,3.4796513354916527,3.4796468241387526,6.953209738234197
d:572:0.006072900293572658,3.479651421851214,3.479646933447519,6.95322545500516
d:573:0.006059906643095303,3.479651398782334,3.4796470961602495,6.953238588299488
d:574:0.006061378873493339,3.4796516812533262,3.4796472962543152,6.953237598634148
d:575:0.00610022678383082,3.4796517497964174,3.479647480768609,6.9531990037811955
d:576:0.006066310389908125,3.4796512978819916,3.4796461678262194,6.953231155318303
d:577:0.006050963719751223,3.479651380983684,3.479646711734297,6.95324712899823
d:578:0.00608616880408519,3.47965168450904,3.479647174589397,6.953212690294352
d:579:0.006047161562488412,3.4796519870478164,3.479647578004288,6.953252403489616
d:580:0.00604092789905053,3.4796512421453407,3.4796465769980394,6.9532568912443296
d:581:0.0060732662493308,3.479651675020575,3.479647111352424,6.953225520123668
d:582:0.0060485452442158305,3.479652048811248,3.479647581716346,6.953251085283378
d:583:0.006041919026140263,3.479651307707231,3.479646643991863,6.953256032672954
d:584:0.006034631161773163,3.479651754575235,3.4796470340628876,6.953264157476349
d:585:0.00602782830571158,3.479652080194441,3.4796475393650326,6.953271791253762
d:586:0.005987325693311618,3.4796513040776187,3.479646580206891,6.953310558591198
d:587:0.006027372123895702,3.4796516713909664,3.479647086588816,6.953271385855887
d:588:0.0059712419704993636,3.479651862873439,3.479647360628803,6.953327981531743
d:589:0.00594276343975686,3.4796513118206622,3.4796461359902544,6.95335468437116
d:590:0.006094431939301259,3.479651369586577,3.479646580191286,6.953203517838562
d:591:0.005940051346209785,3.479651485959451,3.4796469089483715,6.953358343561613
d:592:0.005932533586094024,3.4796517264822135,3.4796470941116393,6.953366287007759
d:593:0.005956414448009539,3.4796518082336885,3.4796471435574112,6.95334253734309
d:594:0.0059235789951905815,3.479651665206699,3.479647098779493,6.9533751849910015
d:595:0.005922757232978526,3.4796518220430226,3.4796471049306383,6.953376169740682
d:596:0.005961101698956028,3.4796516643085305,3.4796470356585356,6.95333759826811
d:597:0.0059488223808852325,3.479651597087937,3.47964669685366,6.953349471560712
d:598:0.005942990181653229,3.4796513247947267,3.4796462478583816,6.953354582471455
d:599:0.005964710054502831,3.479651862873439,3.4796473218686295,6.953334474687566
d:600:0.005952272548370274,3.4796514143497213,3.479646739258879,6.95334588106023
d:601:0.005960946731772054,3.47965211166027,3.479647528224076,6.953338693152574
d:602:0.005955287266420584,3.4796515276170794,3.479646720378682,6.953342960729341
d:603:0.005913871985940844,3.479651665206699,3.4796471290747117,6.95338492229547
d:604:0.005913439787542885,3.4796520524299215,3.479647525968561,6.95338613861094
d:605:0.00593526321649307,3.4796512978819916,3.4796460191040293,6.953362053769528
d:606:0.005919101035734897,3.4796513040719983,3.479646012660657,6.953378215696921
d:607:0.005877206288266379,3.4796521132008404,3.4796475798993143,6.953422486811888
d:608:0.005904462737987615,3.4796516283853833,3.479647085317467,6.9533942509648625
d:609:0.005867586157849658,3.4796515556833807,3.479646731322809,6.95343070084834
d:610:0.0058704284246999805,3.479652061172077,3.4796475063518546,6.9534291390992315
d:611:0.0058891187272305245,3.479651377584652,3.4796465993290973,6.953408858186519
d:612:0.005843993108877399,3.47965168450904,3.4796469384230146,6.953454629823177
d:613:0.0058112705320994,3.479651550484922,3.479647025142503,6.953487305095326
d:614:0.005855529475585541,3.4796516986311907,3.479646947621772,6.953443116777377
d:615:0.005793081651320975,3.479651539667115,3.4796467358468046,6.953505193862599
d:616:0.005829221540233576,3.479651325710101,3.4796460505186904,6.953468154688558
d:617:0.005861728638032915,3.4796516147238368,3.4796469094044173,6.953436795490221
d:618:0.005826313030505403,3.4796513109001648,3.4796458100223084,6.953470807891968
d:619:0.005835049151944105,3.479651310962927,3.4796462738823415,6.953462535693324
d:620:0.005862967413602149,3.479651369586577,3.479646385607847,6.953434787780822
d:621:0.005795379551690516,3.4796513247947267,3.479645993819137,6.953501939062173
d:622:0.005791097189518979,3.4796519425111914,3.4796471577480705,6.953508003069743
d:623:0.005797903992615261,3.4796514672392505,3.4796464752313856,6.953500038478021
d:624:0.005747303077951571,3.4796517025732268,3.479646842934814,6.953551242430089
d:625:0.0057872232450009164,3.47965182017772,3.4796469866876674,6.9535115836203865
d:626:0.005749648291279996,3.479651678502826,3.479646847270848,6.953548877482394
d:627:0.005757353153962086,3.479651436739765,3.47964651603065,6.953540599616453
d:628:0.005766026596743856,3.4796520689130617,3.479647363200611,6.953533405516929
d:629:0.005788738143838401,3.4796514774998446,3.479646383989314,6.95350912334532
d:630:0.005762083321437572,3.4796514849824955,3.4796465407632784,6.953535942424336
d:631:0.005741977912288476,3.479651607799985,3.479646450253423,6.953556080141119
d:632:0.005768809103569694,3.479651304196592,3.479645791031869,6.953528286124891
d:633:0.005748870523463623,3.479651736350693,3.4796467705816294,6.953549636408859
d:634:0.005757511535088966,3.4796519990456254,3.4796470966467083,6.953541584157245
d:635:0.005760026669092255,3.479652061172077,3.479647183772732,6.953539218275717
d:636:0.0057568940386723,3.4796516224727867,3.479646843895976,6.95354157233009
d:637:0.005756281266512175,3.4796513054694085,3.479646135345371,6.9535411595482675
d:638:0.005758360206359114,3.4796517901107133,3.479646796503383,6.953540226407737
d:639:0.005760164125092615,3.479651619894021,3.4796468683714803,6.953538324140409
d:640:0.005822680151167603,3.479651679015525,3.4796467051107065,6.953475703975064
d:641:0.0057520458576671984,3.479651289989011,3.4796457911728407,6.9535450353041846
d:642:0.005713970203146346,3.47965154504616,3.4796465958955007,6.953584170738514
d:643:0.005715709422828397,3.4796518161103585,3.479646809283812,6.953582915971342
d:644:0.005710703083634527,3.4796514786305472,3.479646503140886,6.953587278687799
d:645:0.005695091291114451,3.4796521004937926,3.4796473677457307,6.953604376948409
d:646:0.005680724134174753,3.4796514774998446,3.479646365048726,6.953617118414396
d:647:0.005681140959920228,3.479651604170373,3.479646355215955,6.953616818426408
d:648:0.005691734581231955,3.4796513247947267,3.4796458240365293,6.953605414250024
d:649:0.005739437409353343,3.479651665206699,3.479646883754091,6.953559111551437
d:650:0.005677798604407869,3.479652080194441,3.479647154336348,6.953621435926381
d:651:0.005650360491324946,3.479651962713662,3.479646964787742,6.953648567010079
d:652:0.005642257743392776,3.4796515137653987,3.4796464544152244,6.95365571043723
d:653:0.005644228912567328,3.479652032095368,3.479646976562842,6.9536547797456425
d:654:0.005650545921142225,3.479652159834293,3.4796471347018176,6.9536487486149685
d:655:0.005660758939921351,3.4796516417028442,3.479646694553276,6.953637577316199
d:656:0.00565868546739523,3.4796513569237035,3.4796456291394513,6.95363830059576
d:657:0.005645984185736808,3.4796515220911335,3.4796461455488537,6.95365168345425
d:658:0.00565277809104181,3.4796512244398343,3.4796457765113473,6.95364422286014
d:659:0.00565671847804694,3.479651910206428,3.4796467210658424,6.9536419127942235
d:660:0.005677140941989123,3.4796522174899494,3.479647207236992,6.953622283784952
d:661:0.005632740693037874,3.479652064260115,3.4796471224900003,6.953666446057078
d:662:0.005672106981410963,3.4796518372736323,3.4796466024213153,6.953626332713537
d:663:0.005593684414245459,3.479652126143556,3.479647048588614,6.953705490317924
d:664:0.00558032610403103,3.4796521523253006,3.4796470144622695,6.953718840683539
d:665:0.005600833306857567,3.4796517435057073,3.4796464902914988,6.9536974004903485
d:666:0.005607503034379846,3.479652146566762,3.4796469213989205,6.953691564931303
d:667:0.0055326422607056,3.479652121494283,3.479646890851697,6.953766370085274
d:668:0.005559553394421712,3.479651701882794,3.4796463805669653,6.953738529055338
d:669:0.005580797600686083,3.4796520944500244,3.479646867341282,6.9537181641906205
d:670:0.005539580720544279,3.479652061172077,3.479646789431502,6.953759269883035
d:671:0.0055328204963274175,3.479651526063238,3.479646297384596,6.953765002951506
d:672:0.005521350835063998,3.479651862873439,3.479646639271005,6.95377715130938
d:673:0.005552794409586781,3.4796517345658007,3.4796466223434894,6.953745562499703
d:674:0.005542174571187886,3.479651369586577,3.4796458190511377,6.953755014066527
d:675:0.0055388639490416836,3.479651660313582,3.47964630440463,6.953759100769171
d:676:0.005522915847148369,3.4796516423576165,3.479646181052507,6.953774907562975
d:677:0.005538866729436265,3.4796521479806195,3.4796469196143196,6.953760200865503
d:678:0.00551772342367407,3.4796522444099836,3.479647170316076,6.953781691302385
d:679:0.005528380066477823,3.479652048811248,3.47964673463564,6.95377040338041
d:680:0.005523409635879162,3.4796512421453407,3.479645627367571,6.953773459877032
d:681:0.0055111790856532394,3.4796513229378068,3.479645759498858,6.953785903351012
d:682:0.005520165399456545,3.4796521042066964,3.4796469955859095,6.953778934393149
d:683:0.005506023246764968,3.4796511542670707,3.479645556088423,6.953790687108729
d:684:0.005510369069211762,3.479652425777658,3.4796472017562134,6.95378925846466
d:685:0.005468742388039516,3.479651701050507,3.479646520075887,6.9538294787383546
d:686:0.005474563873070437,3.479651862873439,3.479646662545102,6.953823961545471
d:687:0.005470456158302994,3.479651599811323,3.4796462965546695,6.953827440207689
d:688:0.0054666163141821045,3.4796520875647072,3.4796467776631577,6.953832248913683
d:689:0.005466140070984338,3.4796520222802165,3.479646691079889,6.953832573289121
d:690:0.005494819585099009,3.479651568379902,3.479645995970163,6.953802744764966
d:691:0.005469814036374032,3.479651679015525,3.479646285857747,6.953828150836898
d:692:0.005456845798690324,3.479651367538965,3.4796457547267394,6.953840276467014
d:693:0.005432486302114015,3.479651665206699,3.4796465012283644,6.9538656801329495
d:694:0.0054318860737971875,3.4796518161103585,3.4796463451620934,6.953866275198655
d:695:0.005465601432868894,3.479652447495452,3.4796471133804854,6.9538339594430685
d:696:0.0054480372072323036,3.4796512421453407,3.4796454179890635,6.953848622927172
d:697:0.005425169912006922,3.4796520553744923,3.4796468561992384,6.953873741661724
d:698:0.005403794082761593,3.479651235224436,3.4796453664690095,6.953892807610684
d:699:0.005443122244592757,3.4796524334817835,3.479646973932857,6.953856285170048
d:700:0.005470386703533947,3.4796517435057073,3.479646078422606,6.953827435224779
d:701:0.00539037543165044,3.47965180421334,3.4796461446590214,6.953907573440711
d:702:0.005415932190953043,3.479652618163403,3.4796469914527552,6.953883677425205
d:703:0.005423676511368214,3.4796514774998446,3.4796456059997407,6.953873406988217
d:704:0.005430698539802492,3.4796523452669597,3.479646971962973,6.95386861869013
d:705:0.005406862816522917,3.479651568379902,3.4796457032467742,6.953890408810153
d:706:0.005395365958397846,3.479651195737869,3.479645366741373,6.953901196520844
d:707:0.005358768391142021,3.479651618877094,3.4796463327081177,6.95393918319407
d:708:0.005421520451637463,3.479651665206699,3.4796463169462832,6.953876461701345
d:709:0.005360798412294088,3.479652630180208,3.4796470047478074,6.9539388365157215
d:710:0.005399300692324971,3.4796512652712597,3.479645398174389,6.953897362753324
d:711:0.005391786053358771,3.4796521034987524,3.4796466730998343,6.953906990545228
d:712:0.005346647123039006,3.479652425777658,3.4796469952955977,6.953952773950217
d:713:0.005313178245357264,3.4796520524299215,3.4796464174691035,6.953985291653668
d:714:0.0053361834304634925,3.479652460049378,3.479646965462633,6.953963242081548
d:715:0.005339153333872915,3.4796520737748136,3.4796466778099546,6.953959598250895
d:716:0.005323189193223499,3.4796513578772235,3.479645363444675,6.953973532128675
d:717:0.0053455022502753025,3.4796527235406014,3.4796470029637767,6.953954224254103
d:718:0.005306799419701136,3.479651687733046,3.479646226880636,6.953991115193981
d:719:0.005368829234939199,3.4796518198968425,3.479646081694826,6.953929072356729
d:720:0.005370423264052349,3.479652425777658,3.479646967271673,6.953928969785279
d:721:0.005338286004258563,3.4796524865722667,3.4796469773951006,6.953961177963109
d:722:0.005311947855091148,3.4796516283853833,3.4796462680807405,6.953985948611033
d:723:0.005302231659493728,3.4796518296112904,3.4796464113653904,6.953996009317187
d:724:0.005285175125569808,3.4796514348083356,3.4796455087448503,6.954011768427616
d:725:0.005271388602521299,3.4796514519703567,3.4796458624869473,6.954025925854783
d:726:0.005280484661895457,3.4796524334817835,3.479646944969639,6.954018893789527
d:727:0.0052424205171259786,3.479652847414588,3.479646852102654,6.954057279000116
d:728:0.005255956486793778,3.4796521033354857,3.4796465817851754,6.954042728633867
d:729:0.005256623469151123,3.479652425777658,3.4796469277234365,6.954042730031944
d:730:0.005234166649721317,3.479651910206428,3.479646346944495,6.954064090501202
d:731:0.005227190380042046,3.4796521004937926,3.479646708602253,6.954071618716004
d:732:0.005244635370088346,3.4796516224727867,3.4796462456504376,6.954053232753136
d:733:0.005185390589753425,3.4796521256475454,3.479646424038707,6.954113159096499
d:734:0.005195302427480897,3.4796517283787463,3.479646071932301,6.954102497883566
d:735:0.005223397634313898,3.479651862873439,3.4796464337243336,6.954074898963459
d:736:0.00520685282827138,3.4796514786305472,3.479645768436839,6.954090394239115
d:737:0.0052070048871737384,3.479651665206699,3.4796461663175293,6.954090826637055
d:738:0.005201697809843253,3.4796513711869306,3.479645338566632,6.9540950119437195
d:739:0.0052090781654889895,3.4796515314641336,3.4796459145423118,6.954088367840956
d:740:0.005199124364686725,3.479652642128851,3.479646882114162,6.954100399878326
d:741:0.0051718771161031185,3.479651342493277,3.4796452412983445,6.954124706675518
d:742:0.0051514504828791274,3.479652053527756,3.4796465046212717,6.954147107666149
d:743:0.005135570927144784,3.4796523708586715,3.4796467290670225,6.954163528998549
d:744:0.005143609543196703,3.4796516224727867,3.4796459872922227,6.954154000221813
d:745:0.005168165498840693,3.47965182017772,3.479646147389005,6.954129802067884
d:746:0.00513872091128853,3.4796512853635626,3.479645077188616,6.95415764164089
d:747:0.005158791878317359,3.4796513711685773,3.4796451383051785,6.954137717595438
d:748:0.005136678516722171,3.479652069559654,3.4796462407079805,6.954161631750912
d:749:0.0051448969669802835,3.4796519924466818,3.4796461174257303,6.954153212905432
d:750:0.005178216286477522,3.4796528575013657,3.4796467485639866,6.954121389778875
d:751:0.005155295811487548,3.479652611765628,3.479646713284989,6.95414402923913
d:752:0.0051251120379340875,3.4796516038062784,3.479645711273152,6.954172203041496
d:753:0.005118225938328891,3.4796514625927752,3.4796451115025384,6.954178348156985
d:754:0.0051388410557979824,3.479651618877094,3.4796459104909694,6.9541586883122655
d:755:0.005097659759663031,3.4796516333080927,3.479645359299248,6.954199332847677
d:756:0.00511205325673636,3.479651665206699,3.4796458464711364,6.954185458421099
d:757:0.005109911142664458,3.479651357723851,3.4796451177909518,6.954186564372138
d:758:0.005114751113142191,3.4796514650801367,3.4796454029205925,6.954182116887587
d:759:0.005084684371125192,3.4796522832304433,3.4796466322214084,6.9542142310807264
d:760:0.005096946302730387,3.479652425777658,3.479646625915759,6.954202105390687
d:761:0.005107759412060986,3.479651701882794,3.47964569684005,6.954189639310783
d:762:0.005100823972687962,3.4796515137653987,3.47964548294844,6.954196172741151
d:763:0.0050527679979399664,3.479652159834293,3.479646163434987,6.95424555527134
d:764:0.005056298195420084,3.4796516931797132,3.479645950813355,6.954241345797648
d:765:0.005080564865796333,3.4796521004937926,3.4796463620428835,6.95421789767088
d:766:0.00505715656780481,3.479651581984198,3.4796458172058173,6.954240242622211
d:767:0.005106969250357807,3.4796520222802165,3.4796461915880545,6.954191244617913
d:768:0.005072682378672866,3.4796515101460166,3.4796451044513432,6.954223932218687
d:769:0.005072234498651795,3.4796515494755997,3.479645159576851,6.954224474553799
d:770:0.00506174253795777,3.4796521132008404,3.4796462054747703,6.954236576137653
d:771:0.0050437813210457705,3.479651771458684,3.4796460505210245,6.954254040658663
d:772:0.005046265251484883,3.4796523194399924,3.479646641295467,6.954252695483975
d:773:0.005042268155124319,3.4796519651082356,3.4796461685883493,6.954255865541461
d:774:0.005020214811429113,3.4796521004937926,3.4796463277425236,6.954278213424887
d:775:0.005040308968066398,3.479651660313582,3.479645656099448,6.954257007444964
d:776:0.0050732013323973035,3.479651701882794,3.4796456925071464,6.954224193057543
d:777:0.005034360234430935,3.479652237958881,3.479646390774006,6.954264268498456
d:778:0.005063562988807391,3.479652149171848,3.4796461096417985,6.954234695824839
d:779:0.005040181197427884,3.4796526260269456,3.4796465857077425,6.95425903053726
d:780:0.0050472168572088805,3.479652080194441,3.4796459449618506,6.954250808299083
d:781:0.005022636832544336,3.4796520864177882,3.479646119278927,6.954275568864171
d:782:0.004999858523472511,3.4796514786305472,3.4796451514887323,6.954296771595807
d:783:0.005016837296473398,3.4796515556833807,3.4796449128718088,6.954279631258716
d:784:0.005001783772335955,3.479651862873439,3.479645842043629,6.954295921144732
d:785:0.005003873253016877,3.4796515314641336,3.4796452631261463,6.954292921337263
d:786:0.004988819031604308,3.4796516417028442,3.4796456320899214,6.954308454761161
d:787:0.004993786561019675,3.4796528160520612,3.4796466270914106,6.954305656582452
d:788:0.005004006425656016,3.4796527954245704,3.479646570148871,6.954295359147785
d:789:0.004995021205333572,3.4796518262945852,3.4796455042543286,6.95430230934358
d:790:0.004993956430212165,3.479651499885424,3.4796449116356225,6.954302455090835
d:791:0.005012448245993895,3.479651722879469,3.479645464966177,6.954284739599652
d:792:0.0049740054186866445,3.4796527235406014,3.4796465010628364,6.954325219184751
d:793:0.00496819074286492,3.479652618163403,3.4796464412125125,6.9543308686330505
d:794:0.004971881689453284,3.4796515137653987,3.47964514911763,6.954324781193575
d:795:0.0049915233800224,3.4796527299885067,3.4796465356723623,6.954307742280847
d:796:0.004970411839909872,3.479651597087937,3.479644903116071,6.954326088364098
d:797:0.004942411159907678,3.4796521709330452,3.479646108646481,6.9543558684196185
d:798:0.004973563596607278,3.4796520792741035,3.4796459583320534,6.95432447400955
d:799:0.004979691622722271,3.47965283089232,3.4796465335854165,6.954319672855014
d:800:0.004976237849509957,3.4796521232116007,3.479646072927814,6.9543219582899045
d:801:0.004955317343849686,3.479652425777658,3.479646396374328,6.954343504808136
d:802:0.0049593238085314795,3.4796516033186915,3.479645231195338,6.954337510705498
d:803:0.004932328501119798,3.4796515220911335,3.479644900524219,6.954364094114233
d:804:0.004944781098560114,3.479651665206699,3.4796455297052695,6.9543524138134085
d:805:0.004949195190745215,3.4796526843075863,3.479646549401826,6.954350038518667
d:806:0.00493366543284246,3.479652703882927,3.4796464793199924,6.954365517770077
d:807:0.004951180762216012,3.4796515972148097,3.4796455804897963,6.95434599694239
d:808:0.0049608394248288334,3.479651570913971,3.4796448761544685,6.9543356076436105
d:809:0.0049558293588454205,3.479651659442357,3.4796452419443398,6.954341072027852
d:810:0.004947061886797499,3.479652425777658,3.4796463169406984,6.954351680831559
d:811:0.004945874676655748,3.4796520625803726,3.479645961407229,6.954352149310946
d:812:0.004919963080675771,3.4796527501003336,3.479646519971988,6.954379306991646
d:813:0.004914608012764887,3.479651962713662,3.4796458308983933,6.954383185599291
d:814:0.004919787090404526,3.4796518849215854,3.4796458035778706,6.954377901409051
d:815:0.004924150848216513,3.4796525721697265,3.4796464132658897,6.9543748345874
d:816:0.004920799527667441,3.479652069559654,3.4796458919179862,6.954377161949973
d:817:0.004943390651929391,3.479652101501788,3.4796459475737898,6.954354658423648
d:818:0.004921411529494435,3.4796528314725155,3.479646447342523,6.954377867285544
d:819:0.004907472549705361,3.479652618163403,3.479646356617085,6.9543915022307825
d:820:0.004927886606051146,3.4796526843075863,3.4796464730186702,6.9543712707202054
d:821:0.004916299890329157,3.4796519498776046,3.4796456409810013,6.954381290968277
d:822:0.004904229151874162,3.479651701050507,3.479645288890392,6.954392760789025
d:823:0.004893494699969025,3.4796521479806195,3.479645763952389,6.9544044172330395
d:824:0.004858966311378055,3.4796516027675537,3.4796446879762275,6.954437324432403
d:825:0.004877286351037569,3.479652864331877,3.4796464017228903,6.95442197970373
d:826:0.004900417276632041,3.479651665206699,3.4796452575687447,6.954396505498812
d:827:0.004831628077431205,3.4796527617376807,3.479646359334703,6.954467492994953
d:828:0.004873106902694602,3.4796526843075863,3.4796463239486766,6.954425901353568
d:829:0.004864642658787943,3.4796517538667295,3.479645057047245,6.954432168255186
d:830:0.0048461939154886835,3.4796526843075863,3.479646301991961,6.954452792384059
d:831:0.004840892369061933,3.4796527622252817,3.4796463474718795,6.954458217328099
d:832:0.004845466031374812,3.4796517025732268,3.4796452421741524,6.954451478716004
d:833:0.004822141257626811,3.4796528911079623,3.4796462505317525,6.954477000382088
d:834:0.004815151049880839,3.4796528901054398,3.4796463824936072,6.954484121549166
d:835:0.0048420524940837595,3.4796519388815774,3.4796454548003855,6.954455341187879
d:836:0.004821285136962672,3.479651436739765,3.479644627344319,6.954474778947121
d:837:0.004852590110456134,3.479651660313582,3.4796448961681854,6.954443966371311
d:838:0.00483327756670171,3.479652144119086,3.479645713529564,6.9544645800819485
d:839:0.004827005205306989,3.479651667352842,3.479645245922697,6.954469908070232
d:840:0.004845527577916897,3.479651862873439,3.4796453751343837,6.954451710429906
d:841:0.004816723843116932,3.4796527501003336,3.4796461950995266,6.954482221356743
d:842:0.0048064273577637096,3.479652106225844,3.4796457313915123,6.9544914102595925
d:843:0.004818402719596548,3.4796521267151466,3.4796456652193033,6.954479389214853
d:844:0.0047935304184765215,3.4796529015007334,3.479646211302539,6.954505582384796
d:845:0.0047842390923324984,3.4796524684768126,3.479645954442269,6.954514183826749
d:846:0.004804696507912709,3.479652618163403,3.479646126581459,6.954494048236949
d:847:0.004789075532261933,3.479651428159789,3.4796446290139453,6.954506981641472
d:848:0.004795626754688698,3.4796528256756467,3.4796461905414073,6.954503389462365
d:849:0.004800222303984469,3.479652862957291,3.4796462520208156,6.954498892674122
d:850:0.004815704232065343,3.4796515314641336,3.4796447105177215,6.95448053774979
d:851:0.0047829955869715945,3.4796527996854163,3.479646252956723,6.954516057055168
d:852:0.0048054142789411,3.4796528575013657,3.4796462002160258,6.95449364343845
d:853:0.0047720780217765935,3.4796514304600734,3.4796446162422274,6.954523968680524
d:854:0.004782825136233626,3.479652618163403,3.47964612789157,6.954515920918739
d:855:0.0047996711781941315,3.479652425777658,3.479645919415475,6.954498674014939
d:856:0.0047899247517548815,3.479652814003801,3.4796463158173587,6.954509205069405
d:857:0.00477295378844822,3.4796521750649383,3.4796456227361396,6.95452484401263
d:858:0.004770876948681391,3.479651795818203,3.4796453294313494,6.954526248300871
d:859:0.004773495053562726,3.4796520864177882,3.4796456840570507,6.954524275421276
d:860:0.004764744289699863,3.4796530987932766,3.4796464163751484,6.954534770878725
d:861:0.0048012093465708006,3.4796526843075863,3.4796461367952514,6.954497611756267
d:862:0.00476190567017909,3.4796529211081086,3.4796461374499987,6.954537152887928
d:863:0.004734313319399774,3.479652032095368,3.4796452628469243,6.954562981622892
d:864:0.004758748267159163,3.4796515194473887,3.4796444373080657,6.954537208488295
d:865:0.004747643899307263,3.479651677623716,3.479644635749768,6.9545486694741765
d:866:0.004741483061605933,3.4796520809185,3.4796454534376355,6.95455605129453
d:867:0.0047263835913469165,3.47965168450904,3.4796446211192027,6.954569922036896
d:868:0.00471594566791822,3.4796515244365196,3.479644454988094,6.954580033756695
d:869:0.004736265133139739,3.4796519990456254,3.479645143702994,6.95456087761548
d:870:0.004735527053924216,3.479652864331877,3.4796459940107756,6.954563331288728
d:871:0.004708163084229611,3.479652868780045,3.479646007234516,6.954590712930331
d:872:0.004725644074303759,3.479652893473899,3.4796459858876805,6.954573235287276
d:873:0.004720376912208835,3.479652048811248,3.479645230756848,6.954576902655887
d:874:0.004722404146979997,3.4796515926563103,3.479644434766607,6.954573623275937
d:875:0.0047865273900686844,3.4796517435057073,3.4796446495283178,6.954509865643956
d:876:0.0047168527386816095,3.4796521042738533,3.47964545018978,6.954580701724952
d:877:0.004724470592869068,3.479651659442357,3.4796444760711545,6.954571664920643
d:878:0.004729428407268088,3.479653155417086,3.4796461563018397,6.954569883311658
d:879:0.004718707954426193,3.4796517378477922,3.479644946281697,6.954577976175063
d:880:0.004740865126509064,3.479652709488022,3.47964600330182,6.954557847663333
d:881:0.004690175558621945,3.4796523194399924,3.479645479586898,6.954607623468268
d:882:0.004713813509960474,3.479652618163403,3.479645731560492,6.954584536213934
d:883:0.0047147146960409,3.479653039459487,3.4796463248970824,6.954584649660529
d:884:0.004676294595837405,3.4796527513586533,3.4796458594342177,6.9546223161970335
d:885:0.0047135941885319,3.4796524798382134,3.4796456538325913,6.954584539482273
d:886:0.004655018892028906,3.4796528614901217,3.4796460066026906,6.954643849200783
d:887:0.004663520371389396,3.4796520189037157,3.479645098011135,6.954633596543461
d:888:0.0046620267079884314,3.4796517264822135,3.4796445268041936,6.954634226578419
d:889:0.004658720629098667,3.4796515748291803,3.4796447701323974,6.954637624332479
d:890:0.004652682888636406,3.479652425777658,3.479645525136945,6.954645268025967
d:891:0.004650416314039063,3.479651665206699,3.4796447167524978,6.954645965645158
d:892:0.004675088262693805,3.479651679015525,3.4796443734893394,6.954620964242171
d:893:0.0046494608381770774,3.4796519222232085,3.4796450976269835,6.954647559012015
d:894:0.0046423541699667226,3.4796527439186935,3.4796460107131413,6.954656400461868
d:895:0.004652651025393695,3.4796522815339035,3.479645511628515,6.954645142137025
d:896:0.004682664589694241,3.4796523452669597,3.4796454551194937,6.954615135796759
d:897:0.004630814991557486,3.479652895635624,3.4796460311642523,6.954668111808319
d:898:0.004641494438653027,3.4796521231591573,3.479645289050982,6.954655917771486
d:899:0.0046496240450544235,3.4796517345658007,3.4796449301408234,6.95464704066157
d:900:0.00465657544961573,3.479652080194441,3.479645130069695,6.95464063481452
d:901:0.004641589393630241,3.4796527299885067,3.4796459811394094,6.954657121734286
d:902:0.004634598354838815,3.479652152133884,3.4796452804212006,6.954662834200246
d:903:0.004608174581466784,3.479651962713662,3.479645102256651,6.954688890388846
d:904:0.004592812009766689,3.4796522444099836,3.47964546008771,6.954704892487927
d:905:0.00460656507760504,3.47965297850099,3.479646127850076,6.954692541273461
d:906:0.0046025077225788635,3.479652835517511,3.479645828382303,6.954696156177235
d:907:0.004588094348536131,3.4796527634861807,3.479645763009323,6.9547104321469675
d:908:0.004597798796725172,3.4796530547633058,3.479645926052692,6.954701182019273
d:909:0.004599412592336094,3.4796520553478203,3.479645185828728,6.954697828584212
d:910:0.004608990460710061,3.479651618877094,3.4796445339953035,6.9546871624116875
d:911:0.004582336620693184,3.479651773926417,3.479644686906237,6.954714124211961
d:912:0.00460436358067895,3.479652425777658,3.4796452581423623,6.9546933203393415
d:913:0.004595971482377337,3.479651675020575,3.479644192521306,6.954699896059504
d:914:0.0045984897209905284,3.4796529538874914,3.47964588584394,6.954700350010441
d:915:0.004634737393375943,3.479653138036767,3.479646122884022,6.954664523527413
d:916:0.00458363708508891,3.4796520524299215,3.4796449212969556,6.954713336641788
d:917:0.004618467217500921,3.4796529109901577,3.4796459101947956,6.954680353967452
d:918:0.0046280470915860406,3.479652814003801,3.479645839161398,6.954670606073613
d:919:0.004599294432432899,3.479652954749602,3.4796456993353235,6.954699359652492
d:920:0.004605593181274514,3.4796517497964174,3.4796445886200313,6.954690745235174
d:921:0.004576016012231676,3.4796529069187567,3.4796458447899337,6.954722735696459
d:922:0.0045915500333411075,3.4796527674782247,3.4796456998448484,6.954706917289732
d:923:0.00457900388463095,3.479652861328546,3.4796458580495138,6.954719715493429
d:924:0.004572335973312747,3.479651665206699,3.4796444181024846,6.954723747335871
d:925:0.004561148304084384,3.479652874539795,3.4796457925969566,6.954737518832667
d:926:0.00456629608009429,3.4796528575013657,3.4796456156077387,6.95473217702901
d:927:0.0045823124477326616,3.4796528472324617,3.4796458142973297,6.954716349082059
d:928:0.00459398657653054,3.4796517901107133,3.4796441763394483,6.954701979873631
d:929:0.00461329414021705,3.479652768623062,3.4796457614021605,6.954685235885005
d:930:0.00459196028853448,3.479652642128851,3.479645323573436,6.954706005413753
d:931:0.00458171813697561,3.4796528279491383,3.479645717286001,6.954716827098164
d:932:0.004598526148592796,3.479653233358592,3.4796459557848856,6.954700662994885
d:933:0.004565401767758104,3.4796527550091714,3.4796454599430486,6.954732813184462
d:934:0.004587027544376454,3.479652144119086,3.4796451776330457,6.954710294207755
d:935:0.004612392940931187,3.4796524102354507,3.4796452563187756,6.954685273613295
d:936:0.004602526348621794,3.4796528901054398,3.4796458175712317,6.95469618132805
d:937:0.004595566372316284,3.479652106225844,3.479644961999922,6.9547015018534495
d:938:0.004611314704996872,3.479651665206699,3.479644341650058,6.95468469215176
d:939:0.00459927220930112,3.479651678502826,3.4796444229158254,6.95469682920935
d:940:0.004571185963609281,3.4796522626892337,3.4796452456414464,6.954726322367071
d:941:0.0045841898747500665,3.4796531912368884,3.4796460917738887,6.954715093136027
d:942:0.0045423387917349345,3.4796527681354608,3.47964575617193,6.954756185515656
d:943:0.004536104809776731,3.4796526843075863,3.4796456965550817,6.954762276052891
d:944:0.004577982289150739,3.4796530231629728,3.479645876931537,6.954720917805359
d:945:0.004525646635739733,3.4796521034987524,3.4796449071210205,6.954771363984033
d:946:0.004526721086223873,3.4796532860278315,3.479646002254036,6.9547725671956435
d:947:0.004554709213799413,3.479653170453483,3.479645983079667,6.954744444319351
d:948:0.004560059108301928,3.4796517836208185,3.47964407136552,6.954735795878037
d:949:0.004534182552566435,3.47965237332585,3.4796450720592595,6.954763262832543
d:950:0.0045881524060877865,3.4796517435057073,3.4796439755303155,6.954707566629935
d:951:0.00455959684857099,3.479653138036767,3.479645806780974,6.95473934796917
d:952:0.0045454370161834845,3.4796532527586646,3.479645769477031,6.954753585219512
d:953:0.0045557042882293786,3.479652085056184,3.479644616913193,6.954740997681148
d:954:0.004555355447495302,3.479653028631798,3.4796456219031704,6.954743295087473
d:955:0.00459135940072386,3.479652761497684,3.4796451669243176,6.954706569021278
d:956:0.0045569498556741195,3.4796527235406014,3.4796451129327757,6.954740886617703
d:957:0.0045340562642604,3.479652864331877,3.479645597483323,6.954764405550939
d:958:0.004519959400163032,3.479651773926417,3.4796442362306355,6.954776050756889
d:959:0.004524618085445908,3.4796529109901577,3.4796455370862276,6.954773829990939
d:960:0.004520270809280191,3.4796528654279264,3.479645625765487,6.954778220384133
d:961:0.004516704440082009,3.4796531106225714,3.479645607393186,6.9547820135756755
d:962:0.0045003425530065755,3.479651618877094,3.47964414107439,6.954795417398477
d:963:0.0044975085984066965,3.479652814003801,3.479645563550262,6.954800868955656
d:964:0.00450187831188309,3.479652394980951,3.4796450806435786,6.954795597312646
d:965:0.004486764989582781,3.4796523194399924,3.4796450674940953,6.954810621944505
d:966:0.004476095399853719,3.4796526843075863,3.479645459184235,6.954822048091968
d:967:0.0044838525865813494,3.4796535726512907,3.479646051031411,6.95481577109612
d:968:0.004504287029307719,3.479652900163284,3.4796455855164723,6.954794198650449
d:969:0.004492720876170253,3.479652835517511,3.4796452230909356,6.954805337732276
d:970:0.004506426488054771,3.4796527188727815,3.47964550445497,6.954791796839697
d:971:0.004506248395447443,3.4796532314148507,3.479645914541033,6.954792897560436
d:972:0.004500270263955386,3.479652425777658,3.479645049381727,6.95479720489543
d:973:0.0044642165855339755,3.479651771901967,3.4796442193886516,6.9548317747050845
d:974:0.004467502546232183,3.4796516851971226,3.479643946099957,6.954828128750847
d:975:0.004488068847305016,3.479652080194441,3.479644584530357,6.954808595877493
d:976:0.0045005089574754464,3.479652675558148,3.4796454420169614,6.954797608617634
d:977:0.004499071270718247,3.479651877766557,3.4796443324592836,6.954797138955122
d:978:0.004459589146721399,3.479653378067102,3.479645782653515,6.9548395715738955
d:979:0.004486941283683876,3.479653378067102,3.4796457777001315,6.95481221448355
d:980:0.004482619520940645,3.479651862873439,3.4796442844859605,6.954813527838459
d:981:0.004456668474302816,3.4796526598553523,3.4796453835758854,6.954841374956935
d:982:0.004477422977783974,3.479652068688436,3.479644526544023,6.954819172254675
d:983:0.004442415441371139,3.4796536697487674,3.479646116329153,6.9548573706365495
d:984:0.00442743263283063,3.4796516224727867,3.479643958025859,6.954868147865815
d:985:0.004438837706135956,3.479652174928024,3.4796448546225722,6.95485819184446
d:986:0.004442856715568766,3.4796530482089416,3.479645527831174,6.954855719324547
d:987:0.004441871393828123,3.479652618163403,3.479645077389181,6.954855824158756
d:988:0.0044425788116484455,3.4796521412443155,3.479644781881994,6.954854344314661
d:989:0.0044269336143294424,3.479652420050636,3.479645022161039,6.954870508597345
d:990:0.004416542167732018,3.479652864331877,3.4796455978999212,6.954881920064066
d:991:0.004418164206573039,3.4796518414903588,3.479644223089844,6.95487790037363
d:992:0.004404579135965037,3.4796531784563083,3.4796456384450565,6.9548942377654
d:993:0.0043756459240160694,3.4796529946523638,3.479645519245345,6.954922867973693
d:994:0.004377121391991423,3.479653155417086,3.4796454653881383,6.954921499413233
d:995:0.0043964023598572766,3.4796516235236368,3.4796438588429695,6.954899080006749
d:996:0.004375934554637695,3.4796526843075863,3.479645225727497,6.954921975480445
d:997:0.004378555628607117,3.4796521015284636,3.479644420767624,6.95491796666748
d:998:0.004395114883234186,3.479651841463687,3.479644003208996,6.954900729789449
d:999:0.004392010108832167,3.479652146566762,3.4796443448924315,6.954904481350361
d:1000:0.0043926888651366625,3.4796528575013657,3.4796449344502225,6.9549051030864515
d:1001:0.004379649510051209,3.4796535700959215,3.479645749619955,6.954919670205825
d:1002:0.004361009136763627,3.479652868083786,3.4796453258501163,6.954937184797139
d:1003:0.004381399974104028,3.47965283089232,3.4796449700421004,6.954916400960316
d:1004:0.004382844031296074,3.479652814003801,3.479645208614942,6.954915178587447
d:1005:0.004382445465559215,3.479653269905743,3.479645576526517,6.954916400966701
d:1006:0.004335199978051207,3.4796521709330452,3.4796445056666556,6.95496147662165
d:1007:0.0043552998819240685,3.4796535667411224,3.4796456392495436,6.954943906108742
d:1008:0.004343308599734641,3.4796531784563083,3.4796453731634713,6.954955243020045
d:1009:0.0043443856069131925,3.479653211674213,3.4796454781468675,6.9549543042141675
d:1010:0.004355634715206946,3.479651618877094,3.4796437136531093,6.954939697814996
d:1011:0.004333911521122502,3.479652835517511,3.4796448164921863,6.954963740488575
d:1012:0.0043431761782350975,3.4796517497964174,3.4796437322143987,6.954952305832581
d:1013:0.004331043266134316,3.479653369639596,3.4796454262546277,6.9549677526280895
d:1014:0.004346261641595461,3.4796533311614617,3.4796456895879952,6.9549527591078615
d:1015:0.004345323709646465,3.479651618877094,3.4796437027468645,6.954949997914312
d:1016:0.004340911850349016,3.479652673628305,3.4796447739407768,6.954956535718733
d:1017:0.004339496991871528,3.4796536672146186,3.4796457567078374,6.954959926930584
d:1018:0.004389525506919512,3.479652967973532,3.479645354103482,6.954908796570095
d:1019:0.004376926997180064,3.4796529370486144,3.479645352239981,6.954921362291415
d:1020:0.004366721903473092,3.479653138036767,3.4796452848954207,6.954931701028714
d:1021:0.0043379100755398525,3.4796516902855164,3.4796437001778564,6.954957480387833
d:1022:0.004322938287209865,3.479652783206948,3.4796451517366247,6.954974996656363
d:1023:0.004325250911037415,3.4796521042066964,3.479644261621049,6.954971114916708
d:1024:0.004334527296496304,3.4796517501828585,3.4796437250271666,6.954960947913529
d:1025:0.004336636846698383,3.479651910206428,3.479643948332166,6.954959221691896
d:1026:0.0043486313792726605,3.479652425777658,3.4796446356593638,6.954948430057749
d:1027:0.004333597158083791,3.479653137328281,3.479645239616035,6.954964779786232
d:1028:0.004313475565920655,3.479652420050636,3.4796446516764696,6.954983596161185
d:1029:0.004337584967423425,3.479651862873439,3.4796438438721484,6.954958121778164
d:1030:0.004314528077088653,3.479651705516135,3.4796436376580857,6.954980815097132
d:1031:0.004314634561751518,3.4796521613748546,3.4796441342475717,6.954981661060675
d:1032:0.004290011689455753,3.479652685704714,3.479644805032523,6.955007479047781
d:1033:0.0042744354971340215,3.4796537405667447,3.4796457012199546,6.955025006289565
d:1034:0.004294583168841015,3.479653086262884,3.4796451358987355,6.955003638992778
d:1035:0.004313780037039194,3.4796526843075863,3.479644759924023,6.95498366419457
d:1036:0.004287064994983325,3.479652783206948,3.4796448540259615,6.955010572237926
d:1037:0.004289652361309848,3.479653138036767,3.4796449791793833,6.95500846485484
d:1038:0.004298416298263774,3.479651952771807,3.4796436873605163,6.954997223834059
d:1039:0.004293020070651465,3.479652922249686,3.479645134808724,6.9550050369877585
d:1040:0.00429155130236758,3.4796527513586533,3.479644529827148,6.955005729883434
d:1041:0.004284006139648966,3.4796523501287133,3.479644375908963,6.955012719898027
d:1042:0.004281681422876105,3.4796527235406014,3.4796446014030753,6.955015643520801
d:1043:0.004278379617248973,3.479653086963978,3.4796451420694954,6.9550198494162245
d:1044:0.004274502501653288,3.4796518418618767,3.4796434823504594,6.955020821710683
d:1045:0.004263026588697372,3.4796530300655917,3.4796451432069944,6.955035146683889
d:1046:0.004272109939703839,3.47965283089232,3.4796445717311233,6.9550252926837395
d:1047:0.004289262645039926,3.4796527501003336,3.4796445238402463,6.95500801129554
d:1048:0.004255518262240798,3.4796528417331576,3.479644833778119,6.955042157249036
d:1049:0.004250050883682022,3.479653373269244,3.4796453477683613,6.955048670153923
d:1050:0.004255789007341804,3.4796522641783376,3.479644217174588,6.955040692345584
