data: dataset/hutter-text/text8
d:1:0.47653246893286827,2.858211266318799,2.8582112568641627,5.239890054250093
d:2:0.16377044973842736,2.858211250926052,2.858211258253913,5.552652059441538
d:3:0.07115512617858322,2.858211267988988,2.858211270530491,5.645267412340896
d:4:0.03071482074834364,2.858211267988988,2.8582112592636015,5.685707706504246
d:5:0.018569326492990257,2.8582112505846116,2.858211251978039,5.6978531760696605
d:6:0.011044565125061467,2.858211223549402,2.8582112600496803,5.705377918474021
d:7:0.006403046076849606,2.8582112222421863,2.8582112442939636,5.7100194204593
d:8:0.004243228954713629,2.8582112518981564,2.8582112481757562,5.712179271119199
d:9:0.0028118382705155653,2.858211223549402,2.85821124910961,5.7136106343884965
d:10:0.00262083573197458,2.858211223549402,2.85821124910961,5.7138016369270375
d:11:0.0015024031612274058,2.858211233769664,2.8582112612805393,5.714920091888976
d:12:0.0011438696678247595,2.8582112440537113,2.858211262549453,5.71527863693534
d:13:0.0008340471900911695,2.8582112808746594,2.858211218109867,5.715588451794435
d:14:0.0006489963808213872,2.8582112440537113,2.858211234228648,5.715773481901538
d:15:0.0005974491815372573,2.8582112822065575,2.8582112081592133,5.7158250411842335
d:16:0.0003582762571330278,2.8582112440537113,2.8582112414527483,5.716064209249327
d:17:0.0003226372892228824,2.8582112844379264,2.8582112314642387,5.716099878612942
d:18:0.00024822596160944954,2.8582112653233676,2.858211212867145,5.716174252228903
d:19:0.00021986364530590663,2.8582112980004997,2.858211250434401,5.716202684789595
d:20:0.00023634576621311965,2.858211263811718,2.8582112439161254,5.71618616196163
d:21:0.0001672925835993766,2.858211304197834,2.8582112433822573,5.716255254996492
d:22:0.00015906108247243367,2.8582112857451456,2.858211234509181,5.716263459171854
d:23:0.0001516503002250147,2.8582112822065575,2.8582112510202187,5.716270882926551
d:24:0.00015537618222261074,2.8582113177585065,2.8582112550134884,5.716267196589772
d:25:0.00015946140934808284,2.8582112822065575,2.858211267823936,5.716263088621146
d:26:0.00014043911737360304,2.8582113163800713,2.858211304111034,5.716282181373732
d:27:0.00013765064357151857,2.8582113323734823,2.8582112876499775,5.716284969379888
d:28:0.00013211969669235657,2.8582113242689378,2.8582112753946234,5.716290479966869
d:29:0.0001302252371591095,2.858211282417944,2.858211313146203,5.716292370326988
d:30:0.00013740492452463116,2.8582113177585065,2.8582112445572694,5.716285157391251
d:31:0.00012751223812834667,2.858211330466265,2.8582112732302285,5.716295091458365
d:32:0.00012715714161970482,2.858211283048183,2.8582112886319884,5.716295414538552
d:33:0.00012608820369131024,2.8582112857451456,2.8582112886383158,5.71629648617977
d:34:0.00012265619585960508,2.8582113105054887,2.858211277238844,5.716299931548473
d:35:0.00013022467438261742,2.858211263316276,2.8582113005813596,5.716292339223253
d:36:0.00012044533988486705,2.858211252450662,2.8582112845267336,5.716302091637511
d:37:0.00012033520676446585,2.8582112462533313,2.858211293525253,5.71630220457182
d:38:0.00011909315484714966,2.858211268538975,2.8582113067666466,5.716303482150774
d:39:0.00011633215213358028,2.858211274002201,2.8582112958381263,5.716306237688194
d:40:0.00012304261887940982,2.8582113177585065,2.8582112812822498,5.716299556421877
d:41:0.00011144637561777415,2.858211265753255,2.858211259023477,5.716311078401114
d:42:0.00011507151305423235,2.858211267060474,2.8582112603306964,5.716307455878116
d:43:0.00011699853528668314,2.8582112678048723,2.85821127079503,5.716305540064615
d:44:0.00011853069806555538,2.8582112831576545,2.858211249000009,5.716304001459598
d:45:0.00012347209313290364,2.858211276960324,2.858211240686966,5.716299045554157
d:46:0.00012175148759574483,2.8582113163800713,2.858211278929227,5.716300843821703
d:47:0.00012018616731879206,2.858211268538975,2.8582113131907043,5.71630239556236
d:48:0.0001236886945132909,2.858211252450662,2.858211261619653,5.716298825375802
d:49:0.00012360493689023144,2.858211263316276,2.8582112678169906,5.716298926196377
d:50:0.00012810992115674935,2.8582113105054887,2.8582112721643274,5.716294472748659
d:51:0.00012622719186694553,2.8582112576538723,2.8582112716304575,5.716296302092463
d:52:0.00012877316234494174,2.858211289969926,2.858211345367856,5.716293862175437
d:53:0.00012843473829704521,2.858211249193122,2.8582113030933645,5.716294117548189
d:54:0.00013047671347088396,2.858211289969926,2.8582113502071564,5.716292163463612
d:55:0.00013106563126363824,2.858211289969926,2.8582113496071564,5.716291573945819
d:56:0.00012812494962766152,2.8582112580746344,2.85821126458427,5.716294397709277
d:57:0.00013262649567913343,2.85821128530932,2.858211296845596,5.716289955659237
d:58:0.00013118264305767013,2.85821128530932,2.85821130421043,5.716291406876692
d:59:0.00013314622911764218,2.858211268538975,2.8582112753220006,5.716289397631858
d:60:0.00013479609036437523,2.858211289969926,2.858211356613957,5.716287850493519
d:61:0.0001338749804222772,2.858211249193122,2.8582112843200562,5.716288658532756
d:62:0.00013949328463525035,2.8582112600524123,2.8582112812218057,5.716283047989583
d:63:0.00013842883459780353,2.858211289969926,2.85821133860534,5.716284199740668
d:64:0.00013859632347923423,2.858211252450662,2.8582112743661927,5.7162839304933755
d:65:0.00014332585166165757,2.858211289969926,2.8582113169135592,5.716279281031824
d:66:0.0001371359823316709,2.858211289969926,2.8582113004554497,5.716285454443044
d:67:0.000141519735048945,2.8582112830648896,2.8582112906929336,5.716281054022774
d:68:0.00013746395900327002,2.8582112633068757,2.8582112596680087,5.716285059015881
d:69:0.00014110669707534385,2.8582112970798654,2.858211273140089,5.716281463522879
d:70:0.00013914842696038932,2.858211289969926,2.8582112582259835,5.716283399768949
d:71:0.00013747297913901946,2.8582113171186254,2.8582113041360238,5.71628514827551
d:72:0.00014323282252881597,2.8582113406807714,2.8582112335160836,5.716279341374326
d:73:0.00013763328870020075,2.858211268538975,2.8582112582497867,5.716284893500061
d:74:0.00013382290610763903,2.858211289969926,2.858211268759227,5.716288735823046
d:75:0.00013525182466089802,2.858211289969926,2.8582112613943877,5.716287299539653
d:76:0.00013293738052766457,2.85821128530932,2.8582112785993257,5.716289626528118
d:77:0.00013169171358207166,2.858211289969926,2.8582112670254443,5.716290865281788
d:78:0.00012719816336392853,2.858211289969926,2.8582112601827525,5.716295351989315
d:79:0.00012769895579367585,2.8582113675317675,2.8582112660831687,5.7162949346591425
d:80:0.0001289958786454548,2.858211257501795,2.858211245225574,5.716293506848723
d:81:0.00012883943302099965,2.8582113535750597,2.8582112601236993,5.716293774265738
d:82:0.00012700930240860941,2.858211290824743,2.858211228184917,5.716295509707251
d:83:0.00012538959011898498,2.8582112987056405,2.8582112725104665,5.716297181625988
d:84:0.00012701513437107792,2.858211289969926,2.858211222206565,5.71629549704212
d:85:0.0001281968953694701,2.858211345144925,2.858211290069397,5.716294438318952
d:86:0.00012341856812447816,2.858211357867276,2.858211241911137,5.716299181210289
d:87:0.00012436487995337586,2.85821128530932,2.8582112556674524,5.716298176096819
d:88:0.00012181444419745446,2.858211372438401,2.858211267484201,5.716300825478404
d:89:0.0001265748359369212,2.8582113389475925,2.858211316100064,5.71629608021172
d:90:0.00012214688297085274,2.858211289969926,2.858211210572817,5.716300353659772
d:91:0.00011936259216760448,2.858211289969926,2.858211201980028,5.716303129357787
d:92:0.00011675791589382811,2.8582113566661445,2.858211290660412,5.716305889410663
d:93:0.00011317215250095103,2.8582113652484864,2.858211224540822,5.716309417636808
d:94:0.0001162974215134227,2.858211359051147,2.858211225975234,5.716306287604867
d:95:0.00011837936425251883,2.8582113598108485,2.8582112357037914,5.716304216150387
d:96:0.00011542676665854401,2.8582113253409407,2.858211212583875,5.716307111158157
d:97:0.00011223953612038429,2.858211366684836,2.858211192504795,5.716310319653511
d:98:0.00010929631731571021,2.8582112853156403,2.8582112024873663,5.716313191485691
d:99:0.00011242080491236095,2.858211289969926,2.8582112266596855,5.716310095824699
d:100:0.00011130448634233403,2.858211289969926,2.8582112113299107,5.7163111968134945
d:101:0.00010642631033519478,2.8582113021427578,2.8582112283928733,5.716316104225296
d:102:0.00010618795222150368,2.8582113055911353,2.8582112169933964,5.71631633463231
d:103:0.00010366785649473798,2.8582113933618043,2.8582112108242868,5.716318936329596
d:104:0.00010241636227981132,2.858211350256866,2.8582112835749243,5.7163202174695105
d:105:0.00010689954241271948,2.8582113783045386,2.8582112445996426,5.7163157233617685
d:106:0.00010474446079555833,2.858211338037222,2.858211228735282,5.716317822311709
d:107:0.00010256710152845017,2.8582113535750597,2.858211282046433,5.716320068519964
d:108:0.0001039729805292211,2.8582113806493794,2.858211237830579,5.716318645499429
d:109:0.0001018258322247334,2.858211338037222,2.8582112218925833,5.716320734097581
d:110:0.00010230740897831936,2.85821138238256,2.8582112480508606,5.716320323024442
d:111:9.932873590123847e-05,2.8582113842897705,2.858211249356188,5.716323304910057
d:112:9.662725813086581e-05,2.85821133653128,2.858211192580571,5.71632590185372
d:113:0.00010062785733211399,2.8582113851452053,2.8582112288967743,5.7163219861846475
d:114:0.00010004909439054188,2.8582114007903527,2.858211246609068,5.71632259830503
d:115:0.00010057147686026724,2.8582113566661445,2.858211239042163,5.716322024231447
d:116:9.49912621468485e-05,2.8582113898751196,2.8582112483422613,5.716327646955234
d:117:9.876235511896425e-05,2.858211410137617,2.8582112638685455,5.716323911651044
d:118:9.62533306516633e-05,2.8582113850342523,2.8582112486349303,5.716326380338531
d:119:9.940196211211116e-05,2.858211345144925,2.8582112255393106,5.716323168722123
d:120:9.894675926780394e-05,2.8582113253409407,2.858211286679106,5.716323665260779
d:121:9.64403313687967e-05,2.8582113481174396,2.8582112492080647,5.7163261569941355
d:122:9.986019779439914e-05,2.8582113534536067,2.858211208823773,5.7163227020795855
d:123:9.619402671035004e-05,2.8582113547589305,2.8582112081784157,5.716326368910636
d:124:9.727749148424891e-05,2.858211379166855,2.8582112197130574,5.716325321388428
d:125:9.748041919976913e-05,2.8582113316246396,2.8582112259793604,5.7163250771848
d:126:9.964624473823847e-05,2.8582114007903527,2.8582112600949277,5.716323014640542
d:127:9.7785715766463e-05,2.858211379166855,2.8582112452625967,5.716324838713685
d:128:9.591812900033858e-05,2.85821133653128,2.858211214371032,5.7163266327733115
d:129:9.548917995871875e-05,2.8582113905414026,2.8582112617206725,5.716327163082116
d:130:9.853560336914313e-05,2.858211380321128,2.8582112447355534,5.7163240894533125
d:131:9.575736449995986e-05,2.858211391848622,2.858211247116495,5.716326881600617
d:132:9.435527845980118e-05,2.8582113905414026,2.8582112368508703,5.716328272113813
d:133:9.483933614617968e-05,2.8582114007903527,2.858211243960822,5.716327805415029
d:134:9.79935592475556e-05,2.858211408757347,2.858211232558382,5.7163246477564815
d:135:9.8669910597593e-05,2.8582113982500914,2.858211240853157,5.716323969192651
d:136:9.665424142291101e-05,2.858211350256866,2.8582112058024762,5.716325901817919
d:137:9.82956015729286e-05,2.8582113534536067,2.858211229478556,5.71632428733059
d:138:9.797142012146765e-05,2.8582113905414026,2.8582112616294655,5.716324680750747
d:139:9.969060614523073e-05,2.858211379595245,2.8582112099480597,5.716322898937159
d:140:9.850385219323243e-05,2.8582114150233338,2.8582112583329753,5.716324169504116
d:141:0.00010092884624768317,2.8582114164318515,2.8582112873888903,5.716321774974494
d:142:0.00010065592135788393,2.8582113850342523,2.8582112763116108,5.716322005424505
d:143:0.00010131554728332048,2.8582114196487485,2.858211261973379,5.716321366074844
d:144:0.00010327793345155101,2.8582113806493794,2.85821123531972,5.716319338035648
d:145:0.00010424774387018942,2.8582113607843276,2.858211264430249,5.7163183774707065
d:146:0.000101202179966009,2.858211398537069,2.85821125217368,5.716321448530783
d:147:0.00010188907687513904,2.858211339419105,2.858211229078055,5.716320679420285
d:148:0.0001010292488654585,2.858211399001199,2.8582112743490313,5.716321644101365
d:149:0.00010349049599156501,2.85821143281615,2.858211351910965,5.716319294231123
d:150:0.0001059603793898134,2.858211404409209,2.8582112779290867,5.716316721958906
d:151:0.00010414225122445941,2.858211404409209,2.858211275189353,5.7163185373473375
d:152:9.940088995463725e-05,2.858211424018954,2.8582112580188976,5.716323281147897
d:153:0.0001032111773913158,2.8582113891371996,2.858211279606092,5.7163194575659
d:154:0.00010234665583297442,2.8582113976578487,2.8582112658921037,5.7163203168941195
d:155:0.00010206144319369059,2.858211379166855,2.858211308295706,5.7163206260193675
d:156:9.92850313750182e-05,2.8582114078781267,2.858211273996673,5.716323396843425
d:157:9.894772329133161e-05,2.8582114178216074,2.8582112820870336,5.71632375218535
d:158:9.790831224343322e-05,2.858211398537069,2.8582112701564117,5.716324760381237
d:159:9.722835823566811e-05,2.85821143281615,2.858211333589617,5.716325538047531
d:160:0.00010085942231441436,2.8582113253409407,2.8582112401460886,5.716321706064715
d:161:9.641590952469414e-05,2.858211339419105,2.8582112464845792,5.71632616999416
d:162:9.838238640647035e-05,2.8582114107801075,2.8582113510410103,5.716324379434711
d:163:9.475968267658175e-05,2.858211411425458,2.858211343258649,5.71632799500143
d:164:9.763318717581626e-05,2.8582113837478005,2.858211243252642,5.7163249938132665
d:165:9.598453609527269e-05,2.8582114086261807,2.8582113000346414,5.716326724124727
d:166:9.401121122465383e-05,2.8582113953345516,2.858211297911046,5.716328682034373
d:167:9.320116755162644e-05,2.858211391848622,2.858211255068211,5.716329445749281
d:168:9.191602462266246e-05,2.8582113933618043,2.858211249055028,5.71633072639221
d:169:9.334627289803166e-05,2.8582114212364242,2.8582113539149443,5.7163294288784705
d:170:9.243393993507709e-05,2.858211398537069,2.8582113096111286,5.7163302742082625
d:171:9.185985369697391e-05,2.8582114007903527,2.858211271601766,5.716330812538422
d:172:8.806863545451904e-05,2.8582113905414026,2.858211273311934,5.716334595217882
d:173:8.849376010111598e-05,2.8582114203063593,2.85821131069698,5.716334237243238
d:174:8.969498620281513e-05,2.858211425630323,2.8582112966124775,5.7163330272565975
d:175:8.891954118439571e-05,2.858211405345372,2.858211283868668,5.716333769672856
d:176:8.869311471038088e-05,2.858211417078378,2.8582113676425838,5.716334091606251
d:177:8.342551877760229e-05,2.858211391466776,2.8582113178284416,5.71633928377644
d:178:8.699173000081828e-05,2.858211403722171,2.8582113189021694,5.71633573089434
d:179:8.618399477988703e-05,2.8582114114448345,2.8582112887546582,5.716336516204713
d:180:8.630177579149745e-05,2.8582114085517567,2.85821127313889,5.716336379914855
d:181:8.215257443744406e-05,2.8582114092335633,2.858211270219405,5.716340526878531
d:182:8.174519399695157e-05,2.858211419016113,2.8582112758339644,5.716340949656081
d:183:8.311223805712586e-05,2.858211377859636,2.8582112407832465,5.716339506404825
d:184:8.302777182578325e-05,2.8582113905414026,2.858211298041395,5.716339660810972
d:185:8.256120837302205e-05,2.858211414764689,2.85821126716705,5.716340120723366
d:186:8.092533796499879e-05,2.8582114164318515,2.8582112385567235,5.71634172965061
d:187:7.805586310105639e-05,2.8582113976578487,2.858211230700542,5.71634457249529
d:188:8.053615507819245e-05,2.858211386731117,2.858211331452594,5.716342182028633
d:189:8.089351812579082e-05,2.85821143281615,2.8582112642784896,5.716341803576514
d:190:7.831697156923667e-05,2.8582114112256196,2.8582113449851487,5.716344439239199
d:191:7.773667115351657e-05,2.8582113911867584,2.8582113048399673,5.716344959355572
d:192:7.618737010695042e-05,2.8582114078781267,2.8582112350678734,5.716346455575893
d:193:7.771358451336141e-05,2.8582114314455467,2.858211342268298,5.716345060129331
d:194:7.823160959041786e-05,2.858211362699926,2.8582113663652144,5.71634449745555
d:195:7.760300200487791e-05,2.8582114207294858,2.858211291557387,5.716345109284868
d:196:7.734114951674087e-05,2.858211395155399,2.858211251838364,5.716345305844246
d:197:7.693364648631018e-05,2.8582114137180117,2.858211327839035,5.71634580791056
d:198:7.741884216727613e-05,2.858211410829618,2.8582112874216996,5.7163452794091505
d:199:7.548031991255755e-05,2.858211402332417,2.8582112936267183,5.716347215639223
d:200:7.78917365984455e-05,2.858211379166855,2.8582112650776477,5.716344752507904
d:201:7.853499665344543e-05,2.85821143281615,2.858211292044153,5.71634418986365
d:202:7.556098901595476e-05,2.858211394517804,2.8582113219876994,5.7163471555164875
d:203:7.744087074001982e-05,2.8582113735655703,2.858211379984006,5.716345312678836
d:204:7.351289176860121e-05,2.858211398537069,2.8582112651603033,5.716349150805604
d:205:7.679089030254715e-05,2.8582113083979657,2.858211406161967,5.71634592366963
d:206:7.702535862641469e-05,2.8582113216213294,2.8582114103183542,5.716345706581057
d:207:7.458289017669983e-05,2.8582113758611314,2.8582113509179017,5.716348143888856
d:208:7.562365428270823e-05,2.8582114078781267,2.858211338744434,5.716347122968278
d:209:7.900275550909441e-05,2.8582113206491293,2.858211410082758,5.716343727976378
d:210:7.804473773553866e-05,2.858211391466776,2.8582113018970094,5.71634464862605
d:211:7.52414035645188e-05,2.8582114087160573,2.8582113607124935,5.716347528024986
d:212:7.63118341833291e-05,2.8582113995554153,2.858211297742903,5.716346385464135
d:213:7.74560483591813e-05,2.8582114212364242,2.8582113390565684,5.7163453042446335
d:214:7.728030295517385e-05,2.858211363690158,2.858211376820277,5.71634546020748
d:215:7.858609880351253e-05,2.858211405345372,2.8582112924396714,5.71634411168624
d:216:7.716092800613694e-05,2.858211308132482,2.8582114161500787,5.716345563354555
d:217:7.557846592121109e-05,2.8582114283964177,2.858211337028127,5.7163471869586235
d:218:7.7674781278958e-05,2.8582114087160573,2.8582113858144265,5.716345119749205
d:219:7.6964523929135e-05,2.858211398537069,2.858211301589245,5.716345735602385
d:220:7.864922608114e-05,2.858211417078378,2.8582113314379214,5.716344099290218
d:221:7.793088524188363e-05,2.8582113735655703,2.85821135626397,5.716344798944299
d:222:7.744551346000605e-05,2.858211434141367,2.858211297282267,5.716345285910174
d:223:7.672661444857454e-05,2.8582114257005884,2.8582113007411483,5.716345999827288
d:224:7.40003114021448e-05,2.8582114206340936,2.8582113448533946,5.716348765176086
d:225:7.809379203571609e-05,2.8582114277510655,2.8582113001991925,5.716344634158222
d:226:7.708101166947756e-05,2.858211308132482,2.858211396681906,5.716345623802718
d:227:7.728619470803721e-05,2.8582113607927067,2.858211366570572,5.716345441168571
d:228:7.431603541263598e-05,2.8582114112256196,2.858211285638678,5.716348380828885
d:229:7.653284430197971e-05,2.8582114085517567,2.8582112920444214,5.716346167751876
d:230:7.710099828273087e-05,2.8582113758611314,2.8582113527928854,5.716345627655734
d:231:7.692660096836335e-05,2.8582114314455467,2.858211287507535,5.716345792352113
d:232:7.980464341095228e-05,2.858211396762581,2.8582112673524183,5.716342859471588
d:233:7.621686782499637e-05,2.85821138400067,2.858211329440115,5.71634649657296
d:234:7.663195268392542e-05,2.8582114212364242,2.858211284785922,5.716346074069662
d:235:7.829327742037151e-05,2.858211335818151,2.8582114053551297,5.71634444789586
d:236:7.532531077814042e-05,2.8582113258573507,2.858211392021442,5.716347392568014
d:237:7.545597144797966e-05,2.8582113484681066,2.8582113984721023,5.716347290968761
d:238:7.462395959656476e-05,2.8582113976578487,2.8582112501856756,5.716348023883928
d:239:7.746796916663357e-05,2.8582114098668328,2.8582112290359625,5.716345170933629
d:240:7.586224769440264e-05,2.858211318488472,2.8582113235422035,5.716346779782981
d:241:7.28439906048095e-05,2.858211308132482,2.8582113898566277,5.716349853998505
d:242:7.405915312297395e-05,2.858211407252586,2.858211284852242,5.716348632951705
d:243:7.312832514294598e-05,2.8582113206491293,2.858211337289534,5.71634952961352
d:244:7.359208125201633e-05,2.8582114210606875,2.858211233965248,5.716349062944683
d:245:7.418647388313104e-05,2.858211391466776,2.858211264093587,5.71634846908648
d:246:7.293505667860245e-05,2.8582114164318515,2.8582112462418543,5.716349727617027
d:247:7.316722746431026e-05,2.858211427944017,2.858211272117032,5.7163495328335845
d:248:7.192100539121782e-05,2.858211332499957,2.8582113672506715,5.7163507787452374
d:249:7.345794808522044e-05,2.8582113871323944,2.8582112976549094,5.716349226839219
d:250:7.52107803929647e-05,2.858211404409209,2.8582112558132398,5.716347449442056
d:251:7.453970711068791e-05,2.8582113961172304,2.8582112901545482,5.716348146564668
d:252:7.266262749183738e-05,2.8582114206340936,2.8582112849518087,5.71635004295841
d:253:7.254403725731606e-05,2.8582113846342505,2.858211396389148,5.716350236986141
d:254:6.930480847877618e-05,2.858211345427703,2.8582113869217967,5.716353427541021
d:255:7.025536257643239e-05,2.858211389797491,2.8582114018278926,5.716352536262807
d:256:7.181271168654746e-05,2.8582114078781267,2.858211260154528,5.716350855320968
d:257:6.91508633305915e-05,2.8582113953345516,2.858211249272509,5.71635349374373
d:258:7.187636603234182e-05,2.8582113940835967,2.8582114080160466,5.716350925733611
d:259:6.948357846603415e-05,2.8582113871595087,2.8582112976524208,5.7163532012334635
d:260:6.955372913708402e-05,2.8582113884648397,2.858211297007065,5.716353131742768
d:261:7.104307552197042e-05,2.8582113503816355,2.858211391094338,5.716351698400452
d:262:6.85141956111579e-05,2.858211381187669,2.8582113083251066,5.716354175317164
d:263:6.960862117111333e-05,2.858211399970296,2.8582113150484307,5.7163531063975555
d:264:6.83705079218555e-05,2.8582113791657857,2.858211390185117,5.716354398842981
d:265:7.190751803953788e-05,2.858211325277983,2.8582113389880135,5.716350756747957
d:266:6.696600797617691e-05,2.8582113972980263,2.8582114030466617,5.716355834336712
d:267:6.70073143336225e-05,2.8582113940835967,2.8582114051547514,5.716355791924014
d:268:6.826657380898382e-05,2.858211386731117,2.858211286060639,5.716354406217947
d:269:6.604571016666227e-05,2.8582114291408214,2.858211270138689,5.716356653569344
d:270:6.819558009674154e-05,2.8582113758611314,2.858211296262658,5.716354476543692
d:271:6.582467264770742e-05,2.8582113503753224,2.8582114133615413,5.716356939064216
d:272:6.453099579317723e-05,2.858211433217427,2.858211251280112,5.716358153501746
d:273:7.005050952280101e-05,2.8582113735655703,2.8582113033938903,5.716352626449938
d:274:6.568952405672235e-05,2.858211310932951,2.8582113682886945,5.716356989697589
d:275:6.723831954325021e-05,2.858211342678283,2.858211306194624,5.716355410553364
d:276:6.584581129942535e-05,2.8582114158952034,2.8582114061209882,5.716356976204892
d:277:6.383465799686405e-05,2.8582114096978426,2.858211406766353,5.716358981806199
d:278:6.722921575885721e-05,2.858211405247257,2.858211280802754,5.716355456834252
d:279:6.552618256350229e-05,2.8582114464805617,2.85821144608974,5.716357366387738
d:280:6.549877162065343e-05,2.858211431196745,2.8582114555468703,5.716357387971994
d:281:6.578645989030463e-05,2.8582114422612364,2.858211443338199,5.716357099139545
d:282:6.531806095111392e-05,2.8582114511885237,2.8582114561005927,5.716357589228165
d:283:6.337002317025053e-05,2.8582114506280263,2.8582114462333,5.716359526838156
d:284:6.609475341079474e-05,2.858211382511911,2.858211425964731,5.716356713723231
d:285:6.403304442592628e-05,2.8582114112256196,2.8582113174892108,5.716358695670404
d:286:6.290399110575606e-05,2.8582113097032913,2.858211331804208,5.7163597375163935
d:287:6.530695248763152e-05,2.8582114095862003,2.858211270393273,5.716357373026986
d:288:6.57286143344038e-05,2.8582114206340936,2.8582112896559853,5.7163569816757445
d:289:6.533061086066994e-05,2.8582114154939386,2.8582114376500076,5.716357522533086
d:290:6.356665237561288e-05,2.8582113503816355,2.8582113954329778,5.716359179162238
d:291:6.409968816534217e-05,2.858211374631466,2.8582114075308667,5.7163586824741675
d:292:6.51712195818277e-05,2.858211425312975,2.8582114502488594,5.716357704342252
d:293:6.583228481638059e-05,2.858211472493654,2.8582114483517334,5.716357088560571
d:294:6.447733572834125e-05,2.858211391466776,2.8582112966690048,5.716358210800053
d:295:6.65435070317244e-05,2.858211391466776,2.8582112827141106,5.716356130673855
d:296:6.469742507597687e-05,2.8582114511885237,2.8582114404629184,5.716358194226366
d:297:6.485369532427399e-05,2.8582113206491293,2.8582113328210657,5.716357799774871
d:298:6.483772540910593e-05,2.8582113302880963,2.8582114008246755,5.716357893387363
d:299:6.517592090737878e-05,2.8582114131802268,2.8582113332207655,5.716357570480085
d:300:6.777220473175305e-05,2.858211318488472,2.85821130822157,5.71635485450531
d:301:6.517052259091827e-05,2.8582115088469013,2.8582114255045745,5.716357763828885
d:302:6.529433680846353e-05,2.858211470259457,2.85821142587562,5.7163576017982685
d:303:6.46596720361714e-05,2.858211394517804,2.85821128908999,5.716358023935758
d:304:6.471131031027255e-05,2.858211306057365,2.8582113094704393,5.716357904217494
d:305:6.613368046970436e-05,2.858211472493654,2.8582114560878935,5.716356794901078
d:306:6.309387821623602e-05,2.858211308132482,2.858211341923308,5.716359556177574
d:307:6.514563096438053e-05,2.8582115109987996,2.858211432725751,5.716357798093586
d:308:6.60076364695783e-05,2.858211312313772,2.858211326308389,5.7163566309856915
d:309:6.445036828317541e-05,2.858211391840399,2.8582114290551957,5.7163583705273115
d:310:6.586852019729861e-05,2.8582114263595955,2.8582114161655436,5.716356974004942
d:311:6.231956075453127e-05,2.8582113302880963,2.8582113600468766,5.716360370774218
d:312:6.455827629636701e-05,2.8582114889113317,2.858211438898538,5.716358369533573
d:313:6.45564289403211e-05,2.8582114844471445,2.8582114450959093,5.716358373114113
d:314:6.47927918659974e-05,2.858211297437233,2.8582113378303067,5.716357842475674
d:315:6.48985586462203e-05,2.858211304646387,2.8582113136000693,5.71635771968781
d:316:6.470045992479356e-05,2.858211452535235,2.858211433033178,5.716358185108488
d:317:6.394191938419169e-05,2.858211332499957,2.858211373439069,5.716358764019642
d:318:6.314482807034949e-05,2.858211332499957,2.8582113757475565,5.716359563419443
d:319:6.174719169926846e-05,2.8582114273832797,2.858211426435771,5.716361106627351
d:320:6.449282627762898e-05,2.858211417078378,2.858211299564635,5.716358223816735
d:321:6.218367416366277e-05,2.858211389797491,2.858211399097911,5.716360605221238
d:322:6.192839711083309e-05,2.8582114283964177,2.858211295803116,5.716360795802423
d:323:6.284022339464457e-05,2.8582113972980263,2.858211420991667,5.716359978066299
d:324:6.172356934186496e-05,2.8582114764225075,2.8582114679345043,5.71636122078767
d:325:5.980773858382804e-05,2.8582113094396995,2.8582113416662516,5.716362843367367
d:326:6.189110187015956e-05,2.8582113863253724,2.8582114013079885,5.716360896531491
d:327:6.096437313907188e-05,2.8582113484681066,2.8582113903936257,5.716361774488593
d:328:6.175732074709117e-05,2.858211396762581,2.858211307275363,5.716360946717197
d:329:6.049746989233995e-05,2.858211335818151,2.858211364947838,5.716362203296097
d:330:6.292039552846518e-05,2.858211323300397,2.8582113439964463,5.716359746901315
d:331:6.234644012437229e-05,2.858211525451418,2.858211479716129,5.716360658727423
d:332:6.072135736445716e-05,2.8582115071016396,2.858211456948558,5.716362242692833
d:333:6.147370630493754e-05,2.858211324612043,2.8582113624492127,5.716361213354951
d:334:6.222101283448467e-05,2.858211318488472,2.858211330650489,5.716360428126126
d:335:6.0860429584863596e-05,2.8582113940835967,2.8582114239150744,5.716361957569086
d:336:6.305637814030263e-05,2.8582114206340936,2.858211295170026,5.716359659425979
d:337:6.050961540005062e-05,2.858211465507237,2.8582114626978754,5.716362418589712
d:338:6.282797008339003e-05,2.8582114705809207,2.858211479940632,5.716360122551469
d:339:6.043759939977633e-05,2.858211308132482,2.8582113390734953,5.716362209606578
d:340:5.969371925118594e-05,2.8582114638862848,2.8582114583148943,5.716363228481928
d:341:5.924325689932175e-05,2.8582113097032913,2.8582113777372964,5.716363444183688
d:342:6.073264706429882e-05,2.8582114889113317,2.858211458927352,5.716362215191619
d:343:6.0463742757477235e-05,2.858211312313772,2.858211322863742,5.716362171434756
d:344:6.095284156693026e-05,2.8582115088469013,2.858211449443967,5.716362005449302
d:345:5.954682924702581e-05,2.8582113758611314,2.85821135197428,5.716363181006164
d:346:5.934800446460997e-05,2.8582113588181954,2.858211376770033,5.716363387583764
d:347:5.911870938390962e-05,2.8582113917646197,2.8582114323015695,5.716363705356805
d:348:5.7302392471925145e-05,2.8582113503816355,2.8582113548472883,5.716365402836452
d:349:6.044264194215998e-05,2.8582114778195553,2.858211495237258,5.716362530414871
d:350:5.906618946660558e-05,2.858211335818151,2.858211360167905,5.716363629796589
d:351:5.582813306759249e-05,2.8582113420155117,2.858211361475126,5.71636687535757
d:352:5.738550396294784e-05,2.8582114705809207,2.858211490491321,5.716365575568279
d:353:5.9555471043637453e-05,2.858211325277983,2.8582113951751165,5.716363164982056
d:354:5.714803644352173e-05,2.858211504975621,2.8582114487823436,5.716365805721521
d:355:5.946565915948554e-05,2.858211300682493,2.8582113740179818,5.716363209041315
d:356:5.774175383876923e-05,2.858211499593633,2.858211478100845,5.716365235940639
d:357:5.927517571890917e-05,2.8582113735655703,2.858211312973909,5.71636341136376
d:358:5.588784342869246e-05,2.8582115088469013,2.858211481776742,5.7163671027802145
d:359:5.6785515857527e-05,2.858211453196425,2.858211440374541,5.716366108055109
d:360:5.804764792749495e-05,2.8582114764225075,2.858211469688296,5.716364898462876
d:361:5.848527104923562e-05,2.85821139295634,2.8582113409876992,5.71636424867299
d:362:5.6795675297038883e-05,2.858211336143629,2.8582113522890946,5.716365892757427
d:363:5.5968150611818146e-05,2.8582113206491293,2.8582113368962876,5.716366689394805
d:364:5.69464255768537e-05,2.8582113588181954,2.85821132562668,5.716365738019299
d:365:5.933762028398348e-05,2.858211523771672,2.8582114450598546,5.716363631211243
d:366:5.6161267931287284e-05,2.858211331687995,2.8582112899304235,5.716366460350487
d:367:5.806660418272713e-05,2.8582114960740252,2.8582114218583907,5.716364851328233
d:368:5.655155002237677e-05,2.858211306057365,2.858211362996835,5.716366117504178
d:369:5.863613848866578e-05,2.8582114885079726,2.858211452189705,5.716364304559189
d:370:5.611441602049183e-05,2.85821137653868,2.85821133659301,5.71636659871567
d:371:5.84150112938886e-05,2.8582114904695626,2.858211472387616,5.716364547845885
d:372:5.658064661062667e-05,2.858211332499957,2.8582113058205465,5.716366057673893
d:373:5.6393754700678755e-05,2.858211472493654,2.858211419943494,5.716366498682447
d:374:5.806375182437762e-05,2.858211476982323,2.8582114338743825,5.716364847104881
d:375:5.8728912625483076e-05,2.8582114797953437,2.858211442015545,5.716364192898263
d:376:5.67052810538371e-05,2.8582114511885237,2.858211402854609,5.716366148762079
d:377:5.512338399960015e-05,2.8582115715305907,2.858211410316976,5.716367858463567
d:378:5.643708043123752e-05,2.8582113863253724,2.85821133758666,5.716366286831601
d:379:5.630731820360779e-05,2.858211387404335,2.858211338603029,5.7163664186891605
d:380:5.520242416778842e-05,2.858211549699318,2.8582114616435472,5.716367808918697
d:381:5.59246794402668e-05,2.858211345427703,2.8582113207685964,5.716366741516859
d:382:5.816941192016145e-05,2.8582113145002417,2.858211369185735,5.716364514274057
d:383:5.64273405920801e-05,2.8582114724199386,2.8582114346833674,5.716366479762714
d:384:5.6073234823372786e-05,2.8582114764225075,2.858211447556009,5.716366850743693
d:385:5.7617335286863636e-05,2.8582113846342505,2.8582113309545676,5.716365098253531
d:386:5.628323787831846e-05,2.8582114457027963,2.858211393793093,5.716366556258011
d:387:5.730834090478254e-05,2.8582115700246415,2.8582114262474665,5.716365687931203
d:388:5.48019357822227e-05,2.8582115847818397,2.8582114043013522,5.71636818714741
d:389:5.687470103410419e-05,2.858211452456695,2.858211384860015,5.716365962615676
d:390:5.477373736617608e-05,2.8582113940835967,2.8582113443439443,5.716367964690175
d:391:5.672024421699007e-05,2.8582115150442675,2.8582114560448844,5.716366250844935
d:392:5.712019570047744e-05,2.858211312313772,2.8582113001605833,5.716365492278655
d:393:6.089663282971003e-05,2.8582115827872894,2.858211448160894,5.716362134315354
d:394:5.5488754993504585e-05,2.858211338774673,2.858211372359982,5.716367222379661
d:395:5.701113269651614e-05,2.8582114724199386,2.8582114517472537,5.716365913034496
d:396:5.737547280659783e-05,2.8582113791657857,2.85821134277845,5.716365346471429
d:397:5.598134078610428e-05,2.8582113588181954,2.858211303410057,5.716366680887466
d:398:5.635287717353776e-05,2.8582114263595955,2.8582113419312645,5.716366415413686
d:399:5.5545271765211623e-05,2.8582114797953437,2.8582114588237513,5.71636739334733
d:400:5.467330023378736e-05,2.858211318488472,2.858211314875591,5.716367960063829
d:401:5.4046632831372676e-05,2.8582114797953437,2.858211475387595,5.716368908550107
d:402:5.306030749707702e-05,2.8582113940835967,2.858211343497297,5.716369677273397
d:403:5.432541429861715e-05,2.858211575389099,2.85821136285022,5.71636861282502
d:404:5.360245572028077e-05,2.858211529253058,2.858211443200913,5.716369369998251
d:405:5.214963956667873e-05,2.8582114764225075,2.858211448240384,5.716370775023325
d:406:5.3819660834619754e-05,2.8582115088469013,2.858211410129071,5.716369099315138
d:407:5.351155601651669e-05,2.8582114096978426,2.8582113293826925,5.716369227524519
d:408:5.372992860230852e-05,2.858211308132482,2.858211294331774,5.716368872535654
d:409:5.2783544074230804e-05,2.8582115610762333,2.858211456387858,5.716370233920017
d:410:5.385676640123904e-05,2.858211499069977,2.8582114346883944,5.71636907699197
d:411:5.346382407545036e-05,2.858211310932951,2.858211328124428,5.716369175233304
d:412:5.3627922374843706e-05,2.8582115145857454,2.8582114481159184,5.716369334779289
d:413:5.3809779739566466e-05,2.858211554462004,2.858211452418324,5.7163691971005886
d:414:5.317280434802285e-05,2.858211590497495,2.858211436411324,5.716369854104471
d:415:5.282113944815592e-05,2.858211589619014,2.8582114489897705,5.716370217469336
d:416:5.379358688273328e-05,2.8582114705809207,2.8582114523311457,5.716369129325184
d:417:5.3760538703429006e-05,2.8582113999917773,2.858211303100406,5.71636894255348
d:418:5.238649072403234e-05,2.858211517321953,2.8582114411082458,5.716370571939475
d:419:5.225200207981118e-05,2.858211494805106,2.858211434058946,5.716370676861972
d:420:5.261508898968259e-05,2.858211431196745,2.8582113335739905,5.716370149681746
d:421:5.1559157016711765e-05,2.8582115388670744,2.8582114635096776,5.716371443219735
d:422:5.1798207932662876e-05,2.858211589619014,2.858211453224575,5.716371244635656
d:423:5.2518411683522004e-05,2.858211475034752,2.85821145100865,5.716370407631718
d:424:5.489166330896467e-05,2.858211332499957,2.8582113321125995,5.716367772949248
d:425:5.1391611746609556e-05,2.858211389797491,2.858211357854726,5.7163713560404705
d:426:5.2020247851558565e-05,2.8582115847818397,2.8582114641219434,5.7163710286559315
d:427:5.345549688762219e-05,2.858211327348215,2.85821129313579,5.716369164987118
d:428:5.145721411459192e-05,2.858211583599049,2.858211423638503,5.716371550023437
d:429:5.266917791502124e-05,2.8582114573296806,2.8582113373528646,5.71637012550463
d:430:5.0635287722755606e-05,2.8582113940835967,2.8582113147863737,5.716372073582248
d:431:5.174556359222038e-05,2.858211481446597,2.858211471417288,5.716371207300293
d:432:5.238276629171423e-05,2.8582114764225075,2.8582114400260625,5.716370533682278
d:433:5.2736893795923834e-05,2.858211594365681,2.8582113663835944,5.716370223855479
d:434:5.263398143995346e-05,2.8582115889846715,2.858211473958148,5.71637042896138
d:435:4.994349637144069e-05,2.8582113503816355,2.858211312699142,5.716372719584406
d:436:5.2255940607537354e-05,2.858211590497495,2.85821144051641,5.7163707750732975
d:437:5.0833158374175014e-05,2.85821158862875,2.8582113397644697,5.716372095234846
d:438:5.0749413606610005e-05,2.85821147829855,2.858211427780443,5.716372156665386
d:439:5.0816821655530475e-05,2.8582114782876573,2.85821143137702,5.716372092843022
d:440:5.1462005121294396e-05,2.8582115847818397,2.8582114378352674,5.716371560611986
d:441:4.927490281581015e-05,2.8582115071016396,2.8582113620828586,5.7163735942816825
d:442:5.0728722959192396e-05,2.858211517142731,2.858211383786342,5.716372172206114
d:443:5.225728247637562e-05,2.8582115474097947,2.8582114430912497,5.716370733218568
d:444:5.2437783033099095e-05,2.8582114511885237,2.8582113245089147,5.716370337914405
d:445:5.34043695985531e-05,2.8582113940835967,2.858211357719796,5.716369347433794
d:446:5.28956901586497e-05,2.8582114718527585,2.8582113166192773,5.716369892781877
d:447:5.142716292283467e-05,2.85821155638245,2.8582114569113255,5.716371586130853
d:448:5.1735447385681255e-05,2.8582115088469013,2.8582113620157212,5.716371135415237
d:449:5.313740756029972e-05,2.858211432045266,2.858211282492668,5.716369577130374
d:450:5.215188024720874e-05,2.858211453196425,2.8582113256745423,5.71637062699072
d:451:5.072589902432867e-05,2.8582114705809207,2.858211444706491,5.716372189388387
d:452:5.244997709930033e-05,2.858211592212683,2.8582113336438724,5.716370475879456
d:453:5.4025950896985364e-05,2.8582115098942573,2.8582114244634322,5.716368908406793
d:454:4.970786676850025e-05,2.8582115273586233,2.8582113986898126,5.716373218181667
d:455:5.263122342036297e-05,2.8582114609870946,2.8582113158197853,5.7163701455834595
d:456:5.2538327052431555e-05,2.8582114889113317,2.8582113220247845,5.716370272609064
d:457:5.123034414822314e-05,2.8582114885079726,2.858211403731783,5.716371661895607
d:458:5.2020427032672956e-05,2.858211560195919,2.8582114335180364,5.716370973286923
d:459:5.029560247038489e-05,2.8582115967384123,2.858211334405448,5.71637263554139
d:460:5.0991209395334636e-05,2.8582115189564803,2.858211389136722,5.716371916883807
d:461:5.073145563194714e-05,2.8582116083254565,2.858211434144282,5.716372311014107
d:462:5.1490204398874084e-05,2.858211469682379,2.8582113224465786,5.716371301924559
d:463:5.081609278789756e-05,2.8582115944647413,2.858211429032643,5.716372207404596
d:464:5.0596194572705144e-05,2.8582115088469013,2.8582112944122002,5.716372207064529
d:465:4.976119978472582e-05,2.8582115851547467,2.8582113976253734,5.716373221580335
d:466:5.101592648415476e-05,2.858211517142731,2.858211334458952,5.716371835675199
d:467:5.028762456227298e-05,2.8582115911549657,2.8582113955246164,5.71637269905502
d:468:4.752375988203994e-05,2.8582114889113317,2.8582113001741067,5.716375265325556
d:469:4.787671167960639e-05,2.8582115889846715,2.8582114444107862,5.716375156683778
d:470:4.9724441320009305e-05,2.8582116244487885,2.8582113488231613,5.71637324883063
d:471:4.8070654427689874e-05,2.8582115150442675,2.8582113113093044,5.716374755699144
d:472:4.973994307988505e-05,2.858211504975621,2.858211390352686,5.716373155385227
d:473:4.996882162622285e-05,2.8582115125912626,2.8582113913956544,5.716372935165291
d:474:5.012111870428271e-05,2.858211515874485,2.858211400698586,5.716372795454367
d:475:4.878765894567039e-05,2.8582114797953437,2.8582113613268074,5.7163740534632055
d:476:5.022044735092379e-05,2.8582113972980263,2.858211235637274,5.716372412487949
d:477:5.064369420004766e-05,2.858211590467535,2.8582114352664334,5.7163723820397685
d:478:4.776323249267023e-05,2.8582113987124504,2.8582112274095035,5.716374862889461
d:479:5.07935767348755e-05,2.858211507530033,2.858211339746637,5.716372053699935
d:480:4.688075834735628e-05,2.8582114764225075,2.8582113394219153,5.716375935086075
d:481:4.9464213891070585e-05,2.858211510336927,2.858211305461804,5.71637335158484
d:482:4.7714322848335655e-05,2.8582116286312136,2.8582113344900577,5.716375248798423
d:483:4.793403664038465e-05,2.858211451747925,2.8582113532702795,5.716374870981564
d:484:4.8425126248474726e-05,2.8582115847818397,2.8582114224094646,5.716374582065056
d:485:4.705763987189471e-05,2.8582115847818397,2.8582114150445896,5.716375942186557
d:486:4.859989934757891e-05,2.8582114764225075,2.8582113645812033,5.716374241104363
d:487:4.917846928265135e-05,2.8582115978266387,2.858211338592474,5.71637375794983
d:488:4.736842577202083e-05,2.8582114050724297,2.8582112582736627,5.71637529492032
d:489:4.894082961470758e-05,2.858211574745493,2.858211393260431,5.716374027176309
d:490:4.8038101693848034e-05,2.85821159810512,2.8582113998129497,5.716374959816376
d:491:4.714368440694727e-05,2.858211575220098,2.858211387522598,5.716375819058289
d:492:4.827139506602407e-05,2.8582114158952034,2.858211257807044,5.716374402307181
d:493:4.6634680199275635e-05,2.858211589645734,2.8582113748131004,5.716376329778635
d:494:4.9298978526124415e-05,2.8582114889113317,2.8582112653219127,5.716373455254718
d:495:4.709975763894647e-05,2.858211512678537,2.858211288060202,5.7163757009811
d:496:4.738408202697997e-05,2.858211598374302,2.8582113251325634,5.716375539424838
d:497:4.874260648080053e-05,2.8582114769764377,2.8582113110566514,5.716374045426608
d:498:4.6731926003573676e-05,2.8582115071016396,2.858211291998254,5.71637606717389
d:499:4.6949399703066774e-05,2.858211623692762,2.8582113130863824,5.7163759873794415
d:500:4.7576452733011365e-05,2.858211393671837,2.858211237544168,5.716375054763272
d:501:4.73956617028648e-05,2.858211634157197,2.858211296115618,5.716375534611112
d:502:4.6617536836990325e-05,2.8582115145857454,2.858211259212588,5.7163761562614965
d:503:4.602956773958056e-05,2.8582115096915732,2.858211234964161,5.7163767150879945
d:504:4.678430092930341e-05,2.858211585907103,2.8582113949400743,5.716376196546248
d:505:4.720954884795958e-05,2.858211628414262,2.8582112743425387,5.716375693207953
d:506:4.790898110407227e-05,2.858211560195919,2.8582113750676257,5.71637502628244
d:507:4.70488728456786e-05,2.858211564411926,2.8582114076699874,5.716375923209068
d:508:4.8402468474151306e-05,2.858211529253058,2.8582113611360906,5.716374487920675
d:509:4.793259944158024e-05,2.858211563766572,2.858211413867382,5.716375045034512
d:510:4.815250673928517e-05,2.858211563643424,2.85821139756945,5.716374808706135
d:511:4.7197474458471333e-05,2.8582115936024604,2.858211361092591,5.716375757220593
d:512:4.643213418020764e-05,2.858211585805549,2.8582113977151007,5.716376551386469
d:513:4.820840278085825e-05,2.858211628414262,2.8582113050279165,5.7163747250393975
d:514:4.64589415365424e-05,2.8582115845191467,2.8582113810210306,5.716376506598641
d:515:4.966619080271073e-05,2.8582116273239713,2.858211313504741,5.71637327463791
d:516:4.548307192742129e-05,2.8582115700246415,2.858211371565835,5.716377458518549
d:517:4.7365720400094347e-05,2.8582115767483174,2.8582113819459494,5.716375592973867
d:518:4.815141491043562e-05,2.8582114769764377,2.858211283766904,5.716374609328431
d:519:4.6178173203514916e-05,2.8582114791441544,2.8582112949239704,5.716376595894921
d:520:4.5042990684862616e-05,2.8582115982279053,2.858211379208857,5.7163779344460774
d:521:4.6993667169203945e-05,2.8582115911549657,2.858211400930445,5.716375998418242
d:522:4.605974284110914e-05,2.8582115973585136,2.85821135389833,5.7163768915140025
d:523:4.705385226166925e-05,2.858211560083319,2.8582113986292583,5.716375904860316
d:524:4.720652512268941e-05,2.858211597067495,2.858211374511354,5.716375765053726
d:525:4.385529949502143e-05,2.8582114797953437,2.858211277835718,5.7163789023315665
d:526:4.502675457551675e-05,2.858211469682379,2.8582112920635563,5.71637773499136
d:527:4.642964991141696e-05,2.8582115021113186,2.85821135891066,5.716376431372067
d:528:4.7730482087615655e-05,2.858211564403547,2.8582113721824385,5.716375206103898
d:529:4.757028369262173e-05,2.858211603323147,2.858211388516681,5.716375421556135
d:530:4.6868796580668004e-05,2.8582114904695626,2.8582113433305683,5.71637596500355
d:531:4.525528395227241e-05,2.8582115758781317,2.8582114016974565,5.716377722291636
d:532:4.628402584394564e-05,2.858211564403547,2.8582114083876338,5.716376688765337
d:533:4.864249228830886e-05,2.8582114705809207,2.8582113767141575,5.71637420480279
d:534:4.703672173533846e-05,2.858211564403547,2.858211406246946,5.716375933928758
d:535:4.636631569354677e-05,2.858211603739388,2.858211403350616,5.71637664077431
d:536:4.668644101002428e-05,2.8582114852529763,2.8582112980073777,5.716376096819344
d:537:4.673100077212666e-05,2.8582115868676876,2.8582113417891257,5.716376197656041
d:538:4.8731467671814244e-05,2.858211579181301,2.858211442995797,5.716374290709426
d:539:4.658314520078477e-05,2.858211601542413,2.858211332365512,5.716376350762724
d:540:4.700320651629397e-05,2.8582114764225075,2.8582113093762445,5.716375782592236
d:541:4.548640388790659e-05,2.8582115633715635,2.8582114050866885,5.716377482054364
d:542:4.756471408740026e-05,2.858211595319334,2.858211370547414,5.716375401152661
d:543:4.63690343774914e-05,2.8582115150442675,2.858211305515578,5.716376451525468
d:544:4.677395243923854e-05,2.858211561990533,2.858211437494271,5.716376225532365
d:545:4.5697365115060506e-05,2.8582114782877266,2.858211353179188,5.7163771341017995
d:546:4.2954600921518704e-05,2.858211451747925,2.8582113065226995,5.716379803669703
d:547:4.6134214747084457e-05,2.8582115459355677,2.858211402635769,5.71637681435659
d:548:4.5517062920552576e-05,2.8582116056082327,2.8582113218232745,5.716377410368587
d:549:4.511464473999638e-05,2.8582115700246415,2.8582113996160547,5.716377854995956
d:550:4.575436505049879e-05,2.8582114672371297,2.8582113110805754,5.716377023952655
d:551:4.51781966397391e-05,2.858211494109943,2.8582113019557074,5.716377617869011
d:552:4.2815911633908854e-05,2.858211590497495,2.8582114084936254,5.716380183079487
d:553:4.4694118855659326e-05,2.858211603739388,2.858211356628063,5.716378266248595
d:554:4.4979202575845534e-05,2.858211590497495,2.858211383023697,5.716377994318616
d:555:4.427621951919036e-05,2.858211497860953,2.8582112856199213,5.716378507261355
d:556:4.4065254684255706e-05,2.858211477742067,2.858211258966069,5.716378671453452
d:557:4.323141927109475e-05,2.858211463219245,2.858211298021244,5.716379529821218
d:558:4.5930230132995575e-05,2.8582115851547467,2.8582114137526435,5.716377068677257
d:559:4.4538865161314334e-05,2.858211578228568,2.8582114022698466,5.716378441633253
d:560:4.344260491073726e-05,2.85821159810512,2.8582114246207944,5.716379580121004
d:561:4.3691978085291794e-05,2.858211476982323,2.8582112518576555,5.716379036861893
d:562:4.4066080365112725e-05,2.8582116250239746,2.8582114377711463,5.716378996714756
d:563:4.4369365616248047e-05,2.858211586374509,2.858211393734676,5.716378610743568
d:564:4.275624502803055e-05,2.8582116358705445,2.858211442548022,5.7163803221735385
d:565:4.393564649340931e-05,2.8582114672371297,2.858211260217603,5.716378791808239
d:566:4.4593216934174507e-05,2.858211584415013,2.8582113934598627,5.716378384657942
d:567:4.563195259166264e-05,2.858211576390607,2.8582113787723724,5.716377323210388
d:568:4.607757359842424e-05,2.8582115847818397,2.858211370429215,5.716376877637456
d:569:4.3681751357382836e-05,2.8582116161018636,2.8582114452817677,5.716379379632274
d:570:4.3318517160884085e-05,2.858211628414262,2.858211408897315,5.716379718794416
d:571:4.349961089467058e-05,2.858211589619014,2.8582113700735565,5.716379460081676
d:572:4.481735567196665e-05,2.8582114705809207,2.8582112840906735,5.716377937315922
d:573:4.4351859024516216e-05,2.858211461955534,2.85821130741507,5.71637841751158
d:574:4.321710904697795e-05,2.858211499069977,2.858211235015064,5.716379516975994
d:575:4.329370861810844e-05,2.8582115189564803,2.8582112633762122,5.716379488624074
d:576:4.3563683593816904e-05,2.8582114764225075,2.858211221055168,5.7163791337940815
d:577:4.3529087093929775e-05,2.8582115230556795,2.8582113021779705,5.716379296146556
d:578:4.345536672545336e-05,2.8582116006621163,2.85821137354381,5.716379518839201
d:579:4.3857222346233016e-05,2.858211628414262,2.8582114083596792,5.716379179551595
d:580:4.1520452750631875e-05,2.8582115704217284,2.8582113228308845,5.716381372799862
d:581:4.506657575298334e-05,2.8582115071016396,2.858211265718401,5.7163777062442875
d:582:4.236924599254621e-05,2.8582115847818397,2.8582113449305453,5.716380560466392
d:583:4.1394620694745754e-05,2.858211612350166,2.858211389690492,5.716381607419963
d:584:4.4822236066721644e-05,2.858211626967588,2.8582114206218456,5.716378225353367
d:585:4.400202100640627e-05,2.858211475034752,2.8582112866893397,5.716378759703085
d:586:4.376305074949016e-05,2.8582115813799476,2.858211391653205,5.716379209982403
d:587:4.330494339122026e-05,2.8582115798947108,2.85821131964342,5.7163795945947395
d:588:4.403798332575093e-05,2.8582115071016396,2.858211257434329,5.716378726552643
d:589:4.515000369487154e-05,2.8582115889846715,2.8582113715778252,5.716377810558802
d:590:4.2780113824747446e-05,2.858211623291494,2.858211399103503,5.716380242281172
d:591:4.321472198398624e-05,2.8582115784837256,2.8582113355516103,5.716379699313352
d:592:4.3685072975918615e-05,2.8582116415846883,2.858211437106519,5.716379393618231
d:593:4.3807984036803305e-05,2.8582114885079726,2.858211297702379,5.716378978226315
d:594:4.382458124041477e-05,2.858211515874485,2.8582112816835146,5.716378972976759
d:595:4.2560108303391075e-05,2.858211563643424,2.8582113381659777,5.7163803417010985
d:596:4.236895967402177e-05,2.85821155638245,2.858211351077024,5.7163805384998
d:597:4.4593616781440915e-05,2.858211524788855,2.858211267154644,5.7163781983267175
d:598:4.1756663334169275e-05,2.858211451747925,2.858211309091166,5.716381004175757
d:599:4.277496458549024e-05,2.85821164981488,2.858211445207406,5.7163803200577
d:600:4.3737910957020176e-05,2.858211595319334,2.8582113138965326,5.71637917130491
d:601:4.213504722549999e-05,2.858211580804877,2.858211381605477,5.716380827363128
d:602:4.2974331224243656e-05,2.858211626932185,2.858211512360553,5.716380164961514
d:603:4.1771521082978325e-05,2.8582116062697533,2.858211435928366,5.7163812706770365
d:604:4.0568848065802854e-05,2.858211637070438,2.858211460864988,5.71638252908736
d:605:4.179928650671627e-05,2.8582115847818397,2.8582113383212526,5.716381123816586
d:606:4.098579653799561e-05,2.858211628414262,2.858211390919287,5.716382033537011
d:607:4.21578818183832e-05,2.8582116051112987,2.8582113232477635,5.716380770477244
d:608:4.1509653117444145e-05,2.858211564403547,2.8582113057764147,5.716381360526844
d:609:4.111382488503068e-05,2.8582115973585136,2.85821137519234,5.716381858725969
d:610:4.403910865313776e-05,2.8582116076128834,2.8582114239949696,5.7163789924992
d:611:4.187021656143486e-05,2.858211475034752,2.858211272777771,5.716380877595961
d:612:4.043965764743973e-05,2.858211575740114,2.8582113137611618,5.716382449843628
d:613:4.1011812539792913e-05,2.8582114950591127,2.8582112682900114,5.716381751536584
d:614:4.151966939502927e-05,2.8582116093229804,2.858211423102258,5.716381512755843
d:615:4.139590953045058e-05,2.858211595319334,2.8582113255523396,5.716381524962143
d:616:4.066840676131278e-05,2.858211564403547,2.858211318608758,5.716382214605543
d:617:4.2057186572463934e-05,2.8582116062535867,2.8582114224084947,5.716380971475509
d:618:4.183073589913988e-05,2.8582116083254565,2.8582113954545676,5.716381173044125
d:619:4.145003311961659e-05,2.858211644394549,2.8582114508250314,5.716381645186461
d:620:4.198975359592794e-05,2.8582115851547467,2.8582113782063114,5.716380973607462
d:621:4.1297991291600056e-05,2.858211610856687,2.858211376807736,5.716381689673131
d:622:4.229535011468499e-05,2.8582115690961754,2.858211342100093,5.716380615846154
d:623:4.173171125287922e-05,2.858211564403547,2.8582113384050345,5.7163811710973285
d:624:4.1413140932533565e-05,2.8582115982279053,2.858211417133683,5.716381602220656
d:625:4.0674449609312546e-05,2.8582114797953437,2.8582112660147896,5.716382071360524
d:626:4.181479627440865e-05,2.858211604024019,2.858211417795527,5.716381207023272
d:627:3.999840047441694e-05,2.858211564403547,2.8582113414316463,5.716382907434719
d:628:4.101582023707806e-05,2.858211567362849,2.858211308287789,5.716381859830401
d:629:4.1331268917588204e-05,2.858211604159413,2.858211451190231,5.716381724080726
d:630:4.0661185501278396e-05,2.858211563643424,2.8582113084289844,5.716382210886907
d:631:4.163525689548919e-05,2.858211613254973,2.858211351536921,5.716381329534999
d:632:4.044275056358515e-05,2.8582116430047577,2.8582114717393647,5.716382671993559
d:633:4.2073997644109795e-05,2.8582116463955103,2.8582114926508932,5.716381065048759
d:634:4.2167043089236245e-05,2.8582116270923574,2.8582113639801445,5.716380824029413
d:635:4.042158546191388e-05,2.85821157840825,2.8582114120371998,5.716382568859988
d:636:4.247570750948171e-05,2.8582116177951598,2.8582113667809033,5.7163805088685535
d:637:4.003658861329029e-05,2.8582116463955103,2.8582114948674864,5.716383104674383
d:638:4.1582471771661744e-05,2.858211637070438,2.8582114539778836,5.71638150857655
d:639:3.954402417427616e-05,2.8582115847244065,2.8582114433668657,5.716383484067098
d:640:4.192542982117686e-05,2.8582114764225075,2.858211278889577,5.716380829882263
d:641:4.2111891504603705e-05,2.858211582188064,2.8582113763669597,5.716380846663519
d:642:4.107481072068708e-05,2.858211583599049,2.8582113664351603,5.7163818752234885
d:643:4.031373265256377e-05,2.85821167423029,2.8582115001488297,5.716382860646467
d:644:3.878785019040265e-05,2.8582115593526076,2.8582114535336682,5.7163842250360855
d:645:4.088480119079918e-05,2.858211646048929,2.858211413762845,5.716382175010583
d:646:4.166959987017549e-05,2.8582116543576213,2.8582114163319083,5.716381401089659
d:647:4.0405890040062786e-05,2.8582115792667615,2.8582114507875875,5.716382624164309
d:648:4.0636285378425896e-05,2.858211678804528,2.8582115076278534,5.716382550147003
d:649:3.960834297345173e-05,2.858211591352344,2.858211358885322,5.7163833418946925
d:650:4.170415166449004e-05,2.8582115715305907,2.8582113269705314,5.716381194349458
d:651:4.077905867561071e-05,2.8582116463955103,2.858211472622484,5.716382339959319
d:652:4.0135800553287027e-05,2.8582116019576933,2.8582113825957354,5.716382848752875
d:653:4.086601514607935e-05,2.8582116065158836,2.8582114237864307,5.716382164287168
d:654:3.9309814015453526e-05,2.858211590497495,2.8582113693293714,5.716383650012851
d:655:4.03574079879121e-05,2.8582116216785813,2.858211419912818,5.7163826841834116
d:656:4.013049239937061e-05,2.8582114705809207,2.8582112881179267,5.716382628206448
d:657:3.984638049914224e-05,2.85821147829855,2.8582113116884287,5.7163829436064795
d:658:4.133003483808295e-05,2.8582116358705445,2.858211392054214,5.71638169788992
d:659:3.778042758284528e-05,2.8582115112840274,2.858211386300958,5.716385117157403
d:660:3.935301059065921e-05,2.8582115847818397,2.858211352001936,5.716383583773185
d:661:3.9034007274452165e-05,2.858211664349911,2.8582115289952927,5.716384159337929
d:662:4.0247407502747023e-05,2.8582116260166437,2.8582114774778766,5.716382856087018
d:663:3.875570293665476e-05,2.858211575740114,2.858211433458637,5.716384253495814
d:664:3.884232138595678e-05,2.8582115970880366,2.8582114614250766,5.716384216191727
d:665:3.955768875130161e-05,2.858211679708603,2.858211538834091,5.716383660853943
d:666:3.7089858247796315e-05,2.858211590467535,2.8582113598733443,5.716385860482632
d:667:3.8537813724204284e-05,2.85821150361903,2.8582113514642007,5.716384317269506
d:668:4.060853846787893e-05,2.8582115872785803,2.858211389052025,5.7163823677921375
d:669:4.137616278399037e-05,2.8582116273563027,2.8582115351315736,5.716381786325092
d:670:3.964042165449655e-05,2.858211629294031,2.8582114586691816,5.716383447541558
d:671:3.8545826720692844e-05,2.8582116076128834,2.8582114438560957,5.716384505642258
d:672:3.822402171138606e-05,2.858211564403547,2.8582114811731127,5.716384821554948
d:673:4.001943321263468e-05,2.858211604153089,2.8582114786572888,5.716383063377165
d:674:3.9002585753067365e-05,2.8582116967572713,2.8582115269803747,5.716384221151893
d:675:4.044989400320276e-05,2.8582116037238183,2.8582113527474853,5.7163825065773
d:676:3.944682786105602e-05,2.8582117039770996,2.8582115159548973,5.716383773104136
d:677:3.928398583497028e-05,2.858211613825892,2.8582114817095654,5.716383811549623
d:678:3.97967820351397e-05,2.8582116248027916,2.8582113497711017,5.716383177791858
d:679:4.0118001289002336e-05,2.8582116077997917,2.8582114531820224,5.716382942980525
d:680:3.973098367637817e-05,2.8582116640364443,2.8582115131130372,5.716383446165805
d:681:4.0086633291025464e-05,2.858211672658614,2.8582115784929734,5.716383164518296
d:682:3.841303264451312e-05,2.8582115872785803,2.85821136019098,5.716384534436916
d:683:3.888130263263179e-05,2.8582116887363913,2.8582115684562392,5.716384375889998
d:684:3.9594398330677905e-05,2.8582116545256344,2.85821155217306,5.716383612300364
d:685:3.809378439534328e-05,2.8582116056082327,2.858211464142375,5.716384975966212
d:686:4.1098233333869416e-05,2.85821161650313,2.8582113725211826,5.716381890790979
d:687:3.775869434186063e-05,2.858211574745493,2.8582114706669994,5.71638528671815
d:688:3.962194450224388e-05,2.8582116685726096,2.858211581828419,5.716383628456526
d:689:4.0373537373739055e-05,2.8582116582861463,2.8582115819225233,5.716382866671296
d:690:3.8458870989188654e-05,2.8582115690961754,2.8582114432006485,5.716384553425835
d:691:3.87847019318599e-05,2.858211652782911,2.8582115197935494,5.716384387874529
d:692:3.751200250512454e-05,2.858211637070438,2.8582114100582867,5.71638553512622
d:693:3.875597404601194e-05,2.8582115875664442,2.8582113339241335,5.716384165516532
d:694:3.8689536033587046e-05,2.858211567536763,2.8582113956223107,5.71638427362304
d:695:3.88119955552213e-05,2.8582117022149394,2.8582115250154043,5.7163844152347885
d:696:3.813766770832672e-05,2.858211594480812,2.858211338779009,5.716384795592113
d:697:3.914255344739104e-05,2.8582115344028676,2.8582113083884995,5.71638370023792
d:698:3.788702557017132e-05,2.8582115773376966,2.8582114906368776,5.716385180949004
d:699:3.8617868089119156e-05,2.8582115690961754,2.8582114457795953,5.7163843970076815
d:700:3.771267412666646e-05,2.85821159810512,2.858211357945814,5.716385243376807
d:701:3.8158385608610956e-05,2.8582116028477493,2.8582114716460243,5.716384916108165
d:702:3.956035668117863e-05,2.8582116083254565,2.8582113750088958,5.716383422977671
d:703:3.974201591283588e-05,2.8582115793165386,2.8582114667413165,5.716383304041942
d:704:3.729884854131171e-05,2.858211564403547,2.8582114979676714,5.716385763522677
d:705:3.697180363815278e-05,2.858211685722651,2.858211545992507,5.71638625991152
d:706:3.682322990528064e-05,2.8582115700246415,2.858211392719417,5.716386139514153
d:707:3.729494081561313e-05,2.8582116300680322,2.8582114814449664,5.716385816572183
d:708:3.6390518767248636e-05,2.8582116987343777,2.8582115800415764,5.716386888257187
d:709:3.748898955535651e-05,2.8582116259389974,2.8582115084830324,5.716385645432474
d:710:3.623088712600975e-05,2.8582115847818397,2.8582113887845164,5.71638674267923
d:711:3.592966122845098e-05,2.858211676645963,2.858211595460368,5.716387342445103
d:712:3.783703595239274e-05,2.858211564403547,2.8582114846971383,5.716385212064733
d:713:3.9457868098224935e-05,2.8582115770454575,2.858211520237253,5.716383639414612
d:714:3.6952356706976275e-05,2.858211563643424,2.8582113371982754,5.716385948484993
d:715:3.7995575848270846e-05,2.858211594365681,2.8582113722558216,5.716384971045654
d:716:3.570874474334573e-05,2.858211679714911,2.8582116019998836,5.716387572970051
d:717:3.662533462112094e-05,2.8582115610762333,2.8582113181110884,5.716386253852701
d:718:3.690374632903115e-05,2.8582116729183777,2.8582115379680015,5.71638630714005
d:719:3.7136094185541424e-05,2.8582115841364892,2.858211407133318,5.716385855175622
d:720:3.75802069161324e-05,2.858211705249026,2.8582115586372403,5.71638568367935
d:721:3.748069104148044e-05,2.8582116273239713,2.8582114768813494,5.716385623514279
d:722:3.628061946159278e-05,2.858211579053606,2.858211368426927,5.716386666861071
d:723:3.7515613691141425e-05,2.85821162433545,2.858211392557525,5.716385501279284
d:724:3.7850909423653434e-05,2.858211637734607,2.8582114224760833,5.716385209301267
d:725:3.9043575339903214e-05,2.8582115715305907,2.8582113699492577,5.7163838979045085
d:726:3.700791166316719e-05,2.8582115847818397,2.8582113730866556,5.716385949956832
d:727:3.715130177894821e-05,2.8582116216785813,2.858211390584259,5.716385860961061
d:728:3.773751366509259e-05,2.8582116463955103,2.8582114488786345,5.71638535776048
d:729:3.747834568912367e-05,2.8582115967384123,2.8582114450251606,5.716385563417884
d:730:3.770944061542991e-05,2.858211593293703,2.858211500853187,5.716385384706275
d:731:3.710497049880246e-05,2.858211661844992,2.858211595826825,5.716386152701318
d:732:3.666120425727115e-05,2.8582115700246415,2.8582113490654546,5.716386257885839
d:733:3.721629222575018e-05,2.858211665030833,2.8582114941652765,5.716385942903884
d:734:3.647731869982351e-05,2.858211683072579,2.858211602349739,5.716386808103618
d:735:3.665975620670281e-05,2.858211576390607,2.8582114990490037,5.716386415683404
d:736:3.7552656719341826e-05,2.8582116121264196,2.8582114155462683,5.716385475015969
d:737:3.679597803518675e-05,2.8582116062697533,2.858211447814517,5.716386258106235
d:738:3.6219814420590524e-05,2.858211595319334,2.858211518036647,5.716386893541561
d:739:3.771843280730991e-05,2.8582116611973554,2.8582116522433445,5.716385595007893
d:740:3.60025797903063e-05,2.8582115535462336,2.8582113941865224,5.716386945152966
d:741:3.8913819043528974e-05,2.858211693938326,2.8582115945191067,5.716384374638389
d:742:3.681999869797892e-05,2.858211670889821,2.8582115954319463,5.716386446323069
d:743:3.645961781550966e-05,2.858211635324592,2.85821148939292,5.716386665099696
d:744:3.664866706643011e-05,2.8582116463955103,2.8582114358203867,5.716386433548831
d:745:3.545463600218568e-05,2.858211613801494,2.858211461397639,5.716387620563131
d:746:3.536638322998442e-05,2.8582115884615593,2.8582114893646366,5.716387711442966
d:747:3.783911346388891e-05,2.85821168144183,2.858211613340183,5.716385455668549
d:748:3.675125249635869e-05,2.858211691372583,2.858211584527929,5.716386524648016
d:749:3.8279061014279137e-05,2.858211603739388,2.858211505825558,5.716384830503932
d:750:3.6790640130845986e-05,2.858211595319334,2.8582114948766257,5.716386299555829
d:751:3.4702359215543765e-05,2.858211700658895,2.8582115976890474,5.716388595988727
d:752:3.682183905695524e-05,2.8582116582861463,2.858211537609563,5.716386374056652
d:753:3.615615132979144e-05,2.8582115689265404,2.8582113830986433,5.716386795873854
d:754:3.545930115045337e-05,2.858211619712442,2.8582116520936047,5.716387812504896
d:755:3.781176675410336e-05,2.858211611130768,2.8582114694763927,5.716385268840407
d:756:3.732626333174949e-05,2.858211585907103,2.85821136590212,5.716385625545891
d:757:3.765495464058688e-05,2.8582115873236145,2.8582114886761385,5.716385421045112
d:758:3.7065658577972727e-05,2.858211585588352,2.858211362950515,5.716385882880289
d:759:3.5757636576150276e-05,2.858211610856687,2.8582114701145542,5.716387323334665
d:760:3.728699579141903e-05,2.858211664416215,2.8582116401394817,5.7163860175599055
d:761:3.654973371425285e-05,2.858211582188064,2.8582113755377403,5.71638640799209
d:762:3.6338640381217147e-05,2.8582116184655213,2.8582114371281797,5.71638671695332
d:763:3.6746228019524096e-05,2.8582116178343924,2.858211441579556,5.716386313185929
d:764:3.723578450376408e-05,2.8582116019576933,2.858211412776816,5.716385778950006
d:765:3.468429512309967e-05,2.858211661900267,2.8582116648611056,5.716388642466249
d:766:3.5868340535927246e-05,2.8582116057566562,2.8582115026234174,5.716387240039538
d:767:3.7644908143619205e-05,2.858211564411926,2.858211382527408,5.71638530203119
d:768:3.7034835266069877e-05,2.858211564403547,2.858211517403287,5.716386046971568
d:769:3.7295684910176874e-05,2.8582115987140497,2.858211337963043,5.716385640992183
d:770:3.861714319164378e-05,2.8582116076128834,2.8582114165574737,5.716384407027165
d:771:3.843358360633431e-05,2.858211672792242,2.8582115688498693,5.716384808058505
d:772:3.50274462803668e-05,2.8582116582861463,2.8582115585283177,5.716388189368184
d:773:3.58950381968981e-05,2.8582116014016616,2.858211358666651,5.716387065030116
d:774:3.7161102836691384e-05,2.8582115945745983,2.8582116753975555,5.716386108869317
d:775:3.630700712520252e-05,2.858211573809111,2.8582114954040314,5.716386762206017
d:776:3.504177079172166e-05,2.85821159605867,2.8582117024317153,5.716388256719593
d:777:3.5386271271420355e-05,2.8582115936024604,2.858211409007321,5.71638761633851
d:778:3.625051747135899e-05,2.8582117029801335,2.8582115729061552,5.716387025368817
d:779:3.533110451314769e-05,2.858211715151226,2.858211578702301,5.716387962749014
d:780:3.4917537689693745e-05,2.8582115982279053,2.8582114027314045,5.71638808342162
d:781:3.569291330585145e-05,2.8582115989635124,2.858211693081321,5.716387599131528
d:782:3.4836729016163304e-05,2.8582115593526076,2.858211498938042,5.716388221561633
d:783:3.5538006278201806e-05,2.858211619712442,2.8582116479118653,5.716387729618029
d:784:3.566783574981969e-05,2.85821159810512,2.858211349132274,5.716387279401644
d:785:3.623851288203639e-05,2.8582116797857076,2.858211401871255,5.716386843144081
d:786:3.7642083501765455e-05,2.8582116216785813,2.8582114964879874,5.716385476083067
d:787:3.559531261743132e-05,2.858211645569968,2.8582115951844766,5.716387645441827
d:788:3.6594839134096446e-05,2.858211616490564,2.8582114454482905,5.716386467099721
d:789:3.607208885192392e-05,2.85821168144183,2.8582115757115147,5.716387185064493
d:790:3.585585512766443e-05,2.858211603739388,2.858211506472779,5.7163872543570395
d:791:3.461692459616472e-05,2.8582116032695097,2.8582115039465688,5.716388490291482
d:792:3.488158247222373e-05,2.858211678804528,2.8582114993781236,5.716388296600179
d:793:3.4148687225510344e-05,2.85821162977256,2.858211549546544,5.716389030631879
d:794:3.5662789416690543e-05,2.858211687058782,2.858211481831214,5.716387506100579
d:795:3.496312581496852e-05,2.858211612350166,2.858211460648702,5.716388109873053
d:796:3.5914628309541285e-05,2.858211618193911,2.8582114006348256,5.716387104200427
d:797:3.618158794793658e-05,2.8582116588334383,2.8582114095178124,5.716386886763303
d:798:3.5938652276357175e-05,2.858211564403547,2.858211512959656,5.716387138710926
d:799:3.4490694304167846e-05,2.8582116262047084,2.8582114982549864,5.716388633765391
d:800:3.489114576815666e-05,2.85821159810512,2.858211368882758,5.71638807584211
d:801:3.464863394064821e-05,2.8582115818228253,2.858211695574573,5.7163886287634575
d:802:3.3898480857885716e-05,2.8582115765765117,2.8582115382049604,5.716389216300614
d:803:3.5370604855700094e-05,2.8582116019576933,2.858211380176817,5.716387611529655
d:804:3.3986975719102475e-05,2.8582116062697533,2.8582113962782625,5.716389015572297
d:805:3.594525899863754e-05,2.858211679708603,2.85821150404575,5.716387238495354
d:806:3.4935022441118235e-05,2.8582116463955103,2.858211439980087,5.716388151353156
d:807:3.483786771774078e-05,2.858211670889821,2.8582116442639602,5.716388477286063
d:808:3.422167261746267e-05,2.858211619552197,2.858211528009548,5.716388925889127
d:809:3.7314687961753634e-05,2.858211642692959,2.85821156002506,5.716385888030057
d:810:3.467706515536406e-05,2.8582116265715065,2.8582116137283737,5.716388563234725
d:811:3.5817501295554166e-05,2.858211671507382,2.8582114915425993,5.716387345548686
d:812:3.555017891265777e-05,2.8582116982325854,2.858211653655786,5.716387801709459
d:813:3.5138635407605534e-05,2.858211595319334,2.8582115403654242,5.716387997049351
d:814:3.527106320078133e-05,2.858211630113793,2.858211444997522,5.716387804048114
d:815:3.3389885187418145e-05,2.858211648101042,2.8582115678437923,5.716389826059647
d:816:3.5595019120648885e-05,2.858211561990533,2.858211401775531,5.716387368746943
d:817:3.6011138909941565e-05,2.858211579053606,2.8582114145484496,5.7163869824631455
d:818:3.325628854256024e-05,2.8582116415846883,2.8582115752983075,5.716389960594453
d:819:3.503618796862895e-05,2.8582116343806003,2.8582114617727914,5.716388059965423
d:820:3.343027859514791e-05,2.858211595319334,2.858211545619433,5.716389710660172
d:821:3.6058487443924037e-05,2.8582116942895137,2.8582116106414617,5.7163872464435315
d:822:3.4536823354969215e-05,2.858211657436044,2.8582114548400064,5.7163885754526955
d:823:3.416952098334036e-05,2.8582116899238894,2.858211598095995,5.716389118498901
d:824:3.458169739012362e-05,2.8582116246916094,2.858211532640391,5.7163885756346104
d:825:3.34656601523875e-05,2.858211612350166,2.8582114219622667,5.71638956865228
d:826:3.5227908844248645e-05,2.8582116415846883,2.858211518995631,5.716387932671475
d:827:3.377937886206439e-05,2.8582115722345502,2.858211722001922,5.71638951485761
d:828:3.280022009555239e-05,2.858211584345863,2.858211720744487,5.716390504870255
d:829:3.188781033536259e-05,2.8582115664587757,2.8582115397373737,5.716391218385814
d:830:3.2490857289957376e-05,2.8582115791595886,2.858211730086346,5.7163908183886445
d:831:3.512788146942114e-05,2.8582115792825338,2.858211732354695,5.716388183755759
d:832:3.487098105381392e-05,2.858211627493656,2.8582115510406574,5.7163883075532596
d:833:3.356288761935389e-05,2.858211585989615,2.858211382750353,5.716389405852349
d:834:3.4023204587896316e-05,2.85821162228177,2.8582113924549777,5.71638899153216
d:835:3.3663926513938236e-05,2.8582116588258444,2.8582114530358176,5.716389447935148
d:836:3.406521654625294e-05,2.858211564403547,2.858211533365086,5.716389032552087
d:837:3.1965954828905296e-05,2.8582116170994656,2.858211551641576,5.7163912027862125
d:838:3.5575192574910375e-05,2.8582116504594097,2.8582116200837344,5.716387695350569
d:839:3.3319713033108656e-05,2.8582116729183777,2.8582114575362727,5.716389810741617
d:840:3.4263497218134376e-05,2.858211705249026,2.858211568646025,5.716389010397833
d:841:3.4572518041287026e-05,2.8582116186414,2.8582114194645403,5.716388465587899
d:842:3.416837610004109e-05,2.858211589871006,2.8582116867818,5.716389108276706
d:843:3.45213699901592e-05,2.858211564311844,2.8582117371833213,5.716388780125175
d:844:3.503142703920048e-05,2.8582116463955103,2.8582115594303072,5.716388174398778
d:845:3.495119149832249e-05,2.858211603739388,2.8582114995426693,5.716388152090559
d:846:3.17615974037011e-05,2.8582116358705445,2.8582115585195336,5.716391432792674
d:847:3.4337132829520556e-05,2.8582116403474807,2.8582116353127436,5.716388938527395
d:848:3.3525913064380575e-05,2.8582116582861463,2.8582114820918036,5.716389614464886
d:849:3.520641977239336e-05,2.8582116837264877,2.858211611086565,5.7163880883932805
d:850:3.443590172125255e-05,2.858211623291494,2.8582114555696556,5.716388642959428
d:851:3.3875608162148296e-05,2.858211604515567,2.85821163889311,5.716389367800515
d:852:3.413691554321474e-05,2.858211584345863,2.8582117219640057,5.716389169394326
d:853:3.3996586935813866e-05,2.8582116281209977,2.8582115538662674,5.716389185400329
d:854:3.3534838811632994e-05,2.8582116076128834,2.8582113916967877,5.7163894644708595
d:855:3.3117882741962035e-05,2.858211628414262,2.8582114260149467,5.7163899365464665
d:856:3.2786587174982174e-05,2.858211616490564,2.8582115146530107,5.7163903445564
d:857:3.323626557971693e-05,2.858211618665498,2.858211437322735,5.716389819722654
d:858:3.396627863416768e-05,2.85821159538788,2.858211442665336,5.716389071774582
d:859:3.4554267134723204e-05,2.858211646570304,2.8582115103658357,5.716388602669005
d:860:3.3082510784154806e-05,2.8582116244487885,2.8582114309642552,5.71638997290226
d:861:3.25783490353615e-05,2.8582115936024604,2.8582114086235375,5.7163904238769625
d:862:3.292621572548171e-05,2.8582116281209977,2.858211593675149,5.716390295580421
d:863:3.400174199441608e-05,2.8582115804668593,2.8582117311706305,5.716389309895495
d:864:3.3547094488994844e-05,2.858211619712442,2.858211648807389,5.716389721425342
d:865:3.4376400092739345e-05,2.8582115610441985,2.8582117585346936,5.716388943178799
d:866:3.325193132219795e-05,2.858211642572101,2.858211493738578,5.716389884379357
d:867:3.266023663428541e-05,2.8582116261038646,2.8582115618932455,5.716390527760476
d:868:3.3226226438642925e-05,2.8582116463955103,2.8582115931428476,5.716390013311919
d:869:3.32481579601307e-05,2.8582115738175595,2.858211681929008,5.716390007588608
d:870:3.2299151019543615e-05,2.8582117207032756,2.8582115177400276,5.716390939292284
d:871:3.3110300986294305e-05,2.858211707156231,2.858211551650392,5.716390148505637
d:872:3.227880079670342e-05,2.8582115701079935,2.8582117474209223,5.716391038728119
d:873:3.458932460809194e-05,2.8582116845889285,2.8582115424184593,5.71638863768278
d:874:3.08223101246341e-05,2.858211679708603,2.8582114752547625,5.716392332653241
d:875:3.205776799575233e-05,2.858211605206339,2.8582116503840034,5.716391197822347
d:876:3.208383897757017e-05,2.858211626967588,2.8582115710319336,5.716391114160544
d:877:3.258544708906186e-05,2.858211610356795,2.858211432548096,5.716390457457802
d:878:3.21819957616043e-05,2.8582115872785803,2.858211585496127,5.716390990778946
d:879:3.152427272468117e-05,2.858211629697072,2.8582116585735076,5.716391763997855
d:880:3.2878723303042534e-05,2.8582116699102844,2.8582115933655547,5.716390384552536
d:881:3.212070781266618e-05,2.8582116313733774,2.8582116038950893,5.716391114560654
d:882:3.0344931490233762e-05,2.8582116403474807,2.8582116808326212,5.716392976248612
d:883:3.2431921860975876e-05,2.8582116289858064,2.85821157944447,5.716390776508415
d:884:3.237141778988928e-05,2.858211575740114,2.858211524890418,5.716390729212742
d:885:3.35497979317978e-05,2.858211658389031,2.858211567408018,5.7163896759991175
d:886:3.172089727598859e-05,2.8582115767586256,2.858211725259764,5.716391581121114
d:887:3.247757002888818e-05,2.8582116727107465,2.858211588957465,5.7163907840981825
d:888:3.096075493047579e-05,2.8582116735409198,2.8582116300472684,5.716392342833258
d:889:3.09670676053031e-05,2.858211515696455,2.858211758575706,5.716392307204556
d:890:3.274002722264413e-05,2.858211681782887,2.8582115756600626,5.716390517415727
d:891:3.3824934615012126e-05,2.858211678804528,2.8582115036148164,5.716389357484729
d:892:3.341818197455382e-05,2.8582116163511024,2.85821166568552,5.716389863854648
d:893:3.1490028232994405e-05,2.858211574745493,2.858211461724247,5.716391546441507
d:894:3.3306627095441854e-05,2.8582115522077434,2.8582117508759666,5.7163899964566145
d:895:3.169835059146919e-05,2.8582115709357137,2.858211764199318,5.71639163678444
d:896:3.2692753137553154e-05,2.858211564403547,2.8582115250440925,5.716390396694502
d:897:3.1715265171428086e-05,2.858211604515567,2.858211646459397,5.716391535709793
d:898:3.247712882270548e-05,2.8582116423407378,2.8582116286638275,5.716390793875743
d:899:3.110533691952355e-05,2.8582115972047504,2.858211677341165,5.716392169208996
d:900:2.9792710993348237e-05,2.858211595319334,2.85821148195822,5.716393284566561
d:901:3.247842108144994e-05,2.858211590142014,2.8582117277008017,5.716390839421734
d:902:3.1332079489132525e-05,2.8582115605006795,2.858211665268046,5.716391893689236
d:903:3.0564211241923545e-05,2.8582115723836097,2.85821179915696,5.716392807329328
d:904:3.1432835118749836e-05,2.858211715151226,2.8582115011773155,5.716391783493423
d:905:3.194814608598051e-05,2.858211637734607,2.8582115968211212,5.7163912864096424
d:906:3.110343719647801e-05,2.858211637070438,2.858211593407793,5.7163921270410345
d:907:3.2205945620589205e-05,2.858211650915214,2.8582116390433434,5.716391084012937
d:908:3.10654191864046e-05,2.8582115818689413,2.8582115603485114,5.716392076798266
d:909:3.147251862500866e-05,2.858211628414262,2.8582114650929977,5.7163916209886345
d:910:3.164439134195618e-05,2.858211603739388,2.8582114900505093,5.7163914493985555
d:911:3.2146216007333805e-05,2.858211687639237,2.8582115063495515,5.716391047772781
d:912:3.2244389815971886e-05,2.858211564403547,2.8582114853961063,5.716390805409837
d:913:3.198047699193296e-05,2.8582115970880366,2.8582114720898684,5.716391088700913
d:914:3.3084787990134146e-05,2.858211627493656,2.8582115548563323,5.716390097561998
d:915:3.286320316142621e-05,2.858211664416215,2.858211654460625,5.716390455673679
d:916:3.1247398041500674e-05,2.8582116539247853,2.8582115924251426,5.716391998951886
d:917:3.080834792967835e-05,2.8582116216785813,2.8582115865874353,5.716392399918087
d:918:3.111518987353179e-05,2.8582116845889285,2.858211504281954,5.716392073681009
d:919:3.0982650045530136e-05,2.858211564691281,2.858211784379824,5.71639236642106
d:920:3.131060449490519e-05,2.8582115928414638,2.8582117209038955,5.716392003140864
d:921:3.0800231531458167e-05,2.858211619712442,2.8582117238118965,5.716392543292807
d:922:3.0072375212242264e-05,2.858211515696455,2.8582118207385907,5.716393264059834
d:923:3.161702695209101e-05,2.8582116808613858,2.85821163984472,5.716391703679154
d:924:3.23037985445751e-05,2.858211564403547,2.858211496011812,5.716390756616814
d:925:3.0317416200631442e-05,2.8582115657107927,2.858211497422781,5.716392745717373
d:926:3.147939114889198e-05,2.8582116951633854,2.858211628289194,5.71639184406143
d:927:3.12259437880158e-05,2.8582115420304177,2.85821180832823,5.71639212441486
d:928:3.1198265386223056e-05,2.858211619712442,2.8582117150458153,5.716392136492871
d:929:3.2323050890070704e-05,2.8582115937099797,2.8582117088382315,5.716390979497321
d:930:3.2032520410396614e-05,2.8582115244601525,2.8582117951683053,5.716391287108047
d:931:3.118290710268923e-05,2.858211679708603,2.858211598581672,5.716392095383172
d:932:3.18756018913291e-05,2.8582115690961754,2.8582115473074534,5.716391240801737
d:933:3.2283602326543814e-05,2.8582115690961754,2.858211551975769,5.716390837469618
d:934:3.07395799978849e-05,2.858211679708603,2.8582116097846324,5.7163925499132375
d:935:3.141566308428878e-05,2.8582115244601525,2.8582118076296457,5.716391916426714
d:936:3.2449178293703085e-05,2.858211619712442,2.858211704081226,5.716390874615374
d:937:3.166255370068427e-05,2.8582116403474807,2.858211669359303,5.716391647153083
d:938:3.169672333314111e-05,2.858211576284864,2.8582118009967274,5.716391680558258
d:939:3.2006819537855336e-05,2.858211658389031,2.8582116194866813,5.716391271056175
d:940:3.3079275095104776e-05,2.8582116212631075,2.8582118373672785,5.716390379355291
d:941:3.144117571096672e-05,2.8582115750979415,2.8582118126465463,5.716391946568777
d:942:3.157536386133586e-05,2.858211567362849,2.858211514938743,5.716391506937731
d:943:3.0301362299312018e-05,2.85821162787877,2.858211631728242,5.716392958244713
d:944:3.212954454490102e-05,2.8582116415846883,2.858211602173869,5.716391114214012
d:945:3.0295134616054042e-05,2.858211576390607,2.858211508519858,5.716392789775849
d:946:3.144272156241357e-05,2.858211626932185,2.8582116104818507,5.716391794692473
d:947:3.1918809295206074e-05,2.85821159415147,2.8582117522348582,5.716391427577033
d:948:3.164236764519046e-05,2.8582116430047577,2.8582116168367104,5.716391617473823
d:949:3.282461806008996e-05,2.8582115624963382,2.8582114881428424,5.716390226021121
d:950:3.296314513612231e-05,2.858211616698192,2.858211573957888,5.716390227510944
d:951:3.1187393650711215e-05,2.858211692341106,2.858211547954248,5.716392052901703
d:952:3.086440113087008e-05,2.8582115593526076,2.858211461413539,5.716392156365016
d:953:3.209791579195098e-05,2.8582115582789367,2.858211801458646,5.716391261821791
d:954:3.133787024545143e-05,2.8582115158805923,2.8582118018534253,5.716391979863772
d:955:2.9741993905929576e-05,2.858211610008137,2.8582115305518556,5.716393398566087
d:956:3.0180335652829626e-05,2.858211629697072,2.8582116060494496,5.716393055410869
d:957:3.145399534609794e-05,2.858211637070438,2.858211596061871,5.716391779136963
d:958:2.9539597919736593e-05,2.8582116152381385,2.858211554087786,5.716393629728005
d:959:3.213186341533003e-05,2.858211657436044,2.858211624809778,5.716391150382407
d:960:3.174197725996919e-05,2.8582115791595886,2.8582116954866272,5.716391532668956
d:961:3.210526821284532e-05,2.858211615079572,2.858211625702955,5.716391135514314
d:962:3.1567995259607073e-05,2.8582115793165386,2.8582114919544352,5.716391503275714
d:963:3.01203251407145e-05,2.8582116349233235,2.8582115574671967,5.7163930720653795
d:964:3.0916016426019155e-05,2.8582116982325854,2.8582115022325905,5.71639228444875
d:965:3.064681893150123e-05,2.8582115778671096,2.8582118221163704,5.716392753164548
d:966:3.058261212984803e-05,2.858211584345863,2.858211651645396,5.716392653379129
d:967:3.0387788170216368e-05,2.8582115738175595,2.8582117138384664,5.716392899867856
d:968:2.9815972558466797e-05,2.8582115311646223,2.858211794901324,5.716393510093388
d:969:3.0489392678134664e-05,2.8582116543576213,2.858211576776206,5.716392741741149
d:970:2.9545811134568112e-05,2.8582115413850406,2.8582117977021007,5.716393793276007
d:971:2.9460601869146785e-05,2.858211544553436,2.8582117230098145,5.716393806961381
d:972:2.9188002518054645e-05,2.858211584345863,2.8582116931550026,5.716394089498348
d:973:2.9608522282842387e-05,2.8582115715686705,2.858211831730433,5.71639379477682
d:974:3.0278807242822836e-05,2.8582117003575522,2.858211536430032,5.716392957980341
d:975:3.007660817822e-05,2.858211594738732,2.8582115069175327,5.716393025048086
d:976:3.1191215846604337e-05,2.8582115999972935,2.858211460598847,5.716391869380294
d:977:2.839528876918962e-05,2.8582116364292567,2.858211576147699,5.716394817288187
d:978:3.0419180815144387e-05,2.8582116542145872,2.8582115968943516,5.716392831928124
d:979:3.0492006933613425e-05,2.858211564403547,2.8582115236296115,5.716392596026225
d:980:3.181879308655766e-05,2.8582115723836097,2.8582117974693766,5.7163915510599
d:981:2.8685939414074824e-05,2.8582115524147618,2.8582118007275756,5.716394667202923
d:982:3.079571392916591e-05,2.8582116277210794,2.8582117916474648,5.716392623654615
d:983:3.013894714598564e-05,2.858211691372583,2.8582115286206697,5.716393081046107
d:984:3.099368180592421e-05,2.858211595319334,2.85821145449615,5.716392056133678
d:985:2.9789913178035476e-05,2.8582115764940585,2.8582117763842927,5.716393562965173
d:986:2.972403187406769e-05,2.858211621409369,2.858211802788176,5.716393700165671
d:987:3.102723112213823e-05,2.8582116358705445,2.8582115203257104,5.716392128965133
d:988:3.068529474781201e-05,2.8582115913769357,2.858211693427682,5.71639259950987
d:989:3.050396287562762e-05,2.8582116240317887,2.8582115877706347,5.716392707839548
d:990:3.044894588732916e-05,2.85821162922681,2.858211498064131,5.716392678345054
d:991:3.0130471364131495e-05,2.858211641063839,2.858211582959216,5.716393093551691
d:992:2.9577316137618936e-05,2.858211641759139,2.85821154329175,5.7163936077347515
d:993:3.06553670537113e-05,2.8582115636471475,2.8582118361664364,5.71639274444653
d:994:2.8942318470726036e-05,2.858211584345863,2.858211689031606,5.716394331058998
d:995:3.085700382676748e-05,2.858211630578209,2.8582116397213557,5.716392413295738
d:996:3.1074796847718744e-05,2.8582115791595886,2.8582117223714363,5.716392226734177
d:997:3.0057365920654888e-05,2.8582115675164577,2.858211828770907,5.716393338921444
d:998:3.0207269412940718e-05,2.858211686143701,2.85821152587169,5.716393004745978
d:999:3.0259325244585966e-05,2.8582116170994656,2.858211498659827,5.716392856434048
d:1000:3.0054020635716938e-05,2.858211595319334,2.858211465447182,5.71639300674588
d:1001:2.9162534874060952e-05,2.858211622895583,2.858211501354953,5.716393961715662
d:1002:3.0926560683042226e-05,2.858211670889821,2.8582115292286634,5.716392273557801
d:1003:3.079183534993035e-05,2.858211562910748,2.8582118449009783,5.7163926159763765
d:1004:2.944972569629556e-05,2.8582115791595886,2.858211737604602,5.716393867038494
d:1005:3.0366352040900324e-05,2.858211661900267,2.858211618491021,5.716392914039247
d:1006:2.882600704090521e-05,2.8582115757632973,2.8582117355111567,5.716394485267413
d:1007:3.0246356800489593e-05,2.8582115864897,2.858211825148004,5.716393165280904
d:1008:2.9661894481947115e-05,2.858211705249026,2.8582116387655905,5.716393682120135
d:1009:2.9647891981454677e-05,2.8582115770454575,2.8582114789885154,5.716393408141991
d:1010:2.97102257764692e-05,2.858211574506665,2.858211843391473,5.716393707672362
d:1011:2.9413035800729403e-05,2.8582116547401863,2.8582118085220056,5.716394050226391
d:1012:2.9550440276082668e-05,2.858211652782911,2.858211606777175,5.71639370911981
d:1013:2.9482506368694317e-05,2.8582115431908566,2.8582117192111465,5.716393779895634
d:1014:2.9343688709104754e-05,2.8582117039770996,2.858211647693082,5.716394007981473
d:1015:2.9435423643420222e-05,2.858211645968874,2.858211588651155,5.716393799196386
d:1016:2.807296586659902e-05,2.8582116184655213,2.858211599981635,5.71639514548129
d:1017:2.9605352185768652e-05,2.8582116347068762,2.8582115115424305,5.716393540897121
d:1018:3.0419834336825602e-05,2.8582116212631075,2.858211768484786,5.7163929699135565
d:1019:3.0840112527741326e-05,2.858211641959006,2.858211534814828,5.716392336661306
d:1020:2.9576791964913696e-05,2.8582116640364443,2.8582115973780287,5.716393684622508
d:1021:2.8887301283475608e-05,2.8582116073699275,2.8582115845861296,5.716394304654774
d:1022:2.8388518224176096e-05,2.8582116982325854,2.8582115843989673,5.7163948941133285
d:1023:2.8846833211915168e-05,2.8582115244601525,2.8582117788899133,5.716394456516854
d:1024:2.9452700999854642e-05,2.858211660151998,2.858211625044273,5.716393832495271
d:1025:3.109364410747162e-05,2.858211624680232,2.858211813793691,5.716392344829815
d:1026:2.933924968395729e-05,2.8582115800907797,2.8582118396031326,5.716394080444228
d:1027:2.9858072799981983e-05,2.858211582435368,2.8582118162354107,5.716393540597979
d:1028:3.025049606364405e-05,2.858211672792242,2.858211609238511,5.71639303153469
d:1029:2.970453505568571e-05,2.8582115723836097,2.858211781284517,5.716393649133071
d:1030:3.085224127730157e-05,2.858211635638087,2.858211540933027,5.716392324329837
d:1031:3.0437314809006466e-05,2.858211642572101,2.8582116290483466,5.716392834305639
d:1032:3.033844297739563e-05,2.8582116685726096,2.8582116156494273,5.716392945779059
d:1033:2.8286191861681687e-05,2.8582116605062566,2.858211557035247,5.716394931349642
d:1034:2.8706476935980163e-05,2.8582116212631075,2.8582117978124426,5.716394712598614
d:1035:2.8641734136414243e-05,2.858211676645963,2.8582115988298824,5.716394633741709
d:1036:2.9392160987740112e-05,2.8582116415846883,2.8582115142448696,5.71639376366857
d:1037:2.9453133752355143e-05,2.858211592734664,2.8582114696327796,5.716393609233691
d:1038:2.8661660660844746e-05,2.858211637070438,2.8582115325613042,5.716394507971081
d:1039:3.0250621119165544e-05,2.858211631004341,2.8582115284185825,5.716392908801804
d:1040:2.9005897218326027e-05,2.858211574506665,2.858211835422477,5.716394404031924
d:1041:2.9163154870559538e-05,2.8582115970563162,2.85821161356335,5.716394047464796
d:1042:2.9527124809192173e-05,2.8582116973618827,2.858211631488645,5.716393801725719
d:1043:3.0167607324216306e-05,2.8582117123223085,2.8582116553807246,5.716393200095709
d:1044:2.8049794130069472e-05,2.858211619712442,2.8582115791429548,5.716395149061267
d:1045:2.9690661898840176e-05,2.8582116212631075,2.858211816077839,5.7163937466790475
d:1046:2.7494964841778824e-05,2.858211698103716,2.8582116280886396,5.716395831227514
d:1047:2.777230284678467e-05,2.8582115799107015,2.8582118001235415,5.716395607731396
d:1048:2.9293259267149097e-05,2.8582115800907797,2.8582118073469243,5.716394094178437
d:1049:2.9336558606374297e-05,2.858211627286508,2.85821183760158,5.7163941283294815
d:1050:2.885743344016589e-05,2.8582116216785813,2.8582115029405397,5.716394267185681
d:1051:2.911060890298245e-05,2.858211589871006,2.858211627520383,5.716394106782486
d:1052:2.8438345808012855e-05,2.858211627493656,2.8582115044318446,5.7163946935796925
d:1053:2.7810422066565366e-05,2.8582116213598017,2.8582118160665146,5.71639562700425
d:1054:3.009732269987353e-05,2.8582115244601525,2.858211704393348,5.7163931315308005
d:1055:2.9994611406181093e-05,2.858211589186922,2.8582117821101285,5.7163933766856445
d:1056:2.7965610893687654e-05,2.8582115770131775,2.8582117582843694,5.716395369686653
d:1057:2.7071124659272527e-05,2.8582116568271996,2.8582115204708245,5.716396106173365
d:1058:2.894033900524562e-05,2.858211572690198,2.8582118005224686,5.716394432873662
d:1059:2.892555304967459e-05,2.8582115626040014,2.8582117668220004,5.716394403872952
d:1060:2.7671871883683252e-05,2.8582115158805923,2.858211671771265,5.716395515779974
d:1061:2.850982650848266e-05,2.858211573686935,2.858211763699046,5.716394827559473
d:1062:2.970017380299339e-05,2.8582115770131775,2.8582117694580553,5.71639364629743
d:1063:3.0065480876473316e-05,2.858211658668308,2.8582115176171854,5.716393110804617
d:1064:2.8690415245336e-05,2.858211596386665,2.85821175669256,5.71639466266398
d:1065:2.8876832962154708e-05,2.858211589186922,2.8582117783761536,5.716394490730114
d:1066:2.714901970435335e-05,2.858211525292978,2.858211656888164,5.716396033161438
d:1067:2.8686733294591704e-05,2.8582116019599155,2.8582117723977074,5.716394687624328
d:1068:2.8051969168885194e-05,2.8582116113394616,2.8582117534304228,5.7163953128007154
d:1069:2.7884503536412808e-05,2.858211658668308,2.858211516208998,5.71639529037377
d:1070:2.820865218566837e-05,2.8582115770131775,2.8582117959810542,5.716395164342046
d:1071:2.7432840598251573e-05,2.858211548091571,2.858211757189599,5.716395872440572
d:1072:2.700411423006699e-05,2.858211576284864,2.8582116801880577,5.716396252358692
d:1073:2.7939030195156533e-05,2.8582115524147618,2.858211709420205,5.716395322804772
d:1074:2.814474441414916e-05,2.8582116543952374,2.858211793975469,5.7163953036262924
d:1075:2.689400365696315e-05,2.8582116868995,2.858211601590968,5.716396394486811
d:1076:2.80812782911255e-05,2.8582115945969235,2.8582117862955077,5.71639529961414
d:1077:2.933965948948014e-05,2.8582115641110963,2.858211661719551,5.716393886171158
d:1078:2.8599134935802795e-05,2.8582116403474807,2.8582115110434128,5.716394552255958
d:1079:2.7010740179633785e-05,2.858211603096251,2.8582115309251694,5.716396123281241
d:1080:2.9401635282866323e-05,2.8582115158805923,2.8582116783665175,5.716393792611827
d:1081:2.6836176973077386e-05,2.858211614979801,2.858211806658817,5.716396585461645
d:1082:2.7501395127416117e-05,2.858211588224318,2.8582115909634283,5.716395677792619
d:1083:2.8164758669291245e-05,2.858211658389031,2.8582114800142033,5.716394973644565
d:1084:2.8261483286939892e-05,2.8582115973734936,2.858211791333689,5.716395127223896
d:1085:3.0394680253564843e-05,2.8582115734553106,2.858211760031139,5.716392938806196
d:1086:2.8476673405108954e-05,2.858211637734607,2.85821147131756,5.716394632378762
d:1087:2.8478474458637493e-05,2.858211660847102,2.8582116051560185,5.716394787528662
d:1088:2.981996267692466e-05,2.858211574506665,2.8582117597401027,5.716393514284091
d:1089:2.7306740991051015e-05,2.8582116403474807,2.8582115197854083,5.716395853391898
d:1090:2.951160015030041e-05,2.8582116178343924,2.8582115301211015,5.716393636355344
d:1091:2.874895898230534e-05,2.858211637740931,2.8582114702408727,5.7163943590228214
d:1092:2.9200755498948183e-05,2.8582116463955103,2.8582114659560496,5.716393911596061
d:1093:2.982251998240315e-05,2.858211660767953,2.85821157850925,5.716393416757221
d:1094:2.875272035574028e-05,2.8582116066401095,2.8582117161795626,5.716394570099316
d:1095:2.826885481610475e-05,2.8582117022149394,2.858211558986966,5.716394992347089
d:1096:2.7908294706335823e-05,2.858211571562638,2.8582117674720795,5.716395430740011
d:1097:2.930801807288219e-05,2.8582115890476203,2.8582117522224717,5.716394033252019
d:1098:2.845934268691508e-05,2.858211617352115,2.8582117257847326,5.716394883794161
d:1099:2.8011814439565796e-05,2.8582116547401863,2.858211777360726,5.716395420286473
d:1100:2.7281618189434198e-05,2.8582116699102844,2.858211446660814,5.716395834952909
