data: dataset/mnist_data/
d:1:1.0333409386564938,1.8821616182259504,1.8821616204406055,2.730982300010062
d:2:1.1143238589506659,1.8821616212834051,1.8821616212834051,2.6499993836161444
d:3:0.7219592598035938,1.8821616221262119,1.8821616243408634,3.0423639866634815
d:4:0.8543016307535183,1.8821616251836666,1.8821616251836666,2.910021619613815
d:5:0.5898466369522879,1.8821616338269855,1.8821616360416442,3.174476632916342
d:6:0.7401437658778711,1.8821616290839245,1.8821616290839245,3.024179492289978
d:7:0.5195505984740088,1.8821616329841824,1.8821616329841824,3.244772667494356
d:8:0.6978482522286313,1.8821616407846982,1.8821616407846982,3.066475029340765
d:9:0.5339054918961104,1.8821616407846982,1.8821616407846982,3.230417789673286
d:10:0.6762240579809387,1.8821616446849596,1.8821616446849596,3.0880992313889806
d:11:0.5071928109588093,1.8821616407846982,1.8821616407846982,3.257130470610587
d:12:0.607065961426418,1.8821616407846982,1.8821616407846982,3.1572573201429783
d:13:0.4142052745446172,1.8821616446849596,1.8821616446849596,3.350118014825302
d:14:0.5517273702238192,1.8821616602859947,1.8821616602859947,3.2125959503481702
d:15:0.3719367039132777,1.8821616641862562,1.8821616641862562,3.3923866244592347
d:16:0.5128096391911718,1.8821616563857368,1.8821616563857368,3.251513673580302
d:17:0.34743951264045947,1.882161653328275,1.8821616555429337,3.4168837962307492
d:18:0.48966271592097854,1.8821616758870334,1.8821616758870334,3.2746606358530883
d:19:0.33805534272428517,1.8821616572285365,1.8821616594431916,3.426267973947443
d:20:0.4858710642015325,1.8821616641862562,1.8821616641862562,3.27845226417098
d:21:0.3491209285724892,1.8821616875878107,1.8821616875878107,3.415202446603132
d:22:0.46573996517728844,1.8821616836875492,1.8821616836875492,3.29858340219781
d:23:0.31940315040344913,1.882161671986772,1.882161671986772,3.444920193570095
d:24:0.4116588817940823,1.8821616875878107,1.8821616875878107,3.352664493381539
d:25:0.2713108517545013,1.8821616836875492,1.8821616836875492,3.493012515620597
d:26:0.38672686173865856,1.8821616953883265,1.8821616953883265,3.3775965290379943
d:27:0.2491338023686236,1.8821617109893616,1.8821617109893616,3.5151896196100996
d:28:0.3630940628615491,1.8821616875878107,1.8821616875878107,3.401229312314072
d:29:0.23601716992329003,1.8821616836875492,1.8821616836875492,3.5283061974518084
d:30:0.34689307737898645,1.8821617226901388,1.8821617226901388,3.417430368001291
d:31:0.22565670098354218,1.8821617109893616,1.8821617109893616,3.538666720995181
d:32:0.33361691135476335,1.8821617187898845,1.8821617187898845,3.4307065262250056
d:33:0.20976458327596248,1.8821617040316454,1.882161706246304,3.554558827001987
d:34:0.3166396038364816,1.8821616875878107,1.8821616875878107,3.4476837713391397
d:35:0.1976731008817172,1.882161742191439,1.882161742191439,3.5666503835011607
d:36:0.29993853947514104,1.8821617109893616,1.8821617109893616,3.464384882503582
d:37:0.18939298710166597,1.882161719632684,1.8821617218473392,3.5749304543783573
d:38:0.28826878374156806,1.8821616953883265,1.8821616953883265,3.476054607035085
d:39:0.18011735090741787,1.8821617460917004,1.8821617460917004,3.584206141275983
d:40:0.2744809309602765,1.8821617031888458,1.8821617031888458,3.489842475417415
d:41:0.16979636433088707,1.8821617577924812,1.8821617577924812,3.5945271512540753
d:42:0.2609122047961616,1.882161769493262,1.882161769493262,3.5034113341903623
d:43:0.16366329484054098,1.8821617469345036,1.8821617491491587,3.6006602012431213
d:44:0.2572658647932595,1.8821617265904003,1.8821617265904003,3.507057588387541
d:45:0.1579525551930434,1.8821617811940392,1.8821617811940392,3.606371007195035
d:46:0.24223800471393986,1.882161761692739,1.8821617616927355,3.5220855186715347
d:47:0.14653046616499665,1.8821617781365845,1.8821617803512396,3.6177930923228274
d:48:0.22619992390467303,1.8821617811940392,1.8821617811940392,3.5381236384834054
d:49:0.13838118165314484,1.8821617820368424,1.8821617842514975,3.625942384635195
d:50:0.21452498192086722,1.8821617811940392,1.8821617811940392,3.549798580467211
d:51:0.1307319742969586,1.8821617859371038,1.882161788151759,3.633591599791904
d:52:0.20447247765023846,1.882161796795078,1.882161796795078,3.5598511159399173
d:53:0.12396034919113141,1.8821617820368424,1.8821617842514975,3.6403632170972084
d:54:0.192888120300168,1.8821618162963816,1.8821618162963816,3.571435512292595
d:55:0.11681102958105427,1.8821617898373617,1.8821617920520168,3.6475125523083243
d:56:0.18428541416589717,1.882161796795078,1.882161796795078,3.5800381794242586
d:57:0.11244286494636846,1.882161769493262,1.882161769493262,3.6518806740401555
d:58:0.17850859947303022,1.882161796795078,1.882161796795078,3.5858149941171256
d:59:0.10759310304315584,1.8821617811940392,1.8821617811940392,3.6567304593449226
d:60:0.16980886525729133,1.8821617811940392,1.8821617811940392,3.594514697130787
d:61:0.1019674718650112,1.8821618045956008,1.8821618045956008,3.6623561373261904
d:62:0.16153373482022104,1.8821618318974238,1.8821618318974238,3.6027899289746266
d:63:0.09637061257193302,1.8821618513987275,1.8821618513987275,3.667953090225522
d:64:0.15314576613890196,1.8821617811940392,1.8821617811940392,3.6111777962491765
d:65:0.0921564385611866,1.8821617703360616,1.8821617725507167,3.6721671043255917
d:66:0.14686163706083377,1.882161769493262,1.882161769493262,3.61746190192569
d:67:0.08888453390305173,1.8821618327402305,1.8821618349548856,3.6754391337920644
d:68:0.14054474862681055,1.882161820196643,1.882161820196643,3.6237788917664755
d:69:0.08460684888177283,1.8821618513987275,1.8821618513987275,3.679716853915682
d:70:0.13503489347110964,1.8821618787005505,1.8821618787005505,3.6292888639299914
d:71:0.08039460254803643,1.882161761692739,1.8821617616927355,3.683928920837438
d:72:0.12922690923807068,1.8821617811940392,1.8821617811940392,3.6350966531500077
d:73:0.07700589651948953,1.882161774236323,1.8821617764509782,3.6873176541678117
d:74:0.12417273754276792,1.88216179289482,1.88216179289482,3.640150848246872
d:75:0.07344448763605449,1.8821617811940392,1.8821617811940392,3.690879074752024
d:76:0.11894246784654605,1.882161843598201,1.882161843598201,3.645381219349856
d:77:0.06984153719154484,1.882161769493262,1.882161769493262,3.694482001794979
d:78:0.11471029141084443,1.8821618982018578,1.8821618982018578,3.649613504992871
d:79:0.06777477978853774,1.882161895144403,1.8821618973590546,3.69654901271492
d:80:0.11071968728890802,1.8821617811940392,1.8821617811940392,3.6536038750991704
d:81:0.06521754800863988,1.8821619216034264,1.8821619216034264,3.699106295198213
d:82:0.10644127006023929,1.882161917703165,1.882161917703165,3.6578825653460907
d:83:0.062499627542205616,1.882161827997166,1.882161827997166,3.701824028452126
d:84:0.10234368918363401,1.8821618513987275,1.8821618513987275,3.661980013613821
d:85:0.060053813943486745,1.882161820196643,1.882161820196643,3.7042698264497993
d:86:0.09882860305965835,1.8821618318974238,1.8821618318974238,3.6654950607351893
d:87:0.058047774393228835,1.882161909902642,1.882161909902642,3.7062760454120554
d:88:0.0963640422815093,1.8821618123961201,1.8821618123961201,3.667959582510731
d:89:0.05641218876785459,1.8821618709000312,1.8821618709000312,3.7079115530322078
d:90:0.09299597684204386,1.882161956705783,1.882161956705783,3.671327936569522
d:91:0.05420549618313686,1.882161796795078,1.882161796795078,3.710118097407019
d:92:0.08946166581472603,1.8821618513987275,1.8821618513987275,3.674862036982729
d:93:0.05229908376846737,1.882161891244138,1.8821618934587931,3.712024700934464
d:94:0.08677454425624731,1.8821618709000312,1.8821618709000312,3.677549197543815
d:95:0.05065437093270475,1.882161917703165,1.882161917703165,3.7136694644736252
d:96:0.08441241824657197,1.882161968406571,1.882161968406571,3.67991151856657
d:97:0.049265379948337795,1.8821619333042143,1.8821619333042143,3.715058486660091
d:98:0.0821631805328149,1.8821618787005505,1.8821618787005505,3.682160576868286
d:99:0.04790549945262512,1.8821618327402305,1.8821618349548856,3.716418168242491
d:100:0.0806345294206956,1.8821619762070938,1.8821619762070938,3.683689422993492
d:101:0.04745674949907652,1.882161843598201,1.882161843598201,3.7168669376973256
d:102:0.08008701011350894,1.882161886501077,1.882161886501077,3.684236762888645
d:103:0.04709744981085784,1.882161899044661,1.882161901259316,3.717226350493119
d:104:0.07956349511103511,1.882161999608666,1.882161999608666,3.684760504106297
d:105:0.047206790638302465,1.8821620152097154,1.8821620152097154,3.7171172397811283
d:106:0.07978723746945349,1.882161886501077,1.882161886501077,3.6845365355327004
d:107:0.047524141647176776,1.8821618709000312,1.8821618709000312,3.7167996001528856
d:108:0.07992340129355924,1.8821619216034264,1.8821619216034264,3.6844004419132936
d:109:0.048093248764070395,1.8821618795433572,1.8821618817580124,3.716230512537299
d:110:0.08043730887747635,1.8821618982018578,1.8821618982018578,3.683886487526239
d:111:0.04852081052553814,1.882162008251992,1.8821620104666508,3.7158032081931047
d:112:0.0804296260399564,1.8821619060023806,1.8821619060023806,3.683894185964805
d:113:0.04868044000130567,1.8821620191099768,1.8821620191099768,3.715643598218648
d:114:0.08101478051841582,1.8821619918081396,1.8821619918081396,3.6833092030978634
d:115:0.04945070338937718,1.8821619848504199,1.882161987065075,3.7148732685261177
d:116:0.08165953821335492,1.8821620230102383,1.8821620230102383,3.6826645078071216
d:117:0.05022742203288999,1.8821619731496355,1.8821619753642906,3.714096526481036
d:118:0.08248199910936549,1.8821620113094504,1.8821620113094504,3.6818420235095353
d:119:0.05122224264405695,1.8821619185459681,1.8821619207606233,3.7131015966625345
d:120:0.08343971150177154,1.8821620152097154,1.8821620152097154,3.680884318917659
d:121:0.052278602166635935,1.8821619840076202,1.8821619840076202,3.7120453658486046
d:122:0.08456009293938571,1.882162042511549,1.8821620425115526,3.679763992083716
d:123:0.053564375234893546,1.8821619965512077,1.8821619987658629,3.710759620082177
d:124:0.08579722096839149,1.8821619528055216,1.8821619528055216,3.6785266846426516
d:125:0.05539910959899075,1.8821620737136548,1.8821620737136548,3.708925037828319
d:126:0.08794783185985189,1.8821620971152342,1.8821620971152342,3.6763763623706165
d:127:0.05789487659997761,1.882162054212337,1.882162054212337,3.7064292318246963
d:128:0.09031339931265592,1.8821620308107683,1.8821620308107683,3.6740106623088806
d:129:0.06027683307562448,1.8821619146457067,1.8821619168603618,3.704046998430444
d:130:0.09238888833234782,1.8821618982018578,1.8821618982018578,3.6719349080713677
d:131:0.06283182233770823,1.882161965349109,1.8821619675637677,3.7014921105751686
d:132:0.09503736455626388,1.8821618982018578,1.8821618982018578,3.6692864318474516
d:133:0.06517834079044071,1.8821620277533064,1.8821620299679616,3.6991457169308273
d:134:0.09650253739922299,1.8821619645063095,1.8821619645063095,3.667821391613396
d:135:0.06700147152088753,1.8821621322176014,1.8821621322176014,3.6973227929143153
d:136:0.0985294935508012,1.8821619528055216,1.8821619528055216,3.665794412060242
d:137:0.06946167424922223,1.8821619380472754,1.8821619402619305,3.6948622040599837
d:138:0.10049959992693402,1.8821621205168135,1.8821621205168135,3.663824641106693
d:139:0.07126924491103637,1.8821620230102383,1.8821620230102383,3.69305480110944
d:140:0.10192471990871788,1.8821620152097154,1.8821620152097154,3.662399310510713
d:141:0.07270742527672525,1.8821619614488512,1.8821619636635063,3.6916164998356322
d:142:0.10307011426128732,1.8821620386112876,1.8821620386112876,3.661253962961288
d:143:0.07400939851184951,1.8821618982018578,1.8821618982018578,3.690314397891866
d:144:0.10391885357335262,1.882162062012867,1.882162062012867,3.6604052704523813
d:145:0.07476722029314153,1.882161965349109,1.8821619675637677,3.6895567126197353
d:146:0.10464963587201304,1.882161917703165,1.882161917703165,3.659674199534317
d:147:0.07573950950895458,1.8821619731496355,1.8821619753642906,3.6885844390049716
d:148:0.10538861839615521,1.8821619372044758,1.8821619372044758,3.6589352560127963
d:149:0.07636292861445604,1.8821619216034264,1.8821619216034264,3.687960914592397
d:150:0.105730027517831,1.8821620737136548,1.8821620737136548,3.6585941199094787
d:151:0.07667477826524483,1.8821619809501584,1.8821619831648135,3.687649185849727
d:152:0.10574735144757597,1.8821621400181314,1.8821621400181314,3.658576928588687
d:153:0.07671370982168568,1.882162183763839,1.882162185978494,3.6876106599206473
d:154:0.10553527049651379,1.8821620698133898,1.8821620698133898,3.658788869130266
d:155:0.07635723443254427,1.8821620737136548,1.8821620737136548,3.6879669129947654
d:156:0.104843452357267,1.8821622024223572,1.8821622024223572,3.6594809524874474
d:157:0.07582273850522903,1.8821621790207708,1.8821621790207708,3.6885016195363125
d:158:0.1042447508178288,1.8821620503120755,1.8821620503120755,3.660079349806322
d:159:0.0751189161501511,1.8821621954646304,1.8821621976792855,3.6892054769937648
d:160:0.1031996409897129,1.8821620932149727,1.8821620932149727,3.6611245454402326
d:161:0.07407854346483234,1.8821621642625175,1.8821621664771762,3.6902457872748613
d:162:0.10203152788008474,1.8821622375247316,1.882162237524735,3.662292947169382
d:163:0.0729326221889206,1.882162148661461,1.8821621508761197,3.69139167734866
d:164:0.10070972714683357,1.8821620776139198,1.8821620776139198,3.663614428081006
d:165:0.0715584530420994,1.8821622188662168,1.882162221080872,3.6927659869049894
d:166:0.0990971878793303,1.8821621517189229,1.8821621517189229,3.6652271155585154
d:167:0.06999056930257552,1.8821621057585638,1.882162107973219,3.694333644429207
d:168:0.09751155988205618,1.8821620152097154,1.8821620152097154,3.6668124705373746
d:169:0.06850381197194899,1.8821621517189229,1.8821621517189229,3.6958204914658968
d:170:0.09577612642427091,1.8821621517189229,1.8821621517189229,3.668548177013575
d:171:0.066741656185064,1.8821619918081396,1.8821619918081396,3.697582327431215
d:172:0.09389728309502487,1.882161999608666,1.882161999608666,3.670426716122307
d:173:0.06496951186709055,1.8821621876641004,1.882162189878759,3.699354865675769
d:174:0.092042952815655,1.882162249225523,1.882162249225523,3.672281545635391
d:175:0.0631913737138472,1.8821622188662168,1.882162221080872,3.7011330662332416
d:176:0.09013630613879542,1.8821621556191843,1.8821621556191843,3.674188005099573
d:177:0.06128835562077484,1.8821621252598817,1.8821621274745368,3.7030358971136437
d:178:0.08818907645961005,1.88216221802341,1.88216221802341,3.67613535958721
d:179:0.05954195827154507,1.8821621829210358,1.8821621829210358,3.7047824075705265
d:180:0.086409304872058,1.8821621322176014,1.8821621322176014,3.677914959563145
d:181:0.057813140461753676,1.8821621915643618,1.8821621937790205,3.7065112448816286
d:182:0.08456445912968213,1.8821621517189229,1.8821621517189229,3.6797598443081636
d:183:0.056108883275307164,1.8821621603622525,1.8821621625769112,3.7082154396638565
d:184:0.0828205027216331,1.8821620308107683,1.8821620308107683,3.6815035588999034
d:185:0.05450942193171038,1.8821622968715133,1.8821622990861648,3.7098151740259677
d:186:0.08114221615243089,1.8821620737136548,1.8821620737136548,3.683181931274879
d:187:0.052918019546059014,1.8821622843279116,1.8821622843279116,3.711406549109764
d:188:0.079453350887146,1.882162054212337,1.882162054212337,3.684870757537528
d:189:0.051388239081886056,1.88216234283189,1.88216234283189,3.712936446581894
d:190:0.07791609055948179,1.88216228822818,1.88216228822818,3.6864084858968784
d:191:0.049973058615487176,1.8821621369606731,1.8821621391753283,3.7143512175205142
d:192:0.07642422579101549,1.8821621556191843,1.8821621556191843,3.687900085447353
d:193:0.0485969203006924,1.8821622422678033,1.8821622444824584,3.7157275664495693
d:194:0.0750004902212158,1.8821623116297665,1.8821623116297665,3.6893241330383173
d:195:0.047315713498074174,1.8821622773701847,1.8821622795848434,3.717008843456954
d:196:0.07368365884988748,1.8821620698133898,1.8821620698133898,3.690640480776892
d:197:0.04613079666782305,1.8821620035089275,1.8821620035089275,3.718193210350032
d:198:0.07242062663227422,1.8821620269104997,1.8821620269104997,3.691903427188725
d:199:0.04500152395478452,1.882162094057776,1.8821620962724275,3.719322666375419
d:200:0.07124670560751767,1.8821621712202443,1.8821621712202443,3.693077636832971
d:201:0.043999472768174286,1.88216222582394,1.88216222582394,3.720324978879706
d:202:0.07018727264104285,1.8821622375247316,1.882162237524735,3.694137202408424
d:203:0.04305610342962041,1.8821621915643618,1.8821621937790205,3.721268281913762
d:204:0.06917948889041092,1.8821620854144427,1.8821620854144427,3.6951446819384746
d:205:0.04218149407377503,1.8821623163728347,1.882162318587497,3.7221431408865566
d:206:0.06826224683883986,1.8821621010154956,1.8821621010154956,3.6960619551921514
d:207:0.041401251398914596,1.8821622539685947,1.8821622561832534,3.7229232587529335
d:208:0.06742457809123437,1.8821624052361443,1.8821624052361443,3.6969002323810543
d:209:0.040690503789003074,1.882162175963309,1.8821621781779676,3.7236338503522735
d:210:0.06665288748457954,1.8821624247374764,1.8821624247374764,3.6976719619903733
d:211:0.04005684500164364,1.8821623787770925,1.882162380991744,3.724267914767193
d:212:0.06595960422732006,1.8821620932149727,1.8821620932149727,3.6983645822026254
d:213:0.03949331840181003,1.8821620386112876,1.8821620386112876,3.724830758820765
d:214:0.06531652197933902,1.88216228822818,1.88216228822818,3.699008054477021
d:215:0.038985144158569796,1.8821620823569845,1.8821620845716396,3.7253390227700542
d:216:0.06473283298443278,1.88216234283189,1.88216234283189,3.6995918526793474
d:217:0.038538922081977844,1.8821623155300315,1.8821623155300315,3.7257857089780853
d:218:0.06422033323178056,1.8821620932149727,1.8821620932149727,3.700103853198165
d:219:0.03815917274157954,1.8821622024223572,1.8821622024223572,3.726165232103135
d:220:0.06375911872902051,1.8821623272308265,1.8821623272308265,3.7005655357326326
d:221:0.03783319932998097,1.8821621517189229,1.8821621517189229,3.7264911041078648
d:222:0.06335388599463165,1.88216222582394,1.88216222582394,3.7009705656532486
d:223:0.037544626980958284,1.882162245325265,1.882162245325265,3.726779863669572
d:224:0.06297911169270876,1.88216234283189,1.88216234283189,3.7013455739710714
d:225:0.03731603512285275,1.8821622188662168,1.882162221080872,3.727008404824236
d:226:0.06266907838906022,1.8821624598398756,1.8821624598398756,3.701655841290691
d:227:0.03711705726716197,1.8821623319739018,1.882162334188557,3.727207608895297
d:228:0.06235107374577531,1.8821624364382785,1.8821624364382785,3.7019737991307817
d:229:0.03694682488163181,1.882162487984548,1.8821624901992067,3.727378153302123
d:230:0.06209232930324404,1.88216221022288,1.88216221022288,3.702232091142516
d:231:0.03678130677280578,1.8821622188662168,1.882162221080872,3.727543133174283
d:232:0.061785361508235326,1.882162249225523,1.882162249225523,3.7025391369428107
d:233:0.03662243122683151,1.8821624832414798,1.8821624832414798,3.727702535256128
d:234:0.06153179384325824,1.8821622024223572,1.8821622024223572,3.702792611001456
d:235:0.036464065705670734,1.8821625113861522,1.8821625136008109,3.7278609592812924
d:236:0.06122420056913214,1.882162241425,1.882162241425,3.703100282280868
d:237:0.036323186906182414,1.8821625113861522,1.8821625136008109,3.7280018380807807
d:238:0.06098049566017316,1.8821621517189229,1.8821621517189229,3.7033438077776726
d:239:0.03621185366573876,1.8821622999289715,1.8821622999289715,3.7281127461922043
d:240:0.060734337915263836,1.882162249225523,1.882162249225523,3.703590160535782
d:241:0.03611400606502535,1.8821622227664818,1.882162224981137,3.7282104416825934
d:242:0.06050772962482931,1.882162455939607,1.882162455939607,3.703817182254385
d:243:0.036045932425773586,1.8821622375247316,1.882162237524735,3.728278542623693
d:244:0.060313488736730037,1.88216228042765,1.88216228042765,3.70401107211857
d:245:0.03601332315907335,1.8821623553754918,1.8821623575901505,3.728311389806569
d:246:0.06018150065278327,1.8821622375247316,1.882162237524735,3.7041429743966834
d:247:0.03604074210203123,1.882162175963309,1.882162178177964,3.7282836120392417
d:248:0.06008137240661959,1.8821624364382785,1.8821624364382785,3.7042435004699374
d:249:0.036126472740377835,1.8821623124725697,1.8821623146872284,3.7281981544194203
d:250:0.060069077303300134,1.8821625612468296,1.8821625612468296,3.704256045190359
d:251:0.036272750295683664,1.8821624793412113,1.8821624793412113,3.728052208386739
d:252:0.06012401156727698,1.88216234283189,1.88216234283189,3.704200674096503
d:253:0.036418647220935796,1.8821624333808131,1.8821624355954718,3.727906221755349
d:254:0.06011219614067542,1.882162549546024,1.882162549546024,3.7042129029513724
d:255:0.03660248901044483,1.8821624832414798,1.8821624832414798,3.727722477472515
d:256:0.0601994666409027,1.8821625300446847,1.8821625300446847,3.7041255934484667
d:257:0.036869318779146454,1.8821624910420134,1.8821624910420134,3.7274556633048803
d:258:0.06036395494028213,1.8821621673199793,1.8821621673199758,3.703960379699673
d:259:0.037214479038306436,1.8821623701337522,1.8821623701337522,3.727110261229198
d:260:0.060603378616340464,1.8821624052361443,1.8821624052361443,3.703721431855948
d:261:0.03762392326708408,1.8821625885486988,1.8821625885486988,3.7267012538303135
d:262:0.060854591132354585,1.882162221923675,1.8821622219236787,3.703469852714999
d:263:0.03798081104656781,1.8821621369606731,1.8821621391753283,3.7263434650894336
d:264:0.06104126800368448,1.8821621556191843,1.8821621556191843,3.703283043234684
d:265:0.03819789954413011,1.8821626088928483,1.882162611107507,3.726127320456225
d:266:0.061091010527560385,1.88216228822818,1.88216228822818,3.7032335659288
d:267:0.03837527823871234,1.882162565147091,1.882162565147091,3.7259498520554697
d:268:0.06111806667701458,1.88216222582394,1.88216222582394,3.7032063849708656
d:269:0.03856831301716035,1.8821626626538013,1.8821626626538013,3.725757012290442
d:270:0.06125455657580936,1.8821626587535292,1.8821626587535292,3.703070760931249
d:271:0.03883484726365616,1.8821625659898977,1.8821625682045564,3.725490286930798
d:272:0.06141353083250678,1.88216221802341,1.88216221802341,3.7029109052143134
d:273:0.03907230247376603,1.8821625066430805,1.8821625066430805,3.725252710812395
d:274:0.06140352129341231,1.882162206322615,1.882162206322615,3.702920891351818
d:275:0.03909948561857668,1.8821622188662168,1.882162221080872,3.725224954328512
d:276:0.06126594922941386,1.8821623896350808,1.8821623896350808,3.7030588300407477
d:277:0.03903703868653352,1.8821625573465575,1.8821625573465575,3.7252880760065814
d:278:0.06105420478889023,1.882162565147091,1.882162565147091,3.703270925505292
d:279:0.03890286974651325,1.8821622539685947,1.8821622561832534,3.725421640405335
d:280:0.06080365732014137,1.8821625612468296,1.8821625612468296,3.7035214651735178
d:281:0.0387990618862144,1.882162241425,1.882162241425,3.725525420963786
d:282:0.060610934645394465,1.8821622375247316,1.882162237524735,3.703713540404072
d:283:0.038709562893572524,1.8821624021786825,1.8821624043933411,3.725615243678451
d:284:0.060396804732116394,1.8821625924489709,1.8821625924489709,3.7039283801658254
d:285:0.03855052630098932,1.8821626587535292,1.8821626587535292,3.725774791206069
d:286:0.06009274782362439,1.882162455939607,1.882162455939607,3.7042321640555897
d:287:0.03835144155901027,1.8821623974356143,1.8821623974356143,3.7259733533122184
d:288:0.059781704482237075,1.88216234283189,1.88216234283189,3.704542981181543
d:289:0.03812368285912626,1.8821627142001027,1.8821627164147579,3.7262017477557343
d:290:0.0594459306218571,1.882162249225523,1.882162249225523,3.704878567829189
d:291:0.03790115634873459,1.8821624996853465,1.8821625019000088,3.7264238452366207
d:292:0.0591363248931156,1.8821622024223572,1.8821622024223572,3.705188079951599
d:293:0.03769785264699088,1.8821623553754918,1.8821623575901505,3.7266268603186514
d:294:0.05880838294690882,1.8821622609263216,1.8821622609263216,3.7055161389057343
d:295:0.03746306448891623,1.8821623553754918,1.8821623575901505,3.726861648476726
d:296:0.058451041478143395,1.8821625144436176,1.8821625144436176,3.705873987409092
d:297:0.037200726620898905,1.8821626049925797,1.8821626072072384,3.727124485578919
d:298:0.058100548935154706,1.882162502742812,1.8821625027428155,3.7062244565504727
d:299:0.036952208525978136,1.8821626587535292,1.8821626587535292,3.72737310898108
d:300:0.05774728135606111,1.8821623662334872,1.8821623662334872,3.7065774511109133
d:301:0.036704888893142495,1.8821626704543384,1.8821626704543384,3.7276204520155343
d:302:0.057412810140723636,1.8821622765273816,1.8821622765273816,3.7069117429140395
d:303:0.036465403400818275,1.8821622375247316,1.882162237524735,3.7278590716486484
d:304:0.057063721225299346,1.8821624364382785,1.8821624364382785,3.7072611516512577
d:305:0.036206903837710414,1.8821627562602607,1.8821627562602607,3.728118608682811
d:306:0.056701968809484526,1.8821624832414798,1.8821624832414798,3.707622997673475
d:307:0.03593475173809679,1.8821626907984879,1.8821626930131465,3.7283906320735376
d:308:0.05632767516898163,1.8821626704543384,1.8821626704543384,3.707997665739695
d:309:0.03565701573283775,1.8821623007717747,1.8821623029864334,3.7286675880253703
d:310:0.05594797171086441,1.8821626782548755,1.8821626782548755,3.7083773847988866
d:311:0.035382020551065096,1.8821624801840144,1.8821624823986767,3.728942942031626
d:312:0.05558086032739418,1.8821628108640454,1.8821628108640454,3.7087447614006965
d:313:0.03513406852245815,1.8821623397744318,1.882162341989087,3.7291906132410606
d:314:0.05522503274226587,1.8821627913626848,1.8821627913626848,3.709100549983104
d:315:0.03485548627267754,1.8821628342656673,1.8821628342656673,3.729470182258657
d:316:0.05484421971327613,1.8821623584329537,1.8821623584329537,3.709480497152631
d:317:0.0345581609655099,1.882162487984548,1.8821624901992067,3.7297668172182448
d:318:0.05444002883810661,1.8821625066430805,1.8821625066430805,3.7098849844480544
d:319:0.03424368323318028,1.8821623046720433,1.8821623068866984,3.7300809283255614
d:320:0.0540292350889473,1.8821624052361443,1.8821624052361443,3.7102955753833413
d:321:0.03393545392400554,1.882162705556759,1.882162705556759,3.7303899571895123
d:322:0.0536349093089612,1.8821624793412113,1.8821624793412113,3.7106900493734614
d:323:0.03363660567111104,1.8821622500683333,1.882162252282992,3.730687896680214
d:324:0.05323650225644805,1.882162553446289,1.882162553446289,3.7110886046361298
d:325:0.03331583874551214,1.8821626587535292,1.8821626587535292,3.731009478761546
d:326:0.052807425112376905,1.8821624676404056,1.8821624676404056,3.7115175101684343
d:327:0.03297536046180127,1.8821625183438826,1.8821625183438826,3.731349676225964
d:328:0.05236746461977759,1.8821627172575646,1.8821627172575646,3.7119579698953515
d:329:0.0326158574972073,1.8821623280736333,1.8821623302882884,3.7317088008647143
d:330:0.051897892264786805,1.8821625417454868,1.8821625417454868,3.712427191226187
d:331:0.032245061706930755,1.882162620593654,1.8821626228083126,3.7320801816950357
d:332:0.05143769736115367,1.8821624754409427,1.8821624754409427,3.712887253520732
d:333:0.03188990661507418,1.8821626587535292,1.8821626587535292,3.732435410891984
d:334:0.05098271038555424,1.88216243253801,1.88216243253801,3.7133421546904657
d:335:0.03152135902577058,1.8821623553754918,1.8821623575901505,3.7328033539398717
d:336:0.05051303437655896,1.88216234283189,1.88216234283189,3.7138116512872212
d:337:0.03113536479442125,1.882162303829233,1.882162303829233,3.7331892428640447
d:338:0.05001798787960787,1.8821628108640454,1.8821628108640454,3.714307633848483
d:339:0.030726996694836473,1.8821624598398756,1.8821624598398756,3.7335979229849148
d:340:0.04951194923007485,1.8821624832414798,1.8821624832414798,3.714813017252885
d:341:0.030315792754931792,1.8821627991632255,1.8821627991632255,3.734009805571519
d:342:0.0490249274390937,1.8821626587535292,1.8821626587535292,3.7153003900679646
d:343:0.02991624093959544,1.882162643152455,1.882162643152455,3.7344090453653145
d:344:0.04853280634982049,1.8821626704543384,1.8821626704543384,3.7157925345588563
d:345:0.029517137282363493,1.8821626587535292,1.8821626587535292,3.734808180224695
d:346:0.048033755689836255,1.8821625261444197,1.8821625261444197,3.716291296599003
d:347:0.02910093369216149,1.8821628663106367,1.8821628685252954,3.7352248011437705
d:348:0.047517812808072435,1.8821629278721623,1.8821629278721623,3.716808042936252
d:349:0.02867175890909124,1.8821626244939225,1.8821626267085776,3.735653492293409
d:350:0.04702398293741261,1.8821625612468296,1.8821625612468296,3.7173011395562465
d:351:0.028270887933491196,1.8821626587535292,1.8821626587535292,3.736054429573567
d:352:0.0465440869808873,1.8821628420662009,1.8821628420662009,3.7177815971515145
d:353:0.027875341944815446,1.882162346732155,1.882162346732155,3.7364493515194948
d:354:0.04605253562977474,1.8821624715406742,1.8821624715406742,3.7182724074515736
d:355:0.027481476750876865,1.8821624528821488,1.882162455096804,3.736843431228076
d:356:0.04557928162256708,1.882162912271081,1.882162912271081,3.718746542919595
d:357:0.02711819164249185,1.882162382677354,1.882162384892009,3.737206575926871
d:358:0.045141486343942105,1.8821628810689113,1.8821628810689113,3.7191842757938804
d:359:0.026770978133995982,1.8821629395729786,1.8821629395729786,3.7375549010119613
d:360:0.044712187822339544,1.8821624832414798,1.8821624832414798,3.71961277866062
d:361:0.026446912429939573,1.8821628429090076,1.8821628451236663,3.7378787756027343
d:362:0.04433037371986259,1.8821625456457554,1.8821625456457554,3.719994717571648
d:363:0.026170570892066536,1.8821629278721623,1.8821629278721623,3.738155284852258
d:364:0.043977337732890476,1.8821625066430805,1.8821625066430805,3.7203476755532705
d:365:0.025925687418340004,1.8821626283941875,1.8821626306088461,3.7383995715846936
d:366:0.04366423356812277,1.8821625183438826,1.8821625183438826,3.7206608031196424
d:367:0.025723801236679833,1.8821628186645825,1.8821628186645825,3.738601836092485
d:368:0.04338123534228977,1.8821627484597236,1.8821627484597236,3.7209442615771575
d:369:0.025553099436372406,1.8821629560168738,1.882162958231529,3.7387728148120303
d:370:0.0431265319013292,1.8821626587535292,1.8821626587535292,3.721198785605729
d:371:0.025407283092558686,1.8821625066430805,1.8821625066430805,3.7389177301936023
d:372:0.04289688551371107,1.8821624364382785,1.8821624364382785,3.721427987362846
d:373:0.025302545547534194,1.882162382677354,1.882162384892009,3.7390222220218288
d:374:0.04270333101848678,1.8821629608699375,1.882163013678145,3.721622643529596
d:375:0.02521955825940303,1.8821628039063043,1.882162806120963,3.7391060517678643
d:376:0.04252547415096508,1.8821624208372079,1.8821624208372079,3.7217993675234506
d:377:0.025172662290000147,1.8821625308874914,1.88216253310215,3.7391524016996414
d:378:0.042417439337285145,1.8821628510698005,1.8821630799827744,3.72190849171529
d:379:0.025171032683774186,1.8821625269872229,1.8821625292018815,3.73915402350533
d:380:0.04231410113511025,1.8821629334160939,1.88216302927923,3.7220118615602136
d:381:0.025172217750494497,1.8821629054054654,1.882163044880322,3.739153732535293
d:382:0.04223023666333958,1.8821625105433455,1.8821625105433455,3.7220947844233514
d:383:0.025189221779420734,1.8821628546098204,1.882162856824479,3.7391364896548787
d:384:0.04215496047005196,1.8821625300446847,1.8821625300446847,3.7221700996193174
d:385:0.02521197031478728,1.882162970775152,1.882162970775152,3.7391139712355166
d:386:0.04209010239681987,1.8821626197508436,1.8821626197508436,3.7222351371048674
d:387:0.025258013188075523,1.8821629209144248,1.8821629231290906,3.73906783085544
d:388:0.042052227939098685,1.8821628697677042,1.8821630682819581,3.7222737101105636
d:389:0.025325192282489084,1.8821629697884283,1.8821630011345185,3.7390007786404578
d:390:0.04200586035836551,1.8821626587535292,1.8821626587535292,3.722319457148693
d:391:0.025379218480544807,1.8821627484597236,1.8821627484597236,3.7389462784389025
d:392:0.04196789857589778,1.882162452039342,1.882162452039342,3.7223570055027864
d:393:0.025420368707683494,1.8821624762837494,1.8821624784984046,3.7389045860744705
d:394:0.04187369751805292,1.8821627718613385,1.8821627718613385,3.722451846204624
d:395:0.025409270696641784,1.8821625113861522,1.8821625136008109,3.7389157542903213
d:396:0.04176318222863529,1.8821624130366779,1.8821624130366779,3.7225616438447204
d:397:0.02538125373361133,1.8821624208372079,1.8821624208372079,3.7389435879408044
d:398:0.04163616119825697,1.8821624832414798,1.8821624832414798,3.7226888052847027
d:399:0.025359847042478734,1.8821625464885585,1.8821625487032136,3.7389652481492934
d:400:0.04151371448594432,1.8821625612468296,1.8821625612468296,3.722811408007715
d:401:0.02531330934258591,1.8821624715406742,1.8821624715406742,3.7390116337387624
d:402:0.04135738736650474,1.8821629711509225,1.8821630097778694,3.722968593562287
d:403:0.02524233194809078,1.8821625573465575,1.8821625573465575,3.739082782745024
d:404:0.04116945450125975,1.8821626314516529,1.8821626314516529,3.723155808402046
d:405:0.025106999311937273,1.8821626658214505,1.8821631852901533,3.7392188517996665
d:406:0.04092801719755634,1.8821625885486988,1.8821625885486952,3.7233971598998377
d:407:0.024947637574767256,1.8821626965048601,1.882163164945979,3.7393782238760718
d:408:0.040669414044973706,1.8821624832414798,1.8821624832414798,3.723655552437986
d:409:0.02477441619355858,1.8821628810689113,1.8821628810689113,3.739551345944264
d:410:0.04038341527777689,1.8821627172575646,1.8821627172575646,3.7239420192373522
d:411:0.02455589146483028,1.882162740659183,1.882162740659183,3.7397695898535357
d:412:0.04004923342562705,1.8821629044705404,1.8821629044705404,3.7242765755154537
d:413:0.024330646196242256,1.8821626956620534,1.8821631618885135,3.7399952113543247
d:414:0.03972058019417801,1.8821626587535292,1.8821626587535292,3.7246047373128803
d:415:0.024057026951810556,1.8821629599171459,1.8821629621318046,3.74026889509714
d:416:0.03932078988036203,1.8821626149618318,1.8821632164923514,3.725005041573821
d:417:0.02373638263146205,1.882162565147091,1.882162565147091,3.74058874766272
d:418:0.03892609817656201,1.8821625846484338,1.8821625846484338,3.7253990711203055
d:419:0.023431163417980017,1.882162580150343,1.8821632351509123,3.7408946518832753
d:420:0.03854390257088802,1.8821628342656673,1.8821628342656673,3.7257817659604466
d:421:0.023127422197516623,1.8821629746754205,1.8821629746754205,3.7411985271533243
d:422:0.03814205165198281,1.8821627913626848,1.8821627913626848,3.726183531073387
d:423:0.02281462052563832,1.8821628782376365,1.8821630635388793,3.7415113212508775
d:424:0.03775138873389139,1.8821629200716217,1.8821629200716217,3.726574451409352
d:425:0.022513213365250806,1.8821627364735498,1.882163146287418,3.741812669395717
d:426:0.03735401111763714,1.882162869368102,1.882162869368102,3.726971727618567
d:427:0.02220156228531245,1.8821628741111738,1.882162876325836,3.7421241881516973
d:428:0.03695344875550077,1.8821627716991607,1.8821631228857818,3.7273724458294417
d:429:0.02190162779002236,1.882162733701449,1.8821627359161077,3.7424238418275344
d:430:0.03657904930562239,1.882162502742812,1.8821625027428155,3.727745956180005
d:431:0.021618668411120368,1.8821625970681808,1.8821632273503646,3.742707156007425
d:432:0.03621284313908468,1.8821626658214505,1.8821631852901533,3.728113007972519
d:433:0.021322753719305254,1.8821626805855978,1.882163177489609,3.7430031043559016
d:434:0.03583785229354142,1.8821626956620534,1.8821631618885135,3.7284880052570255
d:435:0.02105159605155471,1.882162803867299,1.8821630986413318,3.743274306457076
d:436:0.03548842918841366,1.8821629434732507,1.8821629434732507,3.728837457758088
d:437:0.020788707292286546,1.8821626587535292,1.8821626587535292,3.743536610214772
d:438:0.03514144333052194,1.8821628784793276,1.8821630565811418,3.7291844917299475
d:439:0.020533212533681677,1.8821625565331956,1.8821632468517393,3.7437925908512533
d:440:0.03480454923109022,1.8821626658214505,1.8821631852901533,3.7295213018805136
d:441:0.02029218629552787,1.8821628342656673,1.8821628342656673,3.744033482235807
d:442:0.03448335114335954,1.8821629608699375,1.882163013678145,3.729842623404723
d:443:0.02005917945352209,1.8821628234076577,1.88216282562232,3.7442664695764556
d:444:0.03416957574235013,1.8821628243205808,1.8821630916835943,3.730156340261825
d:445:0.019840645180424943,1.882162912271081,1.882162912271081,3.744485179361737
d:446:0.033874123273356815,1.8821627782208914,1.882163115085234,3.7304517700327686
d:447:0.019627896790742838,1.8821627922054986,1.8821627944201573,3.744697689834913
d:448:0.03357759106051006,1.8821627796618792,1.8821627796618792,3.7307479682632483
d:449:0.01942315659183258,1.882162905647153,1.8821630401372431,3.7449027891925635
d:450:0.033302605221743775,1.8821626587535292,1.8821626587535292,3.7310227122853146
d:451:0.019236899600581836,1.882162646089764,1.8821633569022431,3.7450891033914253
d:452:0.03303328016628271,1.8821626531972164,1.882163341301144,3.7312927143320778
d:453:0.019058991914473467,1.8821625698901663,1.882162572104825,3.7452661500805178
d:454:0.03277753545179074,1.8821627757616106,1.8821627757616142,3.731548016071434
d:455:0.018887422423542688,1.882162905647153,1.8821630401372431,3.7454385233608534
d:456:0.03252310333323649,1.8821626375961173,1.8821633257000414,3.7318028599629223
d:457:0.018717181766522373,1.8821627094570275,1.8821627094570275,3.7456082371475325
d:458:0.032274581333904706,1.8821629356727065,1.8821629356727065,3.7320512900115084
d:459:0.018557109796640603,1.8821628510698005,1.8821630799827744,3.7457688212559344
d:460:0.032035645670784874,1.8821627992976424,1.8821631072846898,3.7322902609115474
d:461:0.01840133257528187,1.8821629824759682,1.8821629824759682,3.7459246323766546
d:462:0.03179923257785333,1.8821626704543384,1.8821626704543384,3.7325261083308234
d:463:0.018243189803692772,1.882162905647153,1.8821630401372431,3.7460827559807033
d:464:0.03156023737863656,1.8821627159887946,1.8821631540879693,3.7327656326981273
d:465:0.018087441306469998,1.8821629794185029,1.8821629816331615,3.7462385197451944
d:466:0.03133345649925445,1.8821626053999196,1.882163392004724,3.7329925409053892
d:467:0.01793841484207981,1.8821625378452218,1.8821625378452218,3.746386660848364
d:468:0.031105523636634658,1.8821627782208914,1.882163115085234,3.733220369669491
d:469:0.01778986863966736,1.8821625829922937,1.8821632710961893,3.7465359854488156
d:470:0.030882837497482996,1.882162970775152,1.882162970775152,3.733443104052821
d:471:0.017648716865418024,1.882162803867299,1.8821630986413318,3.746677185643213
d:472:0.03066219594725972,1.8821627016564904,1.8821627016564904,3.733663207365721
d:473:0.017505196446480298,1.8821626704543384,1.8821626704543384,3.7468201444621965
d:474:0.030444659914182992,1.8821629746754205,1.8821629746754205,3.733881289436658
d:475:0.017371748611591187,1.8821626587535292,1.8821626587535292,3.746953568895467
d:476:0.030234917268757044,1.882162615850575,1.882162615850575,3.734090314432393
d:477:0.01723715147814886,1.882162815607117,1.8821628178217757,3.747088481950744
d:478:0.030011703833173087,1.8821625876299954,1.882163232093447,3.7343141158902693
d:479:0.0170960691212656,1.8821628975127958,1.8821628997274544,3.7472297281189846
d:480:0.029791470271815612,1.8821627172575646,1.8821627172575646,3.7345339642433135
d:481:0.01696809495531504,1.8821626587535292,1.8821626587535292,3.7473572225517433
d:482:0.029587784443322107,1.8821626938559533,1.8821626938559533,3.7347376032685844
d:483:0.01683859231854612,1.8821627922054986,1.8821627944201573,3.74748699430711
d:484:0.029376283108344836,1.8821629278721623,1.8821629278721623,3.73494957263598
d:485:0.01670658577592299,1.8821628697677042,1.8821630682819581,3.7476193522737393
d:486:0.029163785877566184,1.8821626658214505,1.8821631852901533,3.7351620652340376
d:487:0.016580497510421566,1.8821625604334642,1.8821632507520114,3.747745313675054
d:488:0.028957562623913802,1.8821625876299954,1.882163232093447,3.7353682570995286
d:489:0.016462505393199933,1.8821628086103779,1.8821631033844142,3.747863406601592
d:490:0.028763659222283522,1.8821628342656673,1.8821628342656673,3.735562009309051
d:491:0.016345472151781948,1.8821626576986041,1.882163353001971,3.747980538548793
d:492:0.028565812161783555,1.8821627172575646,1.8821627172575646,3.7357596223533456
d:493:0.016233492513265446,1.8821628147643104,1.8821628147643104,3.7480921370153553
d:494:0.028388105209824488,1.8821626587535292,1.8821626587535292,3.735937212297234
d:495:0.01613552278856467,1.8821626658214505,1.8821631852901533,3.748190328323039
d:496:0.0282111053936287,1.882162569737595,1.8821634037055546,3.736114868049521
d:497:0.016041655943741517,1.8821625955359202,1.8821632858544852,3.748284225446664
d:498:0.028043030365736854,1.8821627991632255,1.8821627991632255,3.736282567960714
d:499:0.015953830475972097,1.8821628897122586,1.8821628919269173,3.748371951163204
d:500:0.02787199636056492,1.8821623521624815,1.8821635363149625,3.736453892116879
d:501:0.015871116041946465,1.882162757103064,1.882162759317719,3.7484544003788365
d:502:0.027720962075338917,1.8821624851548115,1.882163458309421,3.7366049813888935
d:503:0.01580913181573429,1.88216267519741,1.8821626774120688,3.7485162207937446
d:504:0.02758963658304836,1.8821626375961173,1.8821633257000414,3.7367363267131104
d:505:0.015752609807988094,1.882162546119698,1.8821634193066572,3.748573355618367
d:506:0.027440915452217496,1.8821629278721623,1.8821629278721623,3.736884940292107
d:507:0.015696100324747775,1.8821628108640454,1.8821628108640454,3.748629521403343
d:508:0.027314372534346987,1.8821629054054654,1.882163044880322,3.7370115777514403
d:509:0.01566600441788779,1.8821626127931168,1.8821626150077755,3.7486592233830045
d:510:0.02720102241062783,1.88216245425712,1.8821634778108027,3.737124909657295
d:511:0.015636253498369612,1.8821626283941875,1.8821626306088461,3.748689005504664
d:512:0.027095548162312966,1.8821629334160939,1.88216302927923,3.737230414533011
d:513:0.015612463982499492,1.8821626587535292,1.8821626587535292,3.748712853524559
d:514:0.027001222979354367,1.882162424299441,1.882163493411916,3.7373246947320027
d:515:0.01560184070113202,1.882162394752715,1.882163508170212,3.748724062221795
d:516:0.026914409046902676,1.8821626704543384,1.8821626704543384,3.737410931861774
d:517:0.015590653733703164,1.882162970775152,1.882162970775152,3.7487352878166007
d:518:0.026828740787918193,1.8821626069121216,1.882163380303897,3.7374972464281004
d:519:0.015594455926590811,1.882162862410361,1.8821628646250197,3.74873127110879
d:520:0.02675778809152085,1.882162546119698,1.8821634193066572,3.7375681773348344
d:521:0.015601804959658239,1.882162973930388,1.8821629980770531,3.748724167047783
d:522:0.026679680146768803,1.88216223548703,1.8821636065199598,3.737646161860221
d:523:0.015603871886330722,1.8821626688789195,1.8821631883476257,3.7487219853402145
d:524:0.026602674025012263,1.8821627328586423,1.8821627328586423,3.7377227916922724
d:525:0.015605853396563063,1.882162555690389,1.8821632437942704,3.7487199460880962
d:526:0.026517511049299003,1.882162650952992,1.882162650952992,3.737807790856685
d:527:0.015592899363799262,1.8821629794185029,1.8821629816331615,3.748733061687865
d:528:0.026425610933172194,1.8821626658214505,1.8821631852901533,3.7379002401784316
d:529:0.015576109605056843,1.8821625526329235,1.8821632429514636,3.7487496859793303
d:530:0.02632928915950039,1.8821627684000042,1.8821631267860575,3.7379966060265613
d:531:0.015559675707827125,1.882162815607117,1.8821628178217757,3.7487659577210657
d:532:0.026230346052093623,1.8821626375961173,1.8821633257000414,3.738095617244065
d:533:0.015520483972268906,1.8821622400567186,1.8821635978765947,3.7488053539610444
d:534:0.026092761405250187,1.88216223548703,1.8821636065199598,3.7382330806017396
d:535:0.015461041577919943,1.8821626423391962,1.882163332657786,3.7488649334190622
d:536:0.025954616063504687,1.8821627484597236,1.8821627484597236,3.7383708808559426
d:537:0.015403867061305476,1.8821628810689113,1.8821628810689113,3.748921895076517
d:538:0.02581018964684212,1.8821621233704917,1.8821637118274772,3.738515645551127
d:539:0.015331771857093557,1.8821627686416953,1.882163122042975,3.748994118827577
d:540:0.02565605149449013,1.8821626658214505,1.8821631852901533,3.7386697996171137
d:541:0.015248669923028757,1.8821628312081948,1.882162833422857,3.749076994708023
d:542:0.025482797363823195,1.882162810006328,1.8821630955838664,3.738843108226371
d:543:0.015141531811387665,1.8821628975127958,1.8821628997274544,3.7491842654288625
d:544:0.025287110863782658,1.882162590792845,1.8821632788967442,3.7390387588258065
d:545:0.015019041615506268,1.8821627108180152,1.8821631571454347,3.7493068263479437
d:546:0.025089520127615117,1.8821622865472456,1.8821635714174576,3.739236337837088
d:547:0.014895337029647848,1.882162510051245,1.882163441865508,3.749430614887105
d:548:0.024886863943814674,1.882162740659183,1.882162740659183,3.7394386173745513
d:549:0.014747064707691493,1.8821622603835024,1.8821635900760363,3.749578785751847
d:550:0.024651079325193948,1.8821627562602607,1.8821627562602607,3.7396744331953276
d:551:0.014587094670291734,1.8821625212232753,1.8821634379652323,3.749738864518216
d:552:0.02440868267800944,1.8821624640780286,1.8821634661099758,3.739917247509995
d:553:0.014415650420781745,1.8821628195073856,1.8821628217220443,3.749909990808648
d:554:0.024144089124401802,1.8821621736077354,1.8821636377221864,3.74018172220552
d:555:0.01422933102834456,1.8821621515152245,1.8821637421869077,3.7500965626737877
d:556:0.023875013237407927,1.8821627992976424,1.8821631072846898,3.7404508933449243
d:557:0.014041086356369803,1.8821627991632255,1.8821627991632255,3.750284511970081
d:558:0.023606715047085558,1.8821627991632255,1.8821627991632255,3.7407188832793654
d:559:0.01384952081062707,1.8821628304596132,1.8821630908407911,3.7504764004897773
d:560:0.023335448441333284,1.882162146174128,1.8821636533232997,3.7409903510560945
d:561:0.013655214092411327,1.882162614391774,1.8821633794610868,3.7506707797604495
d:562:0.02305659335196708,1.8821626492969443,1.8821633374008684,3.7412693933458456
d:563:0.013452573511600008,1.8821623851735012,1.8821635129133014,3.7508733245752026
d:564:0.022775713272531917,1.8821627874624198,1.8821627874624198,3.7415498616523077
d:565:0.013243956157497294,1.8821626531972164,1.882163341301144,3.751082038340863
d:566:0.0224964324186665,1.8821629551740635,1.8821629551740635,3.7418294779294605
d:567:0.013046742697856217,1.8821621031686178,1.8821638171350301,3.7512791776057917
d:568:0.022230499554485306,1.8821621116696718,1.8821637001266431,3.7420953122418297
d:569:0.01285776430909813,1.8821621008116516,1.882163691483278,3.7514680279858315
d:570:0.021960589965114963,1.8821621818746195,1.8821637703316725,3.742365362241177
d:571:0.012664536153888406,1.8821628078065729,1.882162810021235,3.7516610816739195
d:572:0.02169503583964527,1.8821629608699375,1.882163013678145,3.7426309387084373
d:573:0.01247705696389545,1.8821625673912088,1.8821632554950938,3.751848765922407
d:574:0.021431712849143025,1.8821623890737769,1.8821635168135806,3.7428941930382145
d:575:0.012290158580050559,1.8821621594869242,1.8821637811897034,3.752035782096577
d:576:0.021172275927050066,1.8821629044705404,1.8821629044705404,3.7431535330140306
d:577:0.0121058434740835,1.8821627734869324,1.882163118142703,3.752220048155552
d:578:0.020917697595454143,1.882162590792845,1.8821632788967442,3.743408172094135
d:579:0.011931320700094616,1.8821626301425844,1.8821633725033493,3.752394681945839
d:580:0.02066960519341876,1.8821626069121216,1.882163380303897,3.7436563820226
d:581:0.01176284760457591,1.8821625955359202,1.8821632858544852,3.7525630337858296
d:582:0.02043070523609103,1.8821628697677042,1.8821630682819581,3.7438952328135713
d:583:0.011601018976303834,1.882162035601219,1.8821638513947399,3.752724868019655
d:584:0.020198617818817155,1.8821626531972164,1.882163341301144,3.7441273766795433
d:585:0.011436102756960054,1.8821621332586993,1.882163800691103,3.7528898311928423
d:586:0.01995791075106368,1.8821629278721623,1.8821629278721623,3.744367944993261
d:587:0.01127288306139107,1.8821629911193192,1.8821629933339743,3.7530531013919024
d:588:0.019721741537356507,1.8821628342656673,1.8821628342656673,3.744603926993978
d:589:0.01112227932145693,1.8821622715555435,1.8821635861757606,3.753203578409847
d:590:0.019506431194985296,1.8821629317724344,1.8821629317724344,3.7448194323498836
d:591:0.010982934674649059,1.8821627108180152,1.8821631571454347,3.753342933288801
d:592:0.019294250645215172,1.8821628243205808,1.8821630916835943,3.74503166535896
d:593:0.010840810273197832,1.8821620042757488,1.8821638786967085,3.7534850726992595
d:594:0.019080906827227295,1.8821626658214505,1.8821631852901533,3.7452449442843765
d:595:0.010702006107752737,1.882162622837832,1.8821633131564042,3.7536239298864835
d:596:0.018871046887904086,1.8821628477706476,1.88216308388305,3.7454548847657936
d:597:0.010571252049555113,1.8821621685207859,1.8821636485802138,3.7537545650514446
d:598:0.01866873857823137,1.8821620820917992,1.882163824935592,3.74565716844916
d:599:0.010441057543046028,1.8821622408995218,1.8821635987194014,3.753884782075877
d:600:0.018465861863049327,1.882162951273795,1.882162951273795,3.7458600406845406
d:601:0.010317965909470317,1.882162912085203,1.8821630370797777,3.7540079832555104
d:602:0.018274609296479838,1.8821620507572376,1.8821638444369881,3.746051285897746
d:603:0.010198730992488692,1.8821629711509225,1.8821630097778694,3.754127249936303
d:604:0.018083001083915917,1.8821628654678264,1.8821628654678264,3.746242729851737
d:605:0.010082593530547967,1.882162581951217,1.882163399805279,3.754243388225948
d:606:0.017897339672533263,1.882162546119698,1.8821634193066572,3.746428625753822
d:607:0.009965040023564242,1.882162905313347,1.8821629075280022,3.754360772817785
d:608:0.017708480306032115,1.8821629334160939,1.88216302927923,3.7466174823892917
d:609:0.009845307437146289,1.8821621734046623,1.8821637772894206,3.7544806432569366
d:610:0.017529362539773885,1.8821618831308626,1.8821639458442938,3.7467964664353826
d:611:0.009735266948375454,1.8821623797610165,1.8821635207138492,3.7545906335264903
d:612:0.017354090260401023,1.8821620955488996,1.8821636694441146,3.746971674732613
d:613:0.00963541794862266,1.8821626425538724,1.882163191072621,3.754690415677871
d:614:0.017179555520664636,1.8821626024936577,1.8821632668393597,3.747146313812353
d:615:0.009527979824561328,1.8821619282383466,1.8821638844457702,3.7547978328595555
d:616:0.017004575097368857,1.8821619995326664,1.88216383290845,3.7473212573437475
d:617:0.009421106752178332,1.8821627374185184,1.8821630904599012,3.754904721126241
d:618:0.01683483655578044,1.8821629044705404,1.882162851458805,3.747490919373565
d:619:0.0093192576575305,1.8821627060840562,1.8821631027618402,3.755006551188366
d:620:0.01666893399432645,1.882161978620129,1.8821638343283063,3.7476568789541087
d:621:0.009221298757317697,1.882162005220728,1.8821638156697134,3.7551045221331236
d:622:0.016501307692040612,1.8821628368976668,1.8821630347715796,3.747824563977206
d:623:0.0091241064855474,1.8821618637581174,1.882163891436587,3.755201648709157
d:624:0.016334310134945795,1.8821617504653823,1.882163967756597,3.7479914080870333
d:625:0.009030186650358374,1.8821626033364716,1.8821632231243335,3.7552956398104467
d:626:0.016176730275585527,1.882162951273795,1.8821628734622529,3.7481490944604623
d:627:0.008941510221767146,1.8821629911193192,1.8821629072941946,3.7553843881917466
d:628:0.016022920284457953,1.882162569737595,1.8821633126809836,3.7483029621341206
d:629:0.008849647152445073,1.8821629473735193,1.882162854134318,3.7554761543553923
d:630:0.015861956312129166,1.8821616777270584,1.8821639718281382,3.7484636932430675
d:631:0.008755619676946935,1.8821628890593338,1.8821629594416578,3.7555702288240447
d:632:0.015699243976694532,1.8821622552127124,1.8821634998942613,3.7486265111302792
d:633:0.008670564675755443,1.8821626386536003,1.8821631037276703,3.755655177705515
d:634:0.015554775414569733,1.8821627992976424,1.8821630092782975,3.74877103316137
d:635:0.008590277761200582,1.8821626033364716,1.8821631851115157,3.7557355106867867
d:636:0.015408172698572642,1.882162158472969,1.882163631105577,3.7489176168799734
d:637:0.008508226894909043,1.8821626149618318,1.8821630924397397,3.7558174805066624
d:638:0.015263713124829437,1.8821629278721623,1.8821627988348126,3.7490620135821455
d:639:0.008430641131964123,1.882162869368102,1.8821627381160937,3.7558949663522316
d:640:0.01512259764431434,1.8821629334160939,1.8821629002418732,3.7492032360136527
d:641:0.008359406384357726,1.8821625917812312,1.8821632646529487,3.755966450049822
d:642:0.014989387078554017,1.8821618589128626,1.8821638285076965,3.749336300342005
d:643:0.008287191966575236,1.8821624897244789,1.8821633114321692,3.756038609190073
d:644:0.014853533377714001,1.8821627992976424,1.8821629712654833,3.7494722371854117
d:645:0.008218826212246455,1.8821629209144248,1.882162776572791,3.7561068712749694
d:646:0.014727112031458489,1.8821628810689113,1.8821627272317585,3.7495984962692113
d:647:0.008158822385935238,1.8821629716179586,1.8821628117672127,3.756166960999236
d:648:0.014607194379872013,1.8821626658214505,1.8821630182399645,3.749718489681543
d:649:0.008104580936544536,1.882162394752715,1.8821633389053218,3.7562211527214924
d:650:0.01448740215458244,1.882161917123625,1.8821637592926095,3.749838274261652
d:651:0.008046101370393188,1.8821626956620534,1.882162992623666,3.7562795869153263
d:652:0.014368389294842743,1.8821621506724213,1.8821635602937548,3.7499573216713333
d:653:0.007990180604002362,1.8821628044684182,1.882162918860768,3.756335542725184
d:654:0.014261394845300757,1.8821621510193758,1.8821636001385613,3.7500643563126363
d:655:0.007947577672476669,1.882162555690389,1.8821630407040395,3.7563780187219518
d:656:0.014159463495968083,1.8821617916209412,1.8821637878808417,3.750166116005815
d:657:0.007900085348671482,1.8821624369460537,1.882163266905021,3.756425618502403
d:658:0.014051096251142425,1.882162970775152,1.8821627479269338,3.7502746224509433
d:659:0.007853651318345811,1.88216214287187,1.8821635062658792,3.7564719978194034
d:660:0.013946856363020288,1.8821626658214505,1.8821629624419103,3.7503787719003405
d:661:0.007808171017900989,1.8821619634641102,1.8821636692348065,3.7565174616810157
d:662:0.013841594241375432,1.8821625790920216,1.8821630371482314,3.7504840219988775
d:663:0.0077616715273371994,1.882162003432942,1.8821636350543223,3.756563966959927
d:664:0.01373768809449416,1.8821627716991607,1.8821628750201356,3.750587958624802
d:665:0.00771889399864456,1.8821622715555435,1.8821633300817915,3.7566067076386904
d:666:0.013632952539893495,1.8821618589128626,1.8821636964663284,3.7506926028392975
d:667:0.007668544118457632,1.8821629278721623,1.882162664578889,3.7566570483325936
d:668:0.013522808997608493,1.8821628477706476,1.882162822804407,3.750802861577446
d:669:0.007621605611866755,1.8821627782208914,1.882162851791918,3.7567040244009426
d:670:0.013419731630557763,1.8821629711509225,1.8821627377655794,3.750905977285944
d:671:0.007572455493711772,1.8821616785698687,1.8821637861062968,3.7567530091824537
d:672:0.013311708096958697,1.882162146174128,1.8821633651969876,3.751013803274157
d:673:0.007515536193333006,1.8821628618915085,1.882162776013807,3.7568101017119826
d:674:0.013194995611694793,1.882162203988198,1.8821633163642062,3.7511305247407094
d:675:0.0074578115177974524,1.8821618276895329,1.8821636638099406,3.756867679981676
d:676:0.013078373631921991,1.882161561407795,1.8821638097818933,3.7512469975577662
d:677:0.0073967089109441275,1.8821616824701444,1.8821637432354237,3.756928716794624
d:678:0.01295936257795205,1.882162155344954,1.8821634554574942,3.751366248224496
d:679:0.007333418868812558,1.8821625682340155,1.8821629319776676,3.7569920813428705
d:680:0.01284187604322895,1.8821621085811095,1.8821634827594487,3.7514837152973293
d:681:0.007267317831974651,1.8821616112778798,1.8821637688424282,3.7570580622883334
d:682:0.012719037907880093,1.882161561407795,1.8821637953015973,3.751606318801512
d:683:0.007194505309705335,1.8821620003754767,1.882163531444995,3.7571310265107662
d:684:0.012588632490112772,1.8821626375961173,1.8821629773639756,3.75173698246998
d:685:0.0071182626292483064,1.8821621085811095,1.8821634500646134,3.7572072960164746
d:686:0.012456353848421031,1.8821618259017434,1.8821636156633446,3.751869087716667
d:687:0.007036385684818569,1.882162071669768,1.8821634563529948,3.757289142337944
d:688:0.012318201356325886,1.8821626531972164,1.8821629688183954,3.752007420659286
d:689:0.006953188487836215,1.882162035601219,1.8821634789118598,3.7573723260252425
d:690:0.01218218738571153,1.8821617906759585,1.8821636318655948,3.7521432351558417
d:691:0.006870253900517653,1.882162150176569,1.8821634094739998,3.7574553057500513
d:692:0.012044349255287301,1.8821626378107936,1.8821628079041162,3.7522810964596225
d:693:0.006786059121017374,1.8821622865472456,1.882163170638794,3.7575393980650222
d:694:0.011903552383754956,1.8821623372544671,1.8821631337660918,3.752421918636804
d:695:0.0066962545148001595,1.8821627992976424,1.8821626863982743,3.7576292311811166
d:696:0.011759561496154092,1.88216223548703,1.882163178651556,3.752565852642432
d:697:0.006602835574243571,1.8821620955488996,1.8821632416571141,3.75772250163177
d:698:0.011614538753581982,1.8821626180947568,1.8821628711309266,3.7527109504721015
d:699:0.006508252729490849,1.8821620460232609,1.88216341242655,3.75781720572032
d:700:0.011470743099595282,1.882161917123625,1.882163491274948,3.752854665298978
d:701:0.006419721004020218,1.8821623491050126,1.8821630916588283,3.7579057197598207
d:702:0.01132592348680106,1.8821617504653823,1.8821635774058656,3.752999404384447
d:703:0.006325872055182202,1.882161745294578,1.8821635695296592,3.757999442769055
d:704:0.011177920448449896,1.8821623586842264,1.8821630694512166,3.753147507686993
d:705:0.006228753297952139,1.882161978620129,1.882163419531249,3.758096644853426
d:706:0.011033111293565767,1.8821621350713187,1.8821632473970809,3.7532922711748338
d:707:0.006137358209318933,1.8821629295158253,1.8821625400514712,3.7581881113579776
d:708:0.010891095111965399,1.8821626956620534,1.8821626715762072,3.753434272126295
d:709:0.0060449713741110855,1.8821615605649917,1.8821636357874283,3.758280224978309
d:710:0.010743770051918844,1.8821627364735498,1.8821626559751152,3.753581622396746
d:711:0.005951959745969404,1.8821613583165266,1.8821638698044048,3.758373268374962
d:712:0.01060164890183124,1.88216223548703,1.8821631074619738,3.7537236940471725
d:713:0.0058643687572619285,1.8821621726627598,1.8821631355310693,3.758460939436567
d:714:0.010464392222379715,1.8821628510698005,1.8821625604205607,3.7538610192679815
d:715:0.005780750516720445,1.8821626033364716,1.8821627663013096,3.7585446191210607
d:716:0.010330387967654175,1.8821615143873522,1.8821637404434668,3.753994866863165
d:717:0.0056975830789092186,1.8821625876299954,1.8821626846318615,3.7586276891829478
d:718:0.010196498858714875,1.8821614025426605,1.8821637853290234,3.754128689012969
d:719:0.005617432517979637,1.8821625992608944,1.882162833419276,3.7587080001621906
d:720:0.010066525187060194,1.8821626658214505,1.8821626236473215,3.754258764281712
d:721:0.005536849959327128,1.8821621194702196,1.8821631462841495,3.758788415795042
d:722:0.009933544039547826,1.8821623273497075,1.8821629863728084,3.754391769682968
d:723:0.00545546342565828,1.8821616112778798,1.882163531484398,3.7588696793366196
d:724:0.009804642262942309,1.8821618589128626,1.882163377585691,3.7545205942356112
d:725:0.005379918229463598,1.882162803867299,1.8821625077485926,3.758945393386428
d:726:0.009677210486827903,1.8821613886438726,1.8821637549945613,3.754647933151606
d:727:0.005305799898859931,1.882162504880462,1.8821628452845687,3.7590195502661707
d:728:0.009550735775478714,1.8821626149618318,1.882162610746235,3.754774489932588
d:729:0.005236733252891312,1.882162124835979,1.8821630453382312,3.759088436921319
d:730:0.009433291704050717,1.8821626531972164,1.882162721373703,3.754892082866869
d:731:0.005169032083031766,1.8821620955488996,1.8821630545827155,3.7591561180485833
d:732:0.009317906258614173,1.8821625876299954,1.8821626121660593,3.7550072935374406
d:733:0.005099537554817957,1.88216253148099,1.8821628041222667,3.7592257980484387
d:734:0.009204247551819478,1.882161570288364,1.8821636301384963,3.755120952875041
d:735:0.00503463464646714,1.8821615401982257,1.8821636465824305,3.759290552134189
d:736:0.009098600374008114,1.8821624640780286,1.8821628461824815,3.755226709886502
d:737:0.004976805389528494,1.8821625829922937,1.8821626489541252,3.7593484265568904
d:738:0.008992486792656962,1.8821620955488996,1.8821630567973777,3.7553326655536203
d:739:0.0049152876664138034,1.8821625714223913,1.8821626138516692,3.7594098976076467
d:740:0.008880783098897282,1.8821626069121216,1.882162760376442,3.755444584189666
d:741:0.004855415917832673,1.8821616112778798,1.882163482770597,3.7594696781306443
d:742:0.008774035103773059,1.8821618637581174,1.8821633337171342,3.7555511623714786
d:743:0.004799543121555061,1.882161354737125,1.8821637449323205,3.7595255565478904
d:744:0.008667486567921046,1.882161978620129,1.8821632674123805,3.7556577594645884
d:745:0.004740173354287336,1.8821618580700523,1.8821633345599444,3.7595850192757094
d:746:0.008563476031682171,1.8821627881256298,1.8821624912576276,3.755761803351575
d:747:0.004683372031761834,1.8821615489099095,1.8821636348815893,3.759641811759737
d:748:0.008460078102936919,1.8821611640802764,1.8821637996463743,3.755864885623714
d:749:0.004628505729515453,1.8821621593157793,1.8821631278451747,3.7596967814314386
d:750:0.008364505698006397,1.8821623521624815,1.8821629163874292,3.7559607628519043
d:751:0.004577198316951581,1.882162071669768,1.8821632066935443,3.7597480800463607
d:752:0.008266182619932394,1.8821627159887946,1.8821625341606136,3.756059067529476
d:753:0.004521387614003558,1.882161215732765,1.8821638151374387,3.7598036432562
d:754:0.008167666529628193,1.8821625790920216,1.8821626472685153,3.7561575598309087
d:755:0.004464053797207157,1.8821617146384746,1.882163421208908,3.7598610820501754
d:756:0.008063813508787376,1.8821621031686178,1.882163197207369,3.7562614868671993
d:757:0.00440723662202025,1.88216170278789,1.882163432066939,3.7599178982328088
d:758:0.007964011856826048,1.8821625790920216,1.8821626472685153,3.756361214503711
d:759:0.004354346181580482,1.8821612799658496,1.8821637869926349,3.759970720776904
d:760:0.007867055906626064,1.8821610870845902,1.8821637955942094,3.7564578267721735
d:761:0.004298735389630437,1.8821623011859785,1.8821629445321761,3.760026510328524
d:762:0.007766156306733052,1.8821610501730817,1.8821637714838388,3.7565586653501875
d:763:0.004242894426846888,1.882161232075667,1.8821638103943457,3.760082148043166
d:764:0.007666548007778218,1.8821625673912088,1.882162635567699,3.7566586549511296
d:765:0.004188624842001332,1.8821618276895329,1.882163354061337,3.7601365569088685
d:766:0.00756780388230105,1.8821622447997903,1.8821629826921225,3.7567574236096117
d:767:0.004130731699738988,1.8821622078884737,1.882162999978842,3.7601944761675767
d:768:0.007467011020967362,1.8821617504653823,1.8821634078224498,3.7568581472668647
d:769:0.00407339186807576,1.882162625895301,1.882162691857129,3.7602519258843543
d:770:0.007369986246249738,1.8821611640802764,1.8821638524546636,3.7569550302886903
d:771:0.004019508272779859,1.8821611238695937,1.8821638736417015,3.7603054892385153
d:772:0.007275437967736664,1.8821626301425844,1.8821627525758942,3.757049944750742
d:773:0.003964466475496309,1.8821616055898147,1.8821634836134038,3.760360622727722
d:774:0.007177756912550848,1.8821620955488996,1.8821630567973777,3.7571473954337264
d:775:0.003906978936676353,1.8821622715555435,1.8821629640335473,3.7604182566524145
d:776:0.007081029058227273,1.8821620820917992,1.8821632050079238,3.7572442580414958
d:777:0.003853302101269662,1.8821613136309097,1.8821637683340207,3.7604717798636607
d:778:0.0069898364908258515,1.8821621701737925,1.8821631387031985,3.757335472386165
d:779:0.0038022768808900764,1.8821625212232753,1.88216281582309,3.7605230601654753
d:780:0.006899727581961557,1.882162546119698,1.8821627993791843,3.7574256179169208
d:781:0.00375040446504471,1.8821621116696718,1.88216307798438,3.7605747851890072
d:782:0.006810019996866146,1.8821615238553413,1.882163644044656,3.7575151479031312
d:783:0.003698590055336126,1.88216223548703,1.8821629676013458,3.7606266130330397
d:784:0.006721310121472257,1.8821626149618318,1.882162570592083,3.7576038754324426
d:785:0.003651128218427502,1.8821609337598417,1.8821636804377277,3.760673485979142
d:786:0.0066362671332917955,1.882162555690389,1.882162582821696,3.757688871378793
d:787:0.003604152771123026,1.88216216238175,1.8821629792537493,3.7607209888643762
d:788:0.006550431916968691,1.8821614732317293,1.8821636334162477,3.7577746747310083
d:789:0.0035569448263519376,1.8821620955488996,1.8821629993562539,3.7607681500788015
d:790:0.006466350997831327,1.882162594693117,1.8821626076431635,3.757858851338449
d:791:0.0035096298723686914,1.882160968862351,1.882163634940241,3.7608149739302235
d:792:0.006381672653324344,1.8821626658214505,1.882162500640824,3.75794349380895
d:793:0.0034623461877512085,1.882162453656008,1.8821627735753381,3.760862881043595
d:794:0.006300927117246502,1.8821618423282978,1.8821632750254693,3.7580241902365206
d:795:0.0034187239101743927,1.8821609814059919,1.882163614713786,3.7609058722096034
d:796:0.006217935992372858,1.8821617289517114,1.882163324382958,3.7581071173422966
d:797:0.0033770071367271726,1.882162265117472,1.8821628686515695,3.7609481266323144
d:798:0.006145967972512878,1.8821626375961173,1.8821626073331785,3.758179276956783
d:799:0.003337655929700034,1.8821625565331956,1.882162528484919,3.7609874290884147
d:800:0.006067272389891798,1.8821626531972164,1.8821626229342705,3.758258003741595
d:801:0.003295925136900024,1.88216223548703,1.8821628776158121,3.761029187965942
d:802:0.005992501992780674,1.8821617289517114,1.8821632979273701,3.758332524886301
d:803:0.003256687074491893,1.88216092680209,1.882163698728629,3.761067938456227
d:804:0.005919148547205211,1.8821621510193758,1.8821630396327116,3.758406042104882
d:805:0.0032185854840243167,1.8821609814059919,1.8821636083748352,3.7611060042968028
d:806:0.00584950576137544,1.882161561407795,1.882163360283453,3.7584754159298726
d:807:0.0031809670162683545,1.8821621233704917,1.882162935754181,3.7611440921084043
d:808:0.005777552598958735,1.882162546119698,1.882162643233535,3.7585476367542743
d:809:0.003140905695751428,1.8821625565331956,1.882162470778713,3.7611841216161572
d:810:0.005704163593652112,1.8821608774393326,1.8821634693606448,3.7586201832063253
d:811:0.003102186579438282,1.8821625876299954,1.8821624450867596,3.7612228461373167
d:812:0.005630826735997019,1.8821626069121216,1.882162595511783,3.7586943756879077
d:813:0.003062813786302243,1.8821622087312804,1.8821628308907492,3.7612622258357273
d:814:0.005558391826792075,1.8821618589128626,1.8821631582723803,3.758766625358451
d:815:0.003025309342568505,1.8821613378192232,1.882163564668776,3.7612995931454307
d:816:0.005488351209519848,1.882162590792845,1.8821624626771332,3.7588367022604583
d:817:0.002989082026768841,1.8821620507572376,1.882163021017604,3.7613359897480727
d:818:0.005414630664258624,1.8821611547674806,1.8821636528631345,3.7589101769663564
d:819:0.0029490898964521506,1.8821622865472456,1.8821627479982332,3.7613759446490267
d:820:0.005342021855696544,1.8821614481664994,1.8821634929515163,3.758982919262319
d:821:0.0029094663836115586,1.8821623900187454,1.8821626746601545,3.7614155982952884
d:822:0.005269967593735103,1.8821613886438726,1.8821635006007789,3.7590549216509164
d:823:0.0028699745767415408,1.8821622243149925,1.882162755562863,3.761455005301114
d:824:0.005196773206122884,1.8821610870845902,1.8821636587421935,3.759127972620661
d:825:0.002830429197008044,1.882162071669768,1.8821629652593366,3.7614946077320965
d:826:0.005125454632953108,1.8821608760433648,1.8821634368866569,3.7591988582970686
d:827:0.0027917416346863178,1.8821615953178785,1.8821632406669622,3.7615330943501544
d:828:0.00505226778019896,1.8821624640780286,1.8821625893206573,3.759272785618487
d:829:0.0027479360436526434,1.8821612362176516,1.8821635526895193,3.7615768528635183
d:830:0.004973453447229659,1.8821621818746195,1.8821628935421515,3.7593516219695413
d:831:0.0027026833328651634,1.8821609559213428,1.8821635400050667,3.7616218125935443
d:832:0.004895845728860593,1.8821617504653823,1.8821631366382299,3.7594290413747515
d:833:0.002661368623508409,1.882162622837832,1.8821624142534823,3.761663668467806
d:834:0.0048255801375454155,1.8821615885449603,1.8821632866449853,3.7594992950524
d:835:0.0026207636805946066,1.8821625657616643,1.8821624979552958,3.7617043000363655
d:836:0.0047530971150280266,1.882161611946625,1.8821632949743687,3.7595718098059656
d:837:0.0025784755564313144,1.8821626540400267,1.88216241614154,3.7617465946251354
d:838:0.004679272549084956,1.8821617092259721,1.8821631179495668,3.759645554626454
d:839:0.00253642166907575,1.8821609768339869,1.8821635767957048,3.761788131960616
d:840:0.004606289845805023,1.882162146174128,1.88216272012124,3.759718576449563
d:841:0.0024940198742040565,1.882161569043575,1.8821632366435885,3.7618307858129594
d:842:0.004533977865330385,1.8821609220590076,1.8821636747449908,3.759790618938668
d:843:0.0024555924778368876,1.8821626492969443,1.8821623876620812,3.7618694444811887
d:844:0.004465833971071476,1.8821622144102221,1.8821626590047593,3.75985903944391
d:845:0.0024178458379751078,1.8821621332586993,1.8821628371469679,3.761907124567692
d:846:0.0043954038882052515,1.882161978620129,1.8821629182191089,3.7599294929510325
d:847:0.0023790991063705746,1.8821619995326664,1.8821628931224623,3.761945793548758
d:848:0.0043303540746020275,1.882162158472969,1.8821627623000055,3.7599945666983725
d:849:0.002342240510955662,1.882162394752715,1.8821625163409692,3.7619826705827286
d:850:0.004261941355084176,1.882160797431812,1.8821634022621296,3.7600622583388574
d:851:0.0023056504134437716,1.8821614420274564,1.8821633275988283,3.762019119212841
d:852:0.00419415581722582,1.8821621116696718,1.8821627082972583,3.7601306641497043
d:853:0.00227338874836569,1.882160930959106,1.8821636074742827,3.762051149685023
d:854:0.004135029753664199,1.8821621194702196,1.882162701775517,3.7601897914920723
d:855:0.0022426185415795885,1.882161432465761,1.882163313285659,3.7620821272098404
d:856:0.004075456031472413,1.882160830557421,1.8821634210613034,3.760248795587252
d:857:0.002213030455131104,1.882162526635753,1.8821624024167534,3.762111898597375
d:858:0.004015899731712125,1.8821622865472456,1.8821625363885524,3.760308923204086
d:859:0.002183364727750714,1.8821623372544671,1.8821625008583815,3.762141473385098
d:860:0.003955497332883695,1.8821626531972164,1.882162293059391,3.760369448923724
d:861:0.002152867475340159,1.8821609415604001,1.882163585737274,3.762171659822334
d:862:0.003899042128471919,1.8821616816273412,1.8821630185107239,3.760425658009593
d:863:0.0021282215116560366,1.8821626150372879,1.8821622548994732,3.762196648425105
d:864:0.003845435034536493,1.8821617504653823,1.8821629707624083,3.760479286193254
d:865:0.0021048269040679912,1.882161019792445,1.8821634856087215,3.7622196784970985
d:866:0.0037961946405360436,1.8821606998601794,1.882163299049921,3.7605278042695645
d:867:0.002081457398356079,1.8821605246010265,1.882163204086261,3.7622422712889314
d:868:0.0037435058931922782,1.8821607340146294,1.8821633042216348,3.760580532343072
d:869:0.0020586749732558474,1.8821610909848694,1.8821634216288174,3.762265837640431
d:870:0.0036950858524491537,1.8821618831308626,1.8821628461742002,3.7606296434526136
d:871:0.002037497140509714,1.8821607476530708,1.8821633245392881,3.7622865750518493
d:872:0.0036449473569870605,1.8821621510193758,1.8821626868639392,3.760679890526328
d:873:0.0020157871368002844,1.8821616002457908,1.8821630963932066,3.762308909502197
d:874:0.003601433552473665,1.8821613508368458,1.8821632563047501,3.7607231735891222
d:875:0.0020008254651493473,1.8821615401982257,1.8821631531096514,3.7623238678427278
d:876:0.0035563000612128803,1.882161937817589,1.8821627895499589,3.760768427306335
d:877:0.0019813097856644646,1.8821604735171604,1.8821631809891244,3.7623423447206203
d:878:0.0035095008832684016,1.8821616160118708,1.8821629668585977,3.7608150819872
d:879:0.001958730654752827,1.8821609463034825,1.882163500363589,3.7623657160123187
d:880:0.003462231581954356,1.882160640099471,1.8821632318744328,3.7608616403919495
d:881:0.0019392118129140101,1.8821606934794062,1.8821632717002856,3.762384753366778
d:882:0.0034204072097843152,1.882161014947176,1.882163391005946,3.7609039987433377
d:883:0.0019198729454021901,1.882161894981433,1.882162771704074,3.762404793740105
d:884:0.003374913967240545,1.8821609245866036,1.882163521511007,3.76094953213037
d:885:0.001903351903591144,1.882162394752715,1.8821623426737304,3.7624213855228543
d:886:0.0033359158888899287,1.8821620999688449,1.8821625173523948,3.7609887014323498
d:887:0.001884622529965796,1.8821623178817681,1.8821623716462774,3.7624400669980798
d:888:0.003290016620498548,1.8821607650929408,1.8821633701972118,3.761034118669654
d:889:0.0018601485770872728,1.8821617289517114,1.8821628409582623,3.7624644213328864
d:890:0.003244348801151986,1.8821609532612378,1.8821634555171833,3.761080059977269
d:891:0.0018386119184423677,1.882160604030691,1.8821632011909806,3.7624851933032293
d:892:0.0031992641221538776,1.8821607340146294,1.882163308419834,3.7611247783123094
d:893:0.0018171065690353316,1.882161215732765,1.8821632207551353,3.762507329918865
d:894:0.00315523617055824,1.8821621295790578,1.8821624484998978,3.7611693419083974
d:895:0.001793794214288269,1.8821615143873522,1.882163060843574,3.762530781016638
d:896:0.003111033817120301,1.8821610605951555,1.8821633104616495,3.7612133372396848
d:897:0.0017709586134362354,1.8821612799658496,1.8821631816766562,3.7625535030290695
d:898:0.003063988552879593,1.8821619273955434,1.8821626802020575,3.7612606190447213
d:899:0.0017433017808716755,1.882160831400224,1.8821634118521864,3.7625809414715388
d:900:0.003013362133488684,1.8821623521624815,1.8821622868030055,3.7613112768319983
d:901:0.0017154602148679032,1.8821621718199495,1.8821623859713732,3.762609097576455
d:902:0.0029640607491696613,1.8821604574859556,1.8821631414213869,3.761359538158173
d:903:0.0016879909828571016,1.882161232075667,1.8821631666282386,3.7626364077210486
d:904:0.0029145904032255032,1.882160445785118,1.8821631524291291,3.7614090078110216
d:905:0.0016563577110613181,1.8821622406578236,1.8821623397691951,3.7626682227159574
d:906:0.0028601182664509395,1.8821624944675612,1.8821621819704681,3.7614645581715784
d:907:0.0016246743966128463,1.8821609580043202,1.8821633746221025,3.76269965822981
d:908:0.002809567200415586,1.8821621256787822,1.8821623753167707,3.7615149337951372
d:909:0.001596797747591694,1.8821617749251018,1.8821627172706101,3.7627276944481203
d:910:0.00275968019363404,1.882161917123625,1.8821626267305298,3.761564863660521
d:911:0.0015655526935702824,1.882162569737595,1.8821620945981508,3.7627591116421755
d:912:0.0027111693382124713,1.882161611946625,1.88216289984204,3.7616133424504525
d:913:0.001535609890067846,1.882160982778732,1.8821632584263064,3.7627886313149705
d:914:0.0026600247417327694,1.8821611271687786,1.8821631695625953,3.761664271989641
d:915:0.0015009476605722938,1.8821618831308626,1.8821626235233495,3.76282355899364
d:916:0.0026044593176468567,1.8821609460165156,1.88216339967936,3.761719886378229
d:917:0.00146767014643423,1.882160428059862,1.8821630140081886,3.7628557719216165
d:918:0.002556610798908565,1.8821607037604586,1.8821633006603022,3.7617673936218523
d:919:0.0014385039125865973,1.8821615965166352,1.8821628827279788,3.7628859753320274
d:920:0.002510701137694582,1.882160640099471,1.8821632372663792,3.7618131762281557
d:921:0.0014099500701370005,1.8821604293411909,1.8821630340239288,3.7629135132949827
d:922:0.0024622828029716715,1.8821608545902109,1.8821634088362806,3.76186198062352
d:923:0.001377040300939214,1.8821618220014678,1.8821625981787946,3.762947379879323
d:924:0.00241117217061948,1.8821611640802764,1.8821630935143823,3.7619130854240392
d:925:0.0013455351866529242,1.882161169759268,1.88216308487101,3.762978719443625
d:926:0.0023627068807741125,1.8821618947397383,1.882162563076296,3.76196175093526
d:927:0.0013129979919810353,1.8821609722642663,1.8821633252926588,3.763011299564944
d:928:0.0023141673884463643,1.8821605198579405,1.8821631289343301,3.7620094814038243
d:929:0.0012842741998628782,1.882160996164302,1.8821632845191836,3.7630400064836227
d:930:0.002271298293925028,1.882161978620129,1.8821624740795002,3.762053154405704
d:931:0.0012608832052283248,1.8821613508368458,1.882162940418013,3.7630634080496304
d:932:0.0022290108947498055,1.882161472630628,1.8821628724367372,3.7620953341726153
d:933:0.0012319690019086948,1.8821621047119272,1.882162257854354,3.7630923935643725
d:934:0.0021822951426582193,1.8821613657962004,1.8821629167596612,3.7621419874132034
d:935:0.0012033206076420555,1.8821611640802764,1.8821630276531742,3.7631208711258086
d:936:0.0021395251057700904,1.8821617504653823,1.882162585235882,3.7621848105954943
d:937:0.001176215743411646,1.8821607334135422,1.88216332623076,3.7631478439008905
d:938:0.002095741081429736,1.8821604418848423,1.8821629614796507,3.7622276622830633
d:939:0.0011520528977086997,1.8821608484511572,1.8821633256200414,3.76317212117349
d:940:0.002059864732171235,1.882161978620129,1.8821624293982033,3.762264543286161
d:941:0.0011318606009709242,1.8821615880490583,1.8821627873810094,3.763192514829097
d:942:0.0020223481571370883,1.8821617602863263,1.8821625581073498,3.762301970236539
d:943:0.001109709646453183,1.8821604176377633,1.8821630305369155,3.7632137385282256
d:944:0.0019823404732868255,1.8821622078884737,1.8821621641794728,3.7623420315946596
d:945:0.0010874780062604117,1.88216019518158,1.8821628757705646,3.7632355929458843
d:946:0.0019444433555459995,1.8821610909848694,1.882163057343245,3.7623797049725685
d:947:0.0010650149771755935,1.8821605095859582,1.8821631531761724,3.763258647784955
d:948:0.0019068891001019495,1.8821607650929408,1.8821633654657077,3.7624172414585466
d:949:0.0010443453402722014,1.88216170278789,1.882162596267328,3.763279953714946
d:950:0.0018714237439265702,1.8821610870845902,1.8821630534429623,3.762452716783626
d:951:0.0010253177687822301,1.8821613886438726,1.8821628857308355,3.763298956605926
d:952:0.001835925678259187,1.8821623372544671,1.8821620861739952,3.762488497750203
d:953:0.001006082348224524,1.8821618535003566,1.8821625074037378,3.76331827855587
d:954:0.0018036858707848324,1.882162158472969,1.8821622889882619,3.762520761590446
d:955:0.0009881286967399205,1.8821609052137624,1.8821632874599992,3.7633360639770217
d:956:0.001770628598315227,1.8821604379845525,1.8821629940204545,3.7625528034066917
d:957:0.0009678882815844503,1.882160831400224,1.8821633373208968,3.7633562804395364
d:958:0.0017340188396595124,1.8821620755700437,1.88216237479433,3.762590431524714
d:959:0.0009506843171855905,1.8821616619852932,1.8821626196689962,3.763373597337104
d:960:0.0017009498443467663,1.882162146174128,1.8821621953816674,3.7626233917114487
d:961:0.0009346113440447112,1.882161232075667,1.8821629745945039,3.7633895953261263
d:962:0.0016719700444873808,1.8821610540733573,1.8821630768446589,3.762652160873529
d:963:0.0009224968245504783,1.8821618589128626,1.8821624996031865,3.7634018616914986
d:964:0.0016469639356664345,1.882160978035646,1.8821631158474865,3.762677129947466
d:965:0.0009078989221613654,1.882161101522886,1.8821630447995865,3.763416247400311
d:966:0.0016157957877922513,1.882162146772142,1.8821622772874385,3.7627086282717883
d:967:0.0008954857465166555,1.882161552599662,1.882162697674577,3.7634287645277222
d:968:0.0015894158418774396,1.8821619995326664,1.8821624137970936,3.7627349974878825
d:969:0.0008819569826421514,1.8821608752005545,1.882163313919186,3.7634422321370984
d:970:0.0015640138213459664,1.8821605348173343,1.8821633034608922,3.7627598244568805
d:971:0.000869769979257029,1.8821612269048522,1.8821629754373106,3.7634544323629058
d:972:0.0015373885874243598,1.882160422383432,1.8821631034144204,3.762786137210428
d:973:0.0008608106782830305,1.8821604741182476,1.882163239948401,3.7634629033883655
d:974:0.0015147582203596244,1.8821615963455187,1.8821627414204585,3.7628095795456176
d:975:0.000851248512843128,1.882161014705467,1.882163103303828,3.763472869496452
d:976:0.001489718188576461,1.8821615807444054,1.882162725819338,3.762834588375167
d:977:0.0008420939322952847,1.8821605246010265,1.8821633275319876,3.7634817582007187
d:978:0.0014690074554888355,1.8821604577753064,1.8821632579045406,3.762854708224358
d:979:0.0008351379611948317,1.882161472630628,1.8821628428277464,3.7634891774971795
d:980:0.0014474152290038234,1.8821609052137624,1.8821632874599992,3.762876777444758
d:981:0.0008279511943936058,1.882161232075667,1.8821629745945039,3.7634962554757774
d:982:0.001427441891523884,1.8821602393618306,1.8821631147931086,3.7628959122634154
d:983:0.000825084940252907,1.8821600977776747,1.8821630011006043,3.763498013938026
d:984:0.0014120062581142179,1.8821609415604001,1.8821631782520285,3.7629121135543144
d:985:0.0008221858470758292,1.8821604184831529,1.882163174870282,3.763501407506359
d:986:0.0013969063270895532,1.8821609245866036,1.8821632796594265,3.7629272979189405
d:987:0.0008185539641001327,1.8821622191442025,1.882162146040585,3.7635058112206874
d:988:0.001379896886753329,1.8821622078884737,1.8821621481530713,3.7629444591547916
d:989:0.0008143944977430095,1.8821608713002789,1.88216328449694,3.763509761299476
d:990:0.00136597572552688,1.8821604574859556,1.8821631034242365,3.7629575851846653
d:991:0.0008140295767287142,1.882160968862351,1.8821631704612756,3.763510109746898
d:992:0.0013546273137254872,1.8821600977776747,1.8821630025214944,3.7629684729854436
d:993:0.0008146447122800993,1.882160329399742,1.8821630067050492,3.763508691392511
d:994:0.001346788672359267,1.8821615540807208,1.882162738999586,3.7629775044079476
d:995:0.0008182653295403242,1.8821612314745693,1.88216290755447,3.763505873699499
d:996:0.0013332298381030228,1.8821621818746195,1.8821622553651451,3.7629912074016616
d:997:0.0008181873664465655,1.8821615923746577,1.8821627164407104,3.7635061214489216
d:998:0.0013227998586806677,1.8821620198594786,1.8821623402262375,3.7630015602270355
d:999:0.0008193079648730617,1.882160930959106,1.882163076108629,3.763504699102862
d:1000:0.0013168678575219417,1.8821610870845902,1.8821629729135054,3.7630071921405737
d:1001:0.0008226170881755479,1.8821622865472456,1.8821620220128246,3.7635016914718946
d:1002:0.0013075180110639906,1.882162146772142,1.8821621802475583,3.7630168090086364
