data: dataset/mobility/
d:1:5.2731905798828596,5.965985777655472,5.96519043995224,6.6579856377248525
d:2:5.130052521518587,5.965846962206891,5.96498355757678,6.800777998265084
d:3:5.0191353211329615,5.965846962206891,5.964812307086575,6.911523948160505
d:4:4.955249194916785,5.9656060978378935,5.964514184843631,6.97487108776474
d:5:4.892744835585477,5.965437407767807,5.964186543355849,7.036879115538179
d:6:4.83486494289974,5.964640554580175,5.963719456213822,7.093495067894256
d:7:4.7848099775508,5.963193853268004,5.963099156298307,7.141483032015511
d:8:4.732157838786815,5.963193853268004,5.963007841363242,7.194043855844431
d:9:4.6973167405873655,5.964640554580175,5.963099195268134,7.230423009260943
d:10:4.654481991245365,5.963951221710794,5.962891786442435,7.272361016907864
d:11:4.6199847574448025,5.963193853268004,5.962623497284701,7.305832593107903
d:12:4.587595680993077,5.956501335887592,5.961071119085424,7.329976773979938
d:13:4.565765077521543,5.9623583329008545,5.962160846423684,7.358754101802995
d:14:4.526334435120781,5.951469384563558,5.959029417123591,7.3841643665663685
d:15:4.5105127764270225,5.956501335887592,5.961174680835327,7.407163240295896
d:16:4.474658121467655,5.949789667012418,5.958786584183196,7.433918129727958
d:17:4.4569627743637295,5.95062967601961,5.959377119633734,7.453044021289616
d:18:4.440362174793715,5.951469384563558,5.959858922715001,7.470966132484844
d:19:4.427209505891991,5.95733894608016,5.961191086962376,7.491320527150545
d:20:4.408151392020172,5.956501335887592,5.961152830508599,7.509502774376018
d:21:4.378683022035303,5.951469384563558,5.960542916851376,7.533329279379632
d:22:4.3618442876116434,5.944743293425338,5.958207458693417,7.541106464507112
d:23:4.334989853003181,5.938842127899273,5.952903880938368,7.556756155834458
d:24:4.3188349558415045,5.936308516581143,5.9511127210912305,7.56858628183087
d:25:4.307452297093079,5.939686058914241,5.955182259992075,7.587416021813237
d:26:4.307826605805721,5.951469384563558,5.960340304942415,7.6039830837002516
d:27:4.29777576448062,5.951469384563558,5.960208918104679,7.6139025381876175
d:28:4.275133599145912,5.939686058914241,5.956930559311803,7.621483019080133
d:29:4.2615912257824204,5.9405296871786675,5.957362589024832,7.636301050421079
d:30:4.244989430352316,5.931233095750521,5.949433106373846,7.635676771772051
d:31:4.235451553731419,5.937997893956837,5.955759848213279,7.658306188438697
d:32:4.210545492295355,5.936308516581143,5.9548947200019064,7.680657744287694
d:33:4.190110207373011,5.926146711962296,5.944778581730531,7.680815086319817
d:34:4.208220725768444,5.936308516581143,5.95448622326988,7.6825740140825785
d:35:4.19025824647186,5.939686058914241,5.955553008291394,7.704980820733775
d:36:4.17798303056804,5.936308516581143,5.953907519566176,7.712233005579279
d:37:4.1544547763130595,5.926146711962296,5.946461189663138,7.718153125312375
d:38:4.163331805089012,5.941373012869343,5.95507879629667,7.733120004077001
d:39:4.138528191446185,5.918496496247029,5.940217952568485,7.7201862573693285
d:40:4.125528514356288,5.922749679850888,5.945029481674746,7.742250647169346
d:41:4.122449669940682,5.921899656481779,5.944891136887688,7.744341123428786
d:42:4.104974760808067,5.915940900928899,5.939639334063909,7.7506054741847406
d:43:4.088918654049204,5.904834584814442,5.929179532245416,7.745095463010655
d:44:4.103161865667723,5.926146711962296,5.950878919080868,7.773863765375441
d:45:4.06561969151763,5.905690772450095,5.931310105106464,7.771381186038929
d:46:4.071755963613243,5.919347746679592,5.945293184889181,7.792884967955529
d:47:4.073435851715322,5.9295388544965295,5.951789254805441,7.80789225758665
d:48:4.025794279969269,5.895396012489492,5.922202934253097,7.791804666773319
d:49:4.026345395594792,5.89797390396896,5.925441083940779,7.797069592314948
d:50:4.022282252711351,5.897114918643071,5.925223500782582,7.8000561667143025
d:51:4.018340806537303,5.892815311740031,5.921537697025884,7.796012202228612
d:52:4.06020256957765,5.9295388544965295,5.9514813254416605,7.82081761036054
d:53:4.050239780516327,5.919347746679592,5.949111769686027,7.818219735849292
d:54:4.0321504803459485,5.905690772450095,5.936824416469541,7.810364708573688
d:55:4.012485897169197,5.888507887459017,5.920617953701315,7.796639943991136
d:56:4.063209250442238,5.915940900928899,5.94866516159343,7.801396812080091
d:57:4.028356260915835,5.892815311740031,5.926532869265638,7.790991920089834
d:58:4.060625910394632,5.915940900928899,5.948958463780206,7.804273454314473
d:59:4.0106754928121555,5.886782723698325,5.920962460410099,7.797069691296268
d:60:4.040679936885477,5.905690772450095,5.940230189366055,7.805241024930673
d:61:4.063756087467659,5.922749679850888,5.9496744576004605,7.80866804998369
d:62:4.018877451744131,5.8850563039684225,5.9212531836671625,7.787432035891453
d:63:4.033983170706298,5.89797390396896,5.934949030585397,7.798939763848059
d:64:4.0554197643998275,5.909112425426349,5.946862816368558,7.800555477395079
d:65:4.052551092899797,5.918496496247029,5.949660363718588,7.8156057670658186
d:66:3.9901210302167627,5.869461761438438,5.909182773902289,7.788523505123965
d:67:4.003267173289178,5.8746713267286506,5.9151136350192175,7.78651778845869
d:68:4.005914653635751,5.878138035556931,5.919291008286126,7.791514390207306
d:69:3.9871313110025692,5.87986949406959,5.921719711944653,7.814457895011673
d:70:3.987224449379018,5.87986949406959,5.922399491102693,7.815044535793265
d:71:3.9903552123914556,5.878138035556931,5.921324286386097,7.809107109551573
d:72:3.979371994952971,5.8746713267286506,5.918480728125116,7.813780059900796
d:73:3.9823813189726858,5.869461761438438,5.91384460750248,7.8009250499682325
d:74:3.958598424229953,5.862497873859665,5.907823588223842,7.811723037853554
d:75:3.9436050891613137,5.853764269834713,5.899774690548258,7.809933871221658
d:76:4.011718986451081,5.909112425426349,5.94770761530135,7.845101054276617
d:77:4.009822386584865,5.89797390396896,5.944428247284775,7.8325797646688695
d:78:3.9873703077007976,5.8850563039684225,5.93250320845627,7.830189204723895
d:79:3.973062309157333,5.87033081556937,5.918779271151049,7.816047777563087
d:80:3.948933927712191,5.853764269834713,5.903046861664179,7.807877203786702
d:81:4.00946578031653,5.905690772450095,5.946809659278857,7.843034651412422
d:82:3.988977398498303,5.886782723698325,5.936263867583147,7.8340691927831685
d:83:3.9588395231906333,5.865982365624804,5.916125650650724,7.823268493084894
d:84:3.922312441863352,5.843241534122953,5.894248866505599,7.8151779587652
d:85:3.995492073396367,5.892815311740031,5.942809761161724,7.840132999505389
d:86:3.9558789574846447,5.8677226997677945,5.919540897604473,7.831384639887622
d:87:3.9228317719028425,5.840603585001449,5.892757491120873,7.810529304219479
d:88:3.991412025422048,5.888507887459017,5.940585664479976,7.837681526516945
d:89:3.942454316488349,5.859008273994149,5.911454474739352,7.828008432245151
d:90:3.897687965986224,5.827369986431414,5.880631294771339,7.810313315216529
d:91:3.950498799104049,5.873803858468026,5.926479877705315,7.849784937069292
d:92:3.9060436921458717,5.839723620769991,5.893421316028096,7.827101244652216
d:93:3.9711691150242094,5.8850563039684225,5.938400618990777,7.85228780793499
d:94:3.919944021054646,5.84850870371283,5.903380718894608,7.831945401552791
d:95:3.971342361243982,5.892815311740031,5.940434869684667,7.861907820180717
d:96:3.906633501842596,5.853764269834713,5.909772556108624,7.856903324100741
d:97:3.844606661279327,5.812703717989042,5.869371038442393,7.83746809515211
d:98:3.9094426960667255,5.855513553839864,5.912539745867098,7.858610603640236
d:99:3.837486095270723,5.81181336907923,5.869544803025942,7.843872076834449
d:100:3.892001973950994,5.853764269834713,5.911925333886402,7.87368762977012
d:101:3.8201717978384098,5.807356662866912,5.866502642346787,7.85368750737529
d:102:3.874530917767048,5.84850870371283,5.908176892683273,7.882154678629055
d:103:3.802109185136217,5.7993136896748325,5.859264997805752,7.856469502344368
d:104:3.8669894220518373,5.839723620769991,5.8995165342157065,7.8722507329338605
d:105:3.911354183439795,5.87986949406959,5.935418002956609,7.9039333135864025
d:106:3.839972183792889,5.827369986431414,5.887757679916593,7.875155482555118
d:107:3.898138706155274,5.866852691849968,5.926676014367995,7.895390000062688
d:108:3.8009037880897605,5.81181336907923,5.872008928406735,7.8829185093962035
d:109:3.8613276724159995,5.850261846307184,5.910843434698406,7.899777608589591
d:110:3.7733712202414758,5.7921417190256825,5.853568631906084,7.872339130690291
d:111:3.8316303271568195,5.830022570756904,5.891315111700608,7.889707355300693
d:112:3.883834567361175,5.8677226997677945,5.928883268273672,7.91277140068029
d:113:3.7922747839402637,5.806464327893565,5.868105562180185,7.882295106133486
d:114:3.845169958797528,5.843241534122953,5.904759766772139,7.902831342097564
d:115:3.7468044500701767,5.7786364153409995,5.840682926035441,7.872514891306264
d:116:3.7937780352599626,5.815372783641251,5.876884410622812,7.8984791590041
d:117:3.8545001253994062,5.8511379346084205,5.912540748434625,7.90917855764364
d:118:3.7233332952878087,5.783146599112182,5.84565704358767,7.905470347412043
d:119:3.7765682100782154,5.818926922752744,5.881332237442724,7.923690950117253
d:120:3.824617012881242,5.853764269834713,5.916066206902276,7.945213463855747
d:121:3.7193697911238583,5.782245237127718,5.84519274675355,7.90806819275741
d:122:3.7656928397033447,5.8171505118339075,5.879582058266086,7.931039730396648
d:123:3.810912769359338,5.8511379346084205,5.913478834738565,7.953703999987648
d:124:3.709694407896216,5.775926250712273,5.8389672731919635,7.90519911600802
d:125:3.7595937264994124,5.810031679525703,5.872568373825556,7.923006326851846
d:126:3.8039394404985867,5.843241534122953,5.905699616396199,7.9450017100205645
d:127:3.695039355340805,5.764146916095973,5.827362344468882,7.89646990522405
d:128:3.7594519080257918,5.797522700962534,5.861029279312863,7.899100072249606
d:129:3.8123337452992416,5.830022570756904,5.894208619826676,7.911897445284339
d:130:3.85957205961025,5.862497873859665,5.919501407401661,7.922427221651076
d:131:3.751705871670352,5.779539127275196,5.844808425877828,7.872641681482672
d:132:3.8023201871391983,5.81181336907923,5.87830154005025,7.887794721990282
d:133:3.8517227461976375,5.843241534122953,5.911347664921058,7.902866452846373
d:134:3.724208758004827,5.755958229663509,5.826796418925554,7.858545890584236
d:135:3.772433578412122,5.787648358496794,5.859684050896686,7.8748988309813575
d:136:3.8266464236647924,5.818926922752744,5.892142210380769,7.884422709468721
d:137:3.875210866793422,5.849385436072783,5.922233431871794,7.896408001151155
d:138:3.7442475147735195,5.757780334730003,5.83552388903845,7.849056708994933
d:139:3.794179757090644,5.7885477016959,5.8674526145113415,7.861820559116596
d:140:3.828885772652491,5.818926922752744,5.89897630397436,7.889017454074612
d:141:3.874215926910882,5.84850870371283,5.926400665483895,7.900693442285842
d:142:3.7416363190502455,5.752309899543015,5.837092581206404,7.847766161699173
d:143:3.7936608343301845,5.782245237127718,5.868157039883309,7.856741442680843
d:144:3.838720923941856,5.81181336907923,5.898838309202942,7.871930754340316
d:145:3.883094900548522,5.840603585001449,5.928203542997665,7.885712227450592
d:146:3.7346844771506387,5.740460492187539,5.831489525957721,7.837265540994622
d:147:3.7740555979198795,5.768684230708429,5.861776929196477,7.856405561985026
d:148:3.818127967144253,5.797522700962534,5.891700703639702,7.871095437457983
d:149:3.860546591331679,5.825599962274769,5.921267861743922,7.886321232687011
d:150:3.715880039834939,5.726304448481907,5.818636482225002,7.829060890871968
d:151:3.742011631619447,5.747741744564891,5.848227806367326,7.85395791931277
d:152:3.7758904227221084,5.775926250712273,5.87747303291664,7.877508860906806
d:153:3.8093563815920337,5.8037853319088955,5.906378662884638,7.900807613201499
d:154:3.8540691257462214,5.83090611247449,5.934951032122699,7.911788018850967
d:155:3.6930982486669635,5.726304448481907,5.827358771430809,7.860564971245752
d:156:3.7229600683616573,5.746827079150522,5.855999436550444,7.879866447339309
d:157:3.7441401787118833,5.774117781546508,5.884315772423408,7.9142933752580324
d:158:3.7977698986510076,5.801103345113555,5.912313678328841,7.915647124791389
d:159:3.82553346116669,5.827369986431414,5.9395796211739444,7.9414161464386686
d:160:3.672026757047032,5.727938826388629,5.827054497256783,7.88296656659838
d:161:3.688492065062361,5.7377067269914575,5.8548499082518095,7.904064570180905
d:162:3.732190169179246,5.763238430073253,5.882340193864936,7.913388454758943
d:163:3.7672171432540784,5.789446709144853,5.909530734219532,7.931760300110306
d:164:3.808013625026865,5.815372783641251,5.936426781083734,7.94378593969812
d:165:3.680114641092624,5.744525427981683,5.8176770166436675,7.882087803532727
d:166:3.678235287049093,5.725496078445877,5.844723623401473,7.891984414798257
d:167:3.7043380743952152,5.743164962381975,5.871482074526061,7.91030896251282
d:168:3.7502639378445686,5.768684230708429,5.897389057160753,7.915809350024613
d:169:3.797233393829316,5.793936717256477,5.92302007561389,7.91972339904105
d:170:3.83312836216101,5.818926922752744,5.947434313013377,7.933232873605111
d:171:3.7039320214807283,5.747016608112528,5.823119105567448,7.866203692199248
d:172:3.6927444337756246,5.724626106518372,5.84865283839253,7.880534511135277
d:173:3.708330404206068,5.739542917649102,5.873919893104187,7.905132406547221
d:174:3.738657353094636,5.763238430073253,5.898924550845845,7.923505627824463
d:175:3.7600408602293713,5.787648358496794,5.923486268419094,7.951093766686516
d:176:3.7939364532643074,5.81181336907923,5.947788190917635,7.9656651067325575
d:177:3.6787339424663283,5.758441854232171,5.815733007700496,7.895440919466338
d:178:3.6743731114041216,5.737886281963501,5.840717031297388,7.904230201856767
d:179:3.67311969705246,5.729029814789815,5.865451661512132,7.921361779249487
d:180:3.6989370968838156,5.746827079150522,5.889940868178428,7.937830850445135
d:181:3.7403338187707886,5.770496773198307,5.914188535136509,7.944351489564027
d:182:3.773863262797942,5.793936717256477,5.9385485379314105,7.958621992389945
d:183:3.797737649572289,5.8171505118339075,5.954359290559278,7.973772152820898
d:184:3.6866376540896084,5.75702759216567,5.824794560781788,7.89518449885785
d:185:3.689655855158117,5.740375271964975,5.849185667521446,7.899905084328305
d:186:3.673474956964916,5.726304448481907,5.873343244781303,7.926172736298294
d:187:3.6973606487566286,5.74278332771064,5.897270883135996,7.942693562090007
d:188:3.727437348997462,5.765055060807883,5.920972098416868,7.95858981022729
d:189:3.764671788598582,5.787648358496794,5.944450333663047,7.967426903561259
d:190:3.795279977075303,5.810031679525703,5.960209378722408,7.9749610811728076
d:191:3.6655379655246767,5.743930703841478,5.820766886131167,7.899159624447969
d:192:3.6927366132287798,5.7544949164323995,5.842586621972552,7.904344925176172
d:193:3.6753818400750493,5.734568937573279,5.8642072328667805,7.92339433036501
d:194:3.690385837487053,5.729728790891819,5.885631658959694,7.92497461236446
d:195:3.7104014895086577,5.746827079150522,5.9068627815132055,7.943288371155071
d:196:3.74653264314378,5.768684230708429,5.927903424385589,7.950055011950237
d:197:3.7731732091304044,5.790345381047228,5.948756355467143,7.965928527383967
d:198:3.6358404646550104,5.722469616069831,5.793646794185717,7.8802759456005385
d:199:3.6685381819555083,5.741943139717909,5.814801824986223,7.8882067827486235
d:200:3.6950369433061114,5.75702759216567,5.836440721067686,7.898431369927244
d:201:3.698151805243386,5.742035060398839,5.858072099558851,7.901955354714305
d:202:3.688423341612917,5.7247230708230505,5.879278112144187,7.915577841354321
d:203:3.715493656511075,5.7377067269914575,5.900299585271887,7.92251265575227
d:204:3.7413059427910467,5.757780334730003,5.920535248479221,7.937009640418178
d:205:3.780426245422376,5.7786364153409995,5.941251344003707,7.93946151392233
d:206:3.638372804033633,5.7115815821896625,5.777834260693858,7.8510430388498875
d:207:3.6690052247470284,5.722469616069831,5.798663402644355,7.852127793967156
d:208:3.6929473398232737,5.741011329771226,5.81911516952801,7.867179159475963
d:209:3.726475248640683,5.75561228888929,5.839829200851717,7.868966241100325
d:210:3.7280473291411482,5.744525427981683,5.860134252272385,7.87661235111292
d:211:3.724458737135093,5.726282269402333,5.880377119298002,7.882200651565242
d:212:3.742046399602245,5.73364618507992,5.900344167207849,7.891943952685523
d:213:3.7655152183752145,5.752309899543015,5.920145876633212,7.906940557801012
d:214:3.794743311030488,5.7723079562593025,5.9393596530827235,7.916924298311538
d:215:3.6449942716789963,5.70108572283284,5.765649873216232,7.821741324370075
d:216:3.6649657242414806,5.7142946867293585,5.785779946645807,7.835108909133685
d:217:3.690812241348338,5.723677247511221,5.805197217680274,7.838062223843158
d:218:3.7127636750817627,5.742437718311124,5.824894359652404,7.854568402881765
d:219:3.7485496167616814,5.75653750933208,5.84399768789334,7.851985580463739
d:220:3.729427188808133,5.744525427981683,5.863561380699513,7.878659619873064
d:221:3.7206363765833244,5.727110498811535,5.882896770649182,7.889370892877392
d:222:3.728875738148612,5.732770602167452,5.902246375507506,7.906141239526346
d:223:3.751935431456003,5.749570040341437,5.9213999332828555,7.919034542168289
d:224:3.777946297955226,5.768684230708429,5.939747025913502,7.930484958666706
d:225:3.597016513004693,5.690935112861915,5.756166328931769,7.850084928788991
d:226:3.6245169079196558,5.703528765510007,5.775458811007281,7.8544706685976315
d:227:3.6414320991222775,5.716354007678968,5.7947292952665626,7.869651203823252
d:228:3.6641427139544396,5.726491910208832,5.813356640631429,7.875705836885822
d:229:3.690106651587195,5.7431352498327986,5.832204355522838,7.885232953768442
d:230:3.7149718728407572,5.75702759216567,5.850363685180867,7.892419404505779
d:231:3.716192155507482,5.744525427981683,5.8689257385638705,7.897259011038072
d:232:3.6979192473609785,5.727938826388629,5.88680764070155,7.9168272197292
d:233:3.7277813095218466,5.731357971115333,5.9045545495083225,7.908131211101809
d:234:3.7451489960112117,5.746827079150522,5.922168116610208,7.9238461997495175
d:235:3.770088118317811,5.765055060807883,5.935873370448592,7.930840312938664
d:236:3.5964350824873854,5.686686261968301,5.744060850050291,7.8343120295312065
d:237:3.607226975295422,5.692170290771733,5.761966087421598,7.846909402897909
d:238:3.62767515732647,5.704431098715903,5.780464669181997,7.85722061057143
d:239:3.6448350178167352,5.716672950805811,5.798102989486207,7.869940922475283
d:240:3.66574699133282,5.726491910208832,5.815611757590494,7.876356676466506
d:241:3.6893751085932207,5.742822934440662,5.8329925138379926,7.886440339685433
d:242:3.701956336330314,5.75561228888929,5.850246773709482,7.903902726268457
d:243:3.7061401138887318,5.747016608112528,5.8678092100472945,7.9086857042710905
d:244:3.6858767317327583,5.731253111160877,5.884813151333393,7.930189530761512
d:245:3.681234883045552,5.729415158639599,5.902124658527461,7.950304934121507
d:246:3.7211844843288313,5.742294600748849,5.918884114793492,7.93999423121351
d:247:3.7273574428729432,5.75869087299907,5.927933654326932,7.959267084453058
d:248:3.5578538614299946,5.682735806429467,5.7271476535556936,7.852029598555165
d:249:3.5607222205622318,5.6862704161529845,5.744685778259107,7.87023397384986
d:250:3.568544439760025,5.690935112861915,5.761655217820659,7.884045890922549
d:251:3.5948668091238094,5.7023122687264856,5.7780627052723785,7.885508164875054
d:252:3.611739028431381,5.7142946867293585,5.794796701495895,7.8973523597938735
d:253:3.6287514271468595,5.722469616069831,5.811414098003746,7.905132286926717
d:254:3.6511725955344216,5.737280491907843,5.828353655525598,7.914461551899019
d:255:3.6781267053711044,5.749069178417992,5.8447400632117255,7.915682536258613
d:256:3.6861346111428634,5.7544949164323995,5.861447798532296,7.929808103821832
d:257:3.6716688507387945,5.739545515894516,5.877608373067584,7.945485038223306
d:258:3.677018186347804,5.724626106518372,5.894089416682108,7.941697336852674
d:259:3.698828190189901,5.732770602167452,5.910029158290287,7.943971570267839
d:260:3.7120599972128776,5.746827079150522,5.918676731452155,7.9534438133898
d:261:3.5432065454514854,5.679395502947255,5.703534259017248,7.8397232165130175
d:262:3.5434374484318507,5.681337552470736,5.72070434241736,7.858604446456246
d:263:3.55165849564054,5.684070553549056,5.737733515888373,7.870145573796888
d:264:3.5643217622725336,5.687677139701062,5.754620231035192,7.8779756084637205
d:265:3.5750385750561247,5.693634338068396,5.770918131228743,7.889513894241015
d:266:3.5967040979874723,5.704431098715903,5.787513102590447,7.895240103318877
d:267:3.632229438405683,5.7161341133245545,5.803274486722666,7.887179161641538
d:268:3.643799111007164,5.723360189753102,5.819480950639859,7.899042029385797
d:269:3.6599511935602234,5.738213741536372,5.835471454183079,7.913734002159227
d:270:3.6848747345186617,5.749069178417992,5.851704305698843,7.915898749598174
d:271:3.6984399428012384,5.755326272289238,5.867800015693556,7.924686345181556
d:272:3.689345516801997,5.741205120261427,5.883044833955971,7.9349044374154
d:273:3.6874986454201757,5.727110498811535,5.898191435523679,7.937803288915038
d:274:3.6988931366731066,5.730481022296988,5.912008455845735,7.9435963414696165
d:275:3.5364046690526054,5.673462803633402,5.676504956940145,7.813563091520943
d:276:3.5385641754285304,5.672168147048112,5.692232655647249,7.82583662726683
d:277:3.5409002694663663,5.6773916889423015,5.708378830162724,7.84487024963866
d:278:3.5499887279322158,5.681401568215923,5.724365626142639,7.855778466426346
d:279:3.5613431371694846,5.682735806429467,5.7401760429281685,7.861568712188151
d:280:3.5812757273729403,5.685672106589635,5.7553282932976035,7.859724672514298
d:281:3.5942953423425896,5.688112453919203,5.770626363128812,7.864443474705426
d:282:3.6182367526021304,5.698675954587008,5.786216410217861,7.866655612202739
d:283:3.636346023389282,5.7092325439664275,5.801635194689281,7.874521715266426
d:284:3.6415486321265877,5.717131712294116,5.816847803130118,7.8924308832976475
d:285:3.6628020028564077,5.726491910208832,5.831527414789045,7.89521732214147
d:286:3.6795502708589183,5.741011329771226,5.84666296895081,7.908124027863117
d:287:3.695376695546602,5.750924578950581,5.8615963468139585,7.917144230217937
d:288:3.7041947914464295,5.7544949164323995,5.876004091246141,7.926304216232111
d:289:3.6944102331752333,5.741205120261427,5.890990953580291,7.937785840666486
d:290:3.6961569261005245,5.727938826388629,5.9048626831208155,7.9366445834089205
d:291:3.5338597074097073,5.697047625809882,5.654306508673198,7.817494427073372
d:292:3.519544731106233,5.684094165667071,5.665381086243549,7.829930520804387
d:293:3.5066204964556764,5.677762211112777,5.679482390996982,7.850624105654083
d:294:3.514261648545519,5.671662758078108,5.694066270692828,7.851467380225417
d:295:3.5296005701413202,5.6744720323231554,5.709127778437411,7.853999240619246
d:296:3.5297363077438835,5.680402486966087,5.723986358777189,7.874652537999394
d:297:3.543716117158139,5.681281392774517,5.738307322587649,7.875872598204028
d:298:3.56042427919805,5.683880754746495,5.752655328060662,7.876111803609107
d:299:3.5776682182199178,5.6876447707055195,5.767253031527154,7.877229584012756
d:300:3.5987766424068885,5.690935112861915,5.781320120818894,7.87347859127392
d:301:3.621942668929135,5.70108572283284,5.795747783181251,7.874890837084957
d:302:3.6333620003211733,5.710683422357759,5.809649397885295,7.88697081992188
d:303:3.6499957806574477,5.717231335767423,5.823910225025823,7.8911457801357985
d:304:3.6730229260100016,5.726491910208832,5.838197736426472,7.891666720625303
d:305:3.6906641702845793,5.7400791602423755,5.852573564807571,7.901988554765367
d:306:3.708605884135098,5.749069178417992,5.866822575228878,7.907285869511773
d:307:3.741460782164939,5.756989238696036,5.880935114289153,7.89646357082025
d:308:3.7236644336927816,5.744525427981683,5.894894439175427,7.915755433464329
d:309:3.552822429534851,5.686777687584518,5.647658770471551,7.7816140285212185
d:310:3.5500895760566724,5.694431836931009,5.642395160175188,7.786737421049525
d:311:3.556875610660737,5.700912255304983,5.651311144880125,7.795347789524372
d:312:3.5517039257635723,5.694455282709834,5.665654552832459,7.80840590977872
d:313:3.5551797298785175,5.682368634484789,5.680942319595131,7.808131224201402
d:314:3.5640686813917872,5.676902132015431,5.696141726257807,7.808975176881451
d:315:3.5551646683103746,5.671662758078108,5.711253576111174,7.827751665878908
d:316:3.569956017713368,5.674197547048782,5.726278662421148,7.830520191756561
d:317:3.5820488886649917,5.679800114617741,5.741351509299559,7.839102735252308
d:318:3.5864204289542645,5.68141397605163,5.7557569220143066,7.850750469111672
d:319:3.5990754852543994,5.6829236864516135,5.770528538343125,7.8543767395403385
d:320:3.6034351403556224,5.685672106589635,5.784425491878562,7.866662458112574
d:321:3.6134290981985053,5.687385637059847,5.7981454617407024,7.872102000602045
d:322:3.6253937044886317,5.69531074419656,5.811715946529249,7.881632986237177
d:323:3.6437327400586916,5.704431098715903,5.825212018393574,7.885910377050784
d:324:3.653527386863624,5.7142946867293585,5.838707822851293,7.899475122717027
d:325:3.6559277455494055,5.718708677175356,5.852056812822638,7.9148377444485885
d:326:3.6670198826280203,5.73023971049411,5.865223792555561,7.9284436204216515
d:327:3.6781509726241914,5.742437718311124,5.8778827490075995,7.942169494694532
d:328:3.6880893936335903,5.750924578950581,5.890909380272733,7.953744565589724
d:329:3.685859959320914,5.7561577131824375,5.900120974047098,7.970418727908622
d:330:3.4873556311542195,5.671000593596211,5.661796357331439,7.84544131977343
d:331:3.4886521503808394,5.676006441154415,5.649198730212685,7.836553020986261
d:332:3.4806600511486323,5.682288822487667,5.640880882619835,7.842509653958871
d:333:3.490927323081978,5.688692575487736,5.648331334710026,7.846096587115783
d:334:3.5119441383320895,5.696393441645162,5.659028062098093,7.843477365411165
d:335:3.529868882038113,5.701181356371849,5.67231050872881,7.843622983062546
d:336:3.53875480025002,5.694455282709834,5.685713558781851,7.841414041241665
d:337:3.5277416412511062,5.683231351868213,5.69904589694992,7.854535607567026
d:338:3.5416610003503326,5.67862238812519,5.711663306032547,7.848624693807404
d:339:3.5408698793877997,5.67082533398322,5.7242150035105475,7.854170458105968
d:340:3.553480437176205,5.674035659932291,5.73734256916437,7.857897791920456
d:341:3.5734218240292632,5.677620249663812,5.749950603720118,7.854149029354667
d:342:3.577110412537496,5.681296190317936,5.762755889960529,7.866941667740968
d:343:3.5887207329059603,5.682129820187957,5.775905209069698,7.869314296351694
d:344:3.602629313137883,5.6842283726832665,5.788961707856949,7.870560767402332
d:345:3.6145219299605724,5.6876447707055195,5.8016794027734235,7.874802243518371
d:346:3.6172726645658724,5.689579892331614,5.81377615974956,7.886083387515301
d:347:3.6328564227888736,5.698167658271402,5.826365724667452,7.89167696014998
d:348:3.649110796360942,5.705885437941154,5.838891216937453,7.895665858517665
d:349:3.667646638051843,5.715238665579866,5.8512429586176875,7.898834986145711
d:350:3.686371130608965,5.718708677175356,5.8635323055838455,7.895869852150238
d:351:3.699200341864901,5.729303304378755,5.876136243176655,7.906239205690508
d:352:3.7235970079901604,5.741011329771226,5.888868943274714,7.906283265055779
d:353:3.539500189992908,5.640409765915642,5.655324564313219,7.756234140235953
d:354:3.54941358488019,5.646080816904012,5.667402513990269,7.764069746014092
d:355:3.547091188755074,5.651220945196823,5.657940867575354,7.762070624017104
d:356:3.535116889430671,5.658681583218183,5.647380757288808,7.77094545107632
d:357:3.5166677806236066,5.666538094824569,5.63683555875547,7.786705872956432
d:358:3.5229024736411088,5.674211115713414,5.639889141071796,7.791197783144101
d:359:3.5364184487502595,5.677581455459041,5.648199718875812,7.789362725584594
d:360:3.5395732304265852,5.683530002504087,5.660966111859403,7.804922883936905
d:361:3.554242989096446,5.689520341893914,5.674707901931577,7.809985254729044
d:362:3.578211867818821,5.696567555177843,5.688381072300253,7.806736759659275
d:363:3.588243211584323,5.700919712864971,5.701986168457344,7.814662669737992
d:364:3.5835699656403,5.694455282709834,5.715523730014556,7.826409047084089
d:365:3.57057552051303,5.684094165667071,5.728994290782971,7.8425129359370125
d:366:3.576522364449345,5.680343034107981,5.7423983788513535,7.846219048509989
d:367:3.576292330643959,5.670025077083575,5.755282384056444,7.84901513049606
d:368:3.5823319767926005,5.672168147048112,5.768556322541631,7.858392492797142
d:369:3.5951302319775786,5.6758634033611255,5.781765332334542,7.862498503718089
d:370:3.6115095857621835,5.680402486966087,5.794909919446808,7.863802820650712
d:371:3.6204106917798384,5.68141397605163,5.807990584540059,7.868993868811851
d:372:3.6292819771098213,5.682735806429467,5.821007822996963,7.87446165231661
d:373:3.6335553309734117,5.684650924001207,5.83396212499113,7.885057718018924
d:374:3.638203860051574,5.687677139701062,5.846853975555897,7.896327255205385
d:375:3.660637670495409,5.690935112861915,5.859683854652028,7.889981297018534
d:376:3.6647674745099517,5.698675954587008,5.872452237234345,7.906360717311402
d:377:3.673623898563174,5.705885437941154,5.885159593317295,7.917421132695275
d:378:3.6897182938835256,5.7142946867293585,5.897806388039499,7.922382780885333
d:379:3.70085340674445,5.717689906040679,5.910393081727282,7.927229581023511
d:380:3.7186428025940996,5.726491910208832,5.915108065072765,7.922957172687497
d:381:3.490927475964231,5.612577826590373,5.6668754213985375,7.7885257720246805
d:382:3.5185856291802855,5.621630598388968,5.673070792589705,7.776115761798388
d:383:3.5141131704425534,5.624548682961066,5.683214740761898,7.79365025328041
d:384:3.521007776569286,5.634207517599944,5.683217595869148,7.796417336899806
d:385:3.5185961533762082,5.639987555157546,5.672085001907387,7.793476403688725
d:386:3.5092453385494426,5.645318482329164,5.660490458663709,7.796563602443429
d:387:3.5094707143621866,5.650644493876229,5.649378218293659,7.790551997807701
d:388:3.5054716814897615,5.656195263488716,5.653932692165894,7.804656274164848
d:389:3.5159048688864116,5.6630644605552085,5.660601271085908,7.807760862754706
d:390:3.52921362091557,5.671000593596211,5.670525071978696,7.812312044659336
d:391:3.5400434615347747,5.675659258660511,5.682596525179886,7.818212322305622
d:392:3.5413552531517576,5.680497343544989,5.694604631156322,7.833746721549553
d:393:3.550665229415264,5.684860623210465,5.706549550893202,7.840744944688403
d:394:3.5504578139367293,5.69069095137055,5.718431420348453,7.858664557782275
d:395:3.5737875926744564,5.697087075100466,5.730250347958752,7.853549830384761
d:396:3.5852934904799376,5.700919712864971,5.742006411716185,7.857632634101218
d:397:3.58605223428203,5.695319307432937,5.7536996557217925,7.8629667288727
d:398:3.578933268779159,5.685820080675355,5.764873256494023,7.871760068390219
d:399:3.5806694536074204,5.682112593568536,5.776441981430169,7.877885121391284
d:400:3.5766814104133084,5.673462803633402,5.7879477647759945,7.884729157996088
d:401:3.5827163069289876,5.671892629515888,5.799390465196423,7.888566787783325
d:402:3.595725154087366,5.673934292823562,5.810769876717051,7.8889790154532475
d:403:3.598782636144729,5.677620249663812,5.821661461401721,7.900499074920805
d:404:3.6118688545589315,5.681108752712118,5.832580276910793,7.901820175063978
d:405:3.624840114064564,5.681281392774517,5.843376461774758,7.899817740484711
d:406:3.6326886136851773,5.6829236864516135,5.854013588074999,7.904248660841434
d:407:3.624559365529782,5.684713305990041,5.864604495220641,7.9247584356809
d:408:3.6340053769435334,5.687677139701062,5.8751495082256895,7.928821270983218
d:409:3.651147841504991,5.6899797889880634,5.885760084806018,7.92459203228909
d:410:3.660414243203695,5.697215726720253,5.896454208069472,7.93325569158603
d:411:3.678886352790772,5.704035304944542,5.904982488654262,7.930131440808032
d:412:3.426519018531282,5.56004605077103,5.625421446003067,7.758948478242814
d:413:3.4398777576237034,5.568501233986591,5.631125230244815,7.759748706607704
d:414:3.4597245838077377,5.576438327693554,5.636869228646039,7.753582972531856
d:415:3.4786736027670973,5.585226524871695,5.645993736906222,7.75254665901082
d:416:3.496053733006428,5.593377301969376,5.656242028718565,7.753565597681514
d:417:3.501546257129074,5.600275726455407,5.66147262640755,7.760202095733882
d:418:3.5212431401809052,5.607776865219412,5.6706894025719885,7.757223127610496
d:419:3.519929305410515,5.61240781321791,5.668145179863695,7.76062368767109
d:420:3.5203985471966988,5.620853457312029,5.657348772773404,7.757803682888735
d:421:3.509254249558712,5.622935497051934,5.646562422047735,7.760243669540957
d:422:3.50190902678228,5.630614084103916,5.636379284542038,7.765084341863674
d:423:3.502263821632595,5.638089362008968,5.639877277161048,7.775702817537421
d:424:3.5078823672854575,5.642183371244242,5.646335948770739,7.780636952729523
d:425:3.5246292614664076,5.647626969270545,5.655946246614627,7.778943954418765
d:426:3.532593733931515,5.651220945196823,5.665399578138465,7.784026789403773
d:427:3.5316102970805536,5.657731635984746,5.67539960932729,7.801520948231482
d:428:3.5511747094289836,5.664063465849926,5.68607878816441,7.798967544585353
d:429:3.556688933558016,5.671000593596211,5.696655351833817,7.810967011872011
d:430:3.5649347172190797,5.675383744789663,5.707110623744546,7.817559651315129
d:431:3.5787252859857146,5.678517926613603,5.717406765816923,7.817199406444812
d:432:3.5697634227538977,5.683530002504087,5.727660611369746,7.841427191119935
d:433:3.5843744143081846,5.689022459343335,5.7374105472823285,7.84205859231748
d:434:3.587534061252785,5.694431836931009,5.747120873976133,7.854018649654358
d:435:3.5863995220414395,5.699260429254778,5.756791852385147,7.869652759598486
d:436:3.6062098395086553,5.701369967576808,5.766423741105586,7.861583869173738
d:437:3.602263287120837,5.692727504624435,5.776474462326144,7.866938679829741
d:438:3.595174827037985,5.684094165667071,5.786027893339114,7.8749472319682
d:439:3.5938470761898076,5.682064066369296,5.796361419931275,7.884578410110763
d:440:3.5972012128684234,5.673462803633402,5.80662068547532,7.882882276240299
d:441:3.6011987352358776,5.671662758078108,5.816800784424066,7.8872648072662965
d:442:3.6130145609302744,5.674035659932291,5.826894700969514,7.88791579997153
d:443:3.620435295193725,5.676787683883458,5.836891720477215,7.893244109166948
d:444:3.626515712639838,5.680402486966087,5.846773717385619,7.900660491711868
d:445:3.6352667165886965,5.681437703352204,5.856504002519504,7.902674989283011
d:446:3.6455240008465886,5.682259869656761,5.865747262143602,7.902483130953774
d:447:3.641698417932978,5.683880754746495,5.875588036238462,7.917770373051979
d:448:3.6473308350374696,5.685672106589635,5.884757431442268,7.923098702994433
d:449:3.658820626587862,5.687627599833701,5.886809874736048,7.9156168479818865
d:450:3.3986647834461445,5.556666838130733,5.5772640948356145,7.735266149520203
d:451:3.3983049382953876,5.548511652957705,5.583201798581769,7.733408513244086
d:452:3.3853875478804394,5.546781004932022,5.589179590086779,7.750573047138362
d:453:3.4043195244147517,5.552025552680996,5.596587103921994,7.744293132188237
d:454:3.3948537363969926,5.552026393198842,5.601858021000016,7.759030677801865
d:455:3.3877369360120113,5.547053354767814,5.603448575575262,7.762764994331064
d:456:3.3931240251101817,5.5530270276740135,5.61156216020234,7.771465162766172
d:457:3.385299676867321,5.557761138261078,5.621063302735561,7.793524764129318
d:458:3.3967968013989243,5.56166711857096,5.6291125626319705,7.793982879804005
d:459:3.4097054069411596,5.569550584790869,5.6346923414139525,7.794537519263661
d:460:3.4250154019611188,5.576438327693554,5.642525428323978,7.793948354056413
d:461:3.4123182234459435,5.584666695452159,5.637049788553382,7.809398260559597
d:462:3.4086936486731005,5.5919823035920935,5.627086598510589,7.810375253429582
d:463:3.3998641122995226,5.599190992186753,5.617131970659915,7.8164588505471455
d:464:3.3877747833000367,5.604609215120172,5.607186466682154,7.8240208985022885
d:465:3.3917025329873107,5.609650345712838,5.605899921724759,7.823847734450285
d:466:3.3922538148198766,5.6151808477949565,5.61331246425166,7.83623949722674
d:467:3.4123676744178884,5.621919840976668,5.621463182895793,7.831015349454573
d:468:3.4074273265667028,5.6240029852986115,5.630058478707005,7.8466341374389135
d:469:3.4266730057982286,5.63115763076629,5.639687774863934,7.844172399831995
d:470:3.4313909006651695,5.638089362008968,5.648807818644782,7.85550627998858
d:471:3.438300213925408,5.641171992874796,5.657893653452417,7.860765432401805
d:472:3.441136418746723,5.646080816904012,5.666945487146135,7.871889885303425
d:473:3.4391032393514394,5.650644493876229,5.675963525867898,7.887504780392687
d:474:3.452773243358642,5.654188846857,5.685416797313834,7.886832400812192
d:475:3.45473136985491,5.659532148717895,5.694366870741019,7.899167649604005
d:476:3.4699241130411123,5.666538094824569,5.7037506150507244,7.900364596834181
d:477:3.473122672015645,5.673053195496118,5.7121676694418095,7.912098192922283
d:478:3.473662750524582,5.675849466815334,5.721018791931293,7.923205508222045
d:479:3.4980796114800476,5.6795078377529435,5.730301254773551,7.9117294810464465
d:480:3.508713325952373,5.683530002504087,5.7397422912639255,7.914558967815639
d:481:3.5241451276208773,5.688692575487736,5.748493902488282,7.913041350355141
d:482:3.535994092077952,5.692929677869268,5.757674555213365,7.9146101410046805
d:483:3.5457720690512113,5.698010534839042,5.766361400821705,7.918599866609536
d:484:3.558728407025729,5.700919712864971,5.775016628049127,7.9172079338883705
d:485:3.563356509743591,5.697047625809882,5.783640423653289,7.917331539719579
d:486:3.554878940329984,5.689273047368111,5.792690220261863,7.927084327299991
d:487:3.5464183708657364,5.682109345048114,5.801707076462643,7.93739805064502
d:488:3.549458054500434,5.680343034107981,5.810235812693973,7.94112079230152
d:489:3.547939790433471,5.672603220736676,5.819301909839572,7.9439653401427766
d:490:3.5581900657298284,5.671662758078108,5.828467451090732,7.9419401434390124
d:491:3.5556217961944645,5.673629015476681,5.837354661109448,7.955361880391664
d:492:3.565547214336413,5.6758634033611255,5.846209883813627,7.956526072838339
d:493:3.583419828530328,5.679395502947255,5.8541317954262695,7.950107469843196
d:494:3.5941094130016458,5.681296190317936,5.856213846184638,7.943400623500929
d:495:3.382162639749292,5.610430223057017,5.530558212748014,7.758825796055739
d:496:3.3754040031879633,5.606773506229473,5.532082949345794,7.763452452387304
d:497:3.3843143240424176,5.602962268927914,5.533760704033183,7.75240864891868
d:498:3.377013161015201,5.599011161942766,5.535800396005474,7.757798396933039
d:499:3.3869340641512498,5.594932701754722,5.537225747235457,7.745224384838929
d:500:3.3776497044956404,5.590737706203109,5.54048578217823,7.753573783885699
d:501:3.3794894209169932,5.58643561866642,5.546096451885797,7.753042649635223
d:502:3.3709399250007035,5.582119248401145,5.551896247761812,7.763075571162252
d:503:3.366451218340189,5.5747965196761,5.558472171752018,7.7668174730879285
d:504:3.366390268015973,5.569249206520185,5.564997010209618,7.76785594871383
d:505:3.368721888109893,5.563239385981069,5.568192141624515,7.76270963949569
d:506:3.3701572064611343,5.558480294820144,5.5740595796771695,7.762382668036179
d:507:3.368739694477939,5.551229058469547,5.5816694164905165,7.764158780482124
d:508:3.3703560562440336,5.543984893107385,5.5914784360251595,7.765107272888511
d:509:3.3793286302110346,5.548487946220327,5.59918511155638,7.768344427565673
d:510:3.398537428051468,5.55287098338212,5.6063966881442235,7.7607302434748755
d:511:3.4015234723027916,5.550513902417217,5.615474984860686,7.764465414975112
d:512:3.3949691640726742,5.547133415571459,5.613987756376012,7.766152007874797
d:513:3.403402711226308,5.5530270276740135,5.606488420025812,7.756112736473517
d:514:3.4091573989871,5.557798557317243,5.598988469167024,7.747629627497167
d:515:3.4028706078956263,5.56004605077103,5.591488361769075,7.748663804644479
d:516:3.40799769162043,5.5664011831401625,5.58413849963774,7.7425419911574735
d:517:3.422487409767535,5.573339928122392,5.590893428022595,7.741745946377452
d:518:3.4379721569050643,5.579933866310322,5.5974011947177935,7.739362904123051
d:519:3.4495796767632303,5.586827244369964,5.605412972273119,7.742660539879852
d:520:3.4706931675317803,5.593377301969376,5.613089147062462,7.735773281500058
d:521:3.4808932891848814,5.599625996093888,5.622019136429916,7.740751843338923
d:522:3.5001573356701456,5.604609215120172,5.630240108060922,7.734691987510949
d:523:3.5134277143535995,5.6094057533407184,5.639110487786359,7.735088526773478
d:524:3.5276453116429805,5.613604890469194,5.648161662862551,7.734121241688764
d:525:3.530711648946818,5.620853457312029,5.6571522304110315,7.747294038776241
d:526:3.542333357908248,5.622781106496899,5.666078285573775,7.746526034162425
d:527:3.551648826043734,5.626540347951767,5.674934541302308,7.7498260632103415
d:528:3.573671327057639,5.634207517599944,5.683713495937827,7.744249686480131
d:529:3.570079823350185,5.6393878749001,5.692549481508296,7.761857533058211
d:530:3.573474571022839,5.642183371244242,5.700883992341317,7.769592792562719
d:531:3.5884991679375853,5.646080816904012,5.709516308143403,7.76709795710983
d:532:3.5895179899868097,5.650448823370108,5.717453984738747,7.778384818122046
d:533:3.5947746634897957,5.65264981108364,5.725951707013575,7.783826854607419
d:534:3.6089654789355814,5.658681583218183,5.734557664112044,7.7842737683946455
d:535:3.616368953845271,5.664063465849926,5.742414544723426,7.790109056728081
d:536:3.613865354873578,5.669592000337459,5.750245595854851,7.805972241318731
d:537:3.6175006990658627,5.674211115713414,5.7589866809500965,7.815697097597647
d:538:3.6095940162254436,5.676134353794454,5.7676776106399785,7.834217948208989
d:539:3.619896649423014,5.680497343544989,5.776316549379493,7.836917243501468
d:540:3.6387717356009164,5.683530002504087,5.7849012076046815,7.829659474507852
d:541:3.644433620081057,5.688285574695721,5.793060635503814,7.8369125901184775
d:542:3.649469750190847,5.691618535131566,5.8011933652001595,7.843342150140878
d:543:3.6538141353530573,5.696567555177843,5.809491373398844,7.85224479322363
d:544:3.659884544809459,5.700182357659908,5.817762259548394,7.858060072398843
d:545:3.6587289823634803,5.701369967576808,5.825356319638059,7.867997304851387
d:546:3.6588377910390086,5.694455282709834,5.832925923213506,7.868543414884332
d:547:3.6648771409298018,5.6875463758175115,5.841042496250935,7.863711731138645
d:548:3.674628459007235,5.682149832824232,5.84688977794136,7.854411151758357
d:549:3.6791178007619996,5.680343034107981,5.847963772878797,7.849189006224779
d:550:3.470893569187867,5.650806042573777,5.508553138915099,7.688465612301009
d:551:3.470213493318817,5.654962647741105,5.50538264970899,7.690131804131277
d:552:3.470189518761556,5.65693942132367,5.506247206658289,7.692997109220402
d:553:3.4852644709285334,5.657856220467597,5.5082464790463606,7.680838228585423
d:554:3.4728323076069065,5.652840909568862,5.511577574110152,7.691586176072108
d:555:3.481260646997594,5.6461073553769445,5.514699819522115,7.679546527901465
d:556:3.475343996723554,5.6393793671985755,5.515523643382,7.6795590138570216
d:557:3.476253422958715,5.632657172131492,5.51538048619326,7.671784235366038
d:558:3.4699525901397266,5.627323341602501,5.516201212119161,7.673571963581935
d:559:3.4580460744377897,5.62755789301689,5.516867351350879,7.686379169929979
d:560:3.4523810943976354,5.625630824270598,5.518397484058989,7.691647213931951
d:561:3.4638087201749173,5.623435420262585,5.5201634573219245,7.679790157409592
d:562:3.481854884113754,5.621010757999102,5.5203487116120815,7.659504585497429
d:563:3.467482437132011,5.618386647159035,5.525828583911791,7.676732793938815
d:564:3.4691381783479045,5.615586593367955,5.531144419193655,7.677592834213705
d:565:3.46748491321003,5.612629616176772,5.536297082876716,7.681441785843458
d:566:3.4785301147440446,5.609531427264432,5.542423224288731,7.673424536809119
d:567:3.469793864437529,5.606305228012625,5.54781700696668,7.684328370541776
d:568:3.4743579616008073,5.602962268927914,5.550943597052006,7.679547904379113
d:569:3.4715742560514764,5.599512253775071,5.554744157688351,7.682682155411945
d:570:3.472502667252787,5.595963638900235,5.561296032920131,7.6847570045675795
d:571:3.473412910634126,5.592323859712768,5.569979080058829,7.68889002913747
d:572:3.4842809433878745,5.588599505253544,5.578989193644772,7.683307755510443
d:573:3.4791109889790777,5.585640838866093,5.583297626443665,7.68982747633068
d:574:3.4891045916723114,5.580287944274598,5.5922583917445685,7.6834417443468555
d:575:3.482478125201438,5.573881651252406,5.600196811225167,7.691600337276136
d:576:3.4787040782973495,5.569249206520185,5.598412949637449,7.688958077860285
d:577:3.4700970150232013,5.564008696789012,5.59201499797061,7.68592667973642
d:578:3.4572928776445133,5.560294175798957,5.585622098427444,7.688623396581888
d:579:3.4530281413463175,5.553947458445847,5.57923444974298,7.68015376684251
d:580:3.4470591271156703,5.547606074632684,5.572852244087343,7.673399191604357
d:581:3.4443304479173156,5.546205342651094,5.571901391995333,7.673776286729111
d:582:3.4511782420167325,5.549322112224067,5.579814206510946,7.67795807671828
d:583:3.455606973980199,5.553023020222373,5.5858646473921025,7.683280693634277
d:584:3.4622065047824293,5.550513902417217,5.59519926225822,7.683506659893007
d:585:3.4529846632449734,5.547053354767814,5.603405599150981,7.697474290673822
d:586:3.4590146905379626,5.5515186598925546,5.612683480299516,7.705187449654108
d:587:3.4743691261460876,5.557826875494209,5.621932266759753,7.7053900161078746
d:588:3.475463745783432,5.557575118652613,5.629894565360534,7.712005938229715
d:589:3.48899666036802,5.562234609135674,5.637751867418482,7.710989816186135
d:590:3.495356037563422,5.568501233986591,5.644980085294101,7.7181252817172705
d:591:3.5150071351563366,5.5743869382826485,5.652871586393199,7.71225138951951
d:592:3.525731666816367,5.579933866310322,5.660658847624674,7.714861047118629
d:593:3.5248223974395376,5.586267954220165,5.668302240552781,7.729747797333408
d:594:3.5355874277441837,5.5919823035920935,5.675441736628814,7.731836612476724
d:595:3.54179594285403,5.597600242470099,5.683422694581233,7.739226994197303
d:596:3.5542733189917053,5.600957022887044,5.690518507317263,7.7372022112126
d:597:3.5560407543256147,5.607224726980974,5.697593358960604,7.748777331615962
d:598:3.5611188442945467,5.6098550630484585,5.705125133053923,7.753861351807836
d:599:3.5740839064449563,5.614631521345835,5.712833294981037,7.7533809098819155
d:600:3.5689822256143584,5.620853457312029,5.7205780692610135,7.772449300958685
d:601:3.5641675182489436,5.622669366485455,5.727566938263788,7.786068786500298
d:602:3.570788138799913,5.624975525845452,5.734535352376652,7.78872273942219
d:603:3.5871020681994743,5.63115763076629,5.742213883392636,7.7862694459594515
d:604:3.583169774275178,5.637203751571701,5.749810604852009,7.803844582148531
d:605:3.589767064131082,5.639987555157546,5.757306240591312,7.807526731617776
d:606:3.603274087346888,5.6431440438769,5.764964527128869,7.804834483658881
d:607:3.601032903891923,5.6470893968296725,5.772553229093308,7.8186097220310575
d:608:3.608025893693519,5.650448823370108,5.7801196778394495,7.822542607516038
d:609:3.6176978884419118,5.651645257588516,5.787710893857614,7.821658263004219
d:610:3.6288149639323226,5.657731635984746,5.795318944512889,7.824235616565312
d:611:3.6318619454088488,5.661532829933332,5.802967401959993,7.832638286484476
d:612:3.6362538624279797,5.666538094824569,5.810593538732338,7.840877771128927
d:613:3.643280724909154,5.671529694883622,5.8179136430777225,7.84616261305219
d:614:3.6480023532154897,5.674820861451247,5.826355763586816,7.853174271822573
d:615:3.650107687462503,5.676236451197704,5.833940437300452,7.860069201035653
d:616:3.645249292966019,5.680497343544989,5.841448368336847,7.876696418915817
d:617:3.6368864423691534,5.683302809343487,5.84399297347928,7.890409340453614
d:618:3.413783680271486,5.631162705289279,5.513615369101003,7.730994394118795
d:619:3.4188226214835122,5.633704195527287,5.5168452940034385,7.731726868047213
d:620:3.4252658342409354,5.637911660003974,5.5221238570668145,7.734769682829853
d:621:3.4372570866367473,5.642108171139231,5.526066330890304,7.7309174153927875
d:622:3.4396025949700118,5.646829683267605,5.528339535866523,7.735566624164115
d:623:3.4397842162478414,5.6505933716473224,5.52737560018805,7.738184755587532
d:624:3.4347124203745016,5.6540893783752075,5.520022746049289,7.739399704049995
d:625:3.4316280755868567,5.656400888969349,5.512672313028313,7.7374451264108055
d:626:3.4297325153545213,5.660635913679528,5.505324581398859,7.736227979723866
d:627:3.4283196287484508,5.664018226456006,5.504787411901479,7.740486009609034
d:628:3.4344433067958313,5.668675038957022,5.4985012997216085,7.732733031882798
d:629:3.412193131802404,5.673319575992792,5.491463421876858,7.752589866067247
d:630:3.4243985801647314,5.675354890235872,5.4918413522062535,7.742797662277394
d:631:3.42198387956057,5.679706219633718,5.492210329789341,7.749932669862489
d:632:3.422913614290554,5.680661646889227,5.49438822758929,7.752136260187964
d:633:3.4208003699968748,5.6821760679387125,5.496704078599806,7.758079776541643
d:634:3.428863884403695,5.6839589426018,5.499270799093082,7.7543658572911855
d:635:3.423863017418017,5.682569955755107,5.499833939925756,7.758540878262846
d:636:3.4134802798405612,5.676737769493693,5.49963965500562,7.762897144658751
d:637:3.404732478923683,5.670908690663063,5.499916995324337,7.766093207063716
d:638:3.405545532628283,5.665082897205599,5.499764233943836,7.7593015985211515
d:639:3.3881830795914647,5.659260561643504,5.500361892632451,7.77143937468449
d:640:3.385630089987786,5.653441851261972,5.500821737887346,7.768633499161532
d:641:3.383947288401216,5.647626928284551,5.502615996445428,7.766295636328764
d:642:3.3743916898963002,5.652458429772583,5.501722058936755,7.779788798813038
d:643:3.3947353562909113,5.655527714511087,5.506040976876834,7.766833335097009
d:644:3.39652156744331,5.65693942132367,5.510133230975008,7.770551084855368
d:645:3.406923858073961,5.657736674918388,5.516454652099386,7.767267468943812
d:646:3.3964721554272215,5.654765771812158,5.520028424086117,7.778322040471054
d:647:3.391259080955603,5.648992496290518,5.525804601018471,7.783538016353386
d:648:3.3940166309300315,5.643223236894183,5.530707996602441,7.779914602566593
d:649:3.394780600805042,5.637458139169938,5.5333320465366285,7.776009584901525
d:650:3.387965583301165,5.631697344337651,5.534263986796393,7.777995747832879
d:651:3.3866728832396387,5.627323341602501,5.53965092503182,7.780301383394681
d:652:3.392332563865435,5.627808403400278,5.5469834767645185,7.782459316299362
d:653:3.3986752515865186,5.626210806725414,5.553572761142307,7.781108316281203
d:654:3.403452621236032,5.624406402975454,5.560144236384641,7.781098018124063
d:655:3.4069261981059675,5.62242244145831,5.562564937955152,7.7780611813074945
d:656:3.4121086016800364,5.62028023664614,5.569597412210335,7.777769047176439
d:657:3.410185057247742,5.617996925855463,5.575981938317367,7.783793806925089
d:658:3.4041816139829457,5.615586593367955,5.576620581047304,7.788025560432313
d:659:3.4036975585774707,5.613061023304471,5.57105684145041,7.780420306177411
d:660:3.407220228227173,5.610430223057017,5.565496799848454,7.768706794678298
d:661:3.4002041720950746,5.607702798628793,5.5599405919200136,7.767439218453733
d:662:3.401738308171261,5.6048862308768665,5.554388349420115,7.757536272125721
d:663:3.4095083175460426,5.601987083388508,5.548840200302141,7.741318966144607
d:664:3.403874513126399,5.599011161942766,5.548819315938518,7.743955964754885
d:665:3.399827506998747,5.595963638900235,5.556316350604218,7.752452482505706
d:666:3.406089621286312,5.592849151677362,5.562040970224699,7.74880050061575
d:667:3.4073029887332558,5.58967188173248,5.5693744559760106,7.751743348975235
d:668:3.4117849960899447,5.58643561866642,5.576687821889415,7.751338444465891
d:669:3.4094486976466714,5.583950959169425,5.5851022304005085,7.759604491923262
d:670:3.4051658884019176,5.578457051605957,5.593493344475481,7.766784507679521
d:671:3.4092005184994427,5.572966889817682,5.601861264268832,7.765627635587071
d:672:3.4151319774304287,5.569249206520185,5.61020608934659,7.764323318436347
d:673:3.4081310305117594,5.564777734202762,5.618527918690656,7.775174622381659
d:674:3.419153334752865,5.562108476535705,5.626826850703052,7.769781992485893
d:675:3.425107534233649,5.556666838130733,5.635102983210192,7.766662287107276
d:676:3.4245184851953274,5.551229058469547,5.643356413467065,7.770066986741285
d:677:3.4341548319506874,5.545795256456663,5.651587238161408,7.763227662667385
d:678:3.43157701463205,5.546781004932022,5.659795553417837,7.774999543717809
d:679:3.4442909047846353,5.549322112224067,5.667981454801941,7.773012662241372
d:680:3.4457121286669086,5.55287098338212,5.675478427344833,7.782637282060044
d:681:3.428908632423397,5.552026393198842,5.682949266465412,7.806067027240857
d:682:3.440382589277985,5.548748383394537,5.689905160502155,7.798270954618707
d:683:3.4336944488826413,5.548254199943271,5.697081619316832,7.811641370377461
d:684:3.4503196067553823,5.5530270276740135,5.704220491434019,7.80692791235265
d:685:3.442241419973124,5.5578322809538925,5.711907548923937,7.827498409904704
d:686:3.4541699605361575,5.557575118652613,5.719948512900743,7.823353671017198
d:687:3.4573530676063084,5.56166711857096,5.727967784820776,7.832281835785428
d:688:3.4590573358833216,5.5664011831401625,5.735965455511083,7.843309302767925
d:689:3.471427008732552,5.5717283566011115,5.743941615278107,7.844242963146667
d:690:3.4768638648007384,5.576438327693554,5.750455142034301,7.8500296049271165
d:691:3.4946369880195842,5.582021150370359,5.757072511852278,7.8444566742030535
d:692:3.4937167737335955,5.586827244369964,5.76367284762238,7.856783318258749
d:693:3.500033173275094,5.5919823035920935,5.7702562200673295,7.862205350384329
d:694:3.510967234339942,5.597044534756505,5.776822699510916,7.86289999992748
d:695:3.5187654522130947,5.600275726455407,5.782772835497141,7.864283109739454
d:696:3.526304274563314,5.604609215120172,5.788707940703833,7.86701288126069
d:697:3.5300412403305828,5.6087609611168325,5.7946280768598655,7.873347797646115
d:698:3.5329446499942643,5.611911940010429,5.800533305348864,7.8795005953650294
d:699:3.5372818393806016,5.6151808477949565,5.806423687211636,7.884322695625991
d:700:3.5487842925998674,5.620853457312029,5.812299283148591,7.884368447860753
d:701:3.5526228564545965,5.622531212567196,5.818635664696634,7.888544020809234
d:702:3.5571022041278324,5.6240029852986115,5.82495602597532,7.891856807146099
d:703:3.563435625381409,5.628578069412803,5.830786274090446,7.895928718121841
d:704:3.5726984130203965,5.634207517599944,5.837075464411095,7.8985845689906435
d:705:3.5867861804484926,5.638089362008968,5.838679797154035,7.889982978714509
d:706:3.448320439370482,5.675676185716313,5.447370426714328,7.67472617306016
d:707:3.4416851110502824,5.6777808069000955,5.450160669299002,7.686256365148815
d:708:3.4526546082236953,5.681552855370027,5.453194893104529,7.682093140250861
d:709:3.470123840417691,5.6842255173795575,5.457421421539445,7.671523098501312
d:710:3.464768122837076,5.686526440112586,5.45848008310632,7.680238400381831
d:711:3.4630191535452424,5.682883469614659,5.460851234148478,7.6807155502178945
d:712:3.4683766684247175,5.677779500576801,5.46585101553201,7.675253847684093
d:713:3.4758987321993944,5.672676606211857,5.469426867414017,7.666204741426479
d:714:3.4680967040363058,5.6675749422423625,5.473610913723529,7.6730891519295845
d:715:3.465893281956303,5.6624746600714,5.478703630151545,7.675285008266641
d:716:3.4764970366912458,5.658749848189759,5.482168618230862,7.664421429729375
d:717:3.4655471749217757,5.660728855946967,5.4836547127802024,7.678836393805394
d:718:3.4807942843387893,5.662569660387199,5.485416609120763,7.667191985169171
d:719:3.476843595009769,5.663762205613828,5.489651754127284,7.676570364731343
d:720:3.4877786537134456,5.664290581409809,5.491691881352814,7.668203809049177
d:721:3.4884084401962996,5.659894390702869,5.495205060644428,7.666691011150998
d:722:3.487186361838565,5.658911850901366,5.497328025761968,7.66905351482477
d:723:3.502936210431737,5.662282702537973,5.500945420264143,7.66029191237038
d:724:3.5063852260699004,5.664366226490003,5.504699869603863,7.662680870023966
d:725:3.518530530585756,5.665946400525979,5.507551504624707,7.65496737456493
d:726:3.5083777716119036,5.663952294240678,5.509231862910387,7.664806385539163
d:727:3.505926003885893,5.658932501494437,5.507597451611605,7.66060394922015
d:728:3.509884937956552,5.653914285654962,5.501564609764036,7.645593957462446
d:729:3.5013260450231494,5.648897780774227,5.495497132537815,7.643068868288892
d:730:3.505854052316841,5.643883117300629,5.489390478811432,7.627419543795221
d:731:3.4925551956356893,5.640301710451228,5.487971027419188,7.635717542234725
d:732:3.4847578357365725,5.636991599173613,5.486742769019841,7.638976532456881
d:733:3.474737750725411,5.631989583643163,5.480480074217945,7.637731907135698
d:734:3.4715021777837016,5.626989777310427,5.475297838965046,7.63078543849177
d:735:3.458152855356694,5.621992296633957,5.478126054683946,7.641965495961209
d:736:3.4588143087723147,5.622847906586987,5.479592005922768,7.643625603737441
d:737:3.4551705688204697,5.625673390300018,5.482401201299792,7.65290402277934
d:738:3.453224394432665,5.628742833081127,5.484453555124834,7.659971993773295
d:739:3.4652295293799202,5.630162587393027,5.48614266151078,7.651075719523886
d:740:3.466721153543494,5.63144005001297,5.488682634970074,7.653401531439551
d:741:3.47217506077072,5.630576916322093,5.4886082755566985,7.647010131108072
d:742:3.467124482347698,5.631592842140127,5.488144625919673,7.652612985712102
d:743:3.475885298732951,5.634062251379671,5.487671837711845,7.645848790358565
d:744:3.4720054611464137,5.637911660003974,5.488121404128885,7.654027602986445
d:745:3.481676586264829,5.641752538788246,5.488894674222843,7.6489706267462605
d:746:3.471010018906587,5.646031747140948,5.488683266920997,7.663704995155359
d:747:3.4787406666705323,5.648462827960765,5.490029203888431,7.659751365178664
d:748:3.4707889267830065,5.6516111233886654,5.490586298704594,7.671408495310253
d:749:3.464619081751305,5.654441270585063,5.489775741809395,7.679597930643153
d:750:3.4651498294677925,5.656400888969349,5.493441898359034,7.684692957860591
d:751:3.4568971443935057,5.6595313713468,5.496034820581947,7.698669047535241
d:752:3.4601047157399787,5.6623450149745524,5.501304355013023,7.703544654247596
d:753:3.4552025069257013,5.665905496805541,5.50530003913701,7.71600302901685
d:754:3.4639007828212574,5.670342468987515,5.509132155604133,7.715573841770391
d:755:3.4609817062660895,5.673886442029497,5.514302455772009,7.727207191535417
d:756:3.4637940729663272,5.675354890235872,5.5175207946127625,7.7290816118823065
d:757:3.470317764154631,5.6794808274628945,5.5202303964310975,7.729393459739361
d:758:3.4699728963721563,5.680285333085928,5.520120063028187,7.730432499741958
d:759:3.4799323508650906,5.681626810272677,5.525406074345551,7.727100533753139
d:760:3.472874689429151,5.683169506222188,5.529652444195717,7.739947260988753
d:761:3.4658965885209625,5.684235910602248,5.535291047576527,7.753630369657813
d:762:3.4695574704388,5.682569955755107,5.541135298622338,7.754147783938646
d:763:3.467249554427057,5.677709589630036,5.546878576100094,7.757338611303072
d:764:3.469317947409274,5.672851360572428,5.548094697338112,7.751628110501264
d:765:3.4569163666028437,5.667995372355198,5.55316369189246,7.764242697644814
d:766:3.4628765954642953,5.663141726107265,5.55822115798833,7.758486288631299
d:767:3.451858714809358,5.658290520388496,5.562876004203114,7.769307809782251
d:768:3.454100031752599,5.653441851261972,5.557812683336005,7.757154502845378
d:769:3.448116539380492,5.648595812363712,5.5510283215039085,7.751507594487127
d:770:3.4453445160083236,5.650806042573777,5.544246720085371,7.749708246650825
d:771:3.4454387245445783,5.65352919923526,5.538203016057837,7.746293490748519
d:772:3.4412733709764796,5.656044045064146,5.532074129651736,7.746844803739402
d:773:3.4359061884574373,5.657287812137125,5.525817433392806,7.747199057072493
d:774:3.4171055716600076,5.657736674918388,5.519562782017245,7.7601938852756245
d:775:3.4234050542563086,5.6557283643888585,5.522047923890117,7.754371234022667
d:776:3.420576998254491,5.650916482543121,5.526581575393698,7.756921059682329
d:777:3.4195126462363428,5.6461073553769445,5.530663345332041,7.757258054472643
d:778:3.410140814612981,5.641301068183257,5.535841674989879,7.767001928560155
d:779:3.4003756675639867,5.63649770413414,5.542099502321761,7.7782215388919145
d:780:3.3944134042023,5.631697344337651,5.547103613469117,7.784387553604468
d:781:3.402295310580338,5.627594406806935,5.553120879327535,7.778419975554132
d:782:3.3917958987910675,5.626972763488787,5.558612884160842,7.793789748858562
d:783:3.4009801593356688,5.6270374589851375,5.564880063233904,7.790937362883373
d:784:3.413864441434435,5.625630824270598,5.57106910809958,7.782835490935741
d:785:3.413090324382072,5.624087574479775,5.577159083862263,7.788156333959966
d:786:3.430592176147595,5.62242244145831,5.583107957760022,7.774938223070738
d:787:3.4244521072303344,5.620647489954857,5.588535071196763,7.784730453921287
d:788:3.4337635362956123,5.618772785130162,5.594457636945053,7.779466885779603
d:789:3.4331663350480746,5.616806853917023,5.5998598274137175,7.783500346282665
d:790:3.442028648017101,5.614757014219434,5.606267636256433,7.778996002458766
d:791:3.4545962733721343,5.612629616176772,5.612637857725263,7.7706712005299
d:792:3.460590228645618,5.610430223057017,5.618993589017201,7.7688335834286
d:793:3.464177995333741,5.608163749577015,5.6253096622561936,7.769295416499468
d:794:3.4592398839751404,5.605834569496331,5.630646938564595,7.777241624085786
d:795:3.4699866557986194,5.603446600580484,5.6364045372907725,7.769864482072636
d:796:3.4728266748221372,5.60100337259551,5.642584461690244,7.770761159463618
d:797:3.47905821406274,5.5985080823753925,5.648708630882194,7.768158499194846
d:798:3.480720879598996,5.595963638900235,5.654768898278519,7.770011657579758
d:799:3.4837347337682925,5.593372700555941,5.661002206453933,7.770640173241581
d:800:3.4937821064053063,5.590737706203109,5.667193718037111,7.764149317834913
d:801:3.4956761586983554,5.588060901292057,5.673340119729101,7.765724862322802
d:802:3.492558352617057,5.5859112827237185,5.679437125171488,7.77279005527815
d:803:3.49852959930159,5.583035053257899,5.685478986826701,7.76998444078301
d:804:3.492569192437223,5.578457051605957,5.6914576166498545,7.7773454758185885
d:805:3.491177392904568,5.573881651252406,5.696656892255744,7.779361150603581
d:806:3.4875715026725977,5.569897887861348,5.7027363354965,7.78506272068525
d:807:3.5011136799039493,5.56708318337609,5.708614015474209,7.77458351894635
d:808:3.5020671992135206,5.563239385981069,5.714631320614134,7.775803507381681
d:809:3.498856850399263,5.561201273982503,5.719782374844042,7.782126798427282
d:810:3.491182118780462,5.556666838130733,5.725732936052303,7.791217655402574
d:811:3.4948770612783298,5.5521350820232716,5.731559370806552,7.788817391551494
d:812:3.491291955498488,5.547606074632684,5.737434549620442,7.793748668754638
d:813:3.4815013850103025,5.544561344960389,5.743153288708761,7.806213248658848
d:814:3.4823964480322784,5.547808811908881,5.748941387994992,7.814353751871594
d:815:3.491530030493764,5.549896442744048,5.754634991129439,7.813001403379723
d:816:3.497728926451974,5.55287098338212,5.760193594003968,7.815335650934114
d:817:3.5109954382890303,5.5527822296754445,5.765250493432662,7.807037284819077
d:818:3.5001528264435935,5.549277833511386,5.770785522680007,7.8199105297478
d:819:3.492530791048833,5.547053354767814,5.776430628161412,7.8309531918803925
d:820:3.504943082174359,5.550374912028902,5.781941502899602,7.827373332754144
d:821:3.50150424285449,5.553598045419822,5.78695322753185,7.8390470300971815
d:822:3.5057242230384817,5.5578322809538925,5.78968335594897,7.841791413864381
d:823:3.5106165939999645,5.557648800924438,5.790121687922072,7.837153894846546
d:824:3.3844955519689783,5.674890412915637,5.279722741399082,7.570117602345741
d:825:3.3884372422245272,5.677924833150562,5.283842213357056,7.57332980428309
d:826:3.379693711668933,5.679228191982386,5.2878018465469845,7.587336326860436
d:827:3.392103269180999,5.680476600774716,5.293228799732047,7.581602131325764
d:828:3.401981878856149,5.683346700378155,5.297870403018277,7.579235224540283
d:829:3.4005298910656103,5.682981428346719,5.303587910433808,7.586039447714916
d:830:3.404319542396099,5.678933616686773,5.308920173811454,7.583534248102129
d:831:3.3988407604119706,5.675376797654408,5.314819596663929,7.591355633906367
d:832:3.4059191001357902,5.675419309149971,5.319078680402644,7.588578889416825
d:833:3.403651680502997,5.677335104122287,5.324302097654558,7.597985521273848
d:834:3.40192003828117,5.678372481294023,5.3275609909008494,7.604013433913702
d:835:3.4000053216597195,5.676382396543305,5.331568670746085,7.607945745629671
d:836:3.4039652143699417,5.672125810148531,5.336662194585004,7.604822790363594
d:837:3.393482356547559,5.667868994606282,5.338805055149299,7.613191693208022
d:838:3.395117133867691,5.671137928831769,5.34200329640845,7.6180240913725275
d:839:3.402768100642186,5.6759340988188836,5.346443988064269,7.619609986240967
d:840:3.406922144244155,5.678041696848166,5.35187042352699,7.622989976131001
d:841:3.4117795713882018,5.679243993982182,5.353277244569037,7.620741667163017
d:842:3.413721588843586,5.680036239866325,5.353364283407055,7.619678934429794
d:843:3.411046249106583,5.680478027238519,5.355968929524002,7.625400707655938
d:844:3.410202113116644,5.680433648487522,5.362717194891472,7.63294873026235
d:845:3.4146230539207467,5.682603980409082,5.3692681171177306,7.637249043606066
d:846:3.419175618551156,5.686519466014675,5.373636267036741,7.640980114500261
d:847:3.426573831758841,5.689172674243837,5.3767907415118525,7.639389583996849
d:848:3.4196109663839387,5.69083831276548,5.380313415043542,7.651540761425082
d:849:3.4092645093214573,5.691603301073359,5.384333381315118,7.6666721730670195
d:850:3.415827714829452,5.691896703320311,5.388851247879824,7.6649202363706825
d:851:3.414627649944774,5.691754214073235,5.393040754355967,7.670167318484428
d:852:3.421725821127282,5.69193529080018,5.395251825921786,7.665461295594685
d:853:3.4230428374182473,5.695475440726376,5.398655785031776,7.671088388339905
d:854:3.419632555440879,5.694950379552523,5.405284490479373,7.680602314591017
d:855:3.4129418115250676,5.694624169145239,5.408477129024989,7.690159486645161
d:856:3.429144508903712,5.69534426546721,5.415079850867068,7.681279607430567
d:857:3.4218277950409046,5.6951642821378705,5.420354926844352,7.693691413941318
d:858:3.4279267830569253,5.696312352054521,5.4256181836301405,7.6940037526277365
d:859:3.4211934570378313,5.695487243601695,5.430045055987648,7.704338842551512
d:860:3.409101273413347,5.696747316255645,5.432950472769315,7.7205965156116125
d:861:3.4279794100252827,5.700840552340599,5.434761002436508,7.7076221447518245
d:862:3.4309021542434657,5.702410255569081,5.438353790251221,7.7098618915768355
d:863:3.422383699348485,5.698267879482473,5.443148543449926,7.719032723583913
d:864:3.424818786837818,5.694125223452579,5.446270958757099,7.715577395371859
d:865:3.416862792573488,5.689982394307856,5.449829873756687,7.722949475491054
d:866:3.4184225856498243,5.685839496348171,5.454595465904536,7.7220123766028825
d:867:3.425198556743694,5.68169663141687,5.458056957856691,7.714555032529867
d:868:3.4141535774715894,5.677553898970215,5.462801410942314,7.7262017324409396
d:869:3.418830863166882,5.673411396144285,5.466837061249873,7.721417594227276
d:870:3.4197686055517584,5.669269217819485,5.470266688170121,7.719767300437849
d:871:3.4266928254500613,5.665127456682751,5.473377115949642,7.711811747182331
d:872:3.4148071815796763,5.660986203287557,5.474389635094365,7.720568656802246
d:873:3.418471307299776,5.658475558606534,5.469972147797786,7.709976399104543
d:874:3.413833992549148,5.658950432482252,5.465550683343939,7.710667123277044
d:875:3.4362324273850984,5.659191305629182,5.461125372777344,7.684084251021428
d:876:3.436055517241182,5.6607296232076205,5.456696343996562,7.6813704499630004
d:877:3.426819381958601,5.662577267129634,5.455357066436795,7.691114951607827
d:878:3.436775774922669,5.665228758769862,5.456101724787062,7.684554708634256
d:879:3.441817730932927,5.667780708471293,5.451873030056177,7.677836007594543
d:880:3.4391805321954694,5.669324363199921,5.447641327379809,7.677785158384261
d:881:3.440915662810106,5.671963041448519,5.4446681720778916,7.675715550716305
d:882:3.4468412482043753,5.674502540994386,5.447341726184711,7.675003018974721
d:883:3.4480378010531423,5.676400539733911,5.448860704423052,7.677223443103821
d:884:3.452741119316074,5.678224824113249,5.452032287928342,7.6775159927255165
d:885:3.44048814685305,5.681552855370027,5.453246028600418,7.694310737117395
d:886:3.4541304768863803,5.684004634423529,5.4569960359845195,7.686870193521667
d:887:3.4516179563672056,5.685597215931336,5.459250547057476,7.6932298066216065
d:888:3.446811344068168,5.685946300432827,5.463216025629677,7.702350981994336
d:889:3.435983996809372,5.681862597456738,5.464888697427448,7.710767298074814
d:890:3.437990720263886,5.677779500576801,5.466012734207139,7.705801514520053
d:891:3.4338259172714976,5.67369709157323,5.466658294973829,7.706529469275561
d:892:3.4223602134084317,5.6696154503977985,5.468719244545596,7.715974481534964
d:893:3.418380894864688,5.665534655221507,5.47028034906861,7.7174341094254295
d:894:3.4187153680968345,5.661454782480671,5.472411802770813,7.7151512171546495
d:895:3.4294706439303217,5.658749848189759,5.4740997848084785,7.703378989067915
d:896:3.4271172190286396,5.660282187119119,5.476305156268303,7.709470124358782
d:897:3.433879704938911,5.661538292002179,5.479593479466916,7.707252066530184
d:898:3.447789419127014,5.6632985943065455,5.48039145990505,7.695900635084582
d:899:3.442941282649077,5.664346435813663,5.481313391868979,7.702718545033566
d:900:3.4400224359178733,5.664290581409809,5.486155622353872,7.710423767845807
d:901:3.440127961091946,5.660653334841425,5.490339995955985,7.710865369705463
d:902:3.440031728421177,5.658218635139493,5.495448393399821,7.713635300118137
d:903:3.443351052438828,5.660333986646563,5.5009141138626205,7.7178970480703555
d:904:3.4481822132967013,5.662635187345345,5.504771447550576,7.719224421599221
d:905:3.454987274811561,5.664366226490003,5.509702516464648,7.71908146814309
d:906:3.452512730910639,5.6658390926493,5.515312848369877,7.728639210108538
d:907:3.454480639549086,5.665960622140127,5.519992327378201,7.7314723099692415
d:908:3.4495706785689677,5.661944196646013,5.523987233101984,7.7363607511790295
d:909:3.435139075675333,5.657928727831532,5.525872515007578,7.7486621671637765
d:910:3.4364421733736172,5.653914285654962,5.52850485309879,7.745976965380134
d:911:3.422502106713641,5.6499009385611645,5.53461404109721,7.762012872944733
d:912:3.426449196598851,5.645888753519085,5.539796363446618,7.7592359203668515
d:913:3.429639708805662,5.64187779605809,5.546427990111413,7.7586660773638405
d:914:3.42904422577282,5.640004391003682,5.55233073446698,7.763290899697843
d:915:3.42774947581737,5.636991599173613,5.558766491199518,7.768008614555761
d:916:3.4175142040511757,5.63298981379519,5.563186195195055,7.778661804939069
d:917:3.3992613711963404,5.628989427216681,5.565939162126396,7.795667218146738
d:918:3.3967583662436214,5.624990499543556,5.571792731049076,7.8000248643490115
d:919:3.3872933603455184,5.620993089608588,5.577632979852459,7.811332709115527
d:920:3.389133634198801,5.622847906586987,5.582916460889496,7.816630733277682
d:921:3.374467645881201,5.625086139382065,5.583552765130042,7.834171258630906
d:922:3.356873802104496,5.627840398183237,5.579187983267008,7.850154579345749
d:923:3.3553863269753235,5.62927305636893,5.5750017477296065,7.8488884771232135
d:924:3.345445361332125,5.630355207581523,5.570812868458235,7.855722714707634
d:925:3.3384751650647226,5.63144005001297,5.566621454116309,7.859586339064555
d:926:3.333278516780868,5.630834547982204,5.562249193804047,7.859805225005382
d:927:3.330987197708236,5.631162705289279,5.557874117029694,7.858049624610738
d:928:3.333790577934562,5.632624458234803,5.553496318337208,7.852330198637449
d:929:3.338613300192608,5.634644442431368,5.549299186159674,7.8453303283984335
d:930:3.349443076419379,5.637911660003974,5.554739331763609,7.843207915348203
d:931:3.350916579276805,5.641307278042618,5.560705070194894,7.851095768960707
d:932:3.3619974644771533,5.644339108039041,5.5647805420565,7.847122185618388
d:933:3.3776970860974114,5.646829683267605,5.569338590659125,7.8384711878293185
d:934:3.389682559009761,5.649574816662952,5.575626021901574,7.835518279554765
d:935:3.4029358623718524,5.6516111233886654,5.581364545832364,7.830039806849178
d:936:3.406242404928438,5.6540893783752075,5.586956548780193,7.834803522226963
d:937:3.4217083539435773,5.655144949476618,5.593202912580344,7.826639508113386
d:938:3.4303415773261605,5.6580803092860705,5.599622303172213,7.827361035132123
d:939:3.4467123258085843,5.660635913679528,5.606028222117775,7.819951809988718
d:940:3.440970890990492,5.6623450149745524,5.6122358912042625,7.833610015188324
d:941:3.461590828699922,5.6648043595859745,5.618429612832905,7.821643143718958
d:942:3.476218436530533,5.668675038957022,5.624609416777805,7.817066019204295
d:943:3.471958026129915,5.671124707595567,5.63077533249607,7.8299420139617215
d:944:3.490426216976738,5.674320662718902,5.636927389125295,7.820821834867457
d:945:3.477908197507114,5.675354890235872,5.643065615480928,7.8405123082096875
d:946:3.497500409663216,5.679202531860899,5.6491900400535275,7.830892162251212
d:947:3.4998811001597456,5.680031145869261,5.655300691005907,7.835450736715423
d:948:3.5047816440678288,5.680661646889227,5.661397596170165,7.837277598991563
d:949:3.505710714924284,5.681851738342187,5.667480783044579,7.843621806462483
d:950:3.5176258767522306,5.683169506222188,5.673550278790396,7.839093908260352
d:951:3.523528800178193,5.6839589426018,5.679606110228467,7.840036252652075
d:952:3.5153477015811587,5.684514676822495,5.685648303835768,7.854815279077104
d:953:3.5264191414368904,5.68062555961075,5.691676885741758,7.845883303915618
d:954:3.5326029589524346,5.676737769493693,5.69716777270993,7.8413025832511885
d:955:3.5313895551585848,5.672851360572428,5.703169756997841,7.844631562411683
d:956:3.528847189670733,5.668966385839765,5.709158204701076,7.849277400870108
d:957:3.5351057407120647,5.665082897205599,5.7151331405233154,7.845110297016849
d:958:3.5399582870964643,5.661200945521559,5.721311438683783,7.842554097108877
d:959:3.538577063484164,5.657320580604942,5.72747701927697,7.846220536397748
d:960:3.5336206004923447,5.653441851261972,5.733629917648331,7.853451168417958
d:961:3.532142525007247,5.649564805310393,5.739556763573006,7.856979043876153
d:962:3.541421788472941,5.649282145346977,5.74547025645271,7.853330613326745
d:963:3.559887138900324,5.652458429772583,5.751370419462361,7.8439417103346205
d:964:3.5616360244276253,5.654613468540793,5.757257275397391,7.850234719510559
d:965:3.5692685771487067,5.656044045064146,5.763130846668567,7.849906314584006
d:966:3.562160726391663,5.65693942132367,5.768991155296613,7.863769850228619
d:967:3.5709661383904603,5.65748488674477,5.775063179706775,7.861581928061085
d:968:3.5736559271515054,5.657761441824091,5.781122804551218,7.865228319223804
d:969:3.582256675099642,5.654765771812158,5.787170063813617,7.859679160526132
d:970:3.5796833196431184,5.650916482543121,5.793204991316042,7.864438154216044
d:971:3.5866787088209033,5.647068956310848,5.799227620719536,7.859617868209481
d:972:3.582200911235166,5.643223236894183,5.805237985524665,7.866260311183684
d:973:3.5816363527526853,5.6393793671985755,5.811236119072085,7.868979133517975
d:974:3.5830670822450665,5.635537389274877,5.817222054543073,7.869692361572883
d:975:3.5917460671170014,5.631697344337651,5.823195824960079,7.863147102180728
d:976:3.5930908005437336,5.6278592727829775,5.829157463187254,7.863925935426498
d:977:3.6078149932115844,5.627038372105437,5.835107001930973,7.854330380824826
d:978:3.6094978111283433,5.627808403400278,5.8410444737403555,7.859355066012291
d:979:3.6049179354181913,5.62676788122172,5.846758876753329,7.8686088225568565
d:980:3.6005249370431605,5.625630824270598,5.85182115778059,7.876927045008027
d:981:3.6011620236833597,5.624406402975454,5.857725610644749,7.880969989936844
d:982:3.5980558472197286,5.6231022977222,5.863618126265138,7.888664576767609
d:983:3.6000329944378127,5.621725036348812,5.869288288729329,7.890980330640328
d:984:3.5941621991771404,5.62028023664614,5.875158194172254,7.901276231641254
d:985:3.6012949682280473,5.618772785130162,5.881016258599778,7.898494075501893
d:986:3.6013847246326263,5.6172069717548805,5.885721539765149,7.9015437868874026
d:987:3.593571121484131,5.615586593367955,5.886896262935265,7.90891173481909
d:988:3.588053050540167,5.613915034488914,5.8871107058322405,7.912972689780987
d:989:3.391804218928521,5.54417434452617,5.45337372329536,7.605743848893009
d:990:3.397624923612671,5.548243893345898,5.450216702239695,7.600835671972922
d:991:3.3996252951970147,5.5509608061113465,5.446999773425534,7.598335284339865
d:992:3.3983713001228066,5.554345301460508,5.443894331535194,7.599868332872895
d:993:3.392037962012747,5.558395361503177,5.440847000842048,7.607204400332478
d:994:3.4038024221747136,5.560258540522472,5.437748476549152,7.594204594896912
d:995:3.4090116824440013,5.561839811904148,5.434322168006745,7.587150297466893
d:996:3.411291475911111,5.563251581092917,5.4308501877454365,7.582810292927243
d:997:3.4270414417330173,5.5651073070743635,5.427501899292047,7.565567764633393
d:998:3.4307482792066324,5.56651498407063,5.424306667677136,7.560073372541133
d:999:3.4268036226126153,5.56808767940208,5.4200423531265045,7.561326409915969
d:1000:3.424019516596445,5.569658230344034,5.416574915982192,7.562213629729781
d:1001:3.4331441897930555,5.5710601421567345,5.4129044978630425,7.550820450226722
d:1002:3.4262095145744453,5.574400816067224,5.409199471050194,7.557390772542973
d:1003:3.4204509684484146,5.5757971950743155,5.40571429169337,7.5610605183192705
d:1004:3.4150346938397806,5.578187801423164,5.401583363813158,7.564736471396541
d:1005:3.4120167505220644,5.580685199726755,5.395449294798825,7.564117744003515
d:1006:3.4055249232071603,5.581963689487809,5.389980236473608,7.566419002754257
d:1007:3.4012907522371982,5.583433719964724,5.384964495418366,7.567107463145891
d:1008:3.400388050397652,5.585452965266466,5.381516925303709,7.566581840172523
d:1009:3.398733612083105,5.588763101676836,5.377215321936349,7.56724481153008
d:1010:3.4123235718235394,5.592067664629402,5.372631602122272,7.552375694928135
d:1011:3.4115501936571206,5.594707256569706,5.371807310016795,7.55496437292938
d:1012:3.4131950781098954,5.595887844274573,5.366381228811489,7.549073994976167
d:1013:3.403429361243533,5.596438737044138,5.360956284975189,7.553965660775794
d:1014:3.4069673501355995,5.598504419254098,5.355696923553269,7.547233992671768
d:1015:3.4044018196236863,5.600353929038212,5.35027432937488,7.546226438789406
d:1016:3.4105565608142676,5.601336813255877,5.344196938535138,7.534977190976747
d:1017:3.403748628609069,5.6041924349752605,5.346414983380544,7.546858789746736
d:1018:3.40281875445213,5.6066450277018465,5.348313111695905,7.5521393849456215
d:1019:3.407480939924321,5.607856173933699,5.351233448555176,7.551608682564554
d:1020:3.4104284475831337,5.608665191639307,5.353615252312742,7.551851996368916
d:1021:3.412918828427461,5.609618167625545,5.354240478445545,7.550939817643629
d:1022:3.410620268783517,5.611787893048728,5.350272366443965,7.551439990709176
d:1023:3.400691847900922,5.61343096414782,5.347600502056929,7.560339618303828
d:1024:3.401772587533957,5.617330749650504,5.344728845284923,7.56028700740147
d:1025:3.4127661091803043,5.620573472055611,5.348366557945277,7.556173920820583
d:1026:3.4099326385460023,5.623810824251262,5.350407230719982,7.564285416425242
d:1027:3.423368255959657,5.627042820998651,5.354825058078838,7.5584996231178305
d:1028:3.4198272011603352,5.630917985433939,5.355353316800656,7.56644410107426
d:1029:3.4378013557137637,5.634786563313275,5.354483987728904,7.551469195328415
d:1030:3.4367186092100326,5.638648572902996,5.3573535791341165,7.55928354282708
d:1031:3.4360548507388247,5.642504032400339,5.361185507533703,7.567634689195217
d:1032:3.4385740082819343,5.646352959933789,5.364768701510283,7.572547653162138
d:1033:3.445739092865825,5.649550004089374,5.370334206735073,7.574145117958622
d:1034:3.460973575587065,5.6533865459555175,5.373500529621654,7.565913499990106
d:1035:3.4684815012661545,5.65721660862785,5.377581545779218,7.566316653140914
d:1036:3.47774479804042,5.6603967093230745,5.383281529743695,7.56593344102635
d:1037:3.4818290153324103,5.662768007430441,5.389238696269059,7.570177688367091
d:1038:3.490138223431864,5.663626352799294,5.39454243054563,7.568030559913059
d:1039:3.491255277536558,5.663983262754584,5.401119545002063,7.573847530220089
d:1040:3.4962849882956784,5.664014418339791,5.405333885691444,7.573063315735557
d:1041:3.4963601054838414,5.6638040128539835,5.411248188784695,7.578692096154837
d:1042:3.5012863071330784,5.667604820112146,5.415711897796459,7.582030410775527
d:1043:3.5049896175953466,5.671399259276855,5.418505469345104,7.584915111026613
d:1044:3.5164670275685213,5.673111996552601,5.424391044120169,7.5810360131042485
d:1045:3.5178082959929142,5.673961128450356,5.4296276860335,7.585780518490942
d:1046:3.5136560364490634,5.674312192067914,5.432809775936555,7.593465931555405
d:1047:3.5227595603724904,5.675437693036413,5.437158735141296,7.58983686780522
d:1048:3.526168614084032,5.676284911746039,5.440420524545552,7.590536822207561
d:1049:3.522471108417257,5.672962924938407,5.446258577736781,7.596750394257931
d:1050:3.5323244149525763,5.669640079643248,5.452085788839387,7.5894014535300585
d:1051:3.534276758524337,5.666316445591416,5.454825751545263,7.586865438612342
d:1052:3.5426545930842828,5.666456028364499,5.456645162944737,7.5804465982249525
d:1053:3.53881991853531,5.669433200368122,5.4592646900446535,7.589877971877465
d:1054:3.550353874966433,5.671140601964172,5.463635383532215,7.584422110529953
d:1055:3.554897451119028,5.672398062082811,5.470051769952256,7.58755238091604
d:1056:3.5618045936995166,5.673680342963742,5.475824954747194,7.58770070401142
d:1057:3.57455731745109,5.675565529518247,5.480799082376668,7.581807294443825
d:1058:3.573652269282687,5.677001711799219,5.484687611600446,7.588037054116978
d:1059:3.5620733633750827,5.678593455441693,5.485545146395289,7.602065238461899
d:1060:3.5618547067640494,5.6806547847444655,5.4872221846449,7.6060222626253156
d:1061:3.5603704457050895,5.682974925089217,5.487865803196888,7.610470282581016
d:1062:3.5508644145516373,5.6859193299284945,5.490261555817817,7.625316471194675
d:1063:3.5576815560077986,5.687500243107943,5.492496897759363,7.622315584859507
d:1064:3.5558596131303597,5.688938091350879,5.4937786296810955,7.626857107901615
d:1065:3.5469139059477666,5.690113297692877,5.493970454937843,7.637169846682953
d:1066:3.538302534688209,5.692121034469656,5.495039216945078,7.648857716726526
d:1067:3.5437079056903764,5.693048098906125,5.4983065642470805,7.647646757462829
d:1068:3.537125511814711,5.692261810891099,5.500788395799386,7.655924694875775
d:1069:3.527627311335123,5.6890881596227745,5.501800915845566,7.663261764133218
d:1070:3.5352938963212654,5.690465215982865,5.505055408241036,7.660226727902636
d:1071:3.526386811654218,5.687188844264513,5.50690413555227,7.667706168162566
d:1072:3.52597783184293,5.683911767890573,5.509527647924758,7.6674615839724005
d:1073:3.522438675078738,5.683734714450927,5.511991811876504,7.673287851248692
d:1074:3.5247369640430897,5.685155876812043,5.513572883830333,7.673991796599287
d:1075:3.5210533133202597,5.6841438798054185,5.514314671091064,7.677405237576223
d:1076:3.5183992065149994,5.6835038012450205,5.513875425417723,7.678980020147744
d:1077:3.512792587572779,5.683548236233168,5.514367223184892,7.68512287184528
d:1078:3.5168521956381644,5.682847891286103,5.517438212223057,7.683433907870996
d:1079:3.510985873039381,5.682269903679625,5.518393360564338,7.689677391204583
d:1080:3.5135172559919923,5.679018465712112,5.5194916311677185,7.684992840887837
d:1081:3.510375810323259,5.675766419483994,5.5211511098125285,7.686541718973263
d:1082:3.5183032247508566,5.672513825839177,5.524207900681468,7.678418501769788
d:1083:3.5285007806361346,5.669260744445058,5.525300322585117,7.666060286394041
d:1084:3.5341231706609966,5.6660072338205065,5.527442216265747,7.659326279425257
d:1085:3.5385811165296657,5.6627533513629915,5.530538513274379,7.654710748107704
d:1086:3.5359985404848793,5.659499153374865,5.532732288496854,7.65623290138684
d:1087:3.5318468851269778,5.656244695088855,5.534388663010321,7.658786472972199
d:1088:3.533897028058025,5.652990030692802,5.536093900363733,7.65518690299851
d:1089:3.543372510398049,5.652050000884312,5.536680602213686,7.645358092699949
d:1090:3.5277740489479585,5.654359406454924,5.5364777634448075,7.663063120951773
d:1091:3.5329191441229257,5.65656357601185,5.531515347283662,7.655159779172586
d:1092:3.5308055409642707,5.659018923251083,5.526553071482108,7.654766453768921
d:1093:3.5313361250907045,5.662690499575309,5.52082858508235,7.652182959566955
d:1094:3.5142011061020977,5.664528046430213,5.515105784595358,7.665432724923473
d:1095:3.5052140341955607,5.666971899814675,5.509384739840256,7.671142605459369
d:1096:3.504435779696844,5.668398339352658,5.506365218521623,7.670327778177437
d:1097:3.5135647576277123,5.672051309404998,5.505897489281248,7.664384041058533
d:1098:3.518485916143928,5.673396290258134,5.503321890335521,7.658232264449729
d:1099:3.510397832987783,5.675497917261012,5.498706671552976,7.663806755826206
d:1100:3.507608518295525,5.677924833150562,5.495169707480638,7.665486022335676
d:1101:3.505677135823385,5.6790109979384145,5.490591319176632,7.663925181291662
d:1102:3.503361848353461,5.679518422253722,5.492728784890636,7.668885358790896
d:1103:3.508208209798031,5.680930208890089,5.494862044117862,7.667584043209921
d:1104:3.519834973174528,5.683346700378155,5.495731427400877,7.659243154604504
d:1105:3.514983560729112,5.683830815040793,5.498976722727644,7.667823977039324
d:1106:3.5330241786073495,5.680957975588125,5.499945048179035,7.647878845159812
d:1107:3.526471648683966,5.67792110497011,5.502915867040608,7.654365323326752
d:1108:3.5334462502589634,5.675376797654408,5.5057004626963195,7.647631010091764
d:1109:3.549136576551297,5.674964913928373,5.5084263606680155,7.634254698045091
d:1110:3.554573888726349,5.676127351339131,5.511200249371258,7.632753711984041
d:1111:3.5710540517992957,5.677938572051804,5.512880451128986,7.619764971381494
d:1112:3.5692642241552432,5.678372481294023,5.512952714983358,7.622060972122138
d:1113:3.5622818708482633,5.677446493594034,5.513704345458313,7.628868968204085
d:1114:3.566223022576837,5.674254139285264,5.514623282294183,7.622654399002609
d:1115:3.5742008722158802,5.671061623206687,5.516294052100477,7.613154803091283
d:1116:3.5696497222352654,5.667868994606282,5.516566192139878,7.614785464510895
d:1117:3.5635575268243835,5.669937319754429,5.51720492014841,7.623584713078457
d:1118:3.570317194845085,5.673537266021817,5.518870109358314,7.6220901805350465
d:1119:3.5800080701360857,5.6765358073699,5.519928146948111,7.616455884181925
d:1120:3.58130634191728,5.678041696848166,5.521780622326437,7.618515977257324
d:1121:3.5900925306056255,5.678891518302324,5.522660808501647,7.611459796198345
d:1122:3.5818534617606286,5.67974061998631,5.52361946664864,7.621506624874321
d:1123:3.5841843086171172,5.6801257456837515,5.523059489494943,7.619000926561577
d:1124:3.586525214887347,5.680478027238519,5.5234265770412545,7.617379389392427
d:1125:3.5989280037009195,5.6804807753028985,5.526646078871851,7.60819885047383
d:1126:3.6026734114714296,5.681556054561474,5.529095899329654,7.607978542419699
d:1127:3.60645558833168,5.682955076905397,5.531468217680389,7.607967706254105
d:1128:3.613225278483763,5.686519466014675,5.535314657787797,7.60860884531871
d:1129:3.6132594042332187,5.687986996519532,5.538416952909723,7.613144545196036
d:1130:3.6120806630657416,5.690214758696788,5.539621719058709,7.617755814689756
d:1131:3.615004287126647,5.691054159039248,5.541979474579156,7.618029346491758
d:1132:3.601708147489064,5.691603301073359,5.545070005714185,7.63496515929848
d:1133:3.599735198153253,5.691870891509492,5.547567452703939,7.639703146060178
d:1134:3.5984481638282766,5.6918706008633055,5.550404208871433,7.643826645906461
d:1135:3.597547181982568,5.69166613355016,5.551782998802801,7.645901950370392
d:1136:3.596868205309171,5.69193529080018,5.552188683143454,7.647255768634462
d:1137:3.5961913591076566,5.69429788353586,5.552400261694619,7.650506786122822
d:1138:3.5928642907660473,5.69524518085575,5.555490794552711,7.657871684642413
d:1139:3.5986358155462526,5.69478090268359,5.557824248470512,7.653969335607849
d:1140:3.6174541807748115,5.694624169145239,5.561226503509037,7.6383964918794645
d:1141:3.6113021998423775,5.695390962417458,5.5654512976601485,7.649540060235228
d:1142:3.618527152360283,5.694940398424171,5.569669460319141,7.64608270638303
d:1143:3.61397266426217,5.695753937870139,5.573443562900737,7.655224836508705
d:1144:3.6189191435079406,5.696312352054521,5.57706614451985,7.6544593530664295
d:1145:3.6291504751625734,5.695553594738325,5.578548275936608,7.64495139551236
d:1146:3.621988154640876,5.695488168045315,5.578261220856271,7.651761234260709
d:1147:3.6237171765009686,5.697335470987921,5.582017718214578,7.655636012701531
d:1148:3.6273287225614963,5.700840552340599,5.586203970664329,7.659715800443432
d:1149:3.6270641530560184,5.703445793083846,5.589223265100167,7.665604905127996
d:1150:3.6192134681510213,5.700339109296266,5.591658355246086,7.67278399639133
d:1151:3.6139373478482497,5.69723223750279,5.5920232877932765,7.675318177447817
d:1152:3.597465703560969,5.694125223452579,5.5865161807990855,7.683175700690695
d:1153:3.5925714594444296,5.691018112077126,5.5810107493767145,7.679457402009411
d:1154:3.588602975368116,5.687910947507927,5.576397674380281,7.675705646520092
d:1155:3.585439063046131,5.684803773093653,5.571712699265669,7.671077409313192
d:1156:3.5707529345900673,5.68169663141687,5.56621116607635,7.677154862903152
d:1157:3.557134847344212,5.678589564310279,5.560711539717946,7.682166256684013
d:1158:3.5518098564976484,5.675482612872509,5.5552138746318604,7.678886631006721
d:1159:3.5457043020077332,5.672375817483504,5.54971822421591,7.676389739691681
d:1160:3.5355715409203174,5.669269217819485,5.544224640847041,7.677922317746209
d:1161:3.536154154349151,5.666162852867502,5.538733175903399,7.668741874421749
d:1162:3.5270044013261828,5.663056760939611,5.539495212153977,7.675547571767405
d:1163:3.5265163151753782,5.65995097968668,5.542528741114749,7.6759634056260495
d:1164:3.5234069533159715,5.658475558606534,5.54498505883905,7.680053664129611
d:1165:3.512740591600008,5.658979799240525,5.547294835623021,7.693534043263539
d:1166:3.5190246808935584,5.658832096459356,5.549601386691418,7.689408802257216
d:1167:3.5274549442216623,5.659330074068895,5.5537613321022015,7.685636461949433
d:1168:3.5231268974801955,5.6607296232076205,5.558057582028379,7.695660307755804
d:1169:3.5184682839251282,5.661984938299764,5.5611591140552825,7.704675768429918
d:1170:3.5272215230937,5.663618705739219,5.565443159976999,7.701840342622519
d:1171:3.528942824805813,5.66638904064188,5.569578290392692,7.70702450622876
d:1172:3.525005082664756,5.667780708471293,5.573849299969568,7.716624925776105
d:1173:3.510920735678326,5.668735001019931,5.5782084786294615,7.736022743971066
d:1174:3.528008688355712,5.670928219876476,5.582466314058173,7.725385845578938
d:1175:3.524752339470104,5.6723146480153215,5.586812189681876,7.734374498227093
d:1176:3.522042432519817,5.674502540994386,5.59105691581712,7.743517024291688
d:1177:3.52851559616283,5.676121026911101,5.595516996242152,7.743122426990423
d:1178:3.5372764631602944,5.677195135711561,5.599842891146745,7.739761563698012
d:1179:3.5400792965756276,5.678668670212749,5.604067925996729,7.7426572996338505
d:1180:3.535990403107739,5.681552855370027,5.608661933325368,7.754224385587655
d:1181:3.537423009573425,5.683727257084527,5.613404611009207,7.759708858520309
d:1182:3.533206702737753,5.684573258858299,5.617609599793194,7.768976155913738
d:1183:3.5250703229831686,5.6859445152748975,5.621667309946204,7.782541502237933
d:1184:3.5183922329145725,5.685946300432827,5.626080178600996,7.793634246119249
d:1185:3.520529879676608,5.682883469614659,5.631792611747008,7.7941462016850585
d:1186:3.520747129993686,5.6798209681000635,5.63749563196307,7.796569470069447
d:1187:3.518026930136945,5.676758830683509,5.643189261579998,7.801921162126562
d:1188:3.514686506669161,5.67369709157323,5.648873522851408,7.807884107755477
d:1189:3.5164110604761953,5.670635784402796,5.654548437954036,7.808773161880636
d:1190:3.518854725606702,5.6675749422423625,5.660214028988033,7.808934245623694
d:1191:3.5108660172482704,5.664514597609653,5.665870317977266,7.819518898338648
d:1192:3.5130219515274552,5.661454782480671,5.670958042753302,7.819390873706518
d:1193:3.513285864141902,5.658395528300135,5.676596262225802,7.821705926384035
d:1194:3.5132841011957714,5.659481392861478,5.682225244485215,7.828422536150922
d:1195:3.521992720422616,5.660728855946967,5.687845011255261,7.8265811467796125
d:1196:3.5380872850972,5.661538292002179,5.693455584184862,7.816906591089841
d:1197:3.540229575852015,5.662852968495107,5.699056984848446,7.821680377491537
d:1198:3.5460732546718905,5.663581177891377,5.704649234746222,7.822157157965709
d:1199:3.5500080317915987,5.664791413755051,5.710232355304481,7.8250157372679325
d:1200:3.5451055032510608,5.664290581409809,5.715806367875885,7.834991446034633
d:1201:3.5494723719662433,5.661563030289846,5.721371293739747,7.83346195206335
d:1202:3.557659672664694,5.658984983632006,5.726927154102319,7.828252465069633
d:1203:3.5552189518542345,5.658327304393087,5.732473970097084,7.835582322635936
d:1204:3.560523577655659,5.660333986646563,5.738011762785023,7.837822171775927
d:1205:3.5717706131317666,5.662282702537973,5.743540553154914,7.8340526425611205
d:1206:3.577372130793562,5.663431933630642,5.749060362123593,7.835120164960673
d:1207:3.584272805562832,5.664810086432576,5.754571210536245,7.835108491405989
d:1208:3.5806501154094157,5.6658390926493,5.7600731191666785,7.845262096406563
d:1209:3.579393243321868,5.665779327950892,5.764631646350644,7.851017730979668
d:1210:3.582848324905102,5.663952294240678,5.769168017796651,7.850271987132226
d:1211:3.5936011155633576,5.660940236994708,5.773899893725068,7.84123901515642
d:1212:3.5945299582105266,5.657928727831532,5.7786170029478825,7.842015772568888
d:1213:3.599498606790391,5.654917796183216,5.78331916332868,7.838738352721506
d:1214:3.585306557599905,5.651907471002998,5.78800618051349,7.854607093916583
d:1215:3.604629677035809,5.648897780774227,5.792677846816694,7.836945950555113
d:1216:3.6056850405192815,5.645888753519085,5.797333939967013,7.837537652966816
d:1217:3.614320180888704,5.642880416807101,5.801974221690907,7.8305344576093034
d:1218:3.6203810080467473,5.64059206559862,5.806598436106277,7.826809493658148
d:1219:3.615507847997323,5.639003217661891,5.811206307893633,7.834701677558201
d:1220:3.6235706386449884,5.636991599173613,5.815797540204889,7.829218500733514
d:1221:3.629438455504138,5.633990131378576,5.820371812261099,7.824923488135537
d:1222:3.63084571127329,5.630989441869167,5.824928776579155,7.825072507175031
d:1223:3.635134784623406,5.62798955620635,5.829468055753081,7.822322827336024
d:1224:3.622748090837229,5.624990499543556,5.833989238696893,7.8362316474032205
d:1225:3.6212032277721082,5.621992296633957,5.838491876231763,7.839280945093611
d:1226:3.6243220455101017,5.621126990871324,5.842975475868101,7.8397804212293245
d:1227:3.6120067824217372,5.623300275955837,5.8474394955905264,7.858732989124626
d:1228:3.619722104260484,5.625086139382065,5.851838002339498,7.857202037461079
