data: dataset/foma/
d:1:0.04661719662269448,1.1674376550217396,1.1674376615441524,2.2882581199431975
d:2:0.033449410568579196,1.167437656035375,1.167437656035375,2.3014259015021707
d:3:0.025994476909172448,1.167437656035375,1.167437662525284,2.3088808416514865
d:4:0.021426025098982393,1.1674376580626493,1.1674376562975972,2.313449289261264
d:5:0.01871000349235885,1.1674376570165101,1.167437660041326,2.3161653135654774
d:6:0.01703243608406524,1.167437659043788,1.1674376538136393,2.317842876773362
d:7:0.015989415770452098,1.1674376605804966,1.167437653552799,2.3188858983628435
d:8:0.01531116262288279,1.1674376621171945,1.1674376551220078,2.3195641546163195
d:9:0.014818775565824893,1.1674376621171945,1.1674376533569557,2.3200565399083253
d:10:0.014400634225403053,1.1674376621171945,1.1674376533244555,2.320474681216247
d:11:0.01403994833336597,1.1674376616266287,1.1674376528338861,2.320835366127149
d:12:0.013688281427231885,1.1674376621171945,1.1674376533244555,2.321187034014418
d:13:0.013338451826012232,1.1674376630983332,1.1674376525730459,2.321536863845367
d:14:0.01296725430378487,1.1674376641444724,1.167437653554181,2.3219080633948685
d:15:0.012577489155088273,1.1674376621171945,1.1674376580818198,2.322297831043926
d:16:0.012170151680006569,1.167437670226299,1.167437657935963,2.3227051764822555
d:17:0.011719671465588277,1.167437666204247,1.1674376538489106,2.3231556485875693
d:18:0.011263962544951767,1.1674376712399344,1.167437658949595,2.3236113676445775
d:19:0.010791115949373875,1.1674376657136811,1.1674376516257965,2.3240842013901037
d:20:0.010311003818600284,1.1674376722860735,1.167437656465637,2.3245643249331103
d:21:0.009784975926130812,1.1674376712399344,1.1674376554520016,2.325090350765805
d:22:0.009048110891665573,1.1674376672503897,1.1674376513974494,2.3258272077561735
d:23:0.00847374931856848,1.1674376687545944,1.1674376511366091,2.326401570572635
d:24:0.008003726999433525,1.1674376743783519,1.1674376567603701,2.3268716041392885
d:25:0.007592742339749492,1.1674376697357332,1.1674376521502445,2.327282579546228
d:26:0.007209873753705409,1.1674376764056227,1.1674376569900922,2.3276654596420094
d:27:0.006858486056447788,1.1674376758825566,1.1674376565320266,2.3280168463581354
d:28:0.0065063332594483825,1.1674376784979046,1.167437659082367,2.328369004320823
d:29:0.006187871161809966,1.1674376748689177,1.1674376537858357,2.3286874574929435
d:30:0.005877006320606171,1.1674376774517654,1.1674376563361832,2.3289983274673425
d:31:0.005588572938211911,1.167437670226299,1.1674376557306338,2.329286753018721
d:32:0.005304075198630187,1.1674376784979046,1.167437657317322,2.3295712606165964
d:33:0.005032095818581439,1.1674376728091431,1.1674376517585614,2.329843228749123
d:34:0.0047691037425963145,1.167437662297889,1.16743766245051,2.330106221005803
d:35:0.0045259367333869704,1.1674376748689177,1.1674376520207908,2.3303493901563215
d:36:0.004281888242797294,1.167437680525179,1.1674376576445447,2.3305934499269263
d:37:0.004055138313930229,1.1674376764056227,1.1674376535574993,2.3308201916491917
d:38:0.0038320002515455087,1.167437675359487,1.1674376508113085,2.33104332591925
d:39:0.003622000183284513,1.1674376683472119,1.1674376650022324,2.33125333316616
d:40:0.003421582490346964,1.167437667806663,1.1674376578742702,2.331453743190586
d:41:0.0032295661956389665,1.167437667806663,1.1674376578742702,2.331645759485294
d:42:0.003044111465207777,1.1674376714206254,1.1674376679781453,2.331831227933563
d:43:0.0028707839461681317,1.1674376774517654,1.1674376510410376,2.332004544546635
d:44:0.002699568812996489,1.1674376784979046,1.1674376520221763,2.3321757617070844
d:45:0.002532573832816354,1.16743766376959,1.1674376586270654,2.332342748563839
d:46:0.002378305027832539,1.167437680525179,1.1674376540169433,2.3324970295142897
d:47:0.0022281544247562124,1.1674376765213168,1.167437671346292,2.3326471934428525
d:48:0.002094635346466589,1.1674376652737983,1.1674376583662216,2.3327806882935533
d:49:0.001952725111291187,1.1674376690486454,1.1674376537886069,2.332922597725961
d:50:0.001835501718360888,1.167437667806663,1.1674376525466208,2.333039818634923
d:51:0.0017081662310047818,1.167437662297889,1.167437651827715,2.3331671478945992
d:52:0.0015944989389993225,1.167437666844176,1.1674376712168346,2.3332808391220112
d:53:0.0014848843987778082,1.1674376652737983,1.167437654901125,2.3333904357761455
d:54:0.0013830685669127263,1.1674376683472119,1.167437657974542,2.333492257754841
d:55:0.0012864314658855847,1.1674376740359662,1.167437663598296,2.3335889061683766
d:56:0.0011904895763770185,1.1674376708987246,1.1674376753688875,2.333684856691235
d:57:0.0011082471695367246,1.16743766376959,1.1674376516643754,2.3337670682644287
d:58:0.001024477843326821,1.1674376683472119,1.1674376544769487,2.3338508449808337
d:59:0.00094499369271972,1.1674376632790242,1.1674376541661253,2.33393032375243
d:60:0.000875424315477602,1.1674376714206254,1.1674376557853066,2.3339999028904543
d:61:0.0008056665842950395,1.167437671943695,1.167437656275876,2.334069661635276
d:62:0.0007406673216792115,1.167437665830537,1.167437663142998,2.3341346616518557
d:63:0.0006812081021507765,1.167437667367242,1.1674376629146543,2.3341941221797455
d:64:0.0006237224803946617,1.1674376749857736,1.1674376689306456,2.3342516214360245
d:65:0.0005707841089552801,1.167437666844176,1.1674376606915402,2.334304543426761
d:66:0.0005213536406394326,1.1674376683472119,1.1674376457491995,2.334353960455772
d:67:0.0004755456223186627,1.1674376678241423,1.1674376452586301,2.3343997674604537
d:68:0.00043252676765348497,1.1674376713068035,1.1674376551991692,2.3344427997383193
d:69:0.0003951084507676228,1.1674376794983914,1.1674376682781222,2.334480239325746
d:70:0.0003566090371798225,1.1674376714206254,1.1674376435274674,2.334518705910913
d:71:0.00032322884731428303,1.167437668512889,1.1674376603174323,2.334552099983007
d:72:0.00029137051479466436,1.1674376775349522,1.1674376478767456,2.334583954896903
d:73:0.0002630219082710994,1.1674376724029294,1.167437657490055,2.334612307984713
d:74:0.00023535411585129395,1.1674376779291826,1.1674376614137643,2.3346399852270956
d:75:0.00021311412324109824,1.1674376719123636,1.1674376535018922,2.3346622112910147
d:76:0.00019134436279344413,1.1674376735129037,1.1674376403246,2.3346839694747104
d:77:0.00016954248693323848,1.167437668512889,1.16743765678779,2.334705782813746
d:78:0.0001516629314153306,1.1674376801859658,1.1674376453951218,2.3347236626496723
d:79:0.00013709837948638892,1.1674376735129037,1.1674376320691806,2.334738207202598
d:80:0.00012024720330927607,1.167437666844176,1.167437633688369,2.3347550533292356
d:81:0.00010735312797649499,1.167437667989816,1.1674376479767972,2.3347679628386366
d:82:9.725699278106958e-05,1.1674376750527742,1.1674376403914764,2.3347780584514695
d:83:8.636777977955035e-05,1.1674376776031181,1.1674376363869037,2.3347889462102422
d:84:7.781446488408506e-05,1.1674376650320895,1.167437645051585,2.3347974956187905
d:85:7.04641329392075e-05,1.1674376690034514,1.1674376489904326,2.3348048538609447
d:86:6.415881691168579e-05,1.1674376719793642,1.1674376520638496,2.334811165226302
d:87:5.934043253574828e-05,1.1674376652279292,1.1674376434498726,2.334815968245266
d:88:5.538266013260795e-05,1.1674376740066386,1.1674376541236278,2.3348199454701337
d:89:5.3399885732829944e-05,1.1674376739891592,1.1674376473887271,2.3348219214921535
d:90:5.122875885277267e-05,1.1674376719123636,1.1674376387890568,2.3348240819425676
d:91:5.024856965363256e-05,1.167437656372119,1.1674376522120475,2.334825060014513
d:92:4.9516764136114944e-05,1.1674376781261877,1.1674376582106802,2.334825819572732
d:93:4.877765161381831e-05,1.167437665830537,1.1674376391971428,2.334826527376066
d:94:4.832748151883948e-05,1.1674376511255673,1.1674376551879568,2.3348269788320053
d:95:4.789739590194131e-05,1.1674376647373599,1.1674376429593032,2.334827410300761
d:96:4.650167307573838e-05,1.1674376749857736,1.1674376417974663,2.334828815110164
d:97:4.443841530488157e-05,1.1674376577629637,1.1674376470150136,2.3348308663626725
d:98:4.1773546605838874e-05,1.1674376708987246,1.1674376376779207,2.3348335350300395
d:99:3.9353482232939996e-05,1.1674376590844204,1.1674376494991918,2.3348359551013793
d:100:4.0871075697168635e-05,1.1674376647373599,1.167437649481716,2.3348344431433787
d:101:5.291765867809772e-05,1.1674376817226708,1.1674376617421593,2.334822425806152
d:102:4.951214581794261e-05,1.1674376650320895,1.1674376450190813,2.334825797905353
d:103:3.5753335630772654e-05,1.1674376553128951,1.167437651592639,2.3348395535699034
d:104:3.1038919988901625e-05,1.1674376560643012,1.1674376506115003,2.3348442677558126
d:105:3.059041642217153e-05,1.1674376516486404,1.1674376556785262,2.3348447169107445
d:106:3.121296539987384e-05,1.1674376578424415,1.167437650022265,2.3348440948993066
d:107:3.1745851892139854e-05,1.1674376536759148,1.1674376577383043,2.334843565562327
d:108:3.163031075814615e-05,1.167437667989816,1.1674376478792965,2.3348436855583543
d:109:3.0097490025582374e-05,1.1674376567493283,1.1674376608117143,2.334845220071017
d:110:2.863319101109596e-05,1.1674376740066386,1.1674376540586202,2.3348466948742477
d:111:2.5740721685707513e-05,1.1674376779291826,1.1674376448708799,2.334849582078377
d:112:2.3097955534012726e-05,1.1674376650320895,1.1674376663197812,2.3348522333963366
d:113:1.976318803897925e-05,1.1674376755758402,1.1674376555953287,2.33485556798313
d:114:1.707292572561414e-05,1.1674376779291826,1.1674376448708799,2.334858249874337
d:115:1.4061013811073053e-05,1.1674376794983914,1.1674376463750882,2.3348612648596685
d:116:1.1440861698019944e-05,1.16743766998459,1.1674376499715713,2.3348638790944634
d:117:9.114970161760994e-06,1.1674376546895502,1.1674376587194395,2.334866198438828
d:118:7.1842078810391286e-06,1.1674376566343483,1.167437654174325,2.3348681266007922
d:119:5.377717851473562e-06,1.1674376650320895,1.1674376662547772,2.334869953569015
d:120:3.830204398980186e-06,1.1674376740066386,1.1674376540261235,2.334871497828363
d:121:2.819281615273894e-06,1.1674376590844204,1.1674376708973995,2.3348725107002046
d:122:1.8285780249982508e-06,1.1674376750527742,1.1674376550072623,2.3348735014820114
d:123:1.1841878482243828e-06,1.1674376451500983,1.1674376607803794,2.3348741217426294
d:124:6.557216956082357e-07,1.1674376647373599,1.1674376641625024,2.3348746731781667
d:125:4.907223569716734e-07,1.1674376355237008,1.16743766633914,2.334874811140484
d:126:3.2614317646562085e-07,1.1674376650320895,1.1674376661897767,2.3348750050786897
d:127:2.7619540077239435e-07,1.1674376521100243,1.1674376684627497,2.334875044377373
d:128:2.4890196925753116e-07,1.1674376556207093,1.1674376744613788,2.334875081180119
d:129:2.4560923250760425e-07,1.1674376551301435,1.1674376739383128,2.334875083459224
d:130:1.9585040433867107e-07,1.1674376382034986,1.1674376638537929,2.334875106206887
d:131:1.8489035724655878e-07,1.1674376729604958,1.167437653077485,2.3348751411476236
d:132:2.420166929084644e-07,1.1674376740066386,1.1674376540586202,2.334875086048566
d:133:1.91444613051317e-07,1.1674376369973345,1.167437676443015,2.3348751219957364
d:134:1.794228339235815e-07,1.1674376740066386,1.1674376540261235,2.334875148609928
d:135:1.5751182047551993e-07,1.1674376817226708,1.1674376616446551,2.3348751858555055
d:136:1.4166072759280723e-07,1.1674376650320895,1.1674376662222734,2.3348751895936353
d:137:1.360333712341344e-07,1.1674376575346237,1.1674376633295616,2.334875184830814
d:138:1.1413348133260115e-07,1.1674376562262587,1.1674376815568444,2.3348752236496217
d:139:1.0992649279728539e-07,1.1674376368984483,1.167437672944036,2.3348751999159916
d:140:6.733490209853699e-08,1.1674376449203727,1.167437673433433,2.3348752510189037
d:141:4.3708023866884105e-08,1.1674376298576625,1.1674376750058109,2.3348752611554495
d:142:5.68444100679244e-08,1.1674376575346237,1.1674376781073903,2.334875278797604
d:143:3.1790854393420886e-08,1.1674376451812165,1.1674376719292283,2.3348752853195904
d:144:2.3725238662564152e-08,1.1674376650320895,1.1674376662222734,2.334875307529124
d:145:2.5864409280984546e-08,1.1674376541664806,1.1674376794970698,2.334875307799141
d:146:2.300268064914235e-08,1.1674376511255673,1.1674376763586558,2.3348753044815425
d:147:2.9482624341881092e-08,1.1674376553128951,1.1674376746579327,2.3348753004882035
d:148:4.3758284107298095e-08,1.1674376572398977,1.1674376825054829,2.3348752959870964
d:149:5.7244154305635675e-08,1.167437629626555,1.1674376825573454,2.334875254939746
d:150:6.890787318525327e-08,1.1674376378151337,1.1674376790258556,2.334875247933116
d:151:7.755177833246307e-08,1.1674376526622723,1.167437677862857,2.334875252973351
d:152:1.2362275825239522e-07,1.1674376342817254,1.1674376816400418,2.334875192299009
d:153:1.4596589537063664e-07,1.1674376650320895,1.1674376661897767,2.334875185255971
d:154:1.774453970426748e-07,1.1674376553128951,1.1674376876711747,2.334875165538673
d:155:1.676818577323047e-07,1.1674376647373599,1.1674376707174154,2.3348751677729176
d:156:1.9618268254362192e-07,1.1674376311043417,1.1674376904053894,2.3348751253270486
d:157:2.6586080181800753e-07,1.1674376583330073,1.1674376718135342,2.3348750642857397
d:158:2.677731210098955e-07,1.1674376338575385,1.1674376847134624,2.33487505079788
d:159:2.962983778331818e-07,1.1674376449542585,1.1674376769974195,2.3348750256533
d:160:2.9422484715269093e-07,1.1674376556207093,1.1674376743638781,2.3348750357597403
d:161:3.406326811727922e-07,1.1674376598033298,1.1674376697862598,2.3348749889569085
d:162:3.06612299993958e-07,1.1674376290092958,1.167437681282646,2.3348750036796417
d:163:3.885023218686001e-07,1.1674376224265757,1.167437677539624,2.334874911463878
d:164:3.6743109532721974e-07,1.1674376451500983,1.167437673858167,2.33487495157717
d:165:3.6957844073981505e-07,1.1674376313326817,1.1674376805812159,2.334874942335457
d:166:3.709347140556929e-07,1.1674376382034986,1.167437668611619,2.3348749358804035
d:167:3.6540489034564416e-07,1.1674376578424415,1.1674376613679627,2.334874953805514
d:168:4.0924162192368385e-07,1.167437620990139,1.1674376713783232,2.33487488312684
d:169:3.6997345276290616e-07,1.167437634380608,1.1674376752165152,2.3348749396236705
d:170:3.7652437256952e-07,1.16743763054739,1.1674376746307757,2.334874928653793
d:171:4.509943565267349e-07,1.1674376342817254,1.1674376698874873,2.334874853174856
d:172:4.1300355135831524e-07,1.1674376311043417,1.1674376786203204,2.334874896721111
d:173:3.8978269500944407e-07,1.1674376313279815,1.1674376745312678,2.3348749160765543
d:174:3.870395310912045e-07,1.1674376368984483,1.1674376760343108,2.334874925893228
d:175:3.721333925454928e-07,1.1674376516486404,1.1674376652266716,2.3348749447419195
d:176:3.7195471236373123e-07,1.1674376389549117,1.1674376872311392,2.3348749542313385
d:177:4.151073476066358e-07,1.1674376566343483,1.167437670244876,2.334874911771877
d:178:3.8628334664281283e-07,1.1674376464231955,1.1674376809543077,2.3348749410941565
d:179:3.458458941452136e-07,1.167437617787268,1.1674376847183439,2.334874956659718
d:180:4.009725742548653e-07,1.1674376575346237,1.1674376711126584,2.334874927674708
d:181:3.9392209316702065e-07,1.1674376562262587,1.1674376680392413,2.334874930343407
d:182:3.5502752027127826e-07,1.1674376159605266,1.167437666348718,2.3348749272817244
d:183:2.483144285747585e-07,1.1674376555412351,1.167437672584363,2.3348750798111695
d:184:2.7751759290595146e-07,1.167437620990139,1.1674376890839362,2.334875032556482
d:185:1.558268252210837e-07,1.1674376293657112,1.1674376837517322,2.334875157290618
d:186:1.164724210411805e-07,1.1674376329635763,1.1674376760368617,2.334875192528017
d:187:8.963073483414519e-08,1.1674376324405102,1.1674376820037047,2.33487522481348
d:188:6.924708273459146e-08,1.1674376184472521,1.1674376605804788,2.334875209780648
d:189:5.481198073198357e-08,1.1674376290092958,1.1674376773127264,2.3348752515100415
d:190:3.866231779170448e-08,1.167437619620081,1.167437675205914,2.334875256163677
d:191:5.05537798289879e-08,1.1674376311043417,1.1674376864679665,2.3348752670185284
d:192:3.771355494563977e-08,1.1674376311043417,1.1674376865004668,2.3348752798912535
d:193:5.432665517446367e-08,1.16743762835954,1.1674376872207617,2.3348752612536465
d:194:1.0134873207334749e-07,1.1674376293040218,1.167437675874904,2.334875203830194
d:195:1.0743267253587874e-07,1.1674376382034986,1.1674376792570271,2.334875210027853
d:196:1.8723220307492738e-07,1.167437630842116,1.1674376809430917,2.3348751245530046
d:197:2.5046356100233425e-07,1.1674376203993013,1.1674376875154913,2.3348750574512316
d:198:3.323870139126939e-07,1.1674376303468463,1.1674376794377217,2.334874977397554
d:199:4.2172129610662523e-07,1.167437618481138,1.167437667201785,2.334874863961627
d:200:4.703604226108382e-07,1.1674376378151337,1.167437679878308,2.334874847333019
d:201:5.989687146268352e-07,1.1674376203376085,1.1674376865688565,2.3348747079377503
d:202:6.540122257092662e-07,1.1674376375204076,1.1674376925968204,2.3348746761050023
d:203:7.309980212255596e-07,1.1674376368984483,1.167437688444771,2.334874594345198
d:204:7.513260484870443e-07,1.1674376182175301,1.1674376791310088,2.3348745460224904
d:205:6.468416380300823e-07,1.1674376303454679,1.1674376823961552,2.334874665899985
d:206:5.904606155127112e-07,1.1674376181747057,1.1674376703929497,2.33487469810704
d:207:4.987602153505577e-07,1.167437629331829,1.1674376960958028,2.3348748266674164
d:208:3.419878282784339e-07,1.1674376311043417,1.1674376829378694,2.334874972054383
d:209:2.6519301954408547e-07,1.1674376451812165,1.167437672652131,2.334875052640328
d:210:2.386428583633915e-07,1.1674376290092958,1.167437686795413,2.3348750771618505
d:211:1.7628007142889146e-07,1.1674376206600527,1.1674376694457003,2.3348751138256816
d:212:1.2024365503293666e-07,1.1674376308713015,1.1674376781646245,2.334875188792271
d:213:9.819321178383689e-08,1.1674376186977682,1.1674376709485195,2.334875191453076
d:214:3.235237144849634e-08,1.167437630285157,1.1674376863712297,2.3348752843040153
d:215:2.9905006471153683e-08,1.1674376303454679,1.1674376918467964,2.3348752922872578
d:216:1.48163223911979e-08,1.1674376342817254,1.167437677035295,2.334875296500698
d:217:-8.430944831161469e-10,1.1674376193578588,1.1674376839540592,2.3348753041550125
d:218:-5.539018133049467e-09,1.167437630842116,1.1674376904907824,2.3348753268719165
d:219:-3.739266674074315e-10,1.1674376380434772,1.1674376877272437,2.3348753261446475
d:220:-2.2745929584289115e-09,1.1674376159605266,1.167437689251976,2.3348753074870956
d:221:-2.341938198924254e-09,1.167437618506174,1.1674376891849718,2.334875310033084
d:222:1.3331163728480533e-08,1.167437620109272,1.1674376941556588,2.334875300933767
d:223:3.0873010814502777e-09,1.1674376198145424,1.167437692193385,2.3348753089206262
d:224:8.394994921445686e-09,1.1674376306090757,1.1674376957055088,2.3348753179195896
d:225:-1.922249026620193e-09,1.167437619029247,1.1674376896105372,2.3348753105620332
d:226:-1.5207923809157364e-09,1.1674376375204076,1.1674376854391255,2.3348753244803255
d:227:-3.310987040094915e-09,1.167437635719537,1.1674376797003774,2.3348753187309015
d:228:2.2845380698299778e-08,1.1674376342817254,1.1674376752377462,2.334875286674091
d:229:7.972026594416093e-09,1.1674376353942435,1.1674376780503124,2.3348753054725293
d:230:8.98024055118185e-09,1.167437634576448,1.1674376754674718,2.334875301063679
d:231:-5.1820272517488775e-09,1.1674376307314311,1.1674376725218814,2.3348753084353397
d:232:2.7979041306025465e-10,1.1674376162552527,1.1674376859516045,2.3348753019270667
d:233:-6.139977415386966e-10,1.1674376349036777,1.167437672264601,2.3348753077822764
d:234:1.868752264044815e-08,1.1674376311043417,1.1674376818302612,2.3348752942470803
d:235:6.354312631629e-09,1.1674376227213052,1.1674376905274393,2.334875306894432
d:236:1.660085757748675e-08,1.16743763054739,1.167437677775709,2.3348752917222413
d:237:2.8077788982727725e-08,1.1674376338575385,1.1674376742757744,2.334875280055524
d:238:7.781515876104095e-09,1.1674376131390147,1.1674376787773681,2.334875284134867
d:239:1.1756924322980922e-08,1.1674376211845932,1.1674376872581824,2.3348752966858513
d:240:1.5112853191112663e-09,1.1674376378151337,1.1674376768761014,2.33487531317995
d:241:5.462752028506657e-09,1.16743765358704,1.1674376503489867,2.334875298473275
d:242:7.741014940165769e-09,1.1674376293040218,1.1674376925054055,2.3348753140684124
d:243:7.366100618355631e-09,1.167437638317466,1.1674376678500735,2.334875298801439
d:244:1.0702361663561533e-08,1.1674376298223947,1.1674376771383308,2.334875296258364
d:245:1.6007472680712453e-08,1.1674376369973345,1.1674376707956604,2.3348752917855222
d:246:1.0203731193314525e-08,1.167437647570214,1.1674376594523217,2.3348752968188045
d:247:1.9634974535165384e-08,1.1674376444968004,1.167437660006506,2.334875284868332
d:248:1.93669364989546e-08,1.1674376329635763,1.167437685574658,2.3348752991712978
d:249:1.6333235208776387e-08,1.1674376520503316,1.1674376523098786,2.334875288026975
d:250:2.08768256015901e-08,1.1674376159605266,1.1674376847767718,2.334875279860473
d:251:2.1977385245008918e-08,1.1674376486008704,1.1674376501206467,2.334875276744132
d:252:1.5819686893792095e-08,1.1674376201694834,1.1674376788776435,2.33487528322744
d:253:1.910431279839031e-08,1.167437647570214,1.1674376595173221,2.3348752879832233
d:254:2.4606201520782633e-09,1.1674376444968004,1.167437665204158,2.3348753072403383
d:255:1.7539569796554133e-08,1.167437647570214,1.1674376595173221,2.3348752895479663
d:256:-4.1774335102218174e-09,1.1674376311043417,1.1674376908731254,2.3348753261549007
d:257:8.265743645097245e-10,1.167437629601519,1.1674376864104907,2.3348753151854353
d:258:2.0894724173103896e-08,1.1674376311043417,1.167437677827838,2.3348752880374555
d:259:1.1413376910240913e-08,1.16743761599718,1.1674376787958352,2.3348752833796382
d:260:-1.6661552137975377e-09,1.1674376159605266,1.1674376682013836,2.3348752858280655
d:261:1.0051593335447251e-08,1.167437619029247,1.1674376637046215,2.3348752726822752
d:262:-5.727773810804138e-09,1.1674376121253793,1.1674376688084784,2.3348752866616316
d:263:2.7686652970260184e-09,1.1674376153121528,1.1674376703277076,2.334875282871195
d:264:1.0734453326222138e-09,1.1674376141526501,1.1674376708682566,2.3348752839474614
d:265:8.942116380694642e-09,1.1674376308713015,1.1674376569190308,2.334875278848216
d:266:-6.721180056956655e-09,1.167437614298514,1.1674376758044467,2.3348752968241406
d:267:6.408054531448215e-09,1.1674376313326817,1.1674376696382573,2.3348752945628846
d:268:1.616576383867141e-08,1.167437616179928,1.1674376729280347,2.334875272942199
d:269:5.101345124103318e-09,1.167437631851051,1.1674376544336837,2.3348752811833897
d:270:2.874756432902359e-09,1.1674376290092958,1.1674376620197222,2.3348752881542616
d:271:-5.3936943800181325e-09,1.1674376303515466,1.1674376686246184,2.3348753043698594
d:272:-3.593211062025148e-09,1.1674376302408582,1.1674376659482597,2.334875299782329
d:273:1.7250481931796458e-08,1.1674376711459047,1.1674376320144049,2.3348752859098276
d:274:1.0457853250045446e-08,1.1674376495649916,1.1674376594319256,2.334875298539064
d:275:1.1313236569776564e-08,1.1674376159605266,1.1674376764238517,2.3348752810711417
d:276:1.648235326001668e-09,1.167437620990139,1.1674376834361269,2.3348753027780305
d:277:6.997179724521629e-09,1.1674376630042929,1.1674376408230138,2.334875296830127
d:278:-4.551601762159407e-09,1.1674376630042929,1.1674376407905136,2.334875308346408
d:279:3.1469227224079077e-09,1.167437647570214,1.1674376590721955,2.3348753034954868
d:280:-4.329073988174059e-09,1.1674376497294894,1.167437649826077,2.3348753038846404
d:281:1.0873897338115057e-09,1.1674376530964707,1.1674376629634082,2.3348753149724892
d:282:2.887524885863968e-09,1.1674376802686481,1.1674376358094989,2.334875313190622
d:283:-4.175198853317852e-09,1.1674376211845932,1.1674376782054239,2.334875303565216
d:284:1.189394183143122e-08,1.167437654600679,1.1674376645001203,2.3348753072068575
d:285:1.5122555652169467e-08,1.167437619620081,1.167437671225656,2.3348752757231814
d:286:1.1058077120651433e-08,1.1674376159605266,1.1674376762938472,2.3348752811962967
d:287:9.385843213749467e-10,1.167437614298514,1.167437675836947,2.3348752891968765
d:288:1.4265122416645681e-08,1.1674376311043417,1.1674376710774617,2.334875287916681
d:289:2.3091541123676507e-08,1.167437673337684,1.167437641891329,2.334875292137472
d:290:2.4649473573390424e-09,1.1674376525734047,1.1674376641403867,2.334875314248844
d:291:1.257554771427749e-08,1.1674376436476628,1.1674376682274392,2.3348752992995543
d:292:2.5148118254492147e-08,1.167437650578627,1.1674376620806122,2.334875287511121
d:293:2.987015790267833e-08,1.167437622198232,1.1674376791865662,2.3348752715146404
d:294:2.5943620585167082e-08,1.1674376497294894,1.1674376672815683,2.334875291067437
d:295:4.2594461291400876e-08,1.16743763054739,1.1674376734803218,2.3348752614332504
d:296:1.5937807518184854e-08,1.1674376456749442,1.1674376701897167,2.3348752999268534
d:297:2.1783833403787867e-08,1.1674376179566863,1.167437681820104,2.334875277992957
d:298:2.8747290770070322e-08,1.1674376201694834,1.167437689962881,2.3348752813850737
d:299:2.2536621457902584e-08,1.167437657838601,1.1674376531778208,2.3348752884798003
d:300:2.1948714845620998e-08,1.1674376802686481,1.1674376398119222,2.3348752981318555
d:301:1.515192948886579e-08,1.1674376307314311,1.1674376744992436,2.3348752900787453
d:302:1.041509989363476e-08,1.1674376188009035,1.1674376732367406,2.334875281622544
d:303:8.011383556549845e-09,1.1674376414233798,1.1674376852561998,2.334875318668196
d:304:-2.603783855192887e-11,1.167437614298514,1.1674376775694952,2.334875291894047
d:305:2.931670906036743e-09,1.1674376227213052,1.1674376666968485,2.334875286486483
d:306:6.521673867609934e-09,1.167437647570214,1.1674376701348166,2.3348753111833567
d:307:5.845762984790781e-09,1.167437619188341,1.1674376759689515,2.3348752893115297
d:308:9.881091500574257e-09,1.1674376159605266,1.1674376846142671,2.3348752906937023
d:309:2.1135733163646364e-09,1.1674376573155278,1.1674376619198163,2.334875317121771
d:310:-1.496189838690043e-10,1.167437647570214,1.167437671867365,2.334875319587198
d:311:-5.152717363898773e-09,1.1674376292272193,1.1674376860728302,2.334875320452767
d:312:9.545750856432278e-10,1.1674376845547094,1.1674376392154606,2.334875322815595
d:313:4.868070391239598e-09,1.16743768406414,1.167437638692391,2.3348753178884607
d:314:9.217032470587583e-09,1.167437620990139,1.1674376701958273,2.334875281968934
d:315:1.5484641124885457e-08,1.1674376770011712,1.1674376385921192,2.3348753001086493
d:316:1.6795276280845428e-08,1.1674376121253793,1.1674376835863178,2.334875278916421
d:317:7.141515823150257e-09,1.1674376717684751,1.1674376477896438,2.334875312416603
d:318:5.363940402958178e-09,1.167437613284875,1.1674376763933516,2.334875284314286
d:319:-2.0424302249466564e-09,1.167437615116306,1.1674376799898347,2.334875297148571
d:320:-7.475261298850455e-09,1.1674376497294894,1.1674376677863947,2.3348753249911454
d:321:1.5533892394614668e-08,1.167437683050501,1.167437642941401,2.33487531045801
d:322:-4.289308463967245e-09,1.167437620990139,1.1674376701958273,2.3348752954752747
d:323:7.256062417582143e-11,1.167437660388945,1.1674376702233822,2.3348753305397665
d:324:3.8855745287946775e-09,1.167437638317466,1.1674376821827863,2.334875316614678
d:325:-4.906436146256965e-09,1.1674376159605266,1.167437684451766,2.3348753053187288
d:326:2.394809683892163e-09,1.167437654600679,1.1674376854852504,2.3348753376911198
d:327:-2.6894397819887672e-09,1.1674376186977682,1.1674376902887253,2.3348753116759333
d:328:-2.294477496889158e-09,1.167437614298514,1.1674376840594114,2.334875300652403
d:329:-5.104858757931652e-09,1.1674377018190647,1.167437639497095,2.3348753464210183
d:330:1.1862475446378085e-08,1.167437647570214,1.1674376913055298,2.3348753270132683
d:331:-3.1490117180510424e-09,1.167437617651629,1.1674376892425862,2.334875310043227
d:332:-4.730136282660169e-09,1.1674376101630983,1.1674376815915473,2.334875296484782
d:333:-2.8896529613575694e-09,1.167437620109272,1.167437676342658,2.334875299341583
d:334:1.3045280411461135e-08,1.1674376537515485,1.1674376771360961,2.3348753178423642
d:335:-2.3185293684946373e-09,1.1674376500880577,1.1674376938233735,2.3348753462299605
d:336:2.6108505579713892e-08,1.1674376497294894,1.1674376853718904,2.334875308992874
d:337:2.0802755074100787e-08,1.16743765221484,1.1674376843921372,2.334875315804222
d:338:9.024898162124373e-09,1.1674376181747057,1.1674376897006553,2.334875298850463
d:339:3.030258710623457e-09,1.16743765358704,1.1674376974523604,2.3348753480091418
d:340:-6.204420088806728e-09,1.1674376946260914,1.1674376529469477,2.334875353777459
d:341:-2.1367725366872037e-09,1.167437647570214,1.1674376914355342,2.3348753411425207
d:342:1.2888257572285511e-08,1.1674376763136003,1.1674376577274224,2.334875321152765
d:343:-4.6683510390721494e-09,1.1674376747098876,1.1674376792816759,2.3348753586599145
d:344:-2.4293775879868917e-09,1.1674377007729255,1.1674376555636812,2.3348753587659843
d:345:2.746148197729781e-09,1.167437647570214,1.1674377044808253,2.334875349304891
d:346:-6.583107392543752e-10,1.1674376845547094,1.1674376568334601,2.3348753420464803
d:347:-2.2072121907967812e-09,1.1674376962317403,1.1674376453200175,2.33487534375897
d:348:-4.578112111630617e-09,1.1674376725210536,1.1674376634175694,2.334875340516735
d:349:1.6954651016476419e-09,1.167437688086192,1.1674376568673424,2.3348753432580693
d:350:-5.005070136121503e-09,1.1674376159605266,1.16743768451677,2.3348753054823668
d:351:8.667928597105856e-09,1.1674376246821012,1.1674376963380553,2.334875312352228
d:352:1.975546837229558e-09,1.1674376141526501,1.167437707011814,2.3348753191889173
d:353:4.206224701874817e-09,1.1674376778828055,1.1674376679918765,2.3348753416684573
d:354:-6.680984654394706e-09,1.1674376680399838,1.1674376861618896,2.334875360882858
d:355:5.541263448094469e-09,1.1674376777183042,1.1674376875852381,2.334875359762279
d:356:5.81674086674866e-09,1.167437673337684,1.1674376769968688,2.334875344517812
d:357:-1.4651391211373266e-09,1.167437660388945,1.167437696128843,2.334875357982927
d:358:8.303178589130766e-09,1.1674377002537923,1.1674376493745733,2.334875341325187
d:359:-3.0323086264161248e-09,1.167437709437607,1.1674376624633105,2.334875374933226
d:360:6.376772887506377e-09,1.167437617239159,1.1674376947181528,2.334875305580539
d:361:1.517008740847814e-11,1.1674376541101097,1.1674377110532177,2.3348753651481573
d:362:-3.035168560927559e-09,1.1674376782413738,1.1674376898408596,2.334875371117402
d:363:-1.5779306750118849e-09,1.1674376680399838,1.1674376932220873,2.334875362840002
d:364:-2.26982876938564e-11,1.1674377154908768,1.167437650621249,2.334875366134824
d:365:-6.834255827925517e-09,1.1674377007443617,1.167437655192792,2.3348753627714096
d:366:4.264329334091599e-09,1.167437613284875,1.1674376913016502,2.334875300322196
d:367:6.132772512046358e-09,1.1674376465565786,1.1674376905518962,2.334875330975702
d:368:-5.065011521310225e-09,1.167437657838601,1.1674377018014184,2.334875364705031
d:369:-1.2962146911377204e-09,1.167437647570214,1.1674376915655351,2.3348753404319638
d:370:3.772477441543742e-09,1.1674376946260914,1.167437654054556,2.33487534490817
d:371:3.328864295326639e-09,1.1674376735021852,1.16743767016618,2.334875340339501
d:372:-2.365105444823712e-09,1.1674377028002034,1.1674376586985638,2.3348753638638726
d:373:1.0010104745106219e-08,1.1674376140037843,1.1674376837651401,2.3348752877588197
d:374:-2.164135537441325e-09,1.167437647570214,1.1674376980554513,2.3348753477898008
d:375:-1.248032788225828e-09,1.1674376486008704,1.1674376991840703,2.3348753490329734
d:376:2.6597106739245646e-09,1.1674377277520414,1.167437646209514,2.3348753713018446
d:377:9.243670717751229e-09,1.167437637794393,1.1674376966000573,2.3348753251507794
d:378:-3.0140618889618054e-09,1.1674377089145338,1.167437657785193,2.3348753697137887
d:379:-4.96053331744406e-09,1.1674376694801367,1.1674376801345225,2.3348753545751926
d:380:5.474820596873542e-09,1.167437670099762,1.1674376945269138,2.334875359151855
d:381:9.511680332252581e-10,1.1674376444968004,1.1674377033024612,2.3348753468480936
d:382:-1.0142251483102882e-09,1.1674376982265144,1.1674376619400206,2.3348753611807602
d:383:4.399211661620939e-09,1.1674376126159416,1.1674376924298144,2.3348753006465444
d:384:1.355417111881252e-09,1.167437699240157,1.1674376629536631,2.334875360838403
d:385:9.040451942610161e-09,1.1674377262153364,1.1674376483004103,2.3348753654752947
d:386:2.171010038409804e-09,1.1674376527379025,1.1674377097785218,2.334875360345414
d:387:4.141398335377744e-10,1.1674377007443617,1.167437664457868,2.3348753647880898
d:388:-3.875925358443055e-09,1.1674376436476628,1.1674377007207788,2.334875348244367
d:389:-1.14652465299514e-09,1.1674376790284455,1.1674376792875414,2.3348753594625116
d:390:1.2048232633787848e-08,1.1674376845547094,1.1674376730937333,2.33487534560021
d:391:1.0314771259345434e-08,1.167437647570214,1.1674377063108778,2.3348753435663205
d:392:3.1795472921203327e-09,1.1674376497294894,1.1674377067701087,2.334875353320051
d:393:-6.975692912192244e-09,1.1674377058086165,1.167437666969633,2.3348753797539423
d:394:3.3848479574771773e-10,1.1674376567924583,1.1674377138005738,2.3348753702545473
d:395:6.693113618894131e-09,1.1674376121253793,1.1674376983641608,2.3348753037964265
d:396:7.949807923068875e-09,1.1674377089145338,1.1674376682129903,2.334875369177716
d:397:2.17706386251848e-09,1.1674376520503316,1.1674377108234957,2.3348753606967634
d:398:-6.702148169779321e-09,1.1674376763136003,1.1674376944680063,2.3348753774837547
d:399:-5.024659799346409e-09,1.167437660388945,1.167437717267056,2.3348753826806607
d:400:-2.9669031675894075e-09,1.1674377048274778,1.167437677643555,2.334875385437936
d:401:4.8522892370783666e-09,1.1674376747098876,1.1674377184777036,2.334875388335302
d:402:-3.966803774346772e-09,1.1674376711459047,1.167437714881217,2.3348753899939254
d:403:1.9216024327306513e-09,1.1674376714749108,1.1674376960871875,2.334875365640496
d:404:-8.417622154865967e-09,1.1674377048274778,1.1674376794086072,2.334875392653707
d:405:-1.0203855538293283e-09,1.1674377007443617,1.1674376714205685,2.334875373185316
d:406:-3.055649955285844e-09,1.1674377018190647,1.1674376798327906,2.334875384707505
d:407:-1.922906278650771e-10,1.1674376456749442,1.1674377174933959,2.3348753633606307
d:408:4.194312452909799e-09,1.167437673337684,1.167437709012578,2.3348753781559495
d:409:1.1146354950142268e-09,1.1674376338048482,1.1674377137487184,2.334875346438931
d:410:-2.922000419403048e-09,1.167437647570214,1.1674377063108778,2.334875356803092
d:411:-1.6002630331968248e-09,1.167437680042088,1.167437694796849,2.3348753764392
d:412:-3.590589159330193e-09,1.167437720518894,1.1674376541949378,2.334875378304421
d:413:-5.9905715943386895e-09,1.1674377018190647,1.1674376716428227,2.334875379452459
d:414:8.907075965680633e-09,1.167437647570214,1.1674377158265266,2.3348753544896645
d:415:7.091713882800832e-10,1.1674376972089426,1.167437672262853,2.3348753687626242
d:416:1.5086101257111295e-09,1.1674377154908768,1.1674376656867622,2.334875379669029
d:417:-8.233413950620161e-09,1.1674377073453286,1.1674376720039383,2.334875387582681
d:418:1.1204114969132206e-08,1.1674376252051708,1.1674376916639346,2.3348753056649905
d:419:4.4924775011168094e-10,1.1674377204172401,1.1674376501229062,2.3348753700908986
d:420:-2.1609629641261563e-09,1.1674376497294894,1.1674377080628346,2.334875359953287
d:421:-1.3989094327371276e-09,1.1674377210821412,1.1674376660153776,2.334875388496428
d:422:-5.387509105503341e-09,1.1674376886092652,1.1674376912036877,2.334875385200462
d:423:-1.5906209682725603e-09,1.1674376802686481,1.167437708851299,2.334875390710568
d:424:-1.8522356981520716e-09,1.1674376456749442,1.1674377004131848,2.3348753479403648
d:425:-2.075129401646336e-09,1.1674377204186221,1.1674376484242401,2.3348753709179917
d:426:1.0082267465350014e-08,1.1674376875956263,1.1674376901900452,2.334875367703404
d:427:7.956856507007615e-09,1.1674377298443268,1.167437655899782,2.3348753777872524
d:428:-1.0083720525244644e-08,1.1674377154908768,1.1674376639867141,2.3348753895613115
d:429:-1.4764651723453426e-09,1.1674376512337012,1.1674377025393454,2.334875355249512
d:430:6.688363640705575e-09,1.1674376525734047,1.16743771040192,2.334875356286961
d:431:1.952101769120418e-08,1.16743768406414,1.1674376866260587,2.334875351169181
d:432:-9.91558835039541e-10,1.167437638317466,1.167437694315936,2.334875333624961
d:433:4.851425927654418e-09,1.1674377201563928,1.1674376499270664,2.3348753652320333
d:434:1.2384415271071703e-08,1.1674377310545125,1.1674376490726175,2.3348753677427148
d:435:6.774030225642491e-10,1.167437738999574,1.1674376475020232,2.334875385824194
d:436:2.0649849830078892e-08,1.167437723697489,1.1674376580729202,2.3348753611205595
d:437:-6.4805441013504606e-09,1.1674377018190647,1.167437672935094,2.3348753812347027
d:438:-4.839506573262042e-10,1.167437650578627,1.1674376977518506,2.3348753488144283
d:439:-3.841773121848746e-09,1.1674376790284455,1.1674376880477908,2.3348753709180095
d:440:-6.345349135017386e-09,1.1674376773597395,1.1674376997671452,2.334875383472234
d:441:-1.3247358765511308e-10,1.167437721134764,1.1674376456752853,2.334875366942523
d:442:-1.7530261686715676e-09,1.1674377420729947,1.1674376452477873,2.334875389073808
d:443:-1.1433982649577956e-09,1.1674376446612982,1.1674377031147714,2.334875348919468
d:444:-4.70531347218639e-09,1.167437721591444,1.1674376478645172,2.3348753741612747
d:445:5.851269690992922e-09,1.1674377287981876,1.1674376578459622,2.33487538079288
d:446:5.699359206801091e-09,1.1674377206103088,1.167437646818378,2.3348753617293276
d:447:2.4988366931211203e-10,1.167437712793081,1.1674376476638848,2.334875360207082
d:448:6.706279975787766e-10,1.1674376497294894,1.1674377065154111,2.3348753555742725
d:449:-4.775444040205912e-09,1.1674376797780859,1.1674376986878912,2.334875383241421
d:450:9.948664114745043e-11,1.1674376802686481,1.1674376992109607,2.3348753793801222
d:451:7.68062236033984e-09,1.167437647570214,1.1674376876832362,2.334875327572828
d:452:8.672884632687783e-11,1.1674377073492614,1.167437662335015,2.3348753695975475
d:453:-1.545320316154175e-09,1.1674377213306038,1.1674376441385732,2.3348753670144973
d:454:9.597201255928667e-09,1.1674376962317403,1.1674376615477904,2.3348753481823294
d:455:2.547402289110323e-09,1.1674377194713692,1.1674376405467761,2.334875357470743
d:456:1.1698528368242478e-08,1.167437699240157,1.1674376593910587,2.3348753469326873
d:457:-5.436149308479798e-10,1.167437724188055,1.1674376585634896,2.3348753832951594
