                   a     685808
                   z     680344
                   y     672896
                   x     670034
                   w     665717
                   v     662377
                   t     659922
                   u     659826
                   s     656777
                   r     654862
                   q     653615
                   p     652100
                   o     650804
                   n     650152
                   l     648068
                   m     647554
                   k     645795
                   i     643911
                   j     642897
                   h     642875
                   g     597145
                   f     578381
                   e     562343
                   d     552563
                   c     548106
                   b     515128