                   w     745853
                   v     690542
                   t     672771
                   s     656880
                   o     653892
                   m     643154
                   n     641632
                   j     634634
                   l     634347
                   i     629772
                   h     628229
                   e     624765
                   g     623518
                   f     622352
                   c     621377
                   b     620364
                   d     619121
                   z     618236
                   x     616965
                   a     615490
                   u     615400
                   y     615076
                   r     614732
                   q     614457
                   k     613280
                   p     613161