                   sp    17005207
                   e   10662065
                   t    6942626
                   a    6606515
                   n    6592507
                   i    6538325
                   o    6537082
                   r    5511467
                   s    5378579
                   h    3671291
                   l    3324093
                   d    2834157
                   c    2768769
                   u    2154957
                   m    2125026
                   f    1936788
                   p    1642650
                   g    1633052
                   w    1271406
                   b    1230825
                   y    1218372
                   v    1006543
                   k     486208
                   z     373513
                   x     295633
                   j     165443
                   q      86901