                   sp   2551843
                   e    1153462
                   t     813038
                   a     785458
                   n     767363
                   o     677803
                   i     672653
                   r     611782
                   s     588784
                   h     459158
                   d     378886
                   l     371882
                   u     318163
                   c     279507
                   m     220556
                   f     203706
                   g     177496
                   p     173514
                   w     155216
                   y     140977
                   k     135664
                   b     125384
                   ,     124587
                   .     102203
                   v      93301
                   <      81590
                   >      81586
                   @      56668
                   cr     44836
                   1      42787
                   T      40697
                   0      39308
                   =      35977
                   A      35549
                   "      33226
                   S      33202
                   C      29136
                   2      26119
                   I      24029
                   M      23801
                   9      22494
                   '      22310
                   B      21461
                   -      21211
                   H      18368
                   x      16561
                   P      15577
                   R      15548
                   D      15028
                   F      14777
                   )      14754
                   (      14744
                   W      13751
                   N      13659
                   3      12731
                   L      12554
                   5      12518
                   8      12430
                   G      12266
                   J      11988
                   4      11101
                   O      11009
                   E      10824
                   6      10721
                   7       9893
                   j       8066
                   z       8028
                   q       7269
                   U       7142
                   K       6359
                   V       5143
                   ;       5121
                   –       4661
                   :       4401
                   Y       3285
                   —       1619
                   /       1569
                   Z       1213
                   %       1017
                   $        963
                   [        899
                   ]        899
                   é        757
                   Q        752
                   X        613
                   !        570
                   &        550
                   ’        434
                   ā        343
                   á        342
                   í        342
                   °        318
                   £        306
                   ?        272
                   +        207
                   ó        207
                   #        109
                   −         89
                   š         87
                   ‑         80
                   è         78
                   ö         78
                   ×         76
                   ü         76
                   ä         67
                   “         67
                   ”         62
                   ō         61
                   ʻ         58
                   ś         56
                   ć         55
                   ł         52
                   ç         51
                   ø         47
                   ₹         45
                   ã         43
                   µ         38
                   ư         38
                   ì         38
                   →         36
                   ﻿         36
                   …         35
                   ñ         35
                   Æ         34
                   ơ         33
                   Í         32
                   ⁄         32
                   É         29
                   ☉         28
                   ‘         27
                   *         26
                   ~         25
                   α         22
                   Ō         20
                   ë         20
                   ²         20
                   Å         20
                   ú         19
                   ′         19
                   ệ         18
                   β         17
                   ī         17
                   à         16
                   ễ         15
                   ^         15
                   ♯         15
                   ô         14
                   ¥         14
                   ă         14
                   ū         14
                   ″         14
                   Î         13
                   μ         13
                   ê         13
                   ♭         12
                   ỳ         12
                   ्         11
                   ≤         11
                   ½         10
                   ل         10
                   ṃ         10
                   †         10
                   ～         10
                   î         10
                   å         10
                   €          9
                   Ā          9
                   ė          8
                   ž          8
                   〈          8
                   ±          8
                   〉          8
                   ・          8
                   γ          7
                   û          7
                   č          7
                   ị          6
                   đ          6
                   ṭ          6
                   „          6
                   Ø          6
                   Đ          5
                   ه          5
                   ⅓          5
                   ا          5
                   â          5
                   大          5
                   ̃          5
                   ჻          5
                   ṅ          5
                   ầ          5
                   空          5
                   ớ          5
                   ხ          4
                   ấ          4
                   ჯ          4
                   ო          4
                   კ          4
                   ş          4
                   ḥ          4
                   ი          4
                   ₤          4
                   ვ          4
                   ṯ          4
                   ả          4
                   Ú          4
                   礮          4
                   ·          4
                   火          4
                   ¡          4
                   ³          4
                   ح          4
                   ص          4
                   ن          4
                   ッ          3
                   ử          3
                   戦          3
                   機          3
                   攻          3
                   動          3
                   殻          3
                   ắ          3
                   隊          3
                   場          3
                   ヴ          3
                   ų          3
                   ò          3
                   ス          3
                   ル          3
                   ń          3
                   ⅔          3
                   Ł          3
                   リ          3
                   ュ          3
                   プ          3
                   の          3
                   ァ          3
                   ア          3
                   ト          3
                   キ          3
                   წ          3
                   ṣ          3
                   о          3
                   ณ          3
                   ง          3
                   ก          3
                   Ü          3
                   я          3
                   т          3
                   с          3
                   |          3
                   к          3
                   Ż          3
                   е          3
                   §          3
                   в          3
                   а          3
                   С          3
                   ʿ          3
                   Á          3
                   Ö          3
                   ต          3
                   ม          3
                   ย          3
                   ร          3
                   κ          3
                   ძ          3
                   ც          3
                   უ          3
                   ს          3
                   რ          3
                   \          3
                   ზ          3
                   `          3
                   Þ          3
                   გ          3
                   ์          3
                   ่          3
                   ิ          3
                   า          3
                   ั          3
                   ล          3
                   დ          3
