                   sp   1614658
                   e     734776
                   t     516766
                   a     499428
                   n     485843
                   o     430153
                   i     427621
                   r     391718
                   s     371241
                   h     287068
                   d     239956
                   l     238330
                   u     202328
                   c     179436
                   m     141838
                   f     130618
                   g     111661
                   p     111589
                   w     101876
                   y      89922
                   k      86088
                   ,      79972
                   b      79684
                   .      63336
                   v      58476
                   <      50862
                   >      50859
                   @      36224
                   cr     28592
                   1      27866
                   T      25095
                   0      24198
                   =      22920
                   S      22568
                   A      22393
                   "      19516
                   C      17686
                   2      16100
                   I      15652
                   9      15520
                   M      14831
                   '      14260
                   B      13977
                   -      13833
                   R      11937
                   H      11653
                   x      10906
                   P      10500
                   D      10328
                   F       9491
                   L       9226
                   W       8876
                   )       8635
                   (       8629
                   G       8138
                   N       8061
                   5       7969
                   3       7920
                   8       7858
                   E       7607
                   4       7532
                   J       7376
                   7       6813
                   6       6746
                   O       6023
                   j       5491
                   z       5395
                   q       5111
                   K       4391
                   U       4251
                   V       3059
                   ;       2993
                   :       2902
                   –       2791
                   Y       1924
                   —       1155
                   /        986
                   $        859
                   Z        589
                   [        515
                   ]        515
                   Q        493
                   %        474
                   ’        436
                   &        424
                   é        367
                   X        315
                   !        249
                   £        202
                   ?        195
                   ł        160
                   °        155
                   +        135
                   ”        100
                   ð         98
                   “         95
                   ü         91
                   ó         85
                   á         83
                   ₹         69
                   ø         68
                   è         64
                   ö         62
                   #         54
                   −         52
                   §         46
                   ×         44
                   ä         43
                   ñ         41
                   ʿ         39
                   *         37
                   ú         36
                   ç         34
                   ū         34
                   í         33
                   ō         32
                   ć         31
                   Ó         31
                   …         29
                   ⁄         26
                   č         25
                   ń         24
                   ‘         21
                   ²         17
                   γ         17
                   É         16
                   α         16
                   ~         16
                   _         15
                   ý         15
                   â         15
                   ½         15
                   å         13
                   ¡         12
                   à         12
                   Ż         11
                   µ         11
                   Î         11
                   æ         10
                   ż         10
                   ±          9
                   θ          9
                   Í          8
                   ′          8
                   ♭          7
                   ß          7
                   β          7
                   С          6
                   ž          6
                   Б          6
                   ś          6
                   ę          6
                   ï          6
                   û          5
                   ο          5
                   Ş          5
                   ë          5
                   ã          5
                   ι          5
                   أ          5
                   →          5
                   λ          5
                   ″          4
                   フ          4
                   κ          4
                   а          4
                   ν          4
                   с          4
                   م          4
                   е          4
                   ς          4
                   و          4
                   ب          4
                   ô          4
                   Ō          4
                   ィ          4
                   š          4
                   デ          4
                   ァ          4
                   Ţ          3
                   у          3
                   р          3
                   Р          3
                   ‑          3
                   œ          3
                   ţ          3
                   π          3
                   ≥          3
                   ь          3
                   ́          3
                   ă          3
                   ا          3
                   л          3
                   ن          2
                   イ          2
                   ナ          2
                   シ          2
                   ア          2
                   ف          2
                   ي          2
                   ル          2
                   ジ          2
                   ∞          2
                   タ          2
                   №          2
                   Μ          2
                   ̪          2
                   Κ          2
                   Ł          2
                   đ          2
                   Č          2
                   ą          2
                   ā          2
                   ン          2
                   î          2
                   ê          2
                   ŷ          2
                   ə          2
                   ʾ          2
                   Δ          2
                   ー          2
                   ή          2
                   μ          2
                   и          2
                   ύ          2
                   ό          2
                   χ          2
                   η          2
                   ş          1
                   σ          1
                   Β          1
                   ù          1
                   ε          1
                   ί          1
                   Ч          1
                   ح          1
                   ē          1
                   ı          1
                   м          1
                   د          1
