                   sp   2537062
                   e    1196267
                   t     826632
                   a     817560
                   n     721489
                   i     705552
                   o     704339
                   r     637728
                   s     611769
                   h     462379
                   l     396580
                   d     391843
                   c     297111
                   u     260341
                   m     229678
                   f     206740
                   g     186925
                   p     183335
                   w     159166
                   y     146136
                   b     133520
                   ,     126324
                   .     101472
                   v      97920
                   k      71089
                   @      58773
                   cr     44505
                   1      44180
                   T      42229
                   0      41301
                   S      40017
                   =      36865
                   A      36776
                   "      33735
                   C      32520
                   2      27766
                   M      27619
                   B      25837
                   I      24902
                   9      23447
                   '      22794
                   -      22395
                   H      20387
                   P      20332
                   D      18252
                   x      18097
                   R      17603
                   F      16002
                   N      15227
                   )      14686
                   (      14670
                   L      14662
                   W      14573
                   G      14085
                   8      13360
                   5      12944
                   3      12826
                   J      12667
                   E      12457
                   4      11753
                   O      11419
                   <      11005
                   >      11000
                   7      10586
                   6      10570
                   z       9535
                   j       8936
                   K       8458
                   U       8028
                   q       7990
                   V       6049
                   ;       4746
                   –       4728
                   :       4624
                   Y       3578
                   /       1966
                   —       1494
                   Z       1478
                   $       1174
                   %       1010
                   Q        934
                   é        905
                   X        898
                   [        890
                   ]        889
                   &        644
                   ö        469
                   ’        439
                   !        397
                   ?        330
                   °        317
                   +        304
                   ć        284
                   £        253
                   á        240
                   ü        234
                   í        188
                   š        170
                   ó        158
                   ō        135
                   −        127
                   ×        119
                   #        113
                   è         89
                   č         88
                   ”         75
                   “         73
                   ā         67
                   ç         62
                   Á         57
                   ã         57
                   ñ         56
                   ¥         50
                   ú         47
                   ′         47
                   *         47
                   ⁄         46
                   æ         44
                   →         44
                   }         44
                   {         44
                   …         43
                   ä         43
                   ī         42
                   É         41
                   Š         39
                   ô         37
                   ₹         36
                   Ż         34
                   ł         33
                   å         33
                   ±         33
                   ū         32
                   â         31
                   ž         28
                   à         28
                   ø         27
                   ‘         26
                   ⊗         25
                   ♯         25
                   Đ         24
                   ë         24
                   ệ         23
                   ʻ         23
                   ṣ         23
                   ·         21
                   ð         21
                   ~         20
                   ê         19
                   α         18
                   ²         18
                   μ         18
                   ą         17
                   đ         17
                   Ö         16
                   β         15
                   ò         15
                   ş         15
                   µ         15
                   ß         13
                   ″         13
                   Î         12
                   Ä         12
                   ½         12
                   Č         12
                   ế         12
                   ・         11
                   ☉         11
                   Δ         11
                   €         10
                   ‑         10
                   ì          9
                   Ω          9
                   þ          9
                   λ          9
                   _          8
                   Å          8
                   |          8
                   ś          8
                   ả          7
                   ï          7
                   ្          7
                   ē          7
                   π          7
                   Ž          7
                   Ō          7
                   ¼          7
                   ∈          7
                   ∞          7
                   ※          6
                   î          6
                   ↑          6
                   ń          5
                   ⅓          5
                   ♭          5
                   ^          5
                   ⅜          5
                   ₱          4
                   ∗          4
                   ¾          4
                   ↦          4
                   ˚          4
                   ≤          4
                   Ó          4
                   ə          4
                   υ          4
                   ě          4
                   Ç          3
                   ς          3
                   δ          3
                   γ          3
                   生          3
                   旦          3
                   净          3
                   丑          3
                   ứ          3
                   ο          3
                   ¢          3
                   ¡          3
                   ż          3
                   ≈          3
                   ơ          3
                   Ś          3
                   ‐          3
                   ⋅          3
                   ₫          3
                   ل          3
                   ρ          3
                   ་          3
                   ͡          3
                   」          2
                   「          2
                   ド          2
                   オ          2
                   ッ          2
                   ₤          2
                   ☆          2
                   ℓ          2
                   ⅛          2
                   ン          2
                   •          2
                   ∘          2
                   §          2
                   ễ          2
                   ，          2
                   Ć          2
                   ع          2
                   Æ          2
                   ត          2
                   φ          2
                   σ          2
                   ι          2
                   η          2
                   ε          2
                   ˈ          2
                   រ          2
                   ǫ          2
                   ŵ          2
                   ي          2
                   ă          2
                   ầ          2
                   ậ          2
                   ÿ          2
                   ị          2
                   ジ          1
                   ハ          1
                   ナ          1
                   ﬁ          1
                   ト          1
                   ツ          1
                   ್          1
                   ダ          1
                   サ          1
                   火          1
                   ゴ          1
                   ケ          1
                   ﻿          1
                   グ          1
                   ク          1
                   キ          1
                   （          1
                   ्          1
                   版          1
                   水          1
                   ạ          1
                   作          1
                   ះ          1
                   戦          1
                   場          1
                   土          1
                   名          1
                   号          1
                   劇          1
                   ោ          1
                   椎          1
                   ブ          1
                   ー          1
                   ウ          1
                   氣          1
                   ន          1
                   ル          1
                   リ          1
                   ラ          1
                   ム          1
                   ម          1
                   »          1
                   ی          1
                   Ł          1
                   Ț          1
                   ș          1
                   ư          1
                   ũ          1
                   ţ          1
                   Ţ          1
                   ）          1
                   œ          1
                   ň          1
                   ọ          1
                   ك          1
                   ​          1
                   õ          1
                   ụ          1
                   «          1
                   ỳ          1
                   ừ          1
                   Ú          1
                   ´          1
                   Í          1
                   ₂          1
                   ɔ          1
                   ɪ          1
                   ̃          1
                   ر          1
                   ب          1
                   ا          1
                   ⊂          1
                   ע          1
                   ≡          1
                   מ          1
                   ב          1
                   ώ          1
                   ύ          1
                   \          1
                   χ          1
                   ν          1
                   ⇌          1
                   ά          1
                   Σ          1
                   Π          1
                   ̺          1
                   ̪          1
                   צ          1
