data: dataset/foma/
d:1:0.039301252556700916,1.248056469388139,1.2480564757905341,2.4568116926219723
d:2:0.03487052904750243,1.2480564706197335,1.2480564705710009,2.461242412143232
d:3:0.03007154985334992,1.2480564695176781,1.2480564669668794,2.4660413866312076
d:4:0.025515925510866566,1.2480564679293629,1.2480564687655438,2.47059701118404
d:5:0.021530932364193234,1.2480564668273075,1.2480564651614223,2.4745819996245366
d:6:0.018231975126173694,1.2480564679293629,1.2480564603257065,2.4778809531288957
d:7:0.0155873937068165,1.248056466908107,1.2480564593531902,2.4805255325544806
d:8:0.013492396436060261,1.2480564676047123,1.2480564583319342,2.4826205295005863
d:9:0.011869775079819789,1.2480564663410476,1.2480564586886516,2.4842431499498794
d:10:0.01065740741969634,1.2480564664218505,1.2480564605360485,2.4854555195382027
d:11:0.009718994401339387,1.2480564676047123,1.2480564558298681,2.486393929033241
d:12:0.009041295856029308,1.2480564682525745,1.2480564531394975,2.4870716255360428
d:13:0.00850202045445414,1.2480564669889134,1.2480564534962113,2.4876109000306705
d:14:0.008080743660013212,1.2480564683654478,1.2480564474120648,2.4880321721174994
d:15:0.007723746034407952,1.2480564684462472,1.2480564475416003,2.4883891699534395
d:16:0.007400323432456446,1.248056470293644,1.248056449291525,2.4887125961527126
d:17:0.007088064474014999,1.2480564688517042,1.248056449616179,2.489024853993868
d:18:0.006784791942816781,1.2480564682525745,1.2480564523065532,2.489328128616311
d:19:0.006477857213209148,1.2480564683654478,1.248056450847777,2.4896350620000156
d:20:0.006169108324595385,1.2480564688517042,1.248056454721013,2.4899438152481217
d:21:0.005879698272099887,1.2480564683654478,1.248056454234753,2.490233224328101
d:22:0.005348266153763603,1.2480564705039896,1.2480564528888465,2.4907646572390725
d:23:0.005019351372030911,1.248056467879188,1.248056455368875,2.491093571876032
d:24:0.004689306387497538,1.248056470293644,1.2480564543963588,2.4914236183025054
d:25:0.004364881215423111,1.248056474052575,1.2480564563886922,2.491748049225844
d:26:0.004068528816159045,1.248056467879188,1.2480564570379968,2.4920443961010257
d:27:0.00378545561138921,1.24805647241552,1.2480564564694987,2.4923274732736296
d:28:0.003532975517789083,1.2480564716381153,1.248056455692094,2.49257995181242
d:29:0.003274731121120311,1.2480564722539143,1.2480564563078929,2.492838197440687
d:30:0.0030548718751219894,1.248056474052575,1.248056456437432,2.493058058614885
d:31:0.0028453110091639644,1.2480564735175754,1.248056457571554,2.4932676200799655
d:32:0.002657291418536545,1.2480564723820073,1.2480564614920837,2.4934556424555545
d:33:0.00247964343067153,1.2480564705039896,1.2480564612831841,2.493633288356502
d:34:0.00231266243365269,1.248056472220405,1.248056461233002,2.4938002710197544
d:35:0.0021672298835540005,1.2480564715237996,1.2480564623517303,2.493945703991976
d:36:0.0020256662971043227,1.2480564727553976,1.248056461865474,2.494087268323767
d:37:0.0018904458257154033,1.2480564714430002,1.2480564606505453,2.49422248626783
d:38:0.0017679113229682741,1.2480564723820073,1.248056463209938,2.494345024268977
d:39:0.0016469991273240225,1.2480564722539143,1.2480564648484354,2.4944659379750256
d:40:0.0015366169726114265,1.2480564723820073,1.2480564649277994,2.4945763203371953
d:41:0.0014345291205941635,1.2480564736290027,1.2480564663210032,2.4946784108294118
d:42:0.001334234611896079,1.2480564746989948,1.2480564656243978,2.4947787057114965
d:43:0.0012430430879213361,1.2480564729490737,1.248056467212713,2.4948698970738654
d:44:0.0011510703629156183,1.2480564717341416,1.248056466046524,2.49496186741775
d:45:0.001065390770882857,1.248056474811861,1.2480564675038615,2.4950475515448396
d:46:0.0009815275788938038,1.248056474811861,1.2480564675038615,2.4951314147368286
d:47:0.0009041628837849203,1.2480564754597303,1.248056469869585,2.4952087824455305
d:48:0.0008318899488912734,1.2480564765938595,1.248056471101183,2.4952810577461513
d:49:0.0007639876715828109,1.2480564715237996,1.2480564709410125,2.4953489547932293
d:50:0.0007001096526231265,1.2480564633064368,1.2480564760429687,2.4954128296967824
d:51:0.0006399142897954846,1.24805646852597,1.2480564748601068,2.4954730290962814
d:52:0.0005833865694029328,1.2480564765938595,1.248056471101183,2.4955295611256396
d:53:0.0005288967215300033,1.2480564721395986,1.248056466774802,2.4955840421928706
d:54:0.00048047828388320113,1.248056474811861,1.2480564662550364,2.495632462783014
d:55:0.0004306390803989757,1.248056469074534,1.2480564704987813,2.4956823004929163
d:56:0.0003876076769167014,1.248056464489295,1.2480564708234354,2.495725327635814
d:57:0.00034820157119952455,1.248056476674659,1.248056466448709,2.4957647415521684
d:58:0.00031290880453127556,1.2480564741639988,1.248056465558431,2.4958000309178985
d:59:0.0002782568764096993,1.2480564673733454,1.2480564678671833,2.495834678364119
d:60:0.0002475809315320987,1.248056469074534,1.2480564697145802,2.495865357857582
d:61:0.0002192489598087377,1.248056464489295,1.248056466603515,2.4958936821330013
d:62:0.00019111147135220108,1.248056471440254,1.248056466142522,2.4959218261114238
d:63:0.00016805295048172297,1.2480564726231194,1.248056465607533,2.4959448852801707
d:64:0.00014701456112931055,1.2480564835125492,1.2480564619699024,2.4959659309213222
d:65:0.00012869639921575526,1.2480564781165668,1.2480564575075732,2.4959842392249243
d:66:0.00011202042098190645,1.248056469074534,1.248056457103555,2.496000905757107
d:67:9.720740273166939e-05,1.2480564775007714,1.248056458609632,2.496015728707672
d:68:8.363698979962919e-05,1.24805646852597,1.2480564565853953,2.4960292881215658
d:69:7.421155224562881e-05,1.248056474811861,1.2480564578671682,2.4960387211267836
d:70:6.420090860714822e-05,1.2480564811955617,1.2480564604890922,2.4960487407760468
d:71:5.665348772510015e-05,1.2480564732672548,1.2480564618822996,2.4960562816618292
d:72:5.155698817915777e-05,1.2480564835125492,1.248056462903552,2.496061389427922
d:73:4.784240239175119e-05,1.2480564732389183,1.2480564612191998,2.4960650920557264
d:74:4.4718352988581955e-05,1.2480564703801669,1.2480564577528597,2.496068209780038
d:75:4.311422346603422e-05,1.2480564781165668,1.2480564659506435,2.4960698298437443
d:76:4.349565196193339e-05,1.248056467004826,1.2480564648471493,2.4960694362000133
d:77:4.490802244205838e-05,1.2480564777767178,1.248056462598612,2.4960680323528877
d:78:4.724498948505129e-05,1.2480564765938595,1.2480564630361357,2.49606569464051
d:79:5.16152976679507e-05,1.2480564647180756,1.2480564689140579,2.4960613183344655
d:80:5.662576323572921e-05,1.248056462968151,1.2480564671641368,2.496056304369052
d:81:6.107893491247296e-05,1.2480564694495193,1.2480564701610568,2.4960518606756636
d:82:6.831364910908633e-05,1.2480564688824565,1.248056469593994,2.4960446248273414
d:83:7.423563542729994e-05,1.2480564641510128,1.2480564683469986,2.496038696862584
d:84:8.194225130608856e-05,1.2480564677483308,1.2480564718468408,2.4960309973438655
d:85:8.804859718480884e-05,1.248056472056053,1.2480564665666094,2.4960248900254776
d:86:9.498222937764922e-05,1.248056471440254,1.2480564676686718,2.496017956879548
d:87:0.00010154879299406616,1.2480564835125492,1.2480564711029452,2.4960114058225003
d:88:0.00010670272322244045,1.248056469074534,1.2480564670695422,2.4960062334208537
d:89:0.00011020614642021087,1.2480564673918444,1.2480564753040966,2.4960027365495208
d:90:0.00011133930586737506,1.2480564748942342,1.2480564755082995,2.4960016110966663
d:91:0.00011192285334615804,1.24805646358395,1.2480564728360335,2.4960010135666373
d:92:0.00011021689229906428,1.2480564787323658,1.2480564698072136,2.4960027316472804
d:93:0.00010590656494002815,1.248056478540292,1.2480564773877632,2.496007049363115
d:94:0.00010035782519679515,1.248056479674414,1.248056478619354,2.496012600468571
d:95:9.600235408768754e-05,1.2480564719127152,1.248056476157437,2.4960169457160646
d:96:8.96623538544361e-05,1.2480564835125492,1.2480564746848657,2.4960232958435604
d:97:8.476126896894698e-05,1.2480564828967502,1.2480564740690667,2.496028195696848
d:98:8.201883811054245e-05,1.2480564677483308,1.2480564770978866,2.496030926008107
d:99:8.206733437887692e-05,1.2480564711439364,1.2480564766938649,2.4960308805034224
d:100:8.536955240145971e-05,1.248056462968151,1.2480564808095096,2.496027574225259
d:101:9.576421194168461e-05,1.248056473095577,1.2480564791068893,2.4960171879905246
d:102:8.903756734568447e-05,1.2480564928320987,1.248056476465777,2.49602393173053
d:103:7.145511845862984e-05,1.2480564719127152,1.248056481262271,2.4960414980565275
d:104:5.972662312103694e-05,1.2480564869177933,1.2480564857165248,2.496053246011197
d:105:5.1678698095969366e-05,1.2480564928320987,1.2480564807344372,2.49606129486844
d:106:4.681666453976163e-05,1.248056471440254,1.2480564796936626,2.496066134469377
d:107:4.573258544127157e-05,1.2480564694495193,1.2480564839039054,2.4960672207679835
d:108:4.561079035880766e-05,1.2480564835125492,1.2480564797409635,2.496067352463154
d:109:4.6707121910571914e-05,1.2480564799639637,1.2480564796280902,2.4960662524701434
d:110:4.73397836806555e-05,1.2480565047581855,1.2480564817457847,2.4960656467202895
d:111:4.885825068257077e-05,1.2480564817626245,1.2480564797088967,2.4960641032208386
d:112:5.002663089470616e-05,1.2480565012096037,1.2480564783921508,2.49606295297086
d:113:4.887601860659174e-05,1.2480564768849725,1.248056485089645,2.496064085956011
d:114:4.7426062842248484e-05,1.248056467004826,1.2480564834511512,2.496065524393135
d:115:4.4815803491360384e-05,1.24805648980184,1.2480564904646378,2.4960681644629865
d:116:4.1324829485489545e-05,1.2480564835125492,1.2480564831279395,2.496071641811003
d:117:3.740830239351567e-05,1.2480564781165668,1.2480564861750274,2.4960755559892007
d:118:3.388984363184022e-05,1.248056472479778,1.2480564902236715,2.4960790728598177
d:119:2.9285750201779592e-05,1.2480564928320987,1.2480564933486917,2.4960837004305887
d:120:2.488375733378234e-05,1.2480565105750188,1.2480564876600937,2.4960881144777787
d:121:2.1059012457413928e-05,1.2480564916005044,1.248056492214566,2.496091924802613
d:122:1.679404308774224e-05,1.248056507075173,1.2480564842577166,2.496096197289802
d:123:1.369626631131382e-05,1.2480564782187322,1.248056494757261,2.496099276709682
d:124:1.0629985322196944e-05,1.2480564901331554,1.248056492391541,2.496102352539374
d:125:8.43411392992266e-06,1.2480564697738288,1.2480564996349166,2.4961045352948155
d:126:6.554009349457601e-06,1.2480564782187322,1.248056494757261,2.4961064189666438
d:127:5.1832382403915744e-06,1.2480565082580348,1.2480564853918459,2.4961078104116403
d:128:3.88755929137119e-06,1.2480564701945163,1.2480565068295562,2.496109089464781
d:129:3.013688690600702e-06,1.2480564928320987,1.2480564968818726,2.4961099760252807
d:130:2.5174139288708375e-06,1.2480564869177933,1.248056496072401,2.4961104655762654
d:131:2.002381794596886e-06,1.2480564737113724,1.2480564947935058,2.4961109661230836
d:132:1.5436863485263075e-06,1.2480564782187322,1.248056494757261,2.4961114292896447
d:133:1.255967806201852e-06,1.2480564719127152,1.2480564946639703,2.4961117106088793
d:134:9.947567924939449e-07,1.248056471167036,1.2480565043663603,2.496111980776604
d:135:8.413505732107751e-07,1.2480565017766665,1.2480565022445198,2.496112162670613
d:136:7.703443181128478e-07,1.248056472479778,1.2480564969001477,2.4961121990356077
d:137:6.249205952713055e-07,1.2480564717110028,1.2480565038877103,2.4961123506781178
d:138:5.912821556819381e-07,1.2480565035753237,1.2480564976407855,2.4961124099339536
d:139:4.559231285838905e-07,1.2480565017766665,1.2480564976087187,2.4961125434622566
d:140:3.0703820996791364e-07,1.2480564697236538,1.248056505256077,2.496112667941521
d:141:2.5272186832125954e-07,1.248056469237401,1.2480565047210845,2.496112721236617
d:142:2.3056097830931321e-07,1.2480564721047749,1.2480564951236452,2.496112736667442
d:143:2.189938612673359e-07,1.2480564782187322,1.2480564834449765,2.4961127426698475
d:144:1.6317783035901812e-07,1.2480564726397745,1.24805650066277,2.496112810124714
d:145:1.597338297187889e-07,1.2480564697738288,1.248056479785319,2.496112789825318
d:146:1.593227274554465e-07,1.2480564869177933,1.2480564846171482,2.496112812212214
d:147:1.861846783413057e-07,1.2480564677483308,1.2480564842466322,2.4961127658102846
d:148:2.2760237428087748e-07,1.2480564782187322,1.2480564856761873,2.4961127362925453
d:149:3.4485758604319017e-07,1.2480564689629219,1.2480564855534162,2.496112609658752
d:150:3.955698097968252e-07,1.2480564928320987,1.2480564905314537,2.4961125877937427
d:151:5.261638342801689e-07,1.248056507690972,1.2480564917936796,2.4961124733208173
d:152:6.126677618567555e-07,1.2480565059410438,1.2480564900437514,2.4961123833170333
d:153:6.513489445580944e-07,1.2480564703408916,1.248056486754777,2.496112305746724
d:154:8.213597126882632e-07,1.2480564782187322,1.248056496572591,2.4961121534316106
d:155:8.832409932324481e-07,1.2480564687650926,1.2480564874698068,2.496112072993906
d:156:9.542764516368152e-07,1.2480564782187322,1.2480564965238514,2.496112020466132
d:157:1.1050590700278917e-06,1.2480565017766665,1.2480564925071178,2.4961118892247143
d:158:1.2177801096413532e-06,1.2480565075866963,1.248056495763116,2.4961117855697026
d:159:1.2899501236063315e-06,1.248056473095577,1.2480564910193088,2.496111674164762
d:160:1.322441327999968e-06,1.2480565105750188,1.2480564945802541,2.496111682713945
d:161:1.4225221782737663e-06,1.248056476077096,1.2480564923317132,2.496111545886631
d:162:1.6325464677890977e-06,1.2480564782187322,1.2480564982417128,2.4961113439139773
d:163:1.5231022381101411e-06,1.248056507075173,1.2480564961365062,2.496111480109441
d:164:1.6572590162411416e-06,1.2480564782187322,1.2480564982417128,2.496111319201429
d:165:1.669141418858544e-06,1.2480564709385824,1.2480564942542962,2.4961112960514598
d:166:1.8491486706295746e-06,1.2480564660091495,1.248056489897838,2.496111106758317
d:167:1.8229212521703175e-06,1.2480565017766665,1.2480564991836012,2.4961111780390155
d:168:1.8267873684862934e-06,1.2480564648515546,1.2480564946780213,2.4961111327422074
d:169:1.839246799306693e-06,1.2480564869177933,1.248056494485656,2.49611114215665
d:170:1.7124841669158286e-06,1.2480564928320987,1.2480564969155168,2.4961112772634486
d:171:1.728020418312326e-06,1.2480564689629219,1.2480565053542776,2.496111246296781
d:172:1.612526382643864e-06,1.248056470597266,1.248056500735668,2.4961113588065516
d:173:1.559811032336711e-06,1.2480564964781564,1.248056498843713,2.496111435510837
d:174:1.5487142839276657e-06,1.2480564702070325,1.248056513990825,2.4961114354835736
d:175:1.5439445206766322e-06,1.2480564928320987,1.2480565004487012,2.4961114493362793
d:176:1.5197929386090436e-06,1.2480564916005044,1.2480564992658358,2.4961114710734016
d:177:1.2703974796579587e-06,1.2480564710835225,1.2480564931991438,2.4961116938851866
d:178:1.16974494801525e-06,1.2480564703715231,1.2480564896135284,2.4961117902401035
d:179:1.2294216062969099e-06,1.2480564624825519,1.2480564940788526,2.496111727139798
d:180:1.0526388898313144e-06,1.2480564624825519,1.2480564940788526,2.4961119039225146
d:181:9.072364548501355e-07,1.2480564693321554,1.2480564947892567,2.4961120568849573
d:182:7.96110168010955e-07,1.2480564782187322,1.2480564876713665,2.4961121697799307
d:183:6.316474561174346e-07,1.248056507075173,1.2480564871378093,2.496112362565526
d:184:5.855501576945699e-07,1.2480564696720435,1.2480564961115306,2.4961123802334164
d:185:4.91089977572301e-07,1.2480564958623575,1.2480564826989458,2.4961124874713256
d:186:3.706884328380511e-07,1.2480564628545068,1.248056495384457,2.496112587550531
d:187:3.7437841982068676e-07,1.248056466624945,1.2480564997409118,2.496112591987437
d:188:2.546476558507038e-07,1.2480564652202268,1.2480564976527049,2.496112708225276
d:189:3.0852693555516453e-07,1.2480564782187322,1.248056489291745,2.4961126589835416
d:190:3.454735519881069e-07,1.2480564689629219,1.2480564898253093,2.496112613314679
d:191:3.3033936475135306e-07,1.2480564658360258,1.2480564965506495,2.4961126320473106
d:192:3.423653893719347e-07,1.2480564648515546,1.248056500420855,2.4961126229070203
d:193:4.490182305971757e-07,1.2480564696247463,1.2480564854830085,2.496112506089524
d:194:5.524713024840366e-07,1.2480565105750188,1.2480564871532032,2.4961124452569194
d:195:5.958561963836928e-07,1.248056467240744,1.24805649682353,2.4961123682080775
d:196:8.157462012547967e-07,1.248056464848279,1.2480564853532279,2.4961121344553057
d:197:7.660173473311715e-07,1.24805646546735,1.2480564994162648,2.4961121988662676
d:198:9.101308506842543e-07,1.2480564782187322,1.2480564876226268,2.4961120557105083
d:199:9.892391297228187e-07,1.2480564707741024,1.2480564867602375,2.49611196829521
d:200:1.1160652775288327e-06,1.2480564624825519,1.2480564812209138,2.496111827638188
d:201:1.2010603249734686e-06,1.248056461895942,1.2480565063534286,2.4961117671890456
d:202:1.2214094979867696e-06,1.2480564702586499,1.2480564911210408,2.4961117399701926
d:203:1.3655764483644361e-06,1.248056505373988,1.2480564804596597,2.4961116202571993
d:204:1.320033256035913e-06,1.2480564682301,1.2480564826445892,2.4961116308414333
d:205:1.3095397228823913e-06,1.2480564646044314,1.2480564793969542,2.4961116344616627
d:206:1.237588733715711e-06,1.2480564702586499,1.2480564838856978,2.496111716555614
d:207:1.0092504858505436e-06,1.2480564712130615,1.248056482338047,2.4961119443006226
d:208:9.983505613320176e-07,1.2480564668856289,1.2480564805159133,2.496111949050981
d:209:9.425351095160295e-07,1.248056468282556,1.2480564764018283,2.4961120021492746
d:210:9.236276952151456e-07,1.2480564533788296,1.2480564978882818,2.496112027639416
d:211:7.603943892320331e-07,1.2480564707268016,1.2480564750810643,2.4961121854134767
d:212:6.269711292361535e-07,1.2480564648515546,1.2480564692881906,2.496112307168616
d:213:5.901185318180069e-07,1.2480564571377535,1.2480564966918166,2.4961123637110383
d:214:4.355930798283225e-07,1.2480564702586499,1.248056472062114,2.496112506727684
d:215:3.61870920784213e-07,1.2480564546424944,1.2480564907608453,2.496112583532419
d:216:2.221396790957897e-07,1.2480564624825519,1.2480564820570912,2.496112722399964
d:217:2.2684268685679854e-07,1.2480564524315731,1.248056494536435,2.4961127201253213
d:218:1.751726479426452e-07,1.2480564618834258,1.2480564779735097,2.4961127646842876
d:219:1.1816631229066843e-07,1.248056469092461,1.2480564691293274,2.496112820055476
d:220:8.481121582804008e-08,1.2480564591457508,1.2480564665978164,2.4961128409323514
d:221:7.291032133593944e-08,1.2480564702586499,1.2480564686751343,2.496112866023463
d:222:4.88411799892674e-08,1.2480564782187322,1.2480564634101334,2.4961128927876857
d:223:2.2606240435152358e-08,1.248056452998636,1.2480564916677857,2.496112922060181
d:224:3.088221944835823e-08,1.2480564648515546,1.2480564609913252,2.4961128949606604
d:225:2.3193791776066064e-08,1.2480564624825519,1.2480564751856633,2.4961129144744234
d:226:1.2885909228543824e-08,1.2480564973413948,1.2480564683046218,2.4961129527601074
d:227:2.9552865044024657e-08,1.248056454935078,1.2480564756901842,2.4961129010723972
d:228:5.924299983917081e-08,1.248056468282556,1.2480564642034508,2.496112873243007
d:229:4.127793928887513e-08,1.2480564635846108,1.2480564711341522,2.4961128934408237
d:230:2.7227574861399262e-08,1.2480564696720435,1.2480564714755076,2.4961129139199763
d:231:5.516925583037846e-08,1.2480564782187322,1.2480564667483698,2.496112889797846
d:232:7.493991205365091e-08,1.2480564652202268,1.2480564813103108,2.4961128715906256
d:233:6.963811216564864e-08,1.2480564500337508,1.2480564983915734,2.496112878787212
d:234:8.16792358193652e-08,1.2480564782187322,1.2480564666508975,2.496112863190394
d:235:7.276432256730914e-08,1.2480564590270546,1.248056505520804,2.496112891783536
d:236:5.287789761609929e-08,1.2480564554700742,1.2480564692075404,2.496112871799717
d:237:7.486806197221085e-08,1.2480564685699846,1.2480564720425704,2.496112865744493
d:238:7.072024388321552e-08,1.248056445918099,1.2480564907427372,2.4961128659405922
d:239:7.029255044699312e-08,1.2480564684556725,1.2480564750715573,2.4961128732346793
d:240:8.235221926611302e-08,1.248056465087572,1.2480565079506682,2.496112890686021
d:241:6.855579925968414e-08,1.2480564553390927,1.2480564776171157,2.496112864400409
d:242:7.837163451540619e-08,1.2480564470522282,1.2480564901590085,2.496112858839602
d:243:9.595946437457314e-08,1.2480564672728107,1.2480564739861641,2.4961128452995105
d:244:9.238200959771348e-08,1.2480564618834258,1.248056464230654,2.49611283373207
d:245:7.947203073399578e-08,1.2480564683596391,1.248056471880961,2.4961128607685694
d:246:5.760658794429219e-08,1.248056475782068,1.2480564791429494,2.4961128973184294
d:247:8.967288778194415e-08,1.2480564530640095,1.2480564961220502,2.496112859513172
d:248:9.173121640060344e-08,1.2480564746479423,1.2480564921915018,2.4961128751082278
d:249:5.5333536863599875e-08,1.2480564549030078,1.2480564651072896,2.4961128646767605
d:250:5.904840350012819e-08,1.2480564828792389,1.2480564713459081,2.4961128951767435
d:251:8.274077956116344e-08,1.2480564600360289,1.248056474723434,2.4961128520186833
d:252:8.137956797327206e-08,1.2480564793306534,1.2480564809249444,2.49611287887603
d:253:8.292841613410928e-08,1.248056467990402,1.248056472790946,2.496112857852932
d:254:6.892513582101856e-08,1.2480564710993534,1.2480565120983833,2.496112914272601
d:255:4.259382890836605e-08,1.2480564560942717,1.2480564955703848,2.4961129090708276
d:256:6.653765538544576e-08,1.2480564652842858,1.2480564718307292,2.4961128705773596
d:257:2.7913969802284555e-08,1.2480564781965278,1.2480565031975495,2.4961129534801074
d:258:4.1570913822397415e-08,1.2480564578441893,1.248056493982066,2.4961129102553414
d:259:3.77882258817408e-08,1.2480564834950414,1.2480564799357552,2.4961129256425707
d:260:3.1209570039436585e-08,1.2480564530640095,1.2480564892506223,2.4961129111050617
d:261:1.369118152183546e-08,1.248056453023544,1.2480564864611772,2.4961129257935397
d:262:2.4653463270851717e-08,1.2480564410891795,1.2480564772757958,2.496112893711512
d:263:1.0048481158264622e-08,1.248056462430938,1.2480564834796546,2.4961129358621115
d:264:2.7132465163504094e-08,1.248056468282556,1.2480564737730795,2.4961129149231702
d:265:1.8507645194176803e-08,1.2480564740321434,1.24805650835469,2.496112963879188
d:266:2.986757863254752e-08,1.2480564693000886,1.248056470859872,2.496112910292382
d:267:2.156080114446013e-08,1.2480564542468713,1.2480564869490323,2.4961129196351024
d:268:5.717961215623291e-09,1.2480564701132053,1.248056473175204,2.496112937570448
d:269:2.7767026011815688e-08,1.2480564640373686,1.2480564719020784,2.496112908172421
d:270:6.938833507774689e-09,1.2480564624825519,1.2480564762850435,2.496112931828762
d:271:-3.892690614293315e-09,1.248056461560214,1.2480564737423165,2.4961129391952213
d:272:4.8989470258220535e-09,1.248056445918099,1.2480564751845478,2.4961129162036997
d:273:1.5663680130728608e-08,1.2480564698880237,1.2480564815393045,2.496112935763648
d:274:1.0098698766114467e-08,1.2480564564411516,1.248056475647374,2.496112921989827
d:275:2.0700785086091855e-08,1.2480564841126025,1.2480564754420165,2.496112938853834
d:276:2.0547801682369027e-08,1.2480564793306534,1.2480565086458348,2.4961129674286866
d:277:1.8736088236437354e-09,1.248056461702273,1.2480564724438423,2.4961129322725064
d:278:1.321394194064851e-08,1.248056464848279,1.2480564786995068,2.496112930333844
d:279:5.878003861425896e-09,1.2480564829784768,1.248056475977009,2.496112953077482
d:280:1.072615418706846e-08,1.2480564841126025,1.2480564754907526,2.496112948877201
d:281:4.229495331742328e-08,1.2480564846779032,1.2480565058728317,2.4961129482557816
d:282:1.5419274745909206e-08,1.2480564865270658,1.248056465565032,2.496112936672823
d:283:2.137562660209369e-08,1.2480564742540885,1.2480564628345157,2.4961129157129776
d:284:2.1242957615186242e-08,1.2480564571377535,1.2480564623866464,2.4961128982814422
d:285:2.0125057176301198e-08,1.2480564812285557,1.2480564569802475,2.496112918083746
d:286:2.920276287454726e-08,1.2480564712960636,1.2480564651340096,2.4961129072273103
d:287:4.877995962715431e-08,1.2480564718631335,1.2480564657498086,2.4961128888329824
d:288:5.0714856314471035e-08,1.2480564571377535,1.2480564674395112,2.4961128738624083
d:289:4.1321943200500755e-08,1.2480564659168323,1.248056455701768,2.496112880296657
d:290:2.7476325215047837e-08,1.2480564781495609,1.2480564464925266,2.4961128971657622
d:291:4.356142468964208e-08,1.2480564671316827,1.248056487860815,2.496112911431073
d:292:2.4869020620599258e-08,1.2480564722334861,1.2480564647706345,2.4961129121351
d:293:5.440774586418229e-08,1.2480564671280447,1.2480564490396375,2.4961128617599364
d:294:3.407112458830852e-08,1.2480564542468713,1.248056446735287,2.4961128669110337
d:295:1.4589996766289914e-08,1.2480564665158838,1.2480564872450124,2.4961129391708994
d:296:1.4848922091914574e-08,1.248056462430938,1.248056450549992,2.496112898132008
d:297:1.8295786219368892e-08,1.2480564775337584,1.2480564589556131,2.4961129181935853
d:298:2.8893794024043018e-08,1.2480564889902652,1.248056450315591,2.4961129104120623
d:299:1.0265164718248343e-08,1.2480564609931548,1.2480564497989306,2.4961129005269207
d:300:4.430043887282409e-08,1.2480564624825519,1.2480564565393806,2.4961128747214936
d:301:1.0396306038273906e-09,1.2480564834950414,1.248056475885985,2.4961129583413957
d:302:1.7119404560617113e-08,1.2480564660784346,1.2480564583686728,2.496112907327703
d:303:5.7501772232626536e-09,1.248056465087572,1.2480564573323107,2.4961129166697056
d:304:1.3612698523957079e-08,1.248056468282556,1.2480564572345507,2.496112911904408
d:305:1.7258187767765776e-08,1.248056475354705,1.248056455401045,2.496112913497562
d:306:1.5091135452394155e-08,1.248056454935078,1.248056454561361,2.4961128944053037
d:307:1.2934066262459964e-08,1.2480564667057514,1.2480564534784975,2.4961129072501826
d:308:1.0326598243182161e-08,1.2480564841126025,1.2480564654857211,2.4961129392717254
d:309:8.122913897068429e-09,1.2480564664838951,1.2480564605894635,2.4961129189504447
d:310:1.8893597797386974e-08,1.2480564736354083,1.2480564572149433,2.4961129119567538
d:311:1.5793307994727e-08,1.2480564835455432,1.2480564791988158,2.496112946951051
d:312:7.310170246910275e-09,1.248056453104347,1.2480564662265792,2.496112912020756
d:313:9.546980095365143e-09,1.2480564664838951,1.2480564622585817,2.4961129191954967
d:314:8.878124901912088e-09,1.2480564670996905,1.248056462874377,2.4961129210959427
d:315:-5.6949005511341966e-09,1.2480564702736956,1.2480564598397486,2.4961129358083447
d:316:-4.578286194600878e-09,1.248056462430938,1.2480564667461778,2.496112933755402
d:317:-4.1661962768557714e-09,1.2480564746984477,1.2480564955737812,2.496112974438425
d:318:1.8250350564130713e-08,1.2480564648515546,1.248056462569437,2.496112909170641
d:319:4.6126977792937396e-09,1.2480564621953647,1.2480564639553933,2.49611292153806
d:320:-1.583146058692364e-09,1.248056462430938,1.2480564666974416,2.4961129307115257
d:321:1.800547266839203e-09,1.2480564722334861,1.2480564643807455,2.4961129348136843
d:322:8.220034430905798e-09,1.2480564793306534,1.2480564715753886,2.4961129426860076
d:323:-3.0283366925232258e-09,1.2480564626943398,1.2480564633789086,2.496112929101585
d:324:2.1032775521234726e-10,1.2480564794415585,1.248056474851147,2.4961129540823777
d:325:-6.3358882584907406e-09,1.2480564530640095,1.2480564753647876,2.4961129347646853
d:326:5.461338048462494e-09,1.2480564841126025,1.2480565048904673,2.4961129835417317
d:327:-3.9188030598324985e-09,1.2480564560942717,1.2480564783463102,2.496112938359385
d:328:-3.7182523726642103e-09,1.2480564527309568,1.2480564726271481,2.4961129290763573
d:329:-3.551910765509092e-09,1.2480564577048874,1.2480564662388858,2.496112927495684
d:330:3.769024203847948e-09,1.2480564470522282,1.2480564693042666,2.4961129125874706
d:331:-1.0836345154530136e-08,1.248056464977818,1.24805646904937,2.4961129448635333
d:332:-2.440927460156672e-10,1.2480564589364853,1.2480564674217405,2.4961129266023185
d:333:2.265274190449418e-09,1.2480564749019507,1.2480564801983896,2.496112952835066
d:334:-1.673221561304672e-10,1.2480564628043282,1.2480564753676973,2.4961129383393477
d:335:-8.943413121187405e-09,1.2480564615612906,1.248056471569459,2.496112942074163
d:336:-3.6353675625377946e-09,1.248056461075027,1.248056468532397,2.4961129332427916
d:337:-3.978932738846197e-10,1.2480564587261433,1.2480564738878819,2.4961129330119185
d:338:5.721290108340327e-11,1.2480564712960636,1.2480564917815151,2.496112963020366
d:339:-6.189182499838353e-11,1.2480564749019507,1.2480565027721795,2.496112977736022
d:340:-2.0209540707583074e-09,1.2480564659168323,1.2480564748982736,2.49611294283606
d:341:-4.619028715069362e-09,1.2480564711196216,1.2480564852026674,2.4961129609413177
d:342:7.797794410180359e-09,1.2480564790161637,1.2480564762410822,2.4961129474594514
d:343:-9.50608480820847e-09,1.2480564841126025,1.2480565049392034,2.4961129985578907
d:344:6.538638075426206e-09,1.2480564640427616,1.2480564790095485,2.496112936513672
d:345:-5.905068434230998e-09,1.248056452998636,1.2480564837912311,2.4961129426949356
d:346:7.388933909169282e-11,1.2480564852954679,1.248056506073329,2.4961129912949076
d:347:1.2751826261592214e-09,1.2480564766183733,1.248056480471039,2.4961129558142297
d:348:-1.6043628647821606e-09,1.2480564722334861,1.2480564942418404,2.4961129680796894
d:349:8.315868882391442e-09,1.2480564769649334,1.2480564829752794,2.496112951624344
d:350:-2.4996147374167776e-09,1.2480564841126025,1.2480565047442553,2.4961129913564726
d:351:-2.948979727079859e-09,1.2480564754842476,1.2480564906979374,2.4961129691311648
d:352:5.971887873101878e-09,1.2480564841126025,1.2480565046955228,2.4961129828362374
d:353:-2.2649899733551138e-09,1.2480564355669763,1.2480564774249672,2.4961129152569335
d:354:-6.144382780348678e-10,1.2480564636693785,1.2480564853613885,2.4961129496452052
d:355:1.2115155101355413e-08,1.2480564636373117,1.2480564869984399,2.4961129385205965
d:356:7.182840988662065e-09,1.2480564640427616,1.2480564858322474,2.496112942692168
d:357:-6.414303754809225e-09,1.2480564883744663,1.2480565088599072,2.496113003648677
d:358:5.6871378717460175e-09,1.248056437365637,1.2480564726750174,2.4961129043535166
d:359:5.7521205576449574e-09,1.2480564621770895,1.2480564789896142,2.4961129354145832
d:360:-3.749295984789569e-09,1.2480564385484954,1.2480564738578792,2.4961129161556705
d:361:1.3560992329075816e-09,1.248056441704982,1.2480564843731266,2.4961129247220093
d:362:8.090268011073931e-09,1.2480564722334861,1.2480564876444973,2.4961129517877154
d:363:-2.313765179451366e-09,1.2480564470522282,1.2480564820647402,2.4961129314307335
d:364:-3.205169463171842e-09,1.248056476325786,1.2480564877885811,2.4961129673195366
d:365:-4.305888978706207e-11,1.2480564871428648,1.2480564971034553,2.496112984289379
d:366:1.9720509669696185e-09,1.248056475354705,1.2480565178766447,2.4961129912592988
d:367:-6.192166779328545e-09,1.2480564595522843,1.2480564825007683,2.4961129482452193
d:368:3.1204230310777348e-09,1.248056460425719,1.2480564817050954,2.4961129390103913
d:369:-7.70730679278131e-09,1.2480564742024711,1.2480564908675795,2.4961129727773574
d:370:1.4838512640835688e-09,1.248056462430938,1.2480564796864861,2.496112940633573
d:371:1.1932698384953255e-08,1.2480564371404483,1.2480564787319999,2.49611290393975
d:372:-4.020233035362253e-09,1.2480564467075972,1.248056477302029,2.4961129280298593
d:373:-2.1394086502368737e-09,1.2480564476680271,1.2480564862137271,2.496112936021163
d:374:4.400593667241992e-09,1.2480564780367196,1.2480564962422172,2.496112969878343
d:375:-3.306784179812894e-09,1.2480564828792389,1.2480564909270342,2.4961129771130572
d:376:-3.5544154286526464e-09,1.248056442114283,1.2480564785977606,2.496112924266459
d:377:-5.845123496328597e-09,1.2480564524315731,1.2480564845293713,2.496112942806068
d:378:2.917904140531391e-09,1.2480564702736956,1.2480564910612593,2.4961129584170507
d:379:4.199328884624265e-09,1.2480564671316827,1.2480564839864705,2.4961129469188243
d:380:2.936854315294113e-09,1.2480564530640095,1.2480564830204237,2.496112933147579
d:381:-2.3860593501012772e-09,1.2480564467075972,1.2480564754866954,2.496112924580352
d:382:6.625786141967183e-09,1.2480564889902652,1.2480564886437122,2.4961129710081913
d:383:8.273023155425108e-09,1.248056464609828,1.2480564809792938,2.4961129373160986
d:384:-2.5692266092391947e-09,1.2480564652842858,1.248056493080977,2.4961129609344894
d:385:1.3762026185304421e-08,1.2480564841126025,1.2480564820481952,2.4961129523987715
d:386:8.745384860731065e-09,1.2480564592428571,1.2480564803760217,2.496112930873494
d:387:6.292495413617871e-09,1.2480564578441893,1.2480564843161517,2.4961129358678456
d:388:1.2747833011417242e-08,1.248056473262018,1.2480565161067858,2.496112976620971
d:389:1.9459459821291603e-08,1.2480564437982764,1.248056463575434,2.4961128879142507
d:390:2.770079277070181e-09,1.2480564385484954,1.2480564705683754,2.4961129063467915
d:391:8.921471561507133e-09,1.2480564781495609,1.2480564727469066,2.496112941974996
d:392:4.51617054864073e-09,1.2480564841126025,1.248056468087622,2.496112947684054
d:393:7.479535213406052e-09,1.2480564551610733,1.2480564691043945,2.4961129167859326
d:394:1.7268938279357826e-08,1.2480564688816074,1.2480564768286904,2.4961129284413595
d:395:8.933646711284382e-09,1.2480564318439527,1.2480564586798586,2.4961128815901645
d:396:6.395378449042255e-09,1.2480564636693785,1.2480564750347085,2.4961129323087086
d:397:6.246182238101028e-09,1.2480564469245152,1.248056465748487,2.49611290642682
d:398:-4.077236326338607e-10,1.248056474999661,1.2480564670733756,2.49611294248076
d:399:-1.4615970655995625e-09,1.248056441704982,1.2480564669800884,2.4961129101466675
d:400:1.2556647277506272e-08,1.2480564841126025,1.2480564621498438,2.496112933705799
d:401:-3.654790248219797e-09,1.2480564553390927,1.2480564666568696,2.4961129256507526
d:402:8.449337229876619e-09,1.2480564371424698,1.2480564622117782,2.496112890904911
d:403:-2.7500917099132494e-09,1.2480564524315731,1.2480564678717982,2.496112923053463
d:404:3.3250984188271104e-09,1.248056465087572,1.2480564732328432,2.496112934995317
d:405:-2.3311308439133427e-09,1.2480564740321434,1.2480564768776325,2.4961129532409068
d:406:5.215490261889499e-09,1.2480564524315731,1.24805646954092,2.496112916757003
d:407:1.6304454675264424e-08,1.2480564583206863,1.2480564814673478,2.4961129234835795
d:408:1.1038515879135957e-08,1.2480564385484954,1.248056472045782,2.4961128995557615
d:409:1.9216351176964963e-08,1.248056487184801,1.2480564691008098,2.4961129370692596
d:410:2.413184674310287e-08,1.2480564736382895,1.2480564738809932,2.496112923387436
d:411:1.2285514827681254e-08,1.2480564551610733,1.2480564782374408,2.4961129211129993
d:412:1.0278597528667888e-08,1.2480564675020318,1.248056478888067,2.4961129361115013
d:413:5.313708584253618e-09,1.2480564371404483,1.2480564778319838,2.4961129096587236
d:414:2.2291594348189392e-08,1.2480564793306534,1.2480564821761426,2.4961129392152017
d:415:9.403770206972695e-09,1.2480564589364853,1.2480565088768643,2.4961129584095794
d:416:3.2398368432495772e-09,1.2480564385484954,1.248056475432758,2.4961129107414166
d:417:9.321688310137688e-09,1.248056463507769,1.2480565109396125,2.4961129651256933
d:418:8.58282334093019e-10,1.2480564359596045,1.2480564780125576,2.4961129131138797
d:419:1.335527954893223e-08,1.2480564472425897,1.2480564767116604,2.4961129105989706
d:420:-8.457767819436413e-10,1.2480564290191651,1.2480564642916825,2.4961128941566244
d:421:8.437506693326213e-09,1.2480564632974271,1.2480565073910306,2.496112962250951
d:422:5.585409468267244e-09,1.2480564828792389,1.2480564857734642,2.4961129630672936
d:423:-1.5603411895881436e-09,1.2480564325190215,1.2480564678402715,2.496112901919634
d:424:1.5256080843073505e-08,1.2480564336693618,1.248056478130131,2.496112896543412
d:425:5.272788428101194e-09,1.2480564626816317,1.248056506726492,2.4961129641353352
d:426:-3.0600588729612355e-09,1.2480564214356953,1.2480564716479385,2.4961128961436927
d:427:5.096705280038805e-09,1.2480564718631335,1.2480564795665359,2.496112946332964
d:428:1.5369437278422993e-08,1.2480564722334861,1.2480564887243553,2.496112945588404
d:429:4.120810359609095e-09,1.24805645974579,1.2480564945275674,2.496112950152547
d:430:-6.025562271361196e-09,1.2480564640427616,1.2480565097567506,2.4961129798250745
d:431:-1.3535412790588452e-09,1.2480564342364282,1.2480564847811877,2.496112920371157
d:432:-1.6732251140183507e-09,1.2480564794415585,1.248056501668799,2.4961129827835826
d:433:7.17518489068425e-09,1.2480564644717695,1.2480564878340772,2.496112945130662
d:434:5.580940154459313e-09,1.2480564273012718,1.2480564718194138,2.4961128935397454
d:435:-1.2721841358143138e-09,1.2480564290191651,1.2480564729784511,2.4961129032698004
d:436:-2.5197763875439705e-09,1.2480564299965557,1.2480564824541283,2.4961129149704604
d:437:-3.968104067553213e-09,1.248056460425719,1.2480565030093516,2.4961129674031746
d:438:3.556664296411327e-09,1.2480564722334861,1.2480564922575432,2.496112960934365
d:439:1.0025555496895322e-08,1.2480564778012315,1.2480564901176834,2.4961129578933594
d:440:1.0054215238142206e-09,1.2480564841126025,1.248056492059689,2.49611297516687
d:441:5.882711207050306e-09,1.2480564346906213,1.2480564919606003,2.4961129207685104
d:442:2.4568471701513772e-09,1.2480564385484954,1.2480564944266668,2.496112930518315
d:443:1.2467250343206615e-08,1.2480564220514978,1.2480564774660543,2.4961128870503018
d:444:8.356515479590598e-10,1.2480564600035926,1.2480565035208784,2.4961129626888194
d:445:-3.5820733046421083e-09,1.2480564640427616,1.2480565097567506,2.4961129773815856
d:446:1.772700386482029e-08,1.2480564577048874,1.2480565205487224,2.496112960526606
d:447:5.591900276158412e-10,1.2480564367985743,1.2480564960637217,2.496112932303106
d:448:2.9725661931934155e-09,1.248056425313841,1.248056492519428,2.496112914860703
d:449:1.211783029475555e-08,1.2480564209340699,1.2480564940709726,2.496112902887212
d:450:-1.073637179160869e-09,1.2480564364711384,1.2480564913332977,2.4961129288780732
d:451:-8.815419505481259e-10,1.2480564515569483,1.2480565076365266,2.496112960075017
d:452:4.41946568230378e-09,1.24805646020992,1.2480565006533197,2.496112956443774
d:453:3.270955062362191e-09,1.2480564706802681,1.2480565052996582,2.4961129727089713
d:454:-9.729212990805536e-10,1.2480564273012718,1.2480564861028078,2.496112914377001
d:455:-9.967457970105897e-10,1.2480564698880237,1.2480565033073212,2.4961129741920907
d:456:7.3133250566570496e-09,1.2480564290191651,1.2480565006818942,2.4961129223877343
d:457:1.1433737512334119e-08,1.2480564297157386,1.2480564868481494,2.4961129051301505
d:458:5.6604605447319045e-09,1.2480564733136355,1.248056508668494,2.496112976321669
d:459:-3.454271535474618e-09,1.248056430282798,1.2480564891330737,2.496112922870143
d:460:2.0161081693004235e-09,1.248056431019645,1.2480565044858274,2.496112933489364
d:461:9.772271880592598e-10,1.2480564485297236,1.2480564981029616,2.496112945655458
d:462:1.1974364610978228e-08,1.2480564349511738,1.2480565078129722,2.4961129307897814
d:463:1.795115522895685e-08,1.24805645974579,1.2480565278710785,2.496112969665713
d:464:3.893099176366377e-10,1.248056478417034,1.2480565143383977,2.496112992366122
d:465:7.514199040770109e-09,1.248056435531101,1.2480564858180614,2.4961129138349634
d:466:-4.077627124843275e-10,1.248056460425719,1.2480565261464207,2.4961129869799024
d:467:-2.98967250955684e-09,1.2480564246980457,1.2480564957108982,2.4961129233986163
d:468:4.173898560111411e-09,1.2480564385484954,1.2480565055212516,2.4961129398958484
d:469:-1.9301182874187361e-10,1.2480564351089782,1.2480564863295882,2.4961129216315783
d:470:4.464816072413669e-09,1.2480564346227148,1.2480564875124571,2.496112917670356
d:471:6.511697847599862e-10,1.2480564600035926,1.2480565308291318,2.4961129901815546
d:472:-6.7737921938260115e-09,1.2480564636693785,1.248056502148021,2.4961129725911917
d:473:-1.235335389537795e-09,1.248056433863038,1.2480565008325648,2.496112935930938
d:474:-3.9896796977245685e-09,1.2480564829784768,1.2480565038322453,2.496112990800402
d:475:3.1225475538576575e-09,1.2480564334077862,1.248056482813066,2.4961129130983046
d:476:-2.0427890490282152e-09,1.2480564318850362,1.2480564762342112,2.4961129101620365
d:477:2.1442403408400423e-10,1.2480564740321434,1.2480564986021747,2.496112972419894
d:478:4.702759071051332e-09,1.2480564841477388,1.248056506423712,2.4961129858686917
d:479:-1.971223184682458e-09,1.2480564577048874,1.248056503054972,2.4961129627310825
d:480:7.084814512836601e-09,1.2480564385484954,1.2480565399186432,2.496112971382324
d:481:4.011205589904421e-09,1.248056446164,1.248056508129384,2.4961129502821784
d:482:7.676202784523412e-09,1.2480564615612906,1.248056508483021,2.496112962368109
d:483:1.4132538694866525e-08,1.2480564793306534,1.248056497224205,2.4961129624223197
d:484:2.889553485374563e-09,1.2480564610735847,1.2480565199228622,2.4961129781068934
d:485:7.379725275313831e-09,1.2480564414812818,1.2480565394644536,2.49611297356601
d:486:5.200124775228687e-09,1.2480564794415585,1.24805650431707,2.4961129785585037
d:487:3.2587479381618323e-09,1.2480564443486983,1.2480565277333042,2.4961129688232546
d:488:-6.625445081454018e-09,1.248056475354705,1.248056495128619,2.496112977108769
d:489:-2.9383784294623183e-09,1.2480564403471597,1.2480565382815918,2.49611298156713
d:490:1.2760562384528384e-08,1.2480564841126025,1.2480565016281275,2.4961129729801677
d:491:-1.875058330824686e-09,1.2480564805436174,1.248056503701271,2.4961129861199467
d:492:-7.497078513551969e-10,1.2480564467075972,1.248056506118946,2.496112953576251
d:493:-2.9506814769320044e-09,1.2480564781495609,1.248056499052062,2.4961129801523043
d:494:-6.444704325758721e-09,1.2480564255064586,1.2480564804292378,2.4961129123804007
d:495:-6.732793877972654e-09,1.248056432548136,1.2480564750332448,2.4961129143141747
d:496:-7.48347872558952e-09,1.2480564479808542,1.24805650324479,2.496112958709123
d:497:7.347580321948044e-10,1.2480564841477388,1.248056501513826,2.496112984926807
d:498:4.508393658397836e-11,1.2480564589364853,1.2480564939306866,2.496112952822088
d:499:-4.786901541820043e-09,1.248056444414079,1.2480565357207603,2.4961129849217407
d:500:-8.101096682366915e-09,1.2480564336693618,1.2480564990185066,2.496112940788965
d:501:-1.0688591345342502e-08,1.2480564420483446,1.2480565299193174,2.4961129826562534
d:502:-5.413092196704383e-09,1.2480564760513104,1.2480564996248482,2.496112981089251
d:503:1.0197513944376624e-08,1.248056430282798,1.2480564893280182,2.496112909413302
d:504:-6.354603954150662e-09,1.2480564288834266,1.2480565041671348,2.4961129394051653
d:505:-4.343412740581698e-09,1.248056443865206,1.2480564904911056,2.4961129386997243
d:506:-2.695372813832364e-09,1.248056431019645,1.2480564922918518,2.4961129260068695
d:507:-3.884586874391971e-09,1.248056432032726,1.2480564876909632,2.496112923608276
d:508:-2.9806166423895775e-09,1.2480564467075972,1.2480565303554059,2.4961129800436197
d:509:7.928591116979078e-11,1.2480564279170778,1.2480564834778392,2.496112911315631
d:510:6.06763705945923e-09,1.2480564385484954,1.2480565143944666,2.496112946875325
d:511:-1.184314868396541e-09,1.248056425313841,1.2480564912218632,2.496112917720019
d:512:5.4868110055394936e-11,1.2480564260955447,1.2480564879807652,2.4961129140214418
d:513:-4.857096058685784e-09,1.2480564255064586,1.2480564650172425,2.496112895380797
d:514:7.358561759929216e-09,1.2480564184010632,1.2480565020758903,2.4961129131183917
d:515:8.648967764202098e-09,1.248056459939459,1.2480564964078447,2.496112947698336
d:516:9.044736515306795e-09,1.2480564432981431,1.2480564829063923,2.496112917159799
d:517:8.843709764505547e-09,1.2480564325190215,1.2480564923029434,2.496112915978255
d:518:5.0900830217415205e-09,1.2480564344301008,1.2480565044637935,2.4961129338038113
d:519:8.350667712875293e-09,1.2480564473468654,1.2480565232903018,2.4961129622864995
d:520:9.239649045866827e-10,1.2480564385484954,1.2480565142969908,2.4961129519215213
d:521:1.265688354123995e-08,1.2480564479528233,1.2480565046878809,2.4961129399838207
d:522:1.1359730933691026e-09,1.2480564608646816,1.248056512074598,2.4961129718033064
d:523:1.619156364540686e-09,1.2480564749019507,1.2480565026954125,2.496112975978207
d:524:3.946560411804967e-09,1.248056431566983,1.2480564691649612,2.496112896785384
d:525:-1.1334932992212998e-10,1.2480564473468654,1.2480565214749717,2.4961129689351864
d:526:5.506887390538395e-09,1.2480564331166413,1.248056489971738,2.496112917581492
d:527:-1.3063328196949442e-11,1.2480564479808542,1.2480564825330056,2.496112930526923
d:528:5.334975128334918e-09,1.2480564265057232,1.2480564936192415,2.4961129147899896
d:529:-2.788702602174453e-10,1.2480564602488862,1.248056502966989,2.4961129634947454
d:530:2.6188935464688257e-09,1.2480564336693618,1.2480565296086326,2.496112960659101
d:531:2.615942307215846e-08,1.2480564636693785,1.2480564928395488,2.496112930349504
d:532:6.342492753219631e-09,1.2480564290191651,1.248056495333369,2.4961129180100414
d:533:-2.3907062995931483e-09,1.24805642592964,1.2480565031499538,2.4961129314703
d:534:4.266894393367693e-09,1.248056450395321,1.2480564780760304,2.496112924204457
d:535:-6.267992347375184e-09,1.248056431188438,1.2480564899076079,2.496112927364038
d:536:6.761855075865242e-09,1.2480564219796797,1.2480564917382608,2.4961129069560855
d:537:2.290363454449107e-09,1.248056424481316,1.2480564846746631,2.4961129068656156
d:538:-1.674109739724372e-09,1.2480564265057232,1.2480564851274174,2.4961129133072504
d:539:-2.7351632070349297e-10,1.2480564841126025,1.248056491174772,2.496112975560891
d:540:5.416598725105359e-09,1.2480564245133863,1.248056484755466,2.4961129038522536
d:541:6.276223984968965e-10,1.2480564260863822,1.2480564922543742,2.496112917713134
d:542:1.1754153206311457e-10,1.2480564378495664,1.2480564833468577,2.4961129210788826
d:543:3.6225991095761856e-09,1.2480564232114837,1.24805649463595,2.4961129142248346
d:544:-2.7689637249750376e-09,1.2480564385484954,1.2480564937801688,2.496112935097628
d:545:1.4620482602367701e-10,1.2480564241772427,1.248056478010458,2.496112902041496
d:546:-2.5087310007165797e-09,1.2480564336426205,1.2480565007507316,2.496112936902083
d:547:5.345196285588827e-09,1.2480564795511597,1.2480564955633042,2.4961129697692677
d:548:-6.609852221117762e-09,1.2480564385666923,1.2480564802047454,2.49611292538129
d:549:2.6647306583527097e-09,1.2480564246980457,1.2480565297367434,2.4961129517700584
d:550:7.622638520388136e-09,1.2480564155428837,1.2480565073899648,2.49611291531021
d:551:6.752713943569688e-10,1.2480564290191651,1.2480564953821052,2.496112923725999
d:552:-7.75813191467023e-09,1.2480564174754072,1.248056503790874,2.496112929024413
d:553:-4.134136588618276e-09,1.2480564621953647,1.2480564997262498,2.496112966055751
d:554:3.436834816739065e-09,1.2480564615612906,1.248056485998191,2.496112944122647
d:555:9.212424600946179e-09,1.2480564749019507,1.2480564845116895,2.4961129502012156
d:556:6.075932645899229e-09,1.248056431188438,1.2480564818360769,2.496112906948582
d:557:-2.9622242436744273e-09,1.2480564147167392,1.24805649171833,2.4961129093972936
d:558:-7.005290569850331e-09,1.2480564174710835,1.2480564977621889,2.496112922238563
d:559:-3.475459919854984e-09,1.2480564335206559,1.2480564824991731,2.496112919495289
d:560:-3.7832315058494714e-09,1.2480564164498311,1.2480565001279125,2.496112920360975
d:561:-5.627637023053467e-09,1.2480564214767504,1.2480564946190817,2.496112921723469
d:562:-4.200160219625104e-09,1.2480564312281572,1.2480565231392262,2.4961129585675437
d:563:5.588812967971535e-09,1.2480564274086845,1.2480564884794845,2.496112910299356
d:564:5.4126942927723576e-09,1.24805641612517,1.248056503190238,2.4961129139027136
d:565:1.4562591132971647e-08,1.2480564749019507,1.248056487849933,2.4961129481892925
d:566:-1.6714807316020597e-10,1.2480564249355481,1.2480564879082756,2.496112913010972
d:567:1.9058354894241347e-09,1.2480564168671577,1.2480564949139534,2.4961129098752757
d:568:-5.841549466367724e-10,1.2480564401500054,1.2480564727309051,2.4961129134650655
d:569:4.635683836795579e-09,1.2480564191841488,1.2480564874902917,2.4961129020387567
d:570:2.092850337476193e-09,1.2480564290191651,1.248056484021074,2.4961129109473887
d:571:-3.077662569239692e-09,1.24805642377855,1.2480564700503614,2.496112896906574
d:572:2.0574901782310917e-09,1.2480564197512116,1.2480564927906386,2.49611291048436
d:573:4.490377847332638e-09,1.2480564330535628,1.248056493679261,2.496112922242446
d:574:6.313214839792636e-09,1.2480564209340699,1.2480564897535764,2.4961129043744315
d:575:2.588969039152289e-10,1.2480564241772427,1.2480564651005253,2.496112889018871
d:576:6.8362275840172515e-09,1.2480564385484954,1.2480564945124044,2.496112926224672
d:577:-7.158977410881562e-09,1.2480564217345531,1.248056489085318,2.4961129179788486
d:578:4.885301052581781e-10,1.2480564278721857,1.2480564764304098,2.4961129038140655
d:579:9.587253657628025e-09,1.2480564337826507,1.248056479036265,2.496112903231662
d:580:6.566732935198161e-09,1.2480564290191651,1.24805647980115,2.496112902253582
d:581:9.540606527025375e-09,1.2480564209340699,1.248056511588672,2.4961129229821353
d:582:-1.7634462778914894e-09,1.2480564185683463,1.2480565201161298,2.4961129404479223
d:583:3.4769698231684742e-09,1.2480564340498717,1.2480565149150884,2.4961129454879902
d:584:2.8766891091436264e-09,1.248056425313841,1.248056497641734,2.496112920078886
d:585:7.036501159518593e-09,1.2480564385484954,1.2480564894562995,2.4961129209682937
d:586:-2.9382007937783783e-10,1.248056477185436,1.248056482575251,2.496112960054507
d:587:1.5453721857738856e-08,1.248056421438129,1.2480564683966655,2.4961128743810725
d:588:1.389054204992135e-09,1.2480564346906213,1.2480564792175954,2.4961129125191626
d:589:-5.076547182625291e-09,1.2480564479808542,1.2480564686590192,2.4961129217164206
d:590:5.3812456712876156e-09,1.2480564164498311,1.248056477450156,2.4961128885187414
d:591:-8.41583513988553e-09,1.2480564159956309,1.248056480382946,2.496112904794412
d:592:3.6222438382083055e-09,1.2480564479808542,1.2480564744993288,2.496112918857939
d:593:2.1389112703218416e-10,1.248056440744577,1.2480564760714223,2.496112916602108
d:594:9.98590365952623e-09,1.2480564325190215,1.2480564880830158,2.4961129106161337
d:595:4.47571224526655e-09,1.2480564377095327,1.2480565032634665,2.496112936497287
d:596:2.385029063134425e-09,1.2480564073086526,1.248056498319574,2.4961129032431977
d:597:1.4217317101383742e-08,1.2480564367985743,1.248056477301752,2.496112899883009
d:598:1.0607692502162536e-08,1.248056463507769,1.2480564767221978,2.4961129296222744
d:599:6.332907531714227e-09,1.2480564337324402,1.2480564754679584,2.496112902867491
d:600:7.487734876576724e-10,1.2480564291037837,1.2480564725084342,2.4961129008634444
d:601:6.293838339388458e-09,1.2480564420483446,1.2480564809798764,2.4961129167343827
d:602:4.790379648511589e-09,1.2480564334340691,1.2480565006538882,2.4961129292975777
d:603:4.781632867434382e-10,1.2480563967072804,1.2480564838730892,2.4961128801022063
d:604:-4.154991017912835e-09,1.248056460425719,1.248056481985767,2.496112946566477
d:605:3.502620415929414e-11,1.2480564233107536,1.2480564532369094,2.496112876512637
d:606:2.2105588470822113e-09,1.248056421621687,1.2480564718393445,2.4961128912504726
d:607:1.0389527460574755e-08,1.2480564338309676,1.248056476171051,2.4961128996124913
d:608:1.7180568079311342e-09,1.248056460425719,1.2480564803653813,2.4961129390730434
d:609:2.3624799894150783e-09,1.2480564290191651,1.2480565139731965,2.4961129406298816
d:610:3.6416238913261623e-09,1.2480563956372848,1.2480564845696946,2.4961128765653555
d:611:5.732008645509268e-09,1.2480564036778112,1.2480564946400037,2.4961128925858063
d:612:-4.061792679976861e-09,1.2480564385484954,1.2480564755368135,2.4961129181471016
d:613:1.306905161868599e-08,1.2480564174754072,1.2480564505144613,2.496112854920817
d:614:3.101344958622576e-09,1.2480564331151989,1.2480564748507206,2.4961129048645745
d:615:1.6070163866288567e-08,1.2480564468467321,1.248056473316467,2.496112904093035
d:616:2.5213573451310367e-08,1.2480564025757523,1.2480564933917329,2.4961128707539117
d:617:4.606906855997295e-09,1.2480564314656597,1.2480564801549932,2.496112907013746
d:618:5.923805446172992e-09,1.248056459939459,1.2480564831686287,2.4961129371842823
d:619:1.0607909217696943e-08,1.2480563944042373,1.2480564900131519,2.49611287380948
d:620:2.8745716917910613e-10,1.2480563817005148,1.2480564852802551,2.496112866693313
d:621:9.287141722325032e-09,1.2480564395549116,1.2480564870724962,2.496112917340266
d:622:1.1203344030263906e-08,1.2480564284841371,1.2480565029608748,2.496112920241668
d:623:3.757858024755478e-09,1.2480564210546206,1.2480564676903505,2.496112884987113
d:624:4.9451251982191025e-09,1.2480564385484954,1.2480564906044194,2.4961129242077895
d:625:1.283311235056317e-08,1.2480564241772427,1.2480564817581161,2.4961128931022465
d:626:1.4644996326751425e-08,1.2480564605385922,1.2480564872034776,2.4961129330970735
d:627:2.3920346592376518e-08,1.2480564230751838,1.248056482373915,2.4961128815287523
d:628:1.6267627245269978e-09,1.2480564600035926,1.2480564849993598,2.4961129433761897
d:629:-3.5644731610773306e-10,1.2480564479808542,1.2480564778375758,2.4961129261748773
d:630:2.7825883819332375e-09,1.2480563851347917,1.248056484445872,2.496112866798075
d:631:5.13223241682681e-09,1.2480564208198928,1.2480565171317295,2.49611293281939
d:632:1.2396636606126776e-08,1.248056421412823,1.2480564778346945,2.496112886850881
d:633:4.797620078988984e-10,1.2480564067917683,1.248056497180972,2.4961129034929783
d:634:2.9913092447486633e-08,1.2480564038073538,1.2480564895672295,2.496112863461491
d:635:3.438898943386448e-09,1.2480564159956309,1.248056486583934,2.496112899140666
d:636:1.1867935967302401e-08,1.2480564362009652,1.248056480903177,2.496112905236206
d:637:1.2504369095722723e-08,1.2480564371404483,1.2480564881424883,2.4961129127785675
d:638:1.62577862283797e-09,1.2480564267380565,1.248056480990389,2.496112906102667
d:639:-5.652545098655537e-10,1.2480564213638772,1.2480564643169672,2.496112886246099
d:640:-1.541529570658895e-09,1.2480564260955447,1.2480564701772217,2.496112897814296
d:641:6.701373678197342e-09,1.2480564253915745,1.2480565011942168,2.4961129198844176
d:642:-1.2944170180162473e-09,1.2480564179071685,1.2480564769914544,2.49611289619304
d:643:-1.700396268233817e-09,1.2480563922420522,1.248056475462029,2.4961128694044774
d:644:-1.7453665179800737e-09,1.2480564063863113,1.2480564836023795,2.4961128917340574
d:645:1.2640093416393938e-09,1.248056419637031,1.248056496001773,2.4961129143747947
d:646:2.6493651716918976e-09,1.2480564479808542,1.2480564647619126,2.4961129100934016
d:647:1.2579700836568009e-08,1.2480564245941892,1.2480564751963286,2.496112887210817
d:648:-2.1883259648802778e-09,1.2480563937563751,1.248056481022907,2.496112876967608
d:649:-2.7983304562440026e-10,1.248056381202737,1.2480564658664974,2.4961128473490675
d:650:1.2302969309985201e-08,1.2480564155428837,1.2480564541590518,2.496112857398966
d:651:1.0996039634392218e-09,1.2480563842329992,1.2480564620740573,2.4961128452074526
d:652:-8.456670030909663e-09,1.2480563934331634,1.2480564863905563,2.49611288828039
d:653:3.0185844934749184e-09,1.2480564220682027,1.2480564730885852,2.4961128921382034
d:654:7.755105002615892e-09,1.2480564299965557,1.2480564817556399,2.4961129039970906
d:655:2.0489245855515037e-09,1.248056418428373,1.2480564434478723,2.4961128598273206
d:656:-6.139000419125296e-09,1.2480564219796797,1.2480564556567302,2.4961128837754103
d:657:9.456709193500501e-09,1.2480564395549116,1.2480564739968436,2.496112904095046
d:658:6.448821920912451e-09,1.2480563692764086,1.2480564618135368,2.4961128246411235
d:659:-4.765716710153356e-10,1.2480564234921303,1.2480565056212818,2.4961129295899838
d:660:3.641574153334659e-09,1.248056431019645,1.2480564726481909,2.4961129000262616
d:661:2.234980200910286e-09,1.2480564334077862,1.2480564721798615,2.4961129033526674
d:662:1.780584568678023e-09,1.248056461186458,1.2480564730578365,2.49611293246371
d:663:1.3923191488629527e-09,1.2480564385484954,1.2480564776262426,2.496112914782419
d:664:1.4535537218307581e-08,1.2480564479808542,1.2480564719972627,2.4961129054425797
d:665:1.1622176998571376e-08,1.2480564290191651,1.2480564767987765,2.4961128941957647
d:666:2.7866544627386247e-08,1.2480564300543087,1.2480564820027489,2.496112884190513
d:667:8.513477922633683e-09,1.2480563930764461,1.2480564825006404,2.4961128670636086
d:668:1.458666076814552e-08,1.2480564198411308,1.2480564677711854,2.4961128730256554
d:669:1.4688030347542735e-08,1.2480564153325382,1.2480564585325453,2.496112859177053
d:670:-3.0293527686353627e-09,1.248056371494478,1.248056467662277,2.4961128421861076
d:671:9.045429294474161e-09,1.2480564210866874,1.2480564583456726,2.4961128703869306
d:672:1.0892200918988237e-08,1.2480564288834266,1.2480564704662775,2.4961128884575032
d:673:3.534868397991886e-09,1.2480564211187577,1.248056458426472,2.4961128760103612
d:674:2.2738905869346127e-08,1.2480563729378709,1.248056465474999,2.496112815673964
d:675:3.2584104303623462e-09,1.2480564232114837,1.2480564698472065,2.49611288980028
d:676:5.792006874116851e-09,1.248056432032726,1.2480564948982753,2.4961129211389945
d:677:1.4030810291387752e-08,1.2480564301532944,1.2480564744971865,2.4961128906196706
d:678:-1.4768417599952954e-09,1.2480564318850362,1.2480565048356382,2.4961129381975162
d:679:-5.648246315104188e-10,1.2480564173902806,1.248056460492812,2.496112878447917
d:680:3.749008214981586e-09,1.2480564385484954,1.248056475810909,2.496112910610396
d:681:6.0533267287610215e-09,1.248056418428373,1.2480564624613244,2.4961128748363706
d:682:1.52682986254149e-08,1.2480564273012718,1.248056486633633,2.496112898666606
d:683:-5.5294115952619904e-09,1.2480564389391127,1.24805647505017,2.496112919518694
d:684:7.214559616386396e-09,1.2480563806356706,1.2480564883411134,2.4961128617622244
d:685:8.057440936681814e-09,1.2480563842278514,1.2480564970836276,2.496112873254038
d:686:6.305004518480928e-09,1.2480563835799785,1.2480564946691644,2.4961128719441383
d:687:2.568464196883724e-08,1.2480563872566641,1.2480564844372388,2.496112846009261
d:688:1.8377495081267625e-08,1.2480563729378709,1.2480564757334278,2.4961128302938036
d:689:1.417484796206736e-08,1.2480564371404483,1.24805648169459,2.4961129046601904
d:690:3.6081786447539343e-09,1.248056431019645,1.248056487685389,2.4961129150968553
d:691:1.2069918398083246e-09,1.2480564264936298,1.248056482292796,2.496112907579434
d:692:-1.2346426103704289e-09,1.248056425857861,1.2480565088654565,2.49611293595796
d:693:6.056250612118674e-09,1.248056432548136,1.24805649122181,2.4961129177136954
d:694:1.5774165973425625e-08,1.2480564324438639,1.248056482209826,2.496112898879524
d:695:1.2229811829911341e-08,1.248056431188438,1.248056514244773,2.496112933203399
d:696:-3.188734609693711e-09,1.2480564290191651,1.2480564948785684,2.496112927086468
d:697:1.0393112148676664e-08,1.2480563708825514,1.2480564635387346,2.496112824028174
d:698:8.809696083744711e-09,1.2480564004676573,1.2480564878446891,2.4961128795026504
d:699:7.248228683920388e-09,1.248056430086379,1.2480565114735889,2.496112934311739
d:700:9.16005404860698e-09,1.2480563851347917,1.2480564944573764,2.496112870432114
d:701:1.539095251246181e-08,1.2480564388923945,1.2480564783523818,2.4961129018538237
d:702:2.4059325198777515e-08,1.2480564255064586,1.248056489795097,2.4961128912422303
d:703:5.507249767333633e-09,1.2480564479808542,1.2480564836811254,2.49611292615473
d:704:1.4328897179893829e-08,1.2480564265057232,1.2480565043597416,2.4961129165365676
d:705:7.67155938774522e-09,1.2480563767968782,1.2480564576749487,2.4961128268002675
d:706:4.607294101788284e-09,1.248056422952196,1.2480564776562204,2.4961128960011223
d:707:7.068987173397545e-09,1.248056382678186,1.2480564888119794,2.4961128644211783
d:708:1.620627898546445e-08,1.2480563741834203,1.248056478794318,2.4961128367714593
d:709:-1.927791259959122e-09,1.248056385215591,1.2480564963535166,2.496112883496899
d:710:-7.745626362520852e-09,1.2480564401500054,1.2480564884125833,2.496112936308215
d:711:7.063800211426496e-09,1.2480563852797246,1.248056499902109,2.4961128781180335
d:712:1.5063292835293396e-09,1.2480563734868184,1.2480564751310261,2.4961128471115153
d:713:4.302290079749582e-09,1.2480563817005148,1.2480564786037576,2.4961128560019823
d:714:2.345959870808656e-09,1.2480564318850362,1.248056500883326,2.4961129304224023
d:715:4.421846000468577e-09,1.2480564155428837,1.2480564698342604,2.496112880955298
d:716:9.083663599085412e-09,1.248056420909684,1.2480564717166018,2.4961128835426223
d:717:-2.9952360591778415e-09,1.2480564340498717,1.2480564847258613,2.496112921770969
d:718:1.4524381697356148e-09,1.2480564202786937,1.2480564752600323,2.496112894086288
d:719:8.409465124259441e-09,1.2480564371129361,1.2480564732302675,2.4961129019337385
d:720:2.966306311691369e-09,1.2480563740034576,1.2480564408722046,2.496112811909356
d:721:1.3052385838818736e-09,1.2480564303166588,1.248056474852266,2.4961129038636862
d:722:1.2275375382841958e-08,1.2480564359596045,1.2480564742195028,2.496112897903732
d:723:3.477861554301853e-09,1.2480564069854374,1.2480564577436262,2.496112861251202
d:724:-4.937881215028028e-10,1.24805639246064,1.2480564752538434,2.4961128682082716
d:725:2.6097559668869508e-09,1.248056443865206,1.2480564716921236,2.4961129129475736
d:726:2.8343229985239304e-09,1.2480564025757523,1.248056449537554,2.4961128492789832
d:727:-7.262919154982228e-10,1.2480564174754072,1.248056469677362,2.496112887879061
d:728:1.9660291172840516e-09,1.2480563721910833,1.2480564782761583,2.4961128485012125
d:729:2.890960359991368e-09,1.2480563826446733,1.2480564820077333,2.4961128617614463
d:730:6.888683401484741e-09,1.248056435531101,1.2480564900997777,2.4961129187421953
d:731:6.20631013248385e-09,1.2480564335206559,1.2480564966298928,2.4961129239442386
d:732:3.727656405771995e-09,1.2480563719166113,1.2480564797682767,2.4961128479572317
d:733:7.779679123132155e-09,1.2480563738587591,1.2480564716501945,2.4961128377292745
d:734:9.173152903940718e-09,1.2480564190958354,1.2480564766312128,2.4961128865538953
d:735:3.4766962642152066e-09,1.2480564279361346,1.2480564728052599,2.496112897264698
d:736:5.98621596736848e-10,1.2480563708942185,1.2480564637692808,2.4961128340648777
d:737:2.594099157704477e-09,1.2480563749982103,1.2480564654719117,2.496112837876023
d:738:-2.837392543142414e-09,1.2480564468467321,1.2480564810273194,2.496112930711444
d:739:-4.1889016699769854e-09,1.2480564245941892,1.2480564687094997,2.4961128974925906
d:740:-2.0724755245282722e-10,1.2480564067109654,1.2480564647532368,2.49611287167145
d:741:-1.9479031720948115e-09,1.2480564255064586,1.248056497568907,2.4961129250232688
d:742:-4.017255861299418e-09,1.2480564220438133,1.2480564683567188,2.496112894417788
d:743:-5.815842030187923e-09,1.2480564337014286,1.2480564730228565,2.496112912540127
d:744:-4.227210581575491e-09,1.2480563726252605,1.248056449726473,2.496112826578944
d:745:7.740368346276227e-10,1.2480564220051917,1.2480564708797743,2.4961128921109292
d:746:4.999851199727345e-09,1.2480564197512116,1.2480564720139462,2.4961128867653066
d:747:2.916031860422663e-10,1.2480564264249168,1.2480564655815982,2.496112891714912
d:748:3.3517721931275446e-10,1.2480563857826574,1.2480564783652675,2.4961128638127477
d:749:-3.18287263212369e-09,1.2480564179071685,1.248056466406961,2.496112887497002
d:750:2.504307872186473e-10,1.2480563851347917,1.2480564826728013,2.496112867557162
d:751:2.374491714363103e-10,1.2480564372337675,1.2480564778613825,2.496112914857701
d:752:-3.693614303301729e-09,1.2480563770320678,1.2480564413727748,2.496112822098457
d:753:-1.500890078887096e-09,1.248056419637031,1.248056472409889,2.49611289354781
d:754:-3.2988154430313443e-09,1.248056401327311,1.2480564511550867,2.496112855781213
d:755:-4.345199755562135e-09,1.2480564468467321,1.2480565069816407,2.4961129581735726
d:756:5.552799109409534e-09,1.2480564288834266,1.2480564764072994,2.496112899737927
d:757:-3.860936459432196e-09,1.248056391674993,1.2480564632761144,2.496112858812044
d:758:5.682156967168339e-09,1.2480564270407193,1.2480564716661462,2.4961128930247085
d:759:-8.225171654885344e-10,1.248056431019645,1.248056469504892,2.496112901347054
d:760:-4.833044187080304e-09,1.2480564290191651,1.24805647298502,2.4961129068372294
d:761:-1.0931131555480533e-09,1.2480564204875577,1.2480564658668065,2.4961128874474774
d:762:-4.3562273788211314e-09,1.2480563765458044,1.2480564468243003,2.496112827726332
d:763:-6.821942122314795e-09,1.2480563714136785,1.2480564831624577,2.4961128613980783
d:764:1.0477897660621238e-08,1.2480563719166113,1.248056488620783,2.4961128500594967
d:765:5.600007568773435e-09,1.24805637421359,1.2480564387459978,2.49611280735958
d:766:7.3157835345227795e-09,1.2480564166813721,1.2480564710734434,2.496112880439032
d:767:3.9533354367904394e-09,1.2480563710217183,1.2480564368029512,2.496112803871334
d:768:6.920934936260892e-10,1.2480563806356706,1.2480564638447724,2.4961128437883495
d:769:2.885194305690675e-09,1.2480563842278514,1.2480564631130662,2.4961128444557232
d:770:3.812122173485477e-09,1.2480563724028748,1.2480564804690033,2.496112849059756
d:771:-4.856346436099557e-10,1.2480563755230953,1.2480564299769341,2.496112805985664
d:772:-7.649418876098935e-10,1.2480564219796797,1.2480564654461226,2.496112888190744
d:773:-4.509491446924585e-09,1.2480563756067937,1.248056433267756,2.496112813384041
d:774:-2.1235599945157446e-09,1.2480563829321163,1.248056453179288,2.496112838234964
d:775:5.318831597378448e-09,1.2480564210546206,1.2480564629981572,2.496112878733946
d:776:7.388571532374044e-09,1.2480564184010632,1.2480565053752102,2.496112916387702
d:777:-5.18175369279561e-09,1.2480564197116308,1.2480564735859438,2.4961128984793284
d:778:3.997261188715129e-09,1.24805641698482,1.2480564550799826,2.4961128680675415
d:779:6.8816206066912855e-09,1.2480563842195984,1.2480564706142658,2.4961128479522436
d:780:-1.6992274254334916e-09,1.2480563764329347,1.2480564339964282,2.4961128121285903
d:781:1.950422046093081e-08,1.2480564401500054,1.2480564926227942,2.496112913268579
d:782:3.053546748787994e-09,1.2480563719166113,1.2480564730625652,2.4961128419256298
d:783:6.081762649046141e-09,1.2480564337324402,1.2480564789926234,2.496112906643301
d:784:8.680071772459996e-09,1.2480563721910833,1.2480564802084864,2.496112843719498
d:785:-1.7180319389353826e-09,1.2480564241772427,1.2480564967705163,2.496112922665791
d:786:5.95730753616408e-09,1.2480563726252605,1.2480564490527684,2.4961128157207213
d:787:3.3594460546737537e-09,1.2480563988306024,1.248056449393843,2.4961128448649994
d:788:3.0513334081661014e-09,1.2480564343482392,1.248056474552314,2.4961129058492197
d:789:1.144051964274695e-09,1.2480563811006427,1.2480564546589221,2.496112834615513
d:790:-3.1092604046989436e-09,1.248056400841051,1.2480564552526587,2.49611285920297
d:791:8.862521383434796e-09,1.2480564318850362,1.2480564686046591,2.496112891627174
d:792:3.4968188344919326e-09,1.2480563740034576,1.2480564542869779,2.4961128247936166
d:793:4.920124752061383e-09,1.2480564052842489,1.2480564513989663,2.4961128517630904
d:794:6.158995091709585e-09,1.248056426653445,1.2480564520456667,2.4961128725401167
d:795:-8.193623557417595e-11,1.2480563821919297,1.248056458279418,2.496112840553284
d:796:-4.6716088775156095e-09,1.2480564288714504,1.2480564497176836,2.496112883260743
d:797:1.0933973726423574e-08,1.248056382434335,1.248056455235556,2.496112826735917
d:798:1.0965802488271947e-08,1.2480564290191651,1.2480564418003546,2.4961128598537172
d:799:8.093827830180089e-10,1.24805641612517,1.248056438957768,2.496112854273555
d:800:7.3062018657310546e-09,1.248056373210897,1.2480564528413218,2.496112818746017
d:801:-2.0294059766001737e-09,1.2480563755230953,1.2480564131427023,2.4961127906952036
d:802:1.1723741977220925e-09,1.2480564232023248,1.2480564326485073,2.496112854678458
d:803:6.409159425402322e-09,1.2480564208198928,1.2480564368114493,2.4961128512221826
d:804:1.223052592536078e-08,1.2480563596383583,1.2480564040168787,2.496112751424711
d:805:6.380460604304972e-09,1.2480563719942417,1.2480564235192197,2.496112789133001
d:806:-1.3370780038712837e-09,1.2480563817005148,1.2480564163177092,2.496112799355302
d:807:4.1526604377395415e-10,1.2480564265057232,1.2480564354979578,2.496112861588415
d:808:1.338285926522076e-09,1.248056382678186,1.248056430205331,2.496112811545231
d:809:7.556160142030421e-10,1.2480563667300295,1.2480564125218976,2.496112778496311
d:810:9.150355140263855e-09,1.2480564245133863,1.2480564411612676,2.4961128565242987
d:811:-5.996742657998766e-09,1.2480564322249244,1.248056437173851,2.496112875395518
d:812:-2.631352913340379e-10,1.2480564290191651,1.248056434391632,2.4961128636739325
d:813:-4.217657334493197e-09,1.2480563668575329,1.248056445478408,2.496112816553598
d:814:2.1964332574953005e-09,1.248056423438456,1.2480564468363937,2.4961128680784164
d:815:8.386791705561336e-09,1.2480563770018946,1.2480564532973126,2.4961128219124156
d:816:3.9216345726345025e-09,1.248056375684694,1.2480564083001724,2.496112780063232
d:817:5.86943116331895e-09,1.2480563764133628,1.2480564124158313,2.496112782959763
d:818:2.0456347726849344e-09,1.2480563773084299,1.248056458168179,2.496112833430974
d:819:2.416051358977711e-09,1.2480564213638772,1.2480564497691873,2.496112868717013
d:820:6.057319978935993e-09,1.2480563708825514,1.248056445755772,2.4961128105810033
d:821:1.0805074168729334e-08,1.2480563649800978,1.2480564182326788,2.4961127724077024
d:822:2.807567511808884e-09,1.2480563754102256,1.2480564284126352,2.4961128010152933
d:823:4.54398119131838e-09,1.2480563821584134,1.2480564413206956,2.496112818935128
d:824:2.9390498923476116e-09,1.2480564303166588,1.2480564471411597,2.4961128745187686
d:825:-2.452509306749562e-10,1.2480564155428837,1.2480564458913932,2.496112861679528
d:826:3.864499831252033e-09,1.2480564164498311,1.2480564466033925,2.496112859188724
d:827:3.742989918009698e-09,1.248056431188438,1.2480564509308856,2.4961128783763336
d:828:2.2467787630375824e-09,1.2480563719166113,1.2480564559846599,2.4961128256544924
d:829:2.536189924740029e-09,1.2480563754102256,1.2480564366575528,2.4961128095315885
d:830:5.220453402898784e-09,1.248056373856862,1.2480564367245748,2.4961128053609833
d:831:3.600955977844933e-09,1.2480563937563751,1.2480564401061756,2.4961128302615947
d:832:3.058570285929818e-09,1.2480563643643023,1.2480564175681437,2.4961127788738757
d:833:-1.387771675354088e-09,1.2480563507057063,1.2480564172962438,2.496112769389722
d:834:-1.6843273442646023e-09,1.2480563722533198,1.248056443710336,2.496112817647983
d:835:2.9564191095232673e-09,1.2480564198411308,1.2480564825463816,2.4961128994310933
d:836:4.574296497139585e-10,1.2480563948263708,1.2480564496192628,2.496112843988204
d:837:5.805585345797226e-09,1.2480564174710835,1.2480564527294966,2.496112864394995
d:838:1.592866993860298e-08,1.2480563674251854,1.2480564297621086,2.496112781258624
d:839:2.3383286418265925e-09,1.2480564344290386,1.248056457412261,2.496112889502971
d:840:1.1565305158001138e-08,1.248056342932447,1.2480564127702536,2.4961127441373954
d:841:-3.2382274639530806e-10,1.2480563837467358,1.248056439180882,2.4961128232514405
d:842:-2.7926709833536734e-09,1.2480563734361816,1.2480564481827123,2.496112824411565
d:843:6.6513088370356854e-09,1.2480563741834203,1.24805647017903,2.4961128377111415
d:844:5.882050402306049e-10,1.2480564333269832,1.248056459745925,2.496112892484703
d:845:1.8999742223968497e-08,1.248056429125807,1.2480564736017996,2.4961128837278643
d:846:-2.0641728326609154e-09,1.2480563466426453,1.248056419818706,2.496112768525524
d:847:-1.4220979949186585e-09,1.2480564025757523,1.2480564545405066,2.496112858538357
d:848:-2.707306379079455e-09,1.248056400581973,1.248056453334172,2.4961128566234514
d:849:7.10413061710824e-09,1.24805634892612,1.24805641403389,2.4961127558558793
d:850:-2.822631017806998e-10,1.2480564198411308,1.2480564825463816,2.4961129026697755
d:851:2.099206142247567e-09,1.2480564300543087,1.2480564617243068,2.4961128896794094
d:852:3.6956357973849663e-09,1.2480563867148682,1.2480564480348235,2.496112831054056
d:853:8.687958796826933e-09,1.2480563842329992,1.2480564379980166,2.496112813543057
d:854:2.0813430978705583e-08,1.2480564327011123,1.2480564565692518,2.496112868456933
d:855:4.187302948821525e-09,1.2480564159956309,1.2480564616586847,2.4961128734670126
d:856:2.460254222569347e-10,1.248056431188438,1.2480564662941482,2.4961128972365607
d:857:3.0481288604278234e-09,1.2480563994463978,1.2480564559571512,2.49611285235542
d:858:1.9542731877209008e-09,1.2480564155428837,1.2480564726157084,2.496112886204319
d:859:1.5281678145129263e-09,1.2480563763521317,1.2480564577751743,2.496112832599138
d:860:1.2410609429025499e-08,1.2480563764329347,1.2480564595738386,2.496112823596164
d:861:9.033307435402094e-09,1.2480564173902806,1.248056474316897,2.49611288267387
d:862:1.829739559866539e-08,1.2480564003547912,1.2480564639546792,2.4961128460120747
d:863:1.3779370533484325e-08,1.2480563469409276,1.2480564264296063,2.4961127595911634
d:864:6.462990143063507e-10,1.2480564288834266,1.2480564814093746,2.4961129096465022
d:865:-3.866709619160247e-09,1.248056360649752,1.2480564458106862,2.4961128103271477
d:866:6.3270917394220305e-09,1.2480564265057232,1.2480564681417157,2.496112888320347
d:867:8.702652820602452e-09,1.248056375684694,1.2480564623100712,2.4961128292921124
d:868:5.723702400928232e-09,1.2480563464546677,1.2480564275637356,2.496112768294701
d:869:8.5823188555878e-09,1.2480563765458044,1.2480564630249589,2.4961128309884444
d:870:-3.150226746129192e-09,1.2480563471761918,1.2480564304644979,2.4961127807909165
d:871:1.101567193018127e-08,1.2480563710217183,1.2480564774967213,2.4961128375027677
d:872:3.9864218592811085e-09,1.2480563542528493,1.2480564325760142,2.4961127828424416
d:873:6.300926003177665e-09,1.2480563731995424,1.248056470327004,2.4961128372256205
d:874:9.768008624178037e-10,1.2480563703760943,1.248056464188096,2.4961128335873894
d:875:-1.3997443204516458e-09,1.2480563851347917,1.2480564715586766,2.4961128580932126
d:876:3.242014656734682e-09,1.2480563745066284,1.2480564771787428,2.4961128484433566
d:877:9.199204953347362e-09,1.2480564310875444,1.2480564799828322,2.4961129018711716
d:878:4.232038719464981e-09,1.2480564297416024,1.2480564739251747,2.4961128994347384
d:879:2.6226860683209452e-08,1.24805637421359,1.2480564839293677,2.496112831916097
d:880:-4.018275490125234e-09,1.2480563740034576,1.2480564914236183,2.4961128694453514
d:881:5.2400999095425504e-09,1.2480564241079257,1.2480564758074024,2.4961128946752282
d:882:-6.604707891710859e-10,1.2480563507057063,1.2480564431356704,2.4961127945018475
d:883:-8.075968338516759e-09,1.2480564468467321,1.248056477019805,2.4961129319425055
d:884:7.292431547512024e-09,1.2480563631129513,1.248056448176417,2.4961128039969367
d:885:6.0195439743893076e-09,1.2480563471761918,1.2480564241595538,2.4961127653162016
d:886:1.034914021147415e-08,1.2480563842329992,1.2480564554214908,2.49611282930535
d:887:2.5896333966102247e-09,1.2480563857505906,1.2480564672949903,2.4961128504559476
d:888:3.2993696663652372e-09,1.2480563664039224,1.2480564596570751,2.496112822761628
d:889:1.021864193262445e-08,1.2480563792701531,1.2480564713199236,2.4961128403714348
d:890:3.879453203126104e-09,1.2480563755230953,1.2480564648791237,2.496112836522766
d:891:5.174715766997906e-09,1.2480564067917683,1.2480564754509906,2.496112877068043
d:892:6.48590514629177e-10,1.2480564153325382,1.2480564919117825,2.49611290659573
d:893:1.11842908268045e-08,1.2480563767968782,1.2480564728964438,2.496112838509031
d:894:-2.4728912251248403e-09,1.2480564073086526,1.2480564679938233,2.496112877775367
d:895:-2.386297381917757e-09,1.2480563855402487,1.248056462080509,2.496112850007055
d:896:1.911474356575127e-08,1.248056342932447,1.2480564255275262,2.4961127493452295
d:897:4.609756132367693e-09,1.2480563774346258,1.248056464288588,2.4961128371134578
d:898:4.5683385963002365e-09,1.248056350351387,1.2480564223306168,2.4961127681136652
d:899:-8.411724650159158e-10,1.2480563724836742,1.248056454395229,2.4961128277200757
d:900:1.1248754816506334e-08,1.2480563851347917,1.2480564650620387,2.4961128389480756
d:901:-2.3302071383568546e-09,1.2480563775670603,1.248056477399217,2.4961128572964846
d:902:5.87171200550074e-09,1.248056406499181,1.2480564819811129,2.496112882608582
d:903:-3.1622562346456107e-09,1.2480564173902806,1.2480564972102997,2.4961129177628365
d:904:-1.021369655518356e-10,1.2480563775689575,1.248056465203856,2.4961128428749504
d:905:-2.6210003056803544e-09,1.2480564232114837,1.2480564806473353,2.4961129064798193
d:906:2.49116638428859e-09,1.2480564468467321,1.2480564809245607,2.4961129252801264
d:907:2.223011108526407e-09,1.2480563886379272,1.2480564729800392,2.4961128593949553
d:908:8.884459390401389e-09,1.2480563358781396,1.2480564347096248,2.496112761703305
d:909:3.288086247721367e-09,1.2480563466426453,1.248056432673451,2.49611277602801
d:910:1.7984902456191776e-10,1.2480564409811485,1.2480564800663494,2.496112920867649
d:911:1.0838903108378872e-08,1.248056383563842,1.2480564844238664,2.4961128571488054
d:912:6.0023772618933435e-09,1.2480563806356706,1.248056478007971,2.4961128526412644
d:913:6.391520201987078e-09,1.2480563749982103,1.2480564838063088,2.496112852412999
d:914:-1.0541175043954354e-08,1.2480563384054761,1.2480564406239552,2.4961127895706063
d:915:-2.300406976019076e-09,1.2480563801751963,1.2480564868788022,2.4961128693544055
d:916:-6.197847568500947e-09,1.2480563770320678,1.248056485453528,2.4961128686834435
d:917:-5.016502768739883e-10,1.2480563373871263,1.2480564376591268,2.4961127755479033
d:918:1.9313759480610315e-09,1.2480563719166113,1.2480564682090538,2.496112838194289
d:919:-7.537842350302526e-09,1.2480564066928501,1.2480565184395083,2.4961129326702007
d:920:3.3702747259667376e-09,1.2480563817005148,1.2480564841289095,2.4961128624591495
d:921:5.7626614591299585e-09,1.2480563691445,1.2480564784996382,2.4961128418814766
d:922:4.032319367297532e-09,1.2480564004676573,1.2480564847642555,2.4961128811995934
d:923:2.6445050593792985e-09,1.2480564213638772,1.2480564894740453,2.4961129081934175
d:924:-2.2168222812979366e-10,1.2480564025757523,1.2480564950413466,2.496112897838781
d:925:-8.04063304826741e-09,1.2480563789602641,1.2480564922916315,2.4961128792925287
d:926:-4.5671626480725536e-09,1.2480564073588312,1.24805651566653,2.496112927592524
d:927:6.100609795112177e-09,1.248056439582939,1.2480564913279188,2.496112924810248
d:928:1.5262955344041984e-09,1.2480564219796797,1.248056502652151,2.4961129231055352
d:929:1.6963333848707407e-08,1.248056373210897,1.2480564762285837,2.496112832476147
d:930:3.825554983905022e-09,1.2480563476452495,1.2480564558047824,2.496112799624477
d:931:1.1791801313165706e-08,1.2480563507057063,1.2480564579811855,2.4961127968950905
d:932:9.239851550546518e-09,1.248056350220896,1.248056481833565,2.4961128228146094
d:933:7.424159065294589e-09,1.2480563348874902,1.2480564504589928,2.496112777922324
d:934:7.486988806704176e-11,1.2480563842278514,1.2480564915661425,2.496112875719124
d:935:3.3347689054608054e-09,1.2480563270182081,1.2480564575814483,2.4961127812648876
d:936:4.392504138195363e-09,1.2480563561979068,1.2480564623707728,2.4961128141761755
d:937:2.9973925563808734e-09,1.2480563495448287,1.2480564729190817,2.496112819466518
d:938:-1.487517664600091e-09,1.2480563572056518,1.2480564600653778,2.4961128187585473
d:939:8.500826709223475e-09,1.2480563699730105,1.2480564920561292,2.496112853528313
d:940:2.4070097026651638e-09,1.2480563595713825,1.2480564608107194,2.496112817975092
d:941:8.424702713227816e-09,1.2480563495448287,1.2480564729678143,2.4961128140879403
d:942:7.445432714803246e-09,1.2480563507057063,1.2480564873744946,2.496112830634768
d:943:-7.204015162187716e-10,1.2480563351007383,1.248056448920714,2.496112784741854
d:944:1.651948977610118e-08,1.2480564164498311,1.2480565010335312,2.4961129009638725
d:945:3.5023433042624674e-09,1.2480563678793821,1.24805649939454,2.496112863771579
d:946:-4.434941303088635e-09,1.2480563829321163,1.2480565002851556,2.496112887652213
d:947:1.6497470056719976e-08,1.2480564210239926,1.2480564965428869,2.4961129010694094
d:948:1.6181296302875126e-09,1.248056421412823,1.2480565055697426,2.496112925364436
d:949:2.4028139478105004e-09,1.2480564052842489,1.2480565184043755,2.4961129212858104
d:950:6.097451432651724e-09,1.2480563767968782,1.248056478715192,2.4961128494146188
d:951:-1.57406532252935e-09,1.248056333412027,1.2480564477347116,2.496112782720804
d:952:3.999595321602101e-09,1.2480563708825514,1.2480564710342712,2.4961128379172273
d:953:9.553374979986984e-09,1.2480564170168904,1.248056491762469,2.4961128992259844
d:954:2.154060041448247e-09,1.2480564362009652,1.2480564940180727,2.496112928064978
d:955:1.053393106076328e-08,1.248056351981095,1.248056456555446,2.49611279800261
d:956:1.1129181132218946e-08,1.2480564232299507,1.2480564982354814,2.496112910336251
d:957:-2.0211103901601746e-09,1.2480563872566641,1.2480564924157243,2.4961128816934988
d:958:6.520604500792615e-09,1.2480563529112843,1.2480564788115096,2.4961128252021894
d:959:-3.805624260166951e-09,1.2480564173902806,1.2480564917155625,2.4961129129114674
d:960:1.5763674809932127e-09,1.248056342932447,1.248056454948891,2.4961127963049705
d:961:7.0572454546891095e-09,1.2480563679497578,1.2480564693990424,2.4961128302915547
d:962:6.602171254144196e-09,1.2480563929469035,1.2480564915821262,2.4961128779268584
d:963:1.068566390927117e-08,1.2480564179071685,1.2480564792087598,2.4961128864302644
d:964:1.3273496080046243e-08,1.2480564069854374,1.2480564858295509,2.496112879541492
d:965:-2.3284485450858483e-09,1.2480563846805985,1.2480564721757332,2.4961128591847803
d:966:8.918384253320255e-09,1.2480563719942417,1.2480564824974607,2.496112845573318
d:967:5.4150639527961175e-09,1.248056337272807,1.24805643676061,2.496112768618353
d:968:1.0399038075092903e-08,1.2480564025757523,1.2480564917302708,2.496112883906985
d:969:9.213675156161116e-09,1.2480563507057063,1.248056463360129,2.49611280485216
d:970:7.311914629326566e-09,1.2480563956372848,1.2480565118389535,2.4961129001643236
d:971:-7.155946946113545e-09,1.2480563287194002,1.2480564226994524,2.4961127585747995
d:972:1.853241826665908e-08,1.2480563725721758,1.2480564819370308,2.4961128359767883
d:973:1.0824770413364604e-08,1.2480563714136785,1.2480564679107857,2.496112828499694
d:974:6.442796518513205e-09,1.2480564003547912,1.2480565012906517,2.4961128952026463
d:975:1.0472785305637444e-08,1.2480564155428837,1.2480564823619638,2.496112887432062
d:976:5.621018317469861e-09,1.2480564210866874,1.248056469350459,2.496112884816128
d:977:8.31380120303038e-09,1.2480564164818908,1.2480564753301522,2.496112883498242
d:978:2.1607171163395833e-08,1.2480563934331634,1.2480565049990204,2.4961128768250127
d:979:3.3893456929945387e-09,1.2480563734868184,1.2480564620098669,2.4961128321073396
d:980:1.0850353504565646e-08,1.2480563763325634,1.2480564790480706,2.4961128445302805
d:981:1.1971433622193217e-08,1.2480563357973402,1.2480564238298584,2.496112747655765
d:982:6.539266905747354e-10,1.248056423438456,1.2480564690994527,2.496112891883982
d:983:1.1971224012086168e-08,1.2480563792701531,1.248056456750568,2.496112824049497
d:984:3.308262108703275e-09,1.2480563509992564,1.2480564381196615,2.4961127858106558
d:985:1.6949798009591177e-08,1.2480564159956309,1.2480564731747705,2.4961128722206034
d:986:-8.713669785720413e-10,1.248056375684694,1.2480564665246199,2.496112843080681
d:987:-2.618030237044877e-09,1.2480563761782797,1.2480564339901186,2.4961128127864285
d:988:4.847002799124311e-10,1.248056378783648,1.2480564384019566,2.4961128167009043
d:989:3.691990713150517e-09,1.2480563666938131,1.2480564194256125,2.496112782427435
d:990:3.3999114634752914e-10,1.2480563740034576,1.248056429353099,2.4961128030165654
d:991:-1.3305090362791816e-09,1.2480563810344165,1.2480564096478695,2.496112792012795
d:992:8.989150757088282e-09,1.2480563726252605,1.2480564539605368,2.4961128175966465
d:993:1.1421015244650334e-09,1.2480564197116308,1.2480564481809786,2.496112866750508
d:994:7.632799281509506e-09,1.2480563705377037,1.248056464691956,2.4961128275968605
d:995:-1.9595134403971315e-09,1.2480564169040207,1.2480564501857963,2.4961128690493304
d:996:-4.721037782928761e-09,1.2480563561979068,1.2480564406635182,2.4961128015824627
d:997:1.4965074512929277e-08,1.2480564015697198,1.2480564692119565,2.4961128558166017
d:998:3.2004230376969645e-09,1.2480563509992564,1.248056427323931,2.4961127751227643
d:999:2.7985436190647306e-09,1.2480563848436503,1.2480564616957395,2.496112843740846
d:1000:2.6237536587814247e-08,1.2480563365762016,1.2480564177620614,2.4961127281007265
d:1001:2.662574161149678e-09,1.2480563843573904,1.248056462927341,2.496112844622157
d:1002:-1.7769217208751797e-09,1.2480563509992564,1.248056427372667,2.496112780148845
d:1003:-7.276224067709336e-09,1.2480564027052914,1.2480564583712308,2.4961128683527463
d:1004:-1.4445120655182109e-09,1.2480563596383583,1.2480564625098296,2.4961128235927
d:1005:7.304947757802438e-10,1.2480563843909245,1.2480564217171626,2.4961128053775923
d:1006:-2.0151311730387533e-09,1.2480563775689575,1.248056451030866,2.4961128306149547
d:1007:-5.882831999315385e-10,1.248056349493183,1.2480564253488176,2.4961127754302836
d:1008:4.2388137444504537e-10,1.248056387890788,1.2480564177075628,2.4961128051744694
d:1009:1.0945491624170245e-08,1.2480563858955271,1.2480564597321937,2.496112834682229
d:1010:6.524448536993077e-09,1.248056373856862,1.248056455094666,2.4961128224270794
d:1011:1.1796572607636335e-09,1.2480563548686519,1.2480564493490256,2.49611280303802
d:1012:8.859082356593717e-10,1.248056336849217,1.2480564222095332,2.496112758172842
d:1013:6.515776362903125e-09,1.2480563523767145,1.2480564114426933,2.4961127573036315
d:1014:2.9293261150087346e-09,1.2480563655344454,1.2480564244054726,2.496112787010592
d:1015:1.0799467986544187e-09,1.2480563446637198,1.2480564219589745,2.4961127655427475
d:1016:-5.106738143467737e-09,1.2480563365762016,1.2480564402144978,2.4961127818974376
d:1017:2.088096806573958e-08,1.2480563618813534,1.248056469024725,2.49611281002511
d:1018:-6.572367539092738e-09,1.2480563787030832,1.2480564572211001,2.496112842496551
d:1019:7.3820487500597665e-09,1.2480564210546206,1.2480564678994241,2.496112881571996
d:1020:3.2407072581008833e-09,1.2480563365289186,1.2480564344698593,2.4961127677580706
d:1021:9.248335430811494e-09,1.2480563836171967,1.248056466260877,2.4961128406297384
d:1022:-3.1950264656188665e-10,1.2480563332504246,1.2480564224667816,2.496112756036709
d:1023:8.170040644017718e-09,1.248056395070222,1.2480564762604018,2.496112863160583
d:1024:5.54759793658377e-10,1.2480563643643023,1.2480564635714302,2.4961128273809727
d:1025:1.120383785746526e-09,1.2480563322291616,1.2480564247837727,2.4961127558925504
d:1026:2.4987976132706535e-09,1.248056376339882,1.2480564249276433,2.4961127987687277
d:1027:-1.3364811479732452e-09,1.2480563690071875,1.248056421449796,2.4961127917934647
d:1028:7.131621515554798e-09,1.248056378343854,1.248056419005092,2.4961127902173246
d:1029:1.7603838387003634e-09,1.2480563679254182,1.2480564258140419,2.496112791979076
d:1030:2.7199931196264515e-10,1.2480563513726501,1.2480564617751995,2.4961128128758503
d:1031:8.927791839141719e-10,1.2480563737666124,1.2480564664889044,2.4961128393627376
d:1032:3.475211229897468e-09,1.248056387890788,1.2480564463166992,2.496112830732276
d:1033:1.7360335391458648e-10,1.248056372009465,1.2480564530035814,2.496112824839443
d:1034:-2.6152058296702307e-09,1.2480563595713825,1.248056436671689,2.4961127988582774
d:1035:3.381327218221486e-09,1.2480564159956309,1.2480564795804128,2.4961128921947164
d:1036:4.5701398221353884e-10,1.248056382678186,1.2480564836030865,2.4961128658242586
d:1037:-2.8891733450109314e-10,1.2480563719166113,1.2480564759815955,2.496112848187124
d:1038:8.01963295771202e-09,1.2480563849244533,1.2480565030941513,2.4961128799989716
d:1039:-9.200640249673597e-09,1.2480563666313778,1.2480564315149252,2.496112807346943
d:1040:-1.0062350952466659e-10,1.2480563365762016,1.2480564462985093,2.4961127829753345
d:1041:6.270926888873873e-09,1.248056382434335,1.2480564786259478,2.496112854789356
d:1042:1.1681603240276672e-08,1.2480563366905209,1.248056456885724,2.4961127818946416
d:1043:-1.0101725678168805e-08,1.2480563701092535,1.2480564315050984,2.4961128117160776
d:1044:3.833132922181903e-09,1.248056401327311,1.2480564935796323,2.4961128910738104
d:1045:2.1765735880308057e-09,1.2480563948263708,1.2480564825955724,2.4961128752453696
d:1046:-4.907537487497393e-09,1.24805641602914,1.2480564847674955,2.496112905704173
d:1047:-1.059618881527058e-08,1.2480563565207135,1.2480564419146738,2.496112809031576
d:1048:6.667765006795889e-09,1.2480563726252605,1.248056453521908,2.4961128194794036
d:1049:3.7925431684016075e-09,1.248056377361145,1.2480564467809678,2.4961128203495697
d:1050:-3.472507614787901e-09,1.2480563851347917,1.2480565064965283,2.4961128951038276
d:1051:-7.302787707885727e-09,1.2480563716377269,1.248056481460683,2.4961128604011975
d:1052:3.18962634082709e-11,1.2480563811006427,1.2480564772781797,2.496112858346926
d:1053:-2.0578383441716142e-10,1.2480563826446733,1.248056493633058,2.496112876483515
d:1054:-5.373372857775394e-10,1.2480563761397292,1.248056464010947,2.4961128406880135
d:1055:2.7060487184371596e-09,1.248056372126026,1.2480564994764514,2.4961128688964287
d:1056:-7.523485834326493e-09,1.2480563893632102,1.248056443669892,2.496112840556588
d:1057:-1.0362910529693181e-10,1.24805640560891,1.2480564924790443,2.4961128981915834
d:1058:6.457618439981161e-09,1.2480564014889168,1.2480564971282213,2.4961128921595197
d:1059:7.844750626873065e-09,1.248056361296598,1.2480564419150362,2.4961127953668836
d:1060:2.9742714957592398e-09,1.2480563241341471,1.248056453199279,2.4961127743591547
d:1061:5.216861609369516e-09,1.2480563729378709,1.2480564906482634,2.4961128583692727
d:1062:-2.386826736255898e-09,1.2480563471761918,1.2480564843334854,2.496112833896504
d:1063:1.859529419334649e-09,1.2480563507982332,1.2480564502990106,2.4961127992377143
d:1064:5.403339997656076e-09,1.2480563513652925,1.248056450914806,2.4961127968767585
d:1065:8.685191232871148e-09,1.2480563471761918,1.2480564861000794,2.49611282459108
d:1066:9.367397524329135e-09,1.248056370459274,1.2480565012485734,2.49611286234045
d:1067:5.375291323161946e-10,1.248056336849217,1.2480564650781432,2.496112801389831
d:1068:-3.960032302074978e-09,1.2480563669325946,1.2480564746080027,2.4961128455006296
d:1069:-8.267118545290941e-09,1.2480563586062061,1.2480564458524164,2.496112812725741
d:1070:2.5098607636664383e-09,1.2480563725135312,1.2480564566326748,2.4961128266363453
d:1071:1.771077506873553e-09,1.2480563507057063,1.2480565144346087,2.4961128633692375
d:1072:-2.4253345998204168e-09,1.2480563578760844,1.248056448606775,2.496112808908194
d:1073:1.5793055752055807e-09,1.2480563726758973,1.248056498780663,2.496112869877255
d:1074:5.595467200691928e-09,1.248056370454865,1.2480564902925586,2.4961128551519565
d:1075:2.1494912516573095e-09,1.2480563808795218,1.2480565148068123,2.496112893536843
d:1076:1.8262191758822155e-08,1.2480563713306658,1.2480564490961292,2.4961128021646033
d:1077:-2.643211871600215e-09,1.2480563784104923,1.248056489718504,2.4961128707722082
d:1078:-3.55176865696194e-09,1.2480563507057063,1.2480565044989973,2.4961128587564723
d:1079:1.2930264858823648e-08,1.2480563561979068,1.2480564946083952,2.496112837876037
d:1080:-3.641396517650719e-09,1.2480563740034576,1.2480564823826334,2.4961128600274876
d:1081:-8.643681326248043e-10,1.248056365911335,1.2480564638460692,2.4961128306217724
d:1082:-9.862439753760555e-10,1.2480563775689575,1.2480564904973441,2.4961128690525456
d:1083:3.2996716470279353e-09,1.2480563754102256,1.2480564616858167,2.4961128337963707
d:1084:2.152702904822945e-09,1.2480563668575329,1.248056480439029,2.496112845143859
d:1085:-6.779590222549814e-09,1.2480563612282864,1.248056440500445,2.4961128085083217
d:1086:1.2070216826032265e-08,1.2480563662910562,1.2480564880752638,2.496112842296103
d:1087:1.9780692639415065e-09,1.2480563241341471,1.2480564584016065,2.4961127805576844
d:1088:1.0177494402796583e-09,1.2480563310462962,1.2480564514018901,2.496112781430437
d:1089:-2.5763036148873653e-09,1.2480563774346258,1.2480564563014909,2.4961128363124203
d:1090:-2.3865567300163093e-09,1.248056364053852,1.2480564340422617,2.4961128004826705
d:1091:2.757474248937797e-10,1.2480563791700838,1.2480565081419854,2.496112887036322
d:1092:-5.9118399065027916e-09,1.2480563721910833,1.2480564892667196,2.496112867369643
d:1093:9.231559516820198e-09,1.2480564167744816,1.2480564816189599,2.496112889161882
d:1094:-9.326857508540343e-09,1.2480563453454607,1.2480564917332941,2.4961128464056124
d:1095:8.332321499437967e-10,1.248056393286788,1.2480564483289491,2.496112840782505
d:1096:-1.8558736769591633e-09,1.2480563682770693,1.248056451980343,2.496112822113286
d:1097:9.342340234752555e-09,1.2480563370481974,1.2480564613528635,2.4961127890587207
d:1098:-7.46334194445808e-09,1.2480563719166113,1.2480565216718134,2.4961129010517666
d:1099:6.20693185737764e-09,1.2480563507057063,1.2480564870267763,2.4961128315255507
d:1100:-7.840846194540063e-09,1.2480563552253727,1.24805649984334,2.496112862909559
d:1101:-4.639318262888992e-09,1.2480563679497578,1.2480564874300093,2.4961128600190854
d:1102:5.852673012896048e-09,1.2480563739372172,1.2480564459813976,2.496112814065942
d:1103:4.052786550801102e-09,1.248056352049666,1.248056435957647,2.4961127839545263
d:1104:5.328757879397017e-09,1.2480563603213461,1.2480564356204766,2.496112790613065
d:1105:-2.6118947005215887e-09,1.2480563270182081,1.2480564573094135,2.4961127869395163
d:1106:2.3083011058133707e-09,1.248056400841051,1.2480564940270291,2.496112892559779
d:1107:-1.2999343823594245e-09,1.248056372595098,1.2480564981138293,2.4961128720088617
d:1108:8.758380687368117e-09,1.2480563937563751,1.2480564873171645,2.496112872315159
d:1109:4.653749385852279e-09,1.2480563619303133,1.24805644520886,2.496112802485424
d:1110:-8.538734164176276e-09,1.2480564067109654,1.2480564881643197,2.4961129034140193
