data: dataset/foma/
d:1:0.012470643046105678,3.2847043251414583,3.284704292227989,6.556937974323342
d:2:0.00496671229907264,3.2847043219663963,3.2847042948752243,6.564441904542548
d:3:0.004914074248222988,3.284704320286213,3.284704290718695,6.564494536756685
d:4:0.004933859369826266,3.2847043164706875,3.284704286562091,6.564474743662952
d:5:0.004933441850932141,3.2847043126136146,3.28470428454537,6.5644751553080525
d:6:0.004922422186886877,3.2847043152608606,3.2847042825285833,6.564486175602557
d:7:0.004903054480410063,3.2847043215914624,3.2847043053807248,6.564505572491777
d:8:0.004854477168011684,3.284704315019578,3.2847042758087017,6.564554113660268
d:9:0.0001353724889625596,3.2847043478038387,3.2847042920586276,6.569273267373504
d:10:6.152548330717877e-05,3.2847043190742884,3.2847042682278556,6.569347061818837
d:11:6.659420202126398e-05,3.2847043509789433,3.284704290242063,6.569342047018985
d:12:6.340729985865323e-05,3.2847043552181105,3.2847042633123404,6.569345211230592
d:13:6.396895578575368e-05,3.2847043551354407,3.2847042604238847,6.56934464660354
d:14:6.112198019891935e-05,3.28470434612362,3.2847042854629027,6.569347509606324
d:15:6.53968123742743e-05,3.2847043478038387,3.2847042549093093,6.569343205900774
d:16:6.20996680567032e-05,3.28470434612362,3.2847042614812114,6.569346507936775
d:17:6.52728635177624e-05,3.284704349000089,3.2847043464626946,6.569343422599266
d:18:0.00015337101506318618,3.284704331706452,3.284704308042162,6.569255268733551
d:19:0.000273865902244097,3.284704340688748,3.2847043366121014,6.569134811398605
d:20:0.00042681510540454326,3.284704337823893,3.2847042852967654,6.568981808015254
d:21:0.0006155757561838726,3.2847043194280534,3.28470431223786,6.56879305590973
d:22:0.0009926009772449618,3.284704333827179,3.284704339608533,6.568416072458467
d:23:0.0006869154774378217,3.2847043288179574,3.284704307051003,6.5687217203915225
d:24:0.00045281970989563547,3.284704331706452,3.284704276838566,6.568955788835122
d:25:0.0002406536427805861,3.2847043288179574,3.284704272859358,6.569167948034535
d:26:0.00011581894521128788,3.284704328164924,3.284704268794636,6.569292778014349
d:27:3.4171784614400735e-05,3.284704343577367,3.284704285969081,6.569374457761834
d:28:1.5345983328529655e-06,3.284704313291842,3.284704313287012,6.569407091980521
d:29:3.032432596405954e-05,3.2847043261664055,3.2847042998919047,6.569378301732346
d:30:0.00012261363357879418,3.2847043194280534,3.2847042676243383,6.569285973418813
d:31:7.115894199927197e-05,3.284704331226477,3.2847042879935717,6.569337460278049
d:32:3.925832306883592e-05,3.2847043449353084,3.2847042645639952,6.569369351176235
d:33:1.6251907359432494e-05,3.284704333827179,3.2847042861057094,6.569392368025529
d:34:5.053422519551987e-06,3.2847043341012796,3.2847043142813295,6.5694035949600895
d:35:9.659442259390971e-07,3.2847042902877757,3.284704289301745,6.569407613645295
d:36:-3.908164583066309e-07,3.284704305491907,3.284704298138788,6.569408994447153
d:37:3.371081902514561e-07,3.284704328579341,3.2847042885392472,6.569408280010398
d:38:3.1745246769077085e-06,3.2847043064149535,3.28470433365845,6.569405465548726
d:39:1.8660480556320636e-06,3.284704331226477,3.284704286859082,6.569406752037503
d:40:1.3165526269176553e-06,3.284704328051358,3.2847042828861372,6.5694072943848685
d:41:4.370552254329141e-06,3.2847043064149535,3.2847043334280333,6.569404269290732
d:42:1.0155216374485576e-05,3.2847043064149535,3.284704300040394,6.569398451238973
d:43:2.4232472579654996e-05,3.2847043086670524,3.284704322579552,6.569384398774025
d:44:8.607440877383965e-06,3.2847043322977214,3.284704306303583,6.569400031160427
d:45:1.0952052456048023e-06,3.284704305491907,3.284704316735615,6.5694075270222765
d:46:1.7637153977290154e-06,3.2847043341012796,3.2847042870826506,6.5694068574685325
d:47:2.241822182114106e-06,3.2847043013734734,3.2847042872506425,6.569406346801934
d:48:6.528538753158841e-06,3.2847043341012796,3.284704255782712,6.569402061345238
d:49:7.752655109882767e-06,3.2847043103472355,3.284704279287613,6.569400836979739
d:50:6.7674226169600615e-06,3.284704330559359,3.2847042598373033,6.569401822974045
d:51:3.7364334986023096e-06,3.2847043221939494,3.2847043279411636,6.569404913701614
d:52:7.326770479210154e-07,3.2847043261664055,3.284704285497696,6.569407878987054
d:53:-4.455650177703774e-07,3.2847043288564386,3.284704312452215,6.569409086873671
d:54:-2.5272365533623997e-08,3.284704305491907,3.2847042996519775,6.56940863041625
d:55:1.9520340845957662e-06,3.2847043322977214,3.2847043118505486,6.569406692114185
d:56:1.1015112608703248e-06,3.2847043064149535,3.284704327476227,6.56940753237992
d:57:2.123563232814263e-06,3.2847043064149535,3.2847043253409307,6.569406508192651
d:58:-3.986687797663535e-07,3.2847043029344825,3.284704300158582,6.569409001761844
d:59:3.5829389410935164e-07,3.284704310015311,3.2847042983561945,6.569408250077611
d:60:-3.3142529254348574e-07,3.284704305491907,3.284704263480087,6.569408900397287
d:61:3.1656029797488827e-07,3.2847043139781533,3.2847042787909704,6.569408276208826
d:62:-9.051268534676638e-07,3.284704313895494,3.2847042748116486,6.569409493833996
d:63:8.081017774941301e-07,3.284704329550282,3.284704283459515,6.569407804908019
d:64:9.197186763287846e-07,3.2847043284076722,3.284704300787528,6.569407709476524
d:65:2.1193774095706885e-06,3.2847042902877757,3.284704247980377,6.569406418890743
d:66:-9.56067225388324e-10,3.2847043234002733,3.2847042871569467,6.569408611513287
d:67:-7.989151420417784e-07,3.2847043189152743,3.284704309068818,6.5694094268992345
d:68:-6.70959517279357e-07,3.2847043305172363,3.2847043135620293,6.569409315038783
d:69:-4.1441186482416015e-08,3.284704326869866,3.284704310673172,6.5694086789842245
d:70:8.008456084951376e-07,3.284704322111086,3.284704302571571,6.569407823837048
d:71:3.1070760719842383e-07,3.2847042935577537,3.284704277497074,6.56940826034722
d:72:-1.3403556309299347e-07,3.2847043284076722,3.2847043084162557,6.569408770859491
d:73:-1.1247972686589947e-06,3.2847042989183333,3.2847043068494557,6.569409730565058
d:74:4.096451782231725e-07,3.2847043013361983,3.2847042978086023,6.569408189499622
d:75:7.33954870213438e-08,3.2847043045486544,3.2847042606421972,6.569408491795365
d:76:-1.1556346066754486e-06,3.2847043210289453,3.284704267672705,6.569409744336257
d:77:-5.381324221787054e-07,3.284704323129981,3.2847042715222567,6.56940913278466
d:78:5.605986803658425e-07,3.284704328242899,3.284704253302369,6.569408020946588
d:79:-3.905658569891557e-07,3.284704329550282,3.284704290591492,6.569409010707631
d:80:-4.4187844494558703e-07,3.2847043322977214,3.284704246928099,6.569409021104265
d:81:3.8100255572715014e-07,3.284704311806758,3.2847042577700076,6.56940818857421
d:82:-4.90786005613586e-07,3.2847043058929515,3.284704254720399,6.569409051399356
d:83:9.73582727326061e-07,3.284704293473208,3.2847042481942523,6.569407568084733
d:84:2.3608932444574293e-06,3.28470429812387,3.2847042541925866,6.569406191423212
d:85:2.5371055851763913e-06,3.284704314414439,3.2847042676374922,6.569406044946346
d:86:2.0801117450730544e-07,3.2847043234002733,3.284704324391452,6.569408439780551
d:87:-1.0104333547644728e-07,3.284704303068409,3.2847043040902157,6.56940870820196
d:88:-6.235653486896808e-07,3.284704303068409,3.2847043038844177,6.5694092305181755
d:89:1.0483028685115414e-06,3.284704322111086,3.2847042934160076,6.569407567224225
d:90:1.8232991561006884e-06,3.284704314414439,3.2847042696153057,6.569406760730589
d:91:1.9142286280526832e-06,3.28470429812387,3.2847042513762066,6.569406635271449
d:92:6.429900327731275e-07,3.284704315248119,3.2847042917474027,6.569407964005489
d:93:-1.1490531104385582e-06,3.2847042983501744,3.2847042875148187,6.5694097349181035
d:94:-3.159813513065046e-07,3.2847042950919203,3.284704254117626,6.569408865190898
d:95:6.818184967727348e-07,3.2847043029344825,3.284704298029597,6.569407919145583
d:96:-5.407428833592576e-07,3.2847043284076722,3.2847042457125575,6.569409114863113
d:97:1.0443491760270263e-07,3.284704334513231,3.284704253847126,6.569408483925439
d:98:-2.291817558841558e-06,3.28470429812387,3.2847042526067938,6.569410842548223
d:99:1.6613313231772509e-06,3.284704303068409,3.284704254879662,6.569406896616748
d:100:-6.292626082426978e-07,3.284704322111086,3.2847042332948604,6.5694091846685545
d:101:-3.3066755911193013e-07,3.2847042983501744,3.284704283384242,6.569408912401975
d:102:-4.365569363784516e-07,3.284704314414439,3.284704271132769,6.569409022104145
d:103:2.0723727800486813e-07,3.2847043051250235,3.2847042611098427,6.569408358997588
d:104:-7.111952626814855e-08,3.284704315699095,3.284704226415016,6.569408613233637
d:105:-6.88516132996142e-07,3.284704323129981,3.284704250190865,6.569409261836979
d:106:-1.448930543546112e-06,3.2847042935577537,3.2847042867163356,6.569410029204633
d:107:-6.881003002945363e-07,3.28470429747855,3.2847042687175403,6.56940925429639
d:108:-1.583457153842005e-06,3.284704303068409,3.284704262453433,6.569410148978996
d:109:9.829031721864112e-07,3.284704322730592,3.2847042794708354,6.569407619298255
d:110:3.844722744617002e-07,3.28470432438915,3.284704287003258,6.5694082269201335
d:111:-1.0006786812510882e-06,3.284704331866017,3.2847042575738037,6.569409590118502
d:112:-1.1734112650430006e-06,3.284704305287038,3.2847042962589104,6.569409774957213
d:113:7.736525073909206e-07,3.2847043020356423,3.2847042680993876,6.569407796482523
d:114:-1.7522341089204474e-07,3.284704331866017,3.2847042531269697,6.5694087602163975
d:115:-3.970694457677837e-07,3.284704315248119,3.284704271464113,6.569408983781678
d:116:1.3758295462906744e-06,3.284704303068409,3.284704266796254,6.569407194035117
d:117:-1.606854121760648e-06,3.284704317001429,3.2847042984459502,6.569410222301501
d:118:-2.4087919037185657e-07,3.284704293473208,3.2847042926102716,6.56940882696267
d:119:1.6876474990823453e-06,3.2847043062055867,3.28470425237839,6.5694068709364775
d:120:3.344078010059093e-07,3.284704317234951,3.2847042603064356,6.569408243133585
d:121:1.4823988259138332e-07,3.2847043079541844,3.2847042849405277,6.5694084446548295
d:122:-1.255289527435366e-06,3.28470430384591,3.2847042758581058,6.569409834993543
d:123:1.6859141496183838e-06,3.284704317001429,3.284704269901768,6.569406900989048
d:124:9.634543118863803e-08,3.2847042983501744,3.2847042754703537,6.569408477475097
d:125:4.1753781410136526e-07,3.2847043043067607,3.2847042625922533,6.5694081493612
d:126:2.7717381101410865e-07,3.2847042981797845,3.284704326145002,6.569408347150976
d:127:1.6668128601793342e-06,3.2847043063059065,3.2847043238483398,6.569406963341386
d:128:-1.9311617371897682e-07,3.2847043062564225,3.2847043171186385,6.569408816491235
d:129:1.7762909756413592e-06,3.284704323261213,3.284704318682852,6.5694068656530895
d:130:2.1214598966423637e-07,3.28470430384591,3.284704291770389,6.569408383470309
d:131:-3.972981890143501e-07,3.2847043257278727,3.2847043030153653,6.569409026041427
d:132:-7.286016359131509e-07,3.284704303068409,3.284704332535002,6.569409364205047
d:133:-1.100160750056034e-06,3.2847043162667244,3.2847043060431975,6.569409722470672
d:134:2.4977669710324335e-08,3.284704331866017,3.284704322146494,6.569408629034841
d:135:-7.067483149825193e-07,3.284704317001429,3.2847042987703396,6.569409322520084
d:136:6.628846165313007e-07,3.2847043062055867,3.284704323221927,6.569407966542897
d:137:-3.0109875481798554e-08,3.2847042913972526,3.2847043022968077,6.569408623803936
d:138:4.5485635347120024e-07,3.284704331866017,3.2847043307125023,6.569408207722166
d:139:1.6209883746398646e-07,3.2847043138828926,3.2847043352711864,6.569408487055242
d:140:-2.0992214917470164e-06,3.2847042981797845,3.284704348212001,6.569410745613277
d:141:1.5733982721144457e-06,3.2847043142181516,3.2847043331101933,6.569407073930073
d:142:-5.892075520819162e-07,3.284704311176297,3.2847043225830976,6.5694092229669465
d:143:9.983504813959598e-07,3.2847043184873836,3.284704329860011,6.569407649996913
d:144:-3.710056741823564e-07,3.2847042981797845,3.2847043512892693,6.569409020474728
d:145:-2.3560293271884802e-08,3.2847042983681334,3.2847043251629433,6.56940864709137
d:146:1.893333365643457e-07,3.2847042981797845,3.2847043204941997,6.569408429340648
d:147:-6.711114330926193e-07,3.28470429812387,3.2847043392550574,6.569409308490361
d:148:-5.628891521780588e-07,3.28470431787313,3.2847043151426956,6.569409195904978
d:149:-5.627780979011732e-07,3.2847043134732044,3.284704321141769,6.569409197393071
d:150:8.072282842164213e-07,3.284704314414439,3.284704306437602,6.569407813623757
d:151:-7.611612780067389e-07,3.2847043144903143,3.284704343085778,6.56940941873737
d:152:-2.608222976263619e-06,3.2847043062564225,3.284704320311352,6.569411234790751
d:153:-1.0643109611407908e-06,3.2847042811594545,3.2847043269513883,6.569409672421804
d:154:-2.4979137158709364e-07,3.2847042981316665,3.2847043524577497,6.569408900380788
d:155:-9.495805919357281e-07,3.284704302191651,3.2847043525645514,6.569409604336794
d:156:-1.570854248456044e-06,3.28470429812387,3.28470433089546,6.5694101998735785
d:157:-1.4001042867306523e-06,3.284704307930502,3.2847043352764906,6.569410043311279
d:158:4.944199893941459e-07,3.284704291523534,3.2847043592175176,6.569408156321062
d:159:8.362429291253193e-07,3.2847042981797845,3.284704355635764,6.569407817572619
d:160:-3.262261429881619e-07,3.2847042874352947,3.284704318208343,6.569408931869781
d:161:2.004341528305531e-07,3.28470431383721,3.284704340626311,6.569408454029368
d:162:-7.702269790854643e-07,3.284704310132117,3.2847043216360525,6.569409401995149
d:163:-1.007272384612179e-06,3.284704300153061,3.2847043391052146,6.56940964653066
d:164:-1.853311076160935e-06,3.2847043115404464,3.2847043251236396,6.569410489975162
d:165:-3.0068461853716144e-07,3.284704287709891,3.2847043379258682,6.569408926320378
d:166:4.3262478932604154e-07,3.2847042940906253,3.2847043378410277,6.569408199306864
d:167:-5.201157673440093e-07,3.284704314535997,3.2847043689649844,6.569409203616749
d:168:9.378168019935629e-07,3.2847042981797845,3.2847043464840215,6.569407706847004
d:169:8.878121935396166e-07,3.2847042876661288,3.2847043535543854,6.569407753408321
d:170:-2.0346332441079085e-07,3.284704303058259,3.284704348205377,6.5694088547269605
d:171:-1.3061005965653294e-07,3.284704331866017,3.2847043777782137,6.56940884025429
d:172:2.2174285341236555e-07,3.2847043314782827,3.2847043735807553,6.5694084833161845
d:173:-2.8273743346574065e-07,3.2847043066670327,3.2847043218961627,6.569408911300629
d:174:3.639078158812481e-07,3.284704291878656,3.284704322641435,6.569408250612275
d:175:5.984841493500426e-07,3.284704313693691,3.284704338343415,6.569408053552957
d:176:1.8513196984315528e-06,3.2847042961554944,3.284704345495655,6.569406790331451
d:177:-5.677019334626721e-07,3.2847043142181516,3.2847043258604423,6.569409207780527
d:178:2.918758829295598e-06,3.284704303503208,3.2847043346145455,6.569405719358924
d:179:9.227861905714008e-07,3.284704307318828,3.284704334697505,6.569407719230142
d:180:4.2812739309283643e-07,3.2847042981797845,3.284704323209384,6.569408193261776
d:181:-5.702142633623453e-07,3.2847042891472285,3.28470434076244,6.569409200123932
d:182:1.0843757909384522e-06,3.2847043039541894,3.2847043415559902,6.569407561134389
d:183:6.315202476514514e-07,3.2847043076174547,3.284704353271721,6.569408029368928
d:184:1.524568897792733e-07,3.284704324180124,3.2847043760408887,6.569408547764123
d:185:5.205559041598917e-07,3.28470431787313,3.284704342841687,6.569408140158913
d:186:1.1332556226761881e-07,3.284704308987049,3.2847043327853775,6.569408528446864
d:187:7.628886393717949e-07,3.2847043287676794,3.284704384760122,6.569407950639162
d:188:-7.233268437545348e-07,3.2847043142181516,3.284704333476226,6.569409371021221
d:189:6.917511399251453e-07,3.2847042811594545,3.2847043591352314,6.569407948543546
d:190:3.99037308085326e-07,3.284704287709891,3.284704330503022,6.569408219175605
d:191:-9.332333519296299e-07,3.2847043076831834,3.284704330134506,6.569409571051041
d:192:-2.390440414501427e-07,3.2847043104379434,3.2847043499808173,6.569408899462802
d:193:3.503816969896434e-08,3.284704314535997,3.2847043437658847,6.569408623263712
d:194:2.8057909240430945e-07,3.284704282005645,3.2847043213033214,6.569408322729874
d:195:-1.0966886545560328e-06,3.284704317001429,3.2847043051295657,6.569409718819649
d:196:7.917448083816225e-07,3.2847043188482132,3.284704314258102,6.569407841361507
d:197:1.0734120117206203e-06,3.2847043201985553,3.2847043189641134,6.569407565750657
d:198:-1.1771030443696873e-06,3.284704313800022,3.284704311903294,6.56940980280636
d:199:7.264344183965932e-07,3.28470432475088,3.284704334251952,6.569407932568414
d:200:-1.5458296509507363e-06,3.284704332583331,3.284704298710288,6.56941017712327
d:201:-4.096464731873084e-07,3.284704327268509,3.28470436458149,6.569409101496472
d:202:-2.0941613243508073e-07,3.2847043046390603,3.2847043270861267,6.569408841141319
d:203:-8.126821526843742e-08,3.2847043021088353,3.2847043602543984,6.569408743631449
d:204:2.40124055750357e-07,3.2847043076174547,3.2847043579307993,6.569408425424198
d:205:5.605364474803309e-07,3.284704290970593,3.2847043434792216,6.569408073913367
d:206:-3.8823510450924914e-07,3.2847043138828926,3.2847043504633113,6.5694090525813085
d:207:2.1797892202357616e-07,3.2847043114366823,3.2847043501402275,6.569408443597988
d:208:-4.962005153430482e-07,3.284704310343356,3.284704309776455,6.569409116320326
d:209:1.3114067218822356e-06,3.284704287709891,3.284704314098036,6.569407290401205
d:210:6.402057621812673e-07,3.2847042981797845,3.284704327099371,6.5694079850733935
d:211:1.6414471488701565e-06,3.2847043062564225,3.2847043592614593,6.569407024070733
d:212:-1.2091349557152853e-06,3.2847042981797845,3.2847043284910207,6.569409835805761
d:213:1.1701651594364648e-06,3.284704311176297,3.2847042960109043,6.569407437022042
d:214:1.2187322617762675e-07,3.284704303058259,3.2847043059920438,6.569408487177077
d:215:-1.8579882166136485e-07,3.284704329113227,3.284704291860743,6.569408806772792
d:216:-1.2138914904369358e-06,3.2847043340851236,3.284704327212898,6.569409875189512
d:217:-3.688034873050583e-07,3.2847043096016666,3.284704333917176,6.56940901232233
d:218:-4.033143774506698e-08,3.284704302116559,3.2847043388309434,6.56940868127894
d:219:-9.128303375405267e-07,3.2847042981797845,3.2847043463128447,6.569409557322967
d:220:-2.538755303760354e-07,3.284704287709891,3.2847043452519564,6.569408886837378
d:221:1.1142278388831528e-07,3.284704307930502,3.2847042994259716,6.56940849593369
d:222:-8.729812410734894e-07,3.284704310220624,3.2847043376643725,6.5694095208662375
d:223:-7.52072034870821e-07,3.284704283197163,3.2847043051975895,6.5694093404667875
d:224:-5.828586022715854e-07,3.2847043188482132,3.2847043091142734,6.569409210821089
d:225:1.4066187681294195e-07,3.2847043215255223,3.284704314900864,6.56940849576451
d:226:-2.931077140999605e-07,3.2847043022744344,3.284704318901005,6.569408914283153
d:227:-1.7662440221499764e-06,3.2847043138828926,3.2847043315906816,6.569410411717596
d:228:6.809291708265164e-07,3.284704287709891,3.284704295942534,6.569407902723254
d:229:-1.0018220510943365e-06,3.2847042883930566,3.2847043053557314,6.569409595570839
d:230:-1.1296838415830734e-06,3.2847043052345466,3.2847042996756386,6.569409734594027
d:231:-2.4091758028532695e-06,3.284704313800022,3.2847043036460732,6.569411026621898
d:232:1.966511151252348e-06,3.284704290970593,3.2847042806946956,6.569406605154137
d:233:-1.1747514072624199e-07,3.284704290123665,3.2847042778883146,6.5694086854871205
d:234:-2.2999444428961624e-06,3.2847042940906253,3.284704309922917,6.569410903957985
d:235:2.386387139452495e-06,3.284704315030117,3.28470430634513,6.569406234988108
d:236:1.0130872674096736e-07,3.2847043142181516,3.284704333494508,6.569408546403933
d:237:8.68036771350944e-08,3.2847043229131305,3.284704336580953,6.569408572690406
d:238:6.882815615227855e-07,3.284704285051861,3.284704310202361,6.5694079069726605
d:239:4.6388250218853955e-07,3.2847043106262976,3.284704300945897,6.569408147689693
d:240:6.577795286233368e-07,3.2847042981797845,3.2847042975537946,6.56940793795405
d:241:7.285168663884178e-07,3.284704288502727,3.284704308350591,6.569407868336452
d:242:3.360351463754796e-08,3.284704313800022,3.2847043025188576,6.569408582715365
d:243:-7.22857301127533e-07,3.2847043166616423,3.2847043056167653,6.569409345135709
d:244:-2.0952844792532233e-07,3.2847043076174547,3.2847043074671927,6.569408824613095
d:245:7.752027624263746e-07,3.2847042856140227,3.284704305374726,6.569407815785986
d:246:-3.4567042916933133e-07,3.284704308987049,3.284704291541386,6.569408946198864
d:247:5.246385264001674e-07,3.2847043039541894,3.2847042913110904,6.5694080706267535
d:248:4.350295679245164e-07,3.2847042961554944,3.28470430544051,6.569408166566436
d:249:6.357555193403641e-07,3.2847042940906253,3.284704284960947,6.569407943296053
d:250:-8.168394405316803e-07,3.284704309380471,3.284704279946256,6.569409406166168
d:251:1.2498009382966302e-07,3.2847042940906253,3.2847042829774313,6.569408452087963
d:252:2.052800807561539e-06,3.284704317155134,3.284704274637461,6.569406538991787
d:253:5.606531505719659e-07,3.284704303503208,3.2847043348457508,6.569408077695808
d:254:-4.4619826944369834e-07,3.284704292305401,3.284704308423496,6.569409046927166
d:255:-5.647946963449613e-07,3.284704315030117,3.284704312553133,6.569409192377947
d:256:2.970399393120715e-07,3.2847043101686015,3.284704300850768,6.56940831397943
d:257:-6.569291723934612e-07,3.2847043355265804,3.284704294920676,6.569409287376429
d:258:-2.3590000886031248e-07,3.284704329113227,3.284704311124065,6.569408876137301
d:259:-1.1354546458619552e-06,3.284704310220624,3.284704304189562,6.569409749864832
d:260:1.1226340159709025e-06,3.28470431787313,3.28470428128138,6.569407476520494
d:261:-2.70190247064761e-07,3.284704299939305,3.284704284802837,6.569408854932389
d:262:5.403798706282714e-07,3.28470432475088,3.284704293531698,6.5694080779027075
d:263:-5.627867558644084e-07,3.2847043183905047,3.2847043175125563,6.569409198689817
d:264:1.6260290465197613e-06,3.2847042912661806,3.284704311314794,6.569406976551928
d:265:9.130484492914093e-07,3.2847043453713045,3.284704303086377,6.569407735409232
d:266:-4.5177868557289e-08,3.2847043039541894,3.2847043139643404,6.569408663096398
d:267:-2.3806205007304015e-08,3.2847043065847163,3.2847043316705307,6.569408662061452
d:268:9.229506847674429e-07,3.284704303058259,3.2847043260851443,6.5694077061927185
d:269:1.3638016209682746e-06,3.2847042956582264,3.2847043226297874,6.569407254486393
d:270:1.5505778456770258e-06,3.2847042815080894,3.2847043017142585,6.569407032644502
d:271:3.0157480601644693e-07,3.2847043137727567,3.2847043131426794,6.56940832534063
d:272:1.9150886956254e-06,3.284704303058259,3.2847043288824658,6.569406716852029
d:273:3.3675335053828803e-07,3.284704299939305,3.2847042915484277,6.569408254734382
d:274:1.3386855783892315e-06,3.284704314186218,3.2847042821198755,6.569407257620515
d:275:-6.892994246499029e-07,3.284704287709891,3.2847043221859433,6.569409299195259
d:276:8.173674466149805e-07,3.2847042924675556,3.2847043239241316,6.5694077990242405
d:277:1.2227715213697365e-06,3.2847043051880522,3.2847043350076337,6.569407417424165
d:278:7.996396238496573e-07,3.2847043244098764,3.2847042965507764,6.569407821321029
d:279:-1.871908390072008e-06,3.2847043005487713,3.284704277982346,6.569410450439507
d:280:-4.6641123851998145e-07,3.2847043377784892,3.2847042747780044,6.569409078967732
d:281:8.684633456823576e-07,3.284704307930502,3.284704285393506,6.569407724860662
d:282:-6.290354015447974e-08,3.2847043221860037,3.2847042829347934,6.569408668024337
d:283:-4.97252905518053e-09,3.2847042814750953,3.284704301357401,6.569408587805025
d:284:-1.201837639186465e-06,3.284704322612093,3.284704309383322,6.569409833833054
d:285:-1.6179212654066077e-06,3.284704287709891,3.284704343120117,6.569410248751273
d:286:-7.671570045886256e-08,3.2847043377784892,3.2847043203779656,6.569408734872155
d:287:-9.539716891993066e-07,3.2847043330254095,3.2847043043903046,6.569409591387403
d:288:5.422509783414853e-07,3.2847043340851236,3.284704322405343,6.569408114239488
d:289:3.8080471931323245e-07,3.2847042811594545,3.284704344892514,6.569408245247249
d:290:-8.83772884208156e-07,3.284704290970593,3.2847042946370237,6.569409469380501
d:291:-1.7447422404615054e-06,3.284704305954035,3.2847042968608964,6.569410347557172
d:292:-5.662375563986188e-07,3.284704329512852,3.2847042882847397,6.569409184035148
d:293:-8.47084333344128e-07,3.2847043327096017,3.284704302109901,6.569409481903836
d:294:5.559217637340907e-07,3.2847042856140227,3.284704282574012,6.569408012266271
d:295:1.0835969064260098e-06,3.284704313370632,3.2847042968601965,6.569407526633922
d:296:-1.3349537120177501e-07,3.284704310220624,3.284704278586849,6.569408722302844
d:297:-1.1371525925341075e-06,3.2847043166616423,3.2847042868916922,6.569409740705927
d:298:1.463964771630799e-08,3.2847043052345466,3.2847042860798066,6.5694085766747055
d:299:-8.935447706193145e-07,3.2847042948450014,3.2847043026794083,6.56940949106918
d:300:1.0790792170922714e-06,3.284704287709891,3.284704268674547,6.569407477305221
d:301:8.545555001404637e-07,3.284704312328051,3.2847043154137268,6.569407773186278
d:302:4.0291497782618535e-07,3.284704287088953,3.284704313353915,6.56940819752789
d:303:-2.4114791763452104e-07,3.2847042818383,3.2847042932349257,6.569408816221143
d:304:-1.0980400162452497e-06,3.2847043084974192,3.2847042982524677,6.569409704789903
d:305:6.842061388567799e-07,3.2847042818383,3.28470429416128,6.569407891793441
d:306:6.929582223591524e-07,3.2847043065847163,3.284704300664817,6.569407914291311
d:307:1.612284483698545e-06,3.284704354010337,3.28470427468932,6.569407016415173
d:308:-4.138452300850304e-07,3.2847043377784892,3.2847042833825135,6.569409035006233
d:309:-2.8925832573634125e-07,3.284704300489402,3.284704296616784,6.569408886364512
d:310:-1.3087702654956956e-07,3.2847043096016666,3.284704294108961,6.569408734587654
d:311:-6.942502377427218e-07,3.2847043672310434,3.284704264067271,6.569409325548552
d:312:-2.164642918245363e-07,3.2847042940906253,3.2847042728444507,6.569408783399368
d:313:-2.261496536704044e-07,3.2847042981263304,3.284704296352677,6.569408820628661
d:314:8.443106533917444e-07,3.2847043213086984,3.2847042799600494,6.569407756958094
d:315:-2.051746371023455e-06,3.284704300489402,3.2847042668685464,6.569410619104319
d:316:1.0204479785613785e-06,3.284704354010337,3.2847042897844254,6.569407623346784
d:317:4.0353000407833406e-07,3.284704313580386,3.2847042954462395,6.569408205496622
d:318:-3.5624687200197513e-08,3.284704328797371,3.284704288550092,6.56940865297215
d:319:-9.884967333562145e-08,3.2847043244871177,3.284704290402452,6.569408713739243
d:320:-1.379889694064218e-06,3.2847043101686015,3.284704272066037,6.5694099621243325
d:321:-1.3128375009330284e-07,3.2847043280036807,3.284704278936429,6.56940873822386
d:322:1.0402016688004778e-06,3.2847042924675556,3.284704299509775,6.569407551775662
d:323:-7.560588599631046e-08,3.2847043234328055,3.2847042834108056,6.569408682449497
d:324:1.3493291461941226e-06,3.2847043340851236,3.2847042777656306,6.569407262521608
d:325:-2.5808144812344835e-06,3.284704293386575,3.284704263685704,6.56941113788676
d:326:2.1946712536191626e-06,3.2847043377791643,3.284704267616636,6.569406410724547
d:327:2.657115061310833e-08,3.284704302116559,3.2847042850753567,6.569408560620765
d:328:-7.458983191099833e-07,3.284704290970593,3.2847042659257255,6.569409302794638
d:329:1.9786481839645376e-06,3.2847043124521065,3.284704284177055,6.569406617980977
d:330:1.2423231474656404e-06,3.2847043443740684,3.284704273147227,6.569407375198148
d:331:1.1511084334614452e-06,3.2847042956582264,3.2847042868141685,6.569407431363961
d:332:-7.734493046029911e-08,3.284704349494806,3.284704278262442,6.569408705102179
d:333:8.977042877944541e-07,3.284704338431446,3.2847043138270866,6.569407754554245
d:334:-3.507259336288371e-07,3.2847043014674746,3.2847043062298287,6.569408958423237
d:335:1.5856677251235851e-06,3.2847043182907214,3.28470428761684,6.5694070202398365
d:336:-8.15661572062254e-07,3.2847043180894016,3.2847042790936207,6.569409412844594
d:337:-1.7914357091086686e-06,3.2847043424824474,3.284704276881696,6.569410410799852
d:338:-1.4471189260234496e-06,3.2847043100600644,3.284704292924472,6.569410050103462
d:339:-3.340636229864913e-07,3.284704305954035,3.284704295639374,6.569408935657032
d:340:-6.537977430554065e-07,3.2847043362117514,3.2847042734197345,6.569409263429229
d:341:1.220808684365693e-06,3.284704331331575,3.2847042648388243,6.569407375361715
d:342:-1.3722501179813662e-07,3.2847043084974192,3.2847043004664993,6.56940874618893
d:343:-8.526744821324428e-07,3.2847042856140227,3.2847042740404575,6.569409412328962
d:344:7.069864160769157e-07,3.284704329113227,3.28470430773306,6.569407929859871
d:345:5.273654881676748e-07,3.2847043213086984,3.284704266551607,6.569408060494817
d:346:2.1847223692361695e-06,3.284704305276218,3.284704263498462,6.569406384052311
d:347:-2.883454524038598e-07,3.2847043343002973,3.284704295917024,6.5694089185627735
d:348:-1.4248519502046975e-06,3.284704314186218,3.2847042987082578,6.569410037746426
d:349:6.549877316075481e-07,3.2847043177693855,3.2847042847789574,6.569407947560611
d:350:5.810366339176198e-07,3.2847042856140227,3.28470431311818,6.569408017695569
d:351:1.0644937002979304e-06,3.2847043221860037,3.2847043145809174,6.569407572273221
d:352:4.857747040176719e-07,3.2847043450646414,3.2847042900882375,6.569408149378175
d:353:2.711242395037061e-07,3.284704347250047,3.2847042965025466,6.569408372628354
d:354:-2.1016742142165867e-06,3.284704343225618,3.284704310657455,6.569410755557287
d:355:1.0926748021944377e-06,3.284704322612093,3.2847043126242514,6.569407542561542
d:356:5.304388750460021e-07,3.2847043065847163,3.2847043211138676,6.569408097259709
d:357:-2.03075390459162e-06,3.2847043362117514,3.28470427727307,6.569410644238726
d:358:6.334338440439069e-07,3.2847043065847163,3.2847043174529365,6.569407990603809
d:359:7.545879299186709e-07,3.284704330062233,3.284704334598217,6.5694079100725205
d:360:3.0681924556574813e-08,3.2847043213086984,3.2847042868916354,6.569408577518409
d:361:2.2111795949797397e-07,3.2847043317366644,3.2847042909886177,6.569408401607323
d:362:1.4255163129917037e-06,3.284704338388007,3.28470427568565,6.569407188557344
d:363:3.9857551925592816e-08,3.284704313800022,3.2847043004798664,6.5694085744223365
d:364:-1.8013669560446033e-06,3.2847043377784892,3.284704276639763,6.5694104157852085
d:365:9.745239708536246e-07,3.284704357176034,3.2847042725592015,6.569407655211265
d:366:1.259576547951724e-06,3.284704343225618,3.2847042829154347,6.569407366564505
d:367:-6.295488983454334e-07,3.284704330062233,3.2847043041483257,6.569409263759457
d:368:-1.706743002927169e-06,3.2847042948450014,3.2847043398859377,6.569410341473942
d:369:-1.158526485411926e-06,3.2847043147483603,3.2847043221361414,6.569409795410987
d:370:-2.3920600256133184e-07,3.2847043443740684,3.284704320306231,6.569408903886302
d:371:7.389225284981649e-07,3.2847043672310434,3.28470430326103,6.569407931569545
d:372:-4.2531499211406754e-07,3.284704348073884,3.284704299517209,6.569409072906085
d:373:1.681072649972748e-07,3.2847043444095263,3.2847043109656244,6.569408487267886
d:374:-6.656111750658056e-08,3.28470432475088,3.2847043552735116,6.569408746585509
d:375:-1.410639320909013e-07,3.2847043215255223,3.284704295724172,6.569408758313626
d:376:1.3370384888133913e-06,3.2847043243051885,3.2847043112026544,6.569407298469354
d:377:1.003132625854164e-06,3.284704299939305,3.2847043217896257,6.569407618596305
d:378:-6.893345112501947e-07,3.284704317155134,3.284704321195589,6.569409327685234
d:379:3.3841246604993103e-07,3.2847042856140227,3.284704300041147,6.569408247242704
d:380:3.821972054396383e-07,3.2847043417070143,3.2847042748222375,6.569408234332046
d:381:1.1349677020433546e-06,3.284704292305401,3.2847043479092903,6.569407505246989
d:382:-1.194442795338091e-06,3.2847043039180583,3.284704319072075,6.569409817432929
d:383:-3.8224989751256544e-07,3.284704350737048,3.2847043092114525,6.569409042198398
d:384:-7.5711153080249e-07,3.2847043101686015,3.284704333902935,6.5694094011830675
d:385:-1.2404027618373448e-06,3.2847043377784892,3.2847043246474126,6.569409902828664
d:386:-1.145963352655599e-06,3.284704270990506,3.2847043303281183,6.569409747281977
d:387:-1.0668011061198968e-06,3.284704343225618,3.2847043232882545,6.569409733314979
d:388:-5.594829666222267e-07,3.2847043177693855,3.284704277966183,6.569409155218535
d:389:6.111778318995675e-07,3.284704331331575,3.284704307222576,6.569408027376319
d:390:-1.3251812980286104e-07,3.2847043184733042,3.284704322017502,6.569408773008936
d:391:-1.3157257683360513e-07,3.284704267342862,3.284704356485447,6.569408755400886
d:392:-1.0764723015199706e-06,3.284704310404411,3.2847043374167146,6.569409724293427
d:393:5.808954561814517e-07,3.284704338431446,3.2847043252928856,6.5694080828288755
d:394:-5.340679010146232e-08,3.2847043221860037,3.2847043204481654,6.569408696040959
d:395:1.1589953157198352e-06,3.284704296763877,3.2847043498221495,6.569407487590711
d:396:-1.8198988271933558e-06,3.2847043147483603,3.284704312203788,6.569410446850975
d:397:6.780304726561326e-07,3.2847043041438884,3.284704312816052,6.5694079389294675
d:398:1.125500309839822e-06,3.284704323104908,3.284704331589479,6.569407529194077
d:399:2.9548403723822503e-07,3.284704309617922,3.2847043105499925,6.569408324683877
d:400:1.5400525796849251e-06,3.284704290970593,3.2847042990514357,6.569407049969449
d:401:1.2290786042257196e-06,3.2847043255250536,3.2847042906812174,6.569407387127667
d:402:-3.53331000013668e-08,3.284704354010337,3.284704331975698,6.569408721319135
d:403:-1.0846264579811304e-06,3.2847043100600644,3.2847043286321185,6.569409723318641
d:404:-1.003302584123844e-06,3.284704320975571,3.284704293240244,6.569409617518399
d:405:-6.516306072512634e-08,3.2847043166616423,3.2847042972054172,6.56940867903012
d:406:-1.8658200851007223e-07,3.2847043489299335,3.2847043003960437,6.569408835907986
d:407:5.340015096777506e-07,3.2847043443740684,3.2847043038858565,6.569408114258415
d:408:2.2044163241474735e-06,3.2847043065847163,3.2847043285588597,6.569406430727252
d:409:-7.521679901145717e-07,3.284704314186218,3.2847043034623535,6.569409369816562
d:410:1.2001739406741763e-06,3.2847043289881714,3.284704314916956,6.569407443731187
d:411:-3.8983226424704753e-07,3.284704314186218,3.2847043322258074,6.56940903624429
d:412:-7.417147198651719e-07,3.2847042785863234,3.2847043473656736,6.569409367666717
d:413:-3.4755860411905815e-07,3.284704343225618,3.284704333371147,6.5694090241553695
d:414:-1.2526095325426922e-06,3.2847043213086984,3.284704344989148,6.569409918907379
d:415:-1.2994764624352229e-06,3.2847043289881714,3.284704314560795,6.569409943025429
d:416:-2.537355960896548e-07,3.2847042948450014,3.2847043012093167,6.569408849789914
d:417:1.6281754078306676e-07,3.284704328690708,3.284704322175079,6.569408488048246
d:418:1.1862065569800961e-06,3.2847043250104555,3.2847042934840065,6.569407432287905
d:419:1.4177134488591037e-06,3.2847043440145622,3.284704324796431,6.5694072510975445
d:420:-1.7381809218619537e-06,3.2847043362117514,3.284704330492106,6.5694104048847795
d:421:1.1361657303865513e-06,3.2847043328337424,3.284704342966961,6.569407539634973
d:422:3.754818749257538e-07,3.284704348397101,3.2847043365566524,6.5694083094718785
d:423:-1.153106763851497e-06,3.2847043221860037,3.2847043369757234,6.569409812268491
d:424:-7.52249571078778e-07,3.2847043247785823,3.284704320588615,6.569409397616768
d:425:-5.028775333926205e-07,3.2847043187423566,3.2847043329097634,6.569409154529653
d:426:7.558748720271069e-07,3.2847043252295514,3.2847043266377653,6.569407895992445
d:427:-2.3152881958310445e-06,3.284704343225618,3.284704332657382,6.569410991171196
d:428:-6.355163275628684e-07,3.2847043004896452,3.2847043109944636,6.569409247000436
d:429:-1.0182290868243626e-06,3.284704328690708,3.2847043232493327,6.569409670169128
d:430:-7.545424622890096e-07,3.2847043418822945,3.2847043365206474,6.569409432945404
d:431:6.264503316089076e-07,3.284704336920452,3.284704307922212,6.569408018392332
d:432:3.819612768296565e-07,3.2847043560373077,3.284704338437944,6.569408312513975
d:433:-3.0462447320189767e-07,3.2847043356308276,3.28470430720483,6.569408947460131
d:434:6.715448623850762e-07,3.2847043278230057,3.284704310782919,6.569407967061062
d:435:-1.7751918282016277e-06,3.2847043506761615,3.284704329124187,6.569410454992177
d:436:6.751327692455789e-07,3.2847043255994492,3.2847043394442945,6.5694079899109745
d:437:-1.3461231382905225e-06,3.284704333844836,3.2847043664909883,6.569410046458962
d:438:-8.365621209094343e-07,3.2847043378371374,3.284704330789843,6.5694095051891015
d:439:-1.4033844752958657e-06,3.2847043115335133,3.284704337626298,6.569410052544287
d:440:1.0752442669570428e-07,3.2847043377784892,3.284704359577093,6.569408589831156
d:441:8.394545556456023e-07,3.284704310404411,3.2847043045296243,6.56940777547948
d:442:1.0012178908169744e-06,3.284704324082183,3.2847043278606023,6.569407650724894
d:443:1.5776108543974487e-06,3.2847043064872654,3.2847043441789054,6.5694070730553165
d:444:8.927355743537646e-08,3.284704318730462,3.2847043237178966,6.569408553174801
d:445:2.0427489033636448e-08,3.284704324888555,3.2847043317937388,6.5694086362548045
d:446:1.1483016795210688e-06,3.284704291423294,3.2847042994473394,6.569407442568954
d:447:-7.457077906281029e-07,3.284704338431446,3.284704318687435,6.569409402826672
d:448:-1.336493649972681e-06,3.2847043161030474,3.2847043276801298,6.569409980276827
d:449:-1.778783786932081e-07,3.2847043262215223,3.2847043182739615,6.5694088223738625
d:450:-9.620361218765083e-07,3.2847043213086984,3.2847043184555496,6.56940960180037
d:451:9.183609588347963e-07,3.2847043147483603,3.2847043335912662,6.569407729978668
d:452:1.9716046537610055e-06,3.2847043180196174,3.2847043327137744,6.569406679128738
d:453:1.48040150804718e-06,3.284704353280123,3.2847043412810617,6.569407214159677
d:454:9.220220373862276e-07,3.2847043305876635,3.2847043386597115,6.569407747225338
d:455:-2.1519451465223938e-07,3.2847043377784892,3.2847043120254984,6.569408864998502
d:456:-2.337985112177421e-07,3.2847043084974192,3.284704329071351,6.569408871367282
d:457:1.37899385954654e-06,3.284704335825012,3.284704323970436,6.569407280801588
d:458:4.4045647129564713e-07,3.284704335612032,3.284704336868458,6.569408232024019
d:459:2.5441367235146117e-07,3.284704334693041,3.284704296342831,6.569408376622199
d:460:1.6977613572777273e-06,3.2847043213086984,3.2847043265192895,6.569406950066631
d:461:1.6413148529181854e-07,3.2847043378177307,3.284704292642477,6.569408466328722
d:462:-7.797204037984784e-07,3.2847043262215223,3.284704317611739,6.569409423553665
d:463:-1.7626154669159178e-06,3.2847043335214785,3.2847043031245793,6.569410399261525
d:464:-8.179696262544667e-07,3.2847042950351053,3.2847042907208905,6.569409403725622
d:465:1.1845143212951825e-06,3.2847043506761615,3.284704298603158,6.569407464764998
d:466:-3.169274176428871e-07,3.284704333995606,3.2847042866595455,6.569408937582569
d:467:-2.6788343809869275e-07,3.2847042902550196,3.284704288075808,6.569408846214266
d:468:3.093211731197698e-08,3.284704338518466,3.2847042795551857,6.569408587141535
d:469:3.480580073045303e-07,3.2847043116667933,3.2847043423043942,6.56940830591318
d:470:-2.0284730339881207e-08,3.2847043243051885,3.284704309475684,6.569408654065603
d:471:-2.773189056171077e-07,3.2847043213086984,3.28470431433435,6.569408912961954
d:472:-9.475700384342645e-07,3.2847043035901073,3.284704321077534,6.56940957223768
d:473:4.963829969284461e-07,3.2847043187423566,3.2847043296072034,6.569408151966563
d:474:1.843061658846068e-06,3.284704354010337,3.28470433439907,6.569406845347748
d:475:-3.0734657503472818e-06,3.2847043511107525,3.284704290878617,6.56941171545512
d:476:1.5502558703417435e-07,3.2847043362117514,3.284704306855737,6.569408488041901
d:477:2.1245396819580264e-06,3.2847043240916918,3.28470429469248,6.56940649424449
d:478:1.5662636592139734e-06,3.2847043135793523,3.284704304243096,6.569407051558789
d:479:6.45110652897074e-07,3.2847043291687417,3.284704310326674,6.569407994384763
d:480:-4.7096430577653337e-07,3.2847043101686015,3.284704281144073,6.56940906227698
d:481:1.0071740561556908e-06,3.284704321582618,3.284704300274859,6.569407614683421
d:482:-6.604416267208535e-07,3.2847043506761615,3.284704288606907,6.569409299724695
d:483:6.875052243060509e-07,3.284704339521321,3.2847042706460226,6.569407922662119
d:484:-2.186194915765327e-06,3.2847043450646414,3.284704284455124,6.569410815714681
d:485:-3.420349159455327e-07,3.2847043187423566,3.284704280110814,6.569408940888087
d:486:-2.0663512145802088e-07,3.284704340776294,3.2847042798662187,6.569408827277634
d:487:7.547358595871856e-07,3.2847043377784892,3.2847043142285255,6.569407897271155
d:488:-8.199336676284474e-08,3.28470431192088,3.284704292241461,6.5694086861557075
d:489:-1.6367536428418816e-06,3.2847043377791643,3.2847043298420555,6.569410304374863
d:490:-1.4115530575509183e-06,3.2847042986187844,3.2847042884246633,6.569409998596505
d:491:2.103919102935947e-06,3.284704270671334,3.2847043040574952,6.569406470809726
d:492:3.30217154953516e-07,3.2847043147483603,3.2847043045965076,6.569408289127713
d:493:-8.763584347093456e-08,3.2847042950351053,3.28470429595378,6.569408678624729
d:494:9.620889933614762e-07,3.2847043490475247,3.2847042949433103,6.569407681901842
d:495:-5.324331198153232e-07,3.284704295900273,3.2847043046131894,6.569409132946582
d:496:2.811783534895085e-07,3.2847043008173173,3.2847042809362925,6.569408300575256
d:497:-5.600490080581721e-07,3.2847043252295514,3.2847042968920537,6.569409182170613
d:498:-4.5733657927371496e-07,3.2847043289881714,3.2847042712740553,6.569409057598806
d:499:-2.60273205654471e-07,3.28470434766224,3.284704334998411,6.5694089429338565
d:500:1.3295526031242844e-06,3.284704313370632,3.2847043001094054,6.5694072839274344
d:501:-9.523009758538592e-08,3.2847043466618615,3.284704339357905,6.569408781249864
d:502:5.389270274491764e-07,3.2847043278230057,3.284704303527267,6.569408092423245
d:503:-8.006567409069021e-07,3.2847043252295514,3.2847043444789854,6.569409470365278
d:504:2.2340688410338316e-07,3.284704310404411,3.2847043042568647,6.569408391254392
d:505:2.3749771536074604e-06,3.2847042986187844,3.2847042858938806,6.5694062095355115
d:506:-1.2866419467627566e-06,3.284704326143597,3.2847043102109232,6.569409922996467
d:507:4.425675985686439e-07,3.284704338518466,3.2847042905156787,6.569408186466546
d:508:-3.2253693227346503e-07,3.2847042814504572,3.284704296071178,6.569408900058567
d:509:4.0295335956841427e-07,3.284704321194928,3.2847043075103315,6.5694082257519
d:510:3.0240334147890735e-07,3.2847043362117514,3.284704345051775,6.569408378860185
d:511:5.449487670006192e-07,3.2847043024971185,3.2847043268031495,6.569408084351501
d:512:-6.286065232785631e-07,3.2847042916752773,3.2847043351390504,6.569409255420851
d:513:-2.8629683690439833e-07,3.28470432168794,3.2847043291086813,6.569408937093458
d:514:1.1705981926013465e-06,3.28470429462719,3.2847043582434594,6.569407482272457
d:515:-1.0829883088092629e-06,3.284704300489402,3.2847043485549854,6.569409732032696
d:516:1.2238853344115341e-06,3.28470430235806,3.2847043495357084,6.569407428008434
d:517:-2.3384582092944584e-07,3.2847043262215223,3.284704313487051,6.569408873554394
d:518:1.7781968857377706e-06,3.284704288478835,3.284704323118744,6.569406833400693
d:519:1.309923048253836e-06,3.2847043335954904,3.2847043073354616,6.569407331007904
d:520:4.798149859652767e-07,3.2847043377784892,3.284704301208974,6.569408159172477
d:521:-5.052531815152861e-07,3.2847043321602225,3.2847043568863086,6.569409194299713
d:522:6.789839872567427e-07,3.2847043506761615,3.284704302526695,6.569407974218869
d:523:-1.0257809197611323e-06,3.284704295219349,3.284704306740183,6.569409627740452
d:524:-4.3813077965637603e-07,3.2847042868798475,3.28470431722036,6.569409042230987
d:525:3.4496931533567476e-07,3.2847042655992222,3.284704274430993,6.5694081950609
d:526:-1.9021474653158066e-06,3.2847043223561236,3.2847042901970696,6.5694105147006585
d:527:-1.163128384717993e-07,3.2847042694818196,3.284704282430072,6.56940866822473
d:528:-3.6220744981108055e-07,3.284704295900273,3.2847042729509095,6.569408931058632
d:529:-1.3759941097646333e-07,3.284704332853927,3.284704300948828,6.569408771402166
d:530:4.938481676930451e-07,3.284704332790872,3.284704306741242,6.569408145683946
d:531:-3.83710510476476e-07,3.284704343225618,3.2847043168938406,6.569409043829969
d:532:5.383757955002011e-07,3.284704350603741,3.284704310403743,6.569408122631689
d:533:8.242509110800711e-07,3.284704324082183,3.284704318473878,6.56940781830515
d:534:1.8820582781131634e-07,3.284704299131594,3.2847043058417835,6.5694084167675495
d:535:-1.0780795012266253e-06,3.2847043150081934,3.2847043003032397,6.569409693390934
d:536:6.402027015184331e-07,3.2847043116667933,3.284704296862051,6.569407968326143
d:537:1.2961102058284268e-07,3.284704288786285,3.2847042964111584,6.569408455586423
d:538:9.508636793498226e-07,3.284704324082183,3.284704316866211,6.569407690084715
d:539:1.3212697691500352e-06,3.284704331331575,3.284704299278177,6.569407309339983
d:540:4.359795511277298e-07,3.2847043213086984,3.284704290565685,6.569408175894832
d:541:1.1772772126050768e-06,3.284704333163173,3.284704295393576,6.569407451279536
d:542:2.1265991634322745e-08,3.2847042952349064,3.2847042928482164,6.569408566817131
d:543:-1.044963937602006e-06,3.28470432168794,3.2847042977990384,6.569409664450916
d:544:-1.0785270063706776e-06,3.2847042950351053,3.284704309499114,6.569409683061226
d:545:1.5436810478774987e-06,3.284704299131594,3.2847043054156604,6.569407060866206
d:546:-9.502804054761782e-08,3.2847043252295514,3.2847043076930458,6.569408727950638
d:547:4.4188433356850965e-07,3.2847042380499385,3.2847043344542595,6.569408130619864
d:548:-5.453820790535246e-07,3.2847042800558555,3.2847043172602675,6.569409142698202
d:549:1.4213809951257872e-06,3.284704343225618,3.284704314166712,6.569407236011335
d:550:-3.654473701431016e-08,3.284704325313271,3.2847042845619487,6.569408646419957
d:551:8.611955273352123e-07,3.2847043322325753,3.2847042984253285,6.5694077694623765
d:552:-1.8644861352612452e-06,3.2847043213086984,3.284704326556559,6.569410512351393
d:553:1.734549645249217e-06,3.2847043220941945,3.2847043189712313,6.5694069065157805
d:554:-5.982225914635819e-08,3.2847042941989137,3.28470429079605,6.569408644817223
d:555:-8.590458833168668e-08,3.2847043443740684,3.284704319725323,6.56940875000398
d:556:-2.1709094450983457e-06,3.284704271362701,3.2847043356718135,6.5694107779439594
d:557:-9.187709366642594e-07,3.2847042462541385,3.2847043370883053,6.5694095021133805
d:558:-1.3998113068680595e-07,3.2847043506761615,3.28470430276694,6.569408793424232
d:559:-1.1715476837537153e-06,3.2847042911816757,3.284704317289952,6.569409780019312
d:560:-1.4443024252130954e-06,3.2847043161030474,3.284704296473297,6.56941005687877
d:561:4.840266054628728e-07,3.284704334693041,3.28470432299544,6.569408173661875
d:562:-3.1273125777886435e-07,3.284704299713196,3.2847043020762996,6.5694089145207535
d:563:-8.710884831231169e-07,3.28470424816231,3.2847043020045152,6.569409421255308
d:564:1.3386690174144178e-06,3.2847043262215223,3.2847043051416396,6.5694072926941445
d:565:-1.7756591219608708e-06,3.2847043180196174,3.284704289783166,6.569410383461905
d:566:1.1908190717946354e-06,3.2847043083823824,3.284704286903855,6.5694074044671655
d:567:9.407093415347845e-08,3.28470432168794,3.2847042676435088,6.5694084952605145
d:568:3.382605733293076e-07,3.2847042522997416,3.284704338662893,6.569408252702061
d:569:-1.0252342974581552e-08,3.2847043025309244,3.284704317745927,6.569408630529194
d:570:-2.6032471289738623e-07,3.28470432168794,3.2847042965749615,6.569408878587614
d:571:1.613796413835189e-06,3.2847042988027564,3.284704332192671,6.569407017199014
d:572:1.698554084939019e-06,3.284704234192324,3.2847043396501387,6.569406875288378
d:573:-1.6094023695956139e-06,3.2847043289881714,3.2847043161351817,6.569410254525723
d:574:1.3473724713719548e-07,3.284704348397101,3.284704312649737,6.569408526309591
d:575:6.84154528585168e-07,3.2847043213086984,3.2847043310788013,6.569407968232971
d:576:7.948846043603908e-07,3.2847043177693855,3.2847043268140474,6.569407849698829
d:577:3.3966159840304044e-07,3.2847042941989137,3.28470427322115,6.569408227758466
d:578:2.695007257358384e-07,3.2847043439753847,3.2847043417722617,6.569408416246921
d:579:1.7018099818244536e-07,3.284704299549329,3.284704258894383,6.569408388262714
d:580:-1.3789118984419702e-06,3.2847042863634197,3.2847043084517242,6.569409973727042
d:581:-1.0333538504880835e-06,3.2847042446181742,3.2847043207372515,6.569409598709276
d:582:-6.833946475381936e-07,3.2847043177693855,3.2847043217811134,6.5694093229451465
d:583:8.688974730830523e-07,3.2847042784402465,3.28470430491047,6.569407714453243
d:584:6.290285874399615e-07,3.28470433178809,3.2847043055061693,6.569408008265672
d:585:1.0826269551955647e-06,3.284704338518466,3.2847043203455044,6.569407576237015
d:586:4.717978292489988e-07,3.284704325313271,3.284704316203726,6.569408169719168
d:587:4.158179933710926e-08,3.2847042863553764,3.2847042934671595,6.569408538240737
d:588:7.35826031217357e-08,3.284704310404411,3.284704293239784,6.569408530061592
d:589:-5.321395555313302e-07,3.284704299332555,3.284704310915558,6.569409142387668
d:590:-6.09891426250897e-08,3.2847042421894486,3.2847043133736626,6.569408616552254
d:591:5.120359141130848e-07,3.284704270257949,3.284704318208526,6.569408076430561
d:592:4.08887720126927e-07,3.284704350737048,3.2847042937157287,6.5694082355650565
d:593:9.800732456710648e-07,3.284704267811959,3.284704300980673,6.569407588719386
d:594:-3.71116817277084e-07,3.284704334693041,3.2847042990150346,6.569409004824893
d:595:1.1346823924895943e-07,3.2847043362117514,3.2847042871498235,6.569408509893336
d:596:7.943678301813861e-07,3.2847043230129653,3.2847043328499748,6.56940786149511
d:597:1.7423176821296238e-06,3.284704323104908,3.2847043502158098,6.569406931003035
d:598:-3.389470375481096e-07,3.284704275971622,3.2847043129855873,6.569408927904247
d:599:4.890905405119383e-07,3.2847042973759493,3.2847043233824866,6.569408131667895
d:600:1.4778604207066337e-06,3.2847043213086984,3.2847043101633275,6.569407153611605
d:601:3.6063586605905584e-07,3.2847042954750254,3.2847043117420327,6.569408246581192
d:602:1.6461791219057886e-07,3.284704343225618,3.2847043535216045,6.5694085321293105
d:603:-9.70353271512181e-07,3.2847043458551664,3.284704335723596,6.569409651932034
d:604:-6.37076386311719e-07,3.2847042651616647,3.284704289582498,6.569409191820549
d:605:2.8691093945099055e-07,3.284704325313271,3.2847043132223703,6.569408351624702
d:606:1.7519147164080096e-06,3.28470432934747,3.284704293122248,6.569406870555001
d:607:1.4293851968716353e-07,3.2847043110079,3.2847042954307497,6.56940846350013
d:608:-8.994939015849468e-07,3.2847043490475247,3.2847042957022836,6.56940954424371
d:609:1.603906559566326e-06,3.284704276462646,3.2847042876975436,6.56940696025363
d:610:3.8477560515559617e-07,3.284704323795431,3.2847042877942485,6.569408226814074
d:611:-1.782407041517331e-06,3.284704302047473,3.2847043027861016,6.569410387240616
d:612:-8.044185673128368e-07,3.2847042651616647,3.2847042832056044,6.569409352785836
d:613:1.0127214657984496e-06,3.284704265905683,3.2847043092402632,6.56940756242448
d:614:-1.1676667810434083e-07,3.28470429658295,3.2847043575033616,6.56940877085299
d:615:-5.6993643582359255e-08,3.2847043289881714,3.2847043191388163,6.569408705120631
d:616:-1.4843019044974426e-06,3.2847042709110905,3.2847043362623243,6.569410091475319
d:617:-9.523257507026983e-07,3.2847043015412627,3.284704278289322,6.569409532156335
d:618:-3.0017135443927145e-07,3.2847042950351053,3.2847043101190216,6.569408905325481
d:619:-1.3242977789929e-06,3.284704287607555,3.2847043144684136,6.569409926373748
d:620:2.257159488650018e-06,3.2847042694818196,3.2847042991122706,6.5694063114346015
d:621:1.4802697929638953e-06,3.2847043012677197,3.2847043081139073,6.569407129111834
d:622:8.347327362656642e-07,3.2847042987201487,3.2847042718182333,6.569407735805646
d:623:1.2254393055854962e-07,3.2847043396406033,3.28470430886626,6.569408525962933
d:624:5.057389831364389e-07,3.2847043306695127,3.284704278179845,6.569408103110375
d:625:-1.3140355825669303e-07,3.284704328989683,3.284704274023829,6.56940873441707
d:626:1.1565677375813266e-06,3.2847043311105573,3.2847042999179425,6.569407474460762
d:627:-7.720393355725719e-07,3.2847042855898305,3.284704261378586,6.569409319007752
d:628:-9.050091485107714e-07,3.2847043162673444,3.284704294318418,6.569409515594911
d:629:1.4987181611303413e-06,3.2847042694818196,3.2847042743511263,6.569407045114785
d:630:-1.1617745876435492e-07,3.28470432168794,3.284704267568628,6.569408705434027
d:631:-1.7565223764393068e-07,3.284704330503244,3.2847043132154408,6.569408819370922
d:632:1.3544201618032048e-06,3.284704305609548,3.28470428650321,6.569407237692596
d:633:-2.4683493826671565e-07,3.2847042651616647,3.284704275455228,6.569408787451831
d:634:-1.5224436733518587e-06,3.284704333995606,3.284704290562365,6.569410147001644
d:635:-5.000516711817227e-07,3.284704260090731,3.2847042811150704,6.569409041257472
d:636:-4.3236005176083836e-07,3.28470430235806,3.2847042830812736,6.569409017799385
d:637:-6.610631384518229e-07,3.2847043319860454,3.2847042808104288,6.569409273859613
d:638:3.9283457198280303e-07,3.28470434306554,3.284704282580172,6.56940823281114
d:639:-2.5532678904482964e-07,3.284704277760353,3.284704287512609,6.569408820599751
d:640:1.203901312862854e-06,3.2847042702047933,3.284704283325551,6.5694073496290315
d:641:1.0363107332267418e-06,3.284704338518466,3.284704294872828,6.569407597080561
d:642:-9.781033671885098e-07,3.2847042868270897,3.2847043009156316,6.5694095658460885
d:643:3.3490883311060315e-07,3.2847042825119885,3.284704306232907,6.5694082538360625
d:644:-3.2649008296914417e-07,3.28470427259084,3.284704263090532,6.569408862171455
d:645:-5.043923803071948e-07,3.284704260768839,3.284704329311511,6.56940909447273
d:646:2.083011697351367e-06,3.2847042709110905,3.284704319561408,6.569406507460801
d:647:9.5759199680856e-07,3.284704330772753,3.284704277936566,6.569407651117322
d:648:-1.0256962337251707e-06,3.2847042936878967,3.2847043244726066,6.569409643856737
d:649:9.818766528724154e-07,3.2847043279916104,3.284704280517886,6.569407626632843
d:650:-8.677416438729324e-07,3.284704335612032,3.2847042794349015,6.569409482788577
d:651:2.036385154724485e-06,3.284704288965859,3.2847043124961246,6.569406565076829
d:652:1.0449964698011627e-06,3.2847042585795645,3.2847043150332293,6.569407528616324
d:653:-9.473475195420633e-07,3.2847043431233782,3.284704306722954,6.569409597193852
d:654:4.8995957513398025e-08,3.284704299131594,3.2847042765859538,6.56940852672159
d:655:-9.501252602461818e-07,3.284704281401634,3.284704305939794,6.569409537466688
d:656:4.5064215115075967e-07,3.2847042562751128,3.2847042612183213,6.569408066851283
d:657:-1.6231258470611465e-07,3.2847042907151724,3.284704264363862,6.569408717391619
d:658:1.657619382200437e-06,3.2847043262215223,3.2847042678462817,6.569406936448422
d:659:-1.0938462526866033e-06,3.2847043292864484,3.284704293702072,6.569409716834773
d:660:-2.3328151499413252e-07,3.284704295900273,3.284704255344778,6.569408784526566
d:661:3.552153540198333e-07,3.284704288703029,3.2847042770277337,6.569408210515409
d:662:-4.874503023444277e-07,3.2847043418822945,3.284704268865287,6.569409098197884
d:663:2.2840688096437134e-07,3.2847042711923446,3.2847043035343795,6.569408346319843
d:664:3.8664366641683046e-07,3.2847042951726877,3.2847042579364185,6.56940816646544
d:665:5.478386455592954e-07,3.28470432168794,3.2847043096837467,6.569408083533041
d:666:-1.4195112800763354e-06,3.284704318730462,3.2847043211260285,6.569410059367771
d:667:9.235857536538106e-07,3.2847042987201487,3.284704286974689,6.569407662109084
d:668:-7.304231850469023e-07,3.284704271362701,3.2847042868983536,6.5694092886842395
d:669:-9.246226149173253e-07,3.2847042718290087,3.284704294957292,6.569409491408916
d:670:4.776063970979294e-07,3.284704299131594,3.284704285553058,6.569408107078255
d:671:-6.474006042367364e-07,3.284704323795431,3.284704292331284,6.569409263527319
d:672:-2.098879896550443e-07,3.284704288965859,3.2847042934046176,6.569408792258466
d:673:1.1614192647613208e-06,3.284704300766066,3.284704282992612,6.569407422339413
d:674:2.345429805927779e-07,3.2847042721863087,3.2847043122619564,6.569408349905284
d:675:-4.99852751190133e-07,3.284704292664598,3.2847042897270082,6.569409082244357
d:676:1.97685176672735e-07,3.284704338518466,3.2847042906935684,6.569408431526858
d:677:-1.1440267932982806e-07,3.284704289442308,3.2847042792079346,6.569408683052922
d:678:6.651486295083942e-08,3.2847043180196174,3.284704291385614,6.569408542890368
d:679:-4.6527438080090633e-07,3.284704302047473,3.2847042711977448,6.5694090385195985
d:680:3.632201757142184e-07,3.2847042694818196,3.284704265642519,6.569408171904163
d:681:-3.7088496540604865e-07,3.2847042855898305,3.284704273025568,6.569408929500364
d:682:-2.4718431035353206e-07,3.284704306074973,3.284704284869365,6.569408838128648
d:683:5.919980914370626e-07,3.284704289530886,3.284704313470023,6.5694080110028175
d:684:-1.769726445388642e-07,3.2847042881796202,3.284704295105918,6.569408760258183
d:685:1.2716110404653591e-06,3.2847043418822945,3.2847042953272254,6.5694073655984795
d:686:-6.096298932334321e-07,3.2847042709110905,3.2847042645408635,6.569409145081847
d:687:9.358257475611254e-07,3.2847042920763165,3.284704293111975,6.569407649362544
d:688:-7.02285021247917e-07,3.284704350737048,3.284704317284344,6.569409370306413
d:689:-1.6911101710093135e-06,3.284704295704673,3.284704334533421,6.569410321348265
d:690:-6.047851872637011e-07,3.2847042847116814,3.2847042846278622,6.569409174124731
d:691:-6.755082733178597e-07,3.284704283406322,3.2847042783591895,6.569409237273785
d:692:8.124728552161287e-07,3.28470433178809,3.2847042599110488,6.5694077792262835
d:693:-1.4968493999845123e-07,3.2847042446181742,3.284704271223024,6.569408665526138
d:694:-2.7066229257854957e-07,3.2847042949799086,3.284704294367211,6.569408860009412
d:695:1.139826041551828e-06,3.284704271362701,3.284704292055931,6.56940742359259
d:696:6.907874219308496e-07,3.2847042950351053,3.2847042926275662,6.56940789687525
d:697:1.1153051637791123e-07,3.284704324082183,3.284704341206689,6.569408553758356
d:698:-1.001221866303581e-06,3.284704272380207,3.284704309890662,6.569409583492735
d:699:-7.846376384179621e-07,3.284704301864677,3.284704327036305,6.5694094135386205
d:700:1.7960013654061413e-06,3.2847043161030474,3.2847043113367658,6.569406831438448
d:701:-8.399645246015552e-07,3.284704280434406,3.284704271417054,6.569409391815984
d:702:-4.2721716653204567e-07,3.284704288965859,3.2847043073538575,6.569409023536883
d:703:-4.640118902443646e-07,3.2847043039011616,3.2847043134921456,6.5694090814051975
d:704:-6.131743521819999e-07,3.2847042881409614,3.2847043253307717,6.569409226646085
d:705:-9.214724254746898e-07,3.2847042557542423,3.2847042925975938,6.5694094698242615
d:706:1.192958761109253e-06,3.284704274741612,3.28470426965114,6.569407351433991
d:707:-9.06690068802618e-07,3.2847042986187844,3.2847042913448696,6.569409496653723
d:708:6.152562193051381e-07,3.28470427200914,3.284704284815618,6.569407941568539
d:709:-3.5643170726018525e-07,3.2847042689402777,3.284704327824663,6.569408953196648
d:710:-7.234070285022653e-07,3.284704302417035,3.2847043197459396,6.569409345570003
d:711:1.1073316645848763e-06,3.284704331135071,3.2847043236526225,6.569407547456029
d:712:3.249338664801371e-07,3.284704278525105,3.2847042968268543,6.569408250418093
d:713:1.6222419905176366e-06,3.28470430235806,3.2847043001092597,6.569406980225329
d:714:-6.279502127171099e-07,3.2847043029347027,3.284704318668023,6.569409249552939
d:715:-1.4578495637351807e-06,3.2847042957221806,3.284704317529089,6.569410071100833
d:716:1.4726472485904196e-08,3.284704301685215,3.2847042823561896,6.569408569314932
d:717:9.693503386642988e-07,3.2847042665239776,3.284704283881222,6.569407581054861
d:718:-8.941076448110152e-07,3.2847042948771676,3.284704299250455,6.569409488235268
d:719:-7.039387028839883e-07,3.2847043180196174,3.2847042911563626,6.569409313114683
d:720:3.50560377171405e-07,3.284704295900273,3.284704265115222,6.5694082104551175
d:721:5.983350863658643e-07,3.2847042899617964,3.284704263446235,6.569407955072945
d:722:2.435890120722206e-07,3.2847043135793523,3.284704298793187,6.569408368783527
d:723:-7.776349875143751e-08,3.284704339667833,3.284704342557939,6.569408759989271
d:724:1.1715362902009474e-06,3.2847043017953954,3.2847043285887825,6.569407458847888
d:725:-1.0769705500734972e-06,3.2847042640171242,3.2847042777317217,6.569409618719396
d:726:9.61052966985676e-07,3.284704234192324,3.2847042980442502,6.569407571183607
d:727:2.9500123535086686e-06,3.2847042800769817,3.2847042912061823,6.5694056212708105
d:728:3.9568374177179066e-07,3.284704288965859,3.2847043144199617,6.569408207702079
d:729:1.407246484674829e-06,3.2847043571066763,3.284704318339932,6.569407268200123
d:730:1.0907907022073005e-06,3.28470426944431,3.284704282317202,6.56940746097081
d:731:-1.3018958728849839e-06,3.284704277959749,3.284704299017898,6.56940987887352
d:732:-1.343849127977137e-06,3.284704280434406,3.2847042858811513,6.569409910164685
d:733:-3.4828135220266176e-07,3.2847043083823824,3.284704299422085,6.5694089560858195
d:734:-1.4189676633691306e-06,3.2847042847116814,3.2847043042576587,6.5694100079370035
d:735:9.292592206833206e-07,3.2847042665239776,3.2847042607270414,6.569407597991798
d:736:1.4080627170898197e-06,3.284704272730316,3.28470426610326,6.569407130770859
d:737:4.759964546963147e-07,3.2847042948855183,3.2847042776525814,6.569408096541645
d:738:-4.167346272510031e-07,3.2847042884053756,3.284704280410889,6.569408985550892
d:739:-5.477013225174687e-07,3.2847043072576234,3.284704284492772,6.569409139451718
d:740:-3.981683605047692e-08,3.2847042694818196,3.2847043140314227,6.569408623330078
d:741:-1.6374411515585052e-06,3.2847042718290087,3.284704323735948,6.569410233006108
d:742:-1.0381274666571016e-06,3.2847042784402465,3.2847042895308487,6.569409606098562
d:743:2.413354245334176e-07,3.2847043607997204,3.28470432878391,6.569408448248206
d:744:-5.379806200522808e-07,3.284704288965859,3.284704335996622,6.569409162943101
d:745:-3.485813344639155e-07,3.2847042806881888,3.2847042940780575,6.569408923347581
d:746:-5.7484506044147565e-09,3.2847042713192813,3.284704304734584,6.569408581802316
d:747:-7.076407513295635e-07,3.2847042446181742,3.2847042828827213,6.569409235141647
d:748:-8.028011713179239e-07,3.2847042709110905,3.2847043108364193,6.569409384548681
d:749:-9.65486531612214e-07,3.284704272304854,3.2847043167307284,6.569409554522114
d:750:1.3212772742576817e-07,3.2847043064091874,3.2847043138735366,6.569408488154997
d:751:-2.574768789287418e-07,3.284704280702238,3.284704292684557,6.569408830863674
d:752:9.272446863661798e-07,3.2847043123343838,3.2847043366122115,6.569407721701909
d:753:2.770759373049714e-07,3.284704275898772,3.284704312976782,6.5694083117996165
d:754:-1.4960488528004134e-06,3.28470434306554,3.284704344397692,6.569410183512085
d:755:1.335914507905045e-07,3.284704272380207,3.284704368474186,6.569408507262942
d:756:-1.715605378649343e-06,3.284704288965859,3.2847043322652816,6.569410336836519
d:757:4.497853147711339e-07,3.2847042905019492,3.284704286097689,6.569408126814324
d:758:-7.231662646489667e-07,3.2847042908269657,3.284704295167675,6.569409309160905
d:759:-1.004488421330052e-07,3.2847042847116814,3.284704339703344,6.569408724863868
d:760:1.2967228002480624e-07,3.284704355371831,3.2847043494791386,6.56940857517869
d:761:4.41072170787038e-07,3.2847042907151724,3.2847043368220525,6.569408186465054
d:762:-2.1007976869213962e-07,3.2847042709763183,3.2847042963880746,6.569408777444162
d:763:1.1841668907663916e-06,3.2847043255994492,3.2847043223323293,6.569407463764888
d:764:8.26035611467546e-07,3.2847042942321654,3.2847043012177224,6.569407769414276
d:765:5.195564849458378e-07,3.284704277760353,3.284704307558849,6.569408065762717
d:766:-2.9534758461124966e-07,3.2847043816003936,3.284704342524357,6.569409019472335
d:767:1.182688979639579e-06,3.2847042718290087,3.2847043149280193,6.569407404068048
d:768:-7.210618893083165e-07,3.284704288965859,3.2847042973850833,6.5694093074128315
d:769:1.7680960517907351e-06,3.2847042922804217,3.2847043264987636,6.569406850683134
d:770:-7.111161970385638e-07,3.2847042847116814,3.284704350593911,6.569409346421789
d:771:1.24939870360663e-06,3.2847043446725355,3.2847043381025394,6.569407433376371
d:772:-1.1217862176948756e-06,3.28470433178809,3.2847043357288968,6.569409789303204
d:773:1.6302734273665465e-07,3.28470428362402,3.284704290351124,6.569408410947801
d:774:-4.792695857958051e-07,3.2847043123343838,3.284704347684503,6.569409139288473
d:775:1.5257845173977103e-06,3.2847042694818196,3.2847043132240117,6.569407056921314
d:776:-2.434555916863701e-07,3.284704366250507,3.2847043247331484,6.569408934439247
d:777:-2.069771777968299e-06,3.2847042665239776,3.284704313847744,6.5694106501434995
d:778:1.6165964673575672e-06,3.284704274741612,3.2847043103202935,6.569406968465438
d:779:3.5687758703772943e-07,3.28470432124789,3.2847043043758415,6.569408268746145
d:780:7.16132054989771e-07,3.284704338518466,3.284704291010165,6.569407913396576
d:781:-8.613470399154721e-07,3.2847043700609113,3.2847043801896803,6.5694096115976315
d:782:3.7426913657157e-07,3.2847043216871743,3.284704365692736,6.569408313110774
d:783:9.268852796395777e-07,3.2847042935442996,3.2847043319542646,6.5694076986132846
d:784:1.5584423103121026e-06,3.2847042709110905,3.284704344561714,6.569407057030494
d:785:-1.4697483106118625e-06,3.2847042912063387,3.284704345336152,6.5694101062908015
d:786:-8.27506992706617e-07,3.2847042868798475,3.284704330928225,6.569409445315065
d:787:-9.29952648220933e-09,3.2847042585795645,3.284704336957292,6.569408604836383
d:788:-5.109142371395592e-07,3.2847042986187844,3.2847043195613974,6.569409129094419
d:789:-6.632574756082477e-07,3.2847043797299342,3.2847043313191726,6.5694093743065824
d:790:-1.5433050624125144e-06,3.2847043032850145,3.284704304366416,6.569410150956493
d:791:1.5402550879173305e-07,3.2847042446181742,3.284704306703434,6.569408397296099
d:792:-1.4688280618457839e-06,3.284704295900273,3.2847043033410035,6.569410068069338
d:793:4.298626823384666e-07,3.2847042951761356,3.2847043002610903,6.5694081655745435
d:794:-2.031443974814806e-06,3.284704305357062,3.284704298866412,6.569410635667449
d:795:3.115160858158106e-07,3.2847042846754952,3.2847042905020007,6.56940826366141
d:796:-2.6008925857468057e-07,3.2847042638764083,3.284704346647631,6.569408870613298
d:797:-3.406843873676735e-07,3.284704301864677,3.2847043467267447,6.569408989275809
d:798:-2.0631282993122113e-07,3.28470432168794,3.284704322146249,6.569408850147019
d:799:-1.6523376800137157e-07,3.284704293912366,3.284704326947544,6.569408786093678
d:800:-1.7503070814939292e-07,3.2847043161030474,3.2847043047795648,6.56940879591332
d:801:-1.2039798633622922e-06,3.284704302732676,3.2847043130917086,6.569409819804248
d:802:-1.2866889775864365e-06,3.284704267811959,3.284704291150698,6.569409845651634
d:803:1.5295269744086681e-06,3.2847043700609113,3.284704302058257,6.569407142592194
d:804:-8.145973851014787e-08,3.2847043123343838,3.284704349756078,6.5694087435502
d:805:-1.5890621014591488e-06,3.2847042847116814,3.2847043175867334,6.569410191360516
d:806:4.0304632342724744e-07,3.284704288965859,3.284704298715086,6.5694081846346215
d:807:1.6482859699351593e-07,3.284704280246764,3.284704313887575,6.569408429305742
d:808:-1.2045303918739592e-06,3.2847043057223786,3.2847043363142365,6.569409846567007
d:809:-7.771882035711997e-07,3.2847043534251075,3.2847043374718847,6.569409468085196
d:810:3.627549318707679e-07,3.28470432168794,3.2847043251964525,6.5694082841294605
d:811:-3.9453275846312863e-07,3.2847042559476627,3.2847043033793426,6.569408953859764
d:812:9.702788563714648e-07,3.2847043790766044,3.2847043654869044,6.569407774284652
d:813:-7.189656603401318e-07,3.2847042952349064,3.284704331875755,6.569409346076322
d:814:1.613916523979242e-06,3.2847043790766044,3.284704355393048,6.569407120553128
d:815:-3.406341058109774e-07,3.2847042640171242,3.2847043078337723,6.569408912485002
d:816:-1.980259787259797e-06,3.2847042950351053,3.2847043378092096,6.569410613104102
d:817:-4.133314970289348e-07,3.2847043586216387,3.2847043324947887,6.569409104447924
d:818:9.87845314881497e-07,3.284704290115764,3.284704344018973,6.569407646289422
d:819:-9.695980551782668e-07,3.284704288965859,3.2847043284139996,6.569409586977914
d:820:5.484058078764065e-07,3.2847043032850145,3.28470431547637,6.569408070355577
d:821:-1.6541381953061318e-07,3.2847042863412543,3.284704320468741,6.569408772223815
d:822:-7.726834176935427e-07,3.2847042806478584,3.2847043340618622,6.569409387393138
d:823:-6.869330260173001e-07,3.2847043502544864,3.2847043520280845,6.569409389215597
d:824:-4.064824690175328e-07,3.2847042950351053,3.2847043504967885,6.569409052014363
d:825:-3.380446038647733e-07,3.2847042640171242,3.2847043167283907,6.569408918790119
d:826:-1.3601464114998407e-06,3.2847043790766044,3.284704372159025,6.569410111382041
d:827:-1.8246886330786083e-06,3.284704286769731,3.2847043355031538,6.569410446961518
d:828:5.055042429091827e-07,3.284704343441895,3.284704346040254,6.569408183977906
d:829:-9.420890947353655e-07,3.2847042380499385,3.2847043527160213,6.569409532855055
d:830:-4.614144977210799e-07,3.284704338220969,3.2847043561566167,6.5694091557920835
d:831:-1.9359631586723935e-07,3.284704331533259,3.2847043654756813,6.569408890605256
d:832:1.9019933539254907e-07,3.284704288965859,3.284704358159372,6.5694084569258955
d:833:2.563727168336527e-07,3.2847042709110905,3.2847043411355,6.569408355673874
d:834:-7.853023049619878e-07,3.284704271362701,3.2847043732029153,6.569409429867921
d:835:9.156186031589186e-07,3.284704271362701,3.284704371153195,6.569407726897293
d:836:8.809503047046974e-07,3.2847042709110905,3.2847043429701177,6.5694077329309035
d:837:8.247921510218248e-07,3.284704288965859,3.2847043541276832,6.569407818301391
d:838:-1.4254307956207413e-08,3.284704331533259,3.2847044041650726,6.56940874995264
d:839:-1.4720451826377712e-06,3.284704338220969,3.284704375557821,6.569410185823973
d:840:-6.059645389910884e-07,3.284704271362701,3.2847043515465035,6.569409228873743
d:841:9.6587148057381e-07,3.2847043348750073,3.2847043714772877,6.569407740480814
d:842:-6.298420966999174e-07,3.2847042835547544,3.2847043582321067,6.569409271628958
d:843:3.3900670892705875e-07,3.2847043446725355,3.2847043915962892,6.569408397262116
d:844:4.4415279987219947e-07,3.2847042651616647,3.2847043565297103,6.569408177538575
d:845:2.7337451946607416e-07,3.2847043366159063,3.284704385448256,6.569408448689643
d:846:1.2904235990873758e-06,3.2847043123343838,3.2847043659402786,6.569407387851063
d:847:-1.2115619494323937e-06,3.2847043177533983,3.2847043574739487,6.5694098867892965
d:848:6.908536924754571e-07,3.2847042486188887,3.2847043427704516,6.569407900535648
d:849:6.827411596077582e-07,3.284704299549329,3.284704344622618,6.569407961430787
d:850:2.624437698273141e-07,3.2847042694818196,3.2847043521107793,6.569408359148829
d:851:-3.8527755741313285e-07,3.284704280619721,3.284704376134787,6.569409042032065
d:852:7.808537567655094e-07,3.2847042522997416,3.2847043850211364,6.569407856467121
d:853:5.582208721932602e-07,3.284704298421076,3.2847043623338212,6.569408102534025
d:854:1.849715850710254e-06,3.2847043773782616,3.2847044131732783,6.569406940835689
d:855:-2.997913757241122e-07,3.28470432168794,3.2847044155366323,6.569409037015948
d:856:-8.628263650223289e-07,3.2847042868270897,3.2847043668163405,6.569409516469795
d:857:4.993096727190505e-07,3.284704350255934,3.2847044090845596,6.569408260030821
d:858:1.091355592564014e-06,3.284704234192324,3.284704379002953,6.569407521839684
d:859:7.881367274364948e-07,3.2847043584828803,3.284704387132763,6.569407957478916
d:860:-8.895134637754154e-07,3.2847043032850145,3.2847043839780667,6.569409576776545
d:861:3.96275821046288e-07,3.284704319507835,3.2847043571213472,6.569408280353361
d:862:-2.4634004525125874e-07,3.2847043548350427,3.284704387545599,6.569408988720687
d:863:1.4167137791787354e-06,3.284704288156737,3.2847043706299885,6.569407242072947
d:864:2.5297343420049856e-07,3.284704288965859,3.2847043839154537,6.569408419907878
d:865:9.885548202248629e-07,3.2847042711923446,3.284704352588829,6.569407635226353
d:866:4.658193084594586e-07,3.2847042474441324,3.2847043487670042,6.569408130391828
d:867:1.60882390076722e-07,3.2847042711923446,3.2847043224462737,6.569408432756228
d:868:1.6399047275683643e-07,3.284704288965859,3.284704346904487,6.569408471879873
d:869:1.1351451831842496e-06,3.284704288156737,3.2847043676392023,6.569407520650756
d:870:-6.891410944120935e-07,3.2847043548350427,3.2847044136436025,6.56940945761974
d:871:3.998743913768976e-07,3.2847042951761356,3.284704386243222,6.569408281544966
d:872:-4.2990962789701825e-07,3.2847042908269657,3.284704358337107,6.569409079073701
d:873:-3.98676771595774e-08,3.2847043598295222,3.284704380559246,6.569408780256445
d:874:4.257331216450666e-07,3.284704247265667,3.2847043926373374,6.569408214169883
d:875:1.3231880480191194e-07,3.284704360925467,3.2847043880839024,6.5694086166905645
d:876:-1.3451728619884307e-06,3.2847042775126596,3.2847043532928186,6.56940997597834
d:877:-5.745529563228047e-07,3.2847043317955222,3.284704384672196,6.5694092910206745
d:878:-6.160927430443053e-07,3.2847042949799086,3.284704360503669,6.569409271576321
d:879:4.030924163345162e-07,3.2847042475265074,3.284704359327316,6.569408203761407
d:880:-7.858426513962513e-07,3.284704295900273,3.284704406981964,6.569409488724888
d:881:-8.749817581588104e-08,3.28470430322481,3.284704403364236,6.569408794087222
d:882:5.714630617603689e-07,3.284704335962406,3.284704383650487,6.569408148149831
d:883:-3.030682282911812e-07,3.2847043329972845,3.284704405331956,6.569409041397469
d:884:-1.1297530733145322e-07,3.28470435351902,3.284704400355812,6.569408866850139
d:885:9.308676478525513e-07,3.2847043225586834,3.284704401373128,6.569407793064164
d:886:-2.3981125529815017e-07,3.2847042868798475,3.2847043990283744,6.569408925719477
d:887:1.5919119675800175e-06,3.284704274906858,3.284704384762593,6.569407067757483
d:888:2.8020650688631576e-07,3.284704273136253,3.2847043735078216,6.5694083664375675
d:889:3.828126988736358e-07,3.2847043448173032,3.2847043728518592,6.569408334856464
d:890:-6.560882201966933e-07,3.284704299131594,3.284704377279523,6.569409332499337
d:891:3.3637846641454416e-07,3.284704299253084,3.2847043696229843,6.569408332497602
d:892:-1.8826181911180129e-06,3.2847043241915443,3.2847043403180347,6.56941054712777
d:893:-7.496869969259023e-08,3.2847043023806037,3.2847043236210194,6.569408700970323
d:894:1.3484751146819463e-06,3.2847042764672203,3.284704347637211,6.569407275629317
d:895:-3.4131760351385765e-07,3.2847043683230606,3.284704379160047,6.569409088800711
d:896:-2.7156645643344746e-07,3.284704288965859,3.284704352234856,6.569408912767171
d:897:4.330913885297605e-07,3.284704275971622,3.284704362899987,6.5694082057802206
d:898:1.8178388589973338e-06,3.284704303497916,3.2847043584371995,6.569406844096257
d:899:7.716305816529712e-07,3.2847043452234903,3.284704389467148,6.569407963060057
d:900:1.0646968817695779e-06,3.284704360925467,3.284704366665906,6.569407662894491
d:901:5.266795177760741e-07,3.284704374590479,3.284704403730455,6.569408251641416
d:902:-4.23406495642098e-07,3.284704358538839,3.2847043857681015,6.569409167713436
d:903:1.1202108538554967e-06,3.2847043492534667,3.2847044115455173,6.56940764058813
d:904:1.72241726481559e-06,3.284704333968051,3.2847043836377914,6.569406995188578
d:905:5.439146111285709e-07,3.284704316278079,3.284704393877057,6.569408166240525
d:906:1.1031513089676537e-06,3.2847042651616647,3.2847043828174325,6.569407544827788
d:907:-4.998597251670844e-07,3.2847042920107654,3.284704372730472,6.5694091646009625
d:908:3.261837058232686e-07,3.2847043310558135,3.2847044023164695,6.569408407188577
d:909:-9.110041556681381e-07,3.284704268567042,3.2847043673712975,6.569409546942495
d:910:1.248679875942571e-06,3.2847043421771716,3.2847044034591644,6.56940749695646
d:911:-1.4863045105784067e-06,3.284704277859884,3.284704371674364,6.569410135838758
d:912:-2.8605870383557885e-07,3.284704355371831,3.28470436675296,6.569409008183495
d:913:-6.369262646188645e-07,3.2847042446181742,3.2847043583000683,6.569409239844507
d:914:-6.358262485406385e-07,3.284704344058202,3.284704400006124,6.569409379890574
d:915:5.925356116875946e-07,3.2847042850527295,3.284704348662771,6.569408041179889
d:916:-1.0354072621510113e-07,3.2847042564485793,3.284704385780719,6.5694087457700245
d:917:1.2250360814647365e-06,3.2847043105750835,3.284704361193386,6.569407446732388
d:918:1.1033100957291708e-06,3.2847043225586834,3.284704438584189,6.569407657832777
d:919:2.5860991375026288e-06,3.284704333039226,3.2847044441489484,6.569406191089037
d:920:-3.626666948974844e-07,3.2847043531111613,3.284704418635746,6.569409134413602
d:921:-4.0116917787713646e-08,3.2847043507052867,3.2847044479993084,6.569408838821513
d:922:3.4778966551129997e-07,3.2847043638026854,3.2847044291047514,6.569408445117771
d:923:-3.4945572302547134e-07,3.2847043366159063,3.284704414304896,6.569409100376525
d:924:-3.6492743582527964e-07,3.2847042868085925,3.284704411952232,6.56940906368826
d:925:8.445478236751569e-07,3.2847042694818196,3.2847043929243007,6.569407817858297
d:926:3.5281816934684684e-07,3.28470430698216,3.2847043873581505,6.569408341522141
d:927:6.057948134241542e-07,3.2847043534251075,3.28470438279661,6.569408130426904
d:928:2.6761624205562384e-07,3.2847043187925937,3.2847043751322094,6.569408426308561
d:929:1.3980363178234256e-07,3.284704305302242,3.284704413101741,6.569408578600351
d:930:4.942300613208772e-07,3.284704342085247,3.284704456909868,6.569408304765053
d:931:-4.568465570287117e-07,3.2847042709110905,3.284704421840525,6.569409149598172
d:932:5.34415820041545e-07,3.284704329776586,3.2847044360302196,6.569408231390986
d:933:-1.8443525462430443e-06,3.2847042997780544,3.284704386567034,6.569410530697635
d:934:-8.402343816271696e-07,3.2847043084677985,3.284704385139502,6.569409533841682
d:935:-1.8427995129854935e-08,3.28470434818796,3.2847044097678033,6.569408776383758
d:936:-6.238714433948189e-08,3.284704288965859,3.284704383761694,6.569408735114697
d:937:1.3042256821194087e-06,3.284704299248702,3.284704388621501,6.569407383644521
d:938:4.600029441803599e-07,3.2847043109002563,3.28470439354062,6.569408244437932
d:939:-7.841967715194187e-07,3.2847043530529856,3.284704410968006,6.569409548217763
d:940:-3.478911203558255e-07,3.284704325807194,3.284704400300365,6.5694090739986795
d:941:2.147121774598304e-06,3.284704344888068,3.2847043998031413,6.569406597569435
d:942:9.545878327799073e-07,3.284704366325684,3.284704391545972,6.5694078032838235
d:943:7.934846912860394e-08,3.2847043452234903,3.2847044151949287,6.56940868106995
d:944:-4.882504480718808e-07,3.2847043225586834,3.2847043665339317,6.569409177343063
d:945:-8.232863510926336e-07,3.284704309121377,3.2847043815942083,6.569409514001936
d:946:-6.42366675407402e-08,3.2847042828820303,3.2847043898725836,6.5694087369912815
d:947:4.206247403715224e-07,3.284704302417035,3.284704357920605,6.5694082397128994
d:948:8.48676288356387e-07,3.284704350255934,3.2847044162918095,6.569407917871455
d:949:-1.9272519296009705e-06,3.28470430634556,3.284704349450589,6.569410583048079
d:950:2.7744319197609e-07,3.2847042863412543,3.28470437602021,6.5694083849182725
d:951:9.421855651225997e-08,3.284704336098633,3.2847044183958403,6.569408660275917
d:952:8.156275477233521e-08,3.2847042709110905,3.284704388081158,6.569408577429494
d:953:-9.66157799098255e-07,3.284704342085247,3.2847044022960414,6.569409710539087
d:954:8.201389611883769e-07,3.2847042905019492,3.2847043749357976,6.569407845298786
d:955:-1.7688279640992732e-07,3.284704314891142,3.2847044022034257,6.569408893977364
d:956:-5.180478304112057e-07,3.284704357927282,3.284704380399303,6.569409256374415
d:957:1.988177817935366e-07,3.2847042640171242,3.284704373754078,6.56940843895342
d:958:-6.974610364807177e-07,3.28470432100543,3.2847043957229527,6.569409414189419
d:959:-3.623878139791259e-07,3.28470435351902,3.284704392320595,6.569409108227429
d:960:5.441188299926125e-07,3.284704355371831,3.28470440564122,6.569408216894221
d:961:-4.508496331823153e-07,3.2847042627243823,3.284704412125649,6.569409125699664
d:962:2.473435110061928e-07,3.28470429823302,3.2847044124434817,6.569408463332991
d:963:-9.73585207120209e-07,3.2847042868270897,3.284704391397053,6.56940965180935
d:964:-1.6782841463225395e-06,3.284704301685215,3.2847044001051042,6.569410380074466
d:965:-2.0349484408654916e-07,3.2847042945104103,3.2847044036459216,6.569408901651176
d:966:-2.1665947080862225e-07,3.2847042847116814,3.284704378035711,6.569408879406863
d:967:9.599496682000108e-07,3.2847043387487247,3.2847043848089204,6.569407763607977
d:968:1.1248809315134167e-06,3.284704336952167,3.2847044235978746,6.56940763566911
d:969:1.937960229625446e-06,3.2847042993281246,3.2847044054342778,6.569406766802173
d:970:-1.1792672136579085e-06,3.284704247265667,3.284704382108325,6.569409808641206
d:971:3.8079652320277546e-07,3.2847042890320584,3.28470438917304,6.569408297408575
d:972:8.0425570558873e-07,3.2847043225586834,3.284704408660229,6.569407926963207
d:973:7.247553117650796e-07,3.284704271362701,3.28470437444148,6.569407921048869
d:974:-2.7524491130748174e-08,3.284704376472364,3.2847044024832694,6.569408806480125
d:975:-2.1126568938711898e-08,3.2847042655992222,3.2847043585881277,6.569408645313919
d:976:-1.4258896392504994e-06,3.2847043773782616,3.2847043722455993,6.5694101755135
d:977:-2.3593496027984884e-06,3.2847042863553764,3.284704367980069,6.569411013685048
d:978:1.1511799780095089e-06,3.2847043594382512,3.284704390850253,6.569407599108526
d:979:-6.574496982381106e-07,3.284704302732676,3.284704363139781,6.569409323322155
d:980:4.936478781303322e-07,3.2847042882369664,3.2847043648321854,6.569408159421274
d:981:1.3512045118346805e-06,3.2847043343369204,3.284704424481582,6.569407407613991
d:982:2.445488558322495e-07,3.284704316456807,3.28470440758149,6.569408479489441
d:983:1.8811098172477614e-06,3.2847042881796202,3.2847043993029263,6.569406806372729
d:984:2.125047178225259e-07,3.2847042562751128,3.2847044090348465,6.569408452805241
d:985:-4.15832312583575e-07,3.2847042692192066,3.2847044011609494,6.5694090862124686
d:986:-3.8994196494002153e-07,3.284704299024032,3.284704394138652,6.569409083104649
d:987:-1.9120261303129382e-06,3.284704309121377,3.284704422434471,6.569410643581978
d:988:-9.375407152845128e-07,3.2847042964569457,3.284704441920292,6.569409675917953
d:989:-6.834974630720581e-07,3.28470429707796,3.2847043911660467,6.56940937174147
d:990:-1.0047353775632928e-06,3.2847042794362515,3.2847043856279523,6.569409669799581
d:991:-2.04301928263817e-07,3.284704261932305,3.2847043890481213,6.569408855282354
d:992:4.813036316164698e-07,3.284704288965859,3.2847044120035065,6.569408219665734
d:993:2.176335378578642e-08,3.2847043573576684,3.284704408333768,6.569408743928083
d:994:-1.1122392358231536e-06,3.2847043427095812,3.2847044372601193,6.569409892208936
d:995:-2.3745266553021338e-07,3.2847043192840406,3.2847043859451244,6.5694089426818305
d:996:-7.45962065451522e-08,3.2847042702317495,3.284704399231506,6.569408744059462
d:997:1.0906595981907685e-07,3.2847043399505385,3.2847044147101947,6.569408645594773
d:998:-2.0704320569109314e-07,3.2847042797664496,3.284704425757022,6.5694089125666775
d:999:-4.3945761163399766e-07,3.2847043589703357,3.2847044318831635,6.569409230311111
d:1000:-3.84097305072828e-08,3.2847042694818196,3.284704384949398,6.569408692840948
d:1001:-9.78843937460283e-07,3.2847043492534667,3.28470442382285,6.569409751920254
d:1002:-1.5355767324365388e-07,3.284704271362701,3.2847044101297964,6.5694088350501705
d:1003:-1.3175981994351105e-06,3.2847043225586834,3.284704413541178,6.569410053698061
d:1004:5.7972796341232424e-08,3.284704286150472,3.2847043695509495,6.569408597728625
d:1005:-9.79191446148775e-07,3.284704286180318,3.2847043772399136,6.569409642611678
d:1006:-1.3191511012422552e-06,3.28470430322481,3.2847044008220667,6.569410023197978
d:1007:-3.3162797663521815e-07,3.284704374590479,3.2847043505210927,6.5694090567395484
d:1008:1.2027405542625047e-06,3.284704288965859,3.2847043996912575,6.569407485916562
d:1009:-1.4960053498214165e-06,3.28470428362402,3.284704385673672,6.569410165303042
d:1010:4.3532418203540146e-07,3.2847042794362515,3.284704394887491,6.569408238999561
d:1011:-3.648169162318027e-07,3.2847042906646813,3.284704411663119,6.569409067144717
d:1012:4.165253706389649e-07,3.2847043104602456,3.284704415426223,6.569408309361098
d:1013:7.751621744489512e-07,3.2847043171968444,3.2847044189715326,6.569407961006203
d:1014:-2.7050190176680644e-07,3.2847043109002563,3.284704421264099,6.569409002666257
d:1015:7.456483874790365e-07,3.284704299024032,3.2847044252058275,6.569407978581472
d:1016:-4.274373992529945e-07,3.284704250863852,3.2847043631971076,6.569409041498359
d:1017:5.616809986008775e-07,3.2847042446181742,3.284704398981411,6.569408081918587
d:1018:-6.845062934246471e-07,3.2847043162673444,3.2847043810871295,6.569409381860767
d:1019:-7.83761571199193e-07,3.2847043634812696,3.284704369406544,6.569409516649385
d:1020:6.34200851834521e-08,3.2847043225586834,3.2847044080764434,6.569408667215042
d:1021:-4.833325082387319e-07,3.284704292435837,3.2847043632079433,6.5694091389762885
d:1022:1.4859688857171705e-06,3.2847042901097154,3.2847043664936013,6.569407170634431
d:1023:1.6953780992423617e-06,3.284704342085247,3.2847044292224084,6.569407075929556
d:1024:-5.365119335465351e-07,3.2847042903900956,3.2847043857551803,6.5694092126572095
d:1025:-7.648814985827812e-07,3.284704354014579,3.284704381074306,6.569409499970384
d:1026:1.6518342960125665e-07,3.284704284526711,3.2847044097816855,6.569408529124967
d:1027:1.254263585437343e-06,3.284704288156737,3.2847044068605413,6.569407440753693
d:1028:-1.0124562539459703e-06,3.2847042721084865,3.284704381227737,6.569409665792477
d:1029:-2.3435086351497603e-06,3.284704361269627,3.2847043695021174,6.56941107428038
d:1030:-8.658131100958144e-08,3.2847042683924688,3.2847044118564064,6.569408766830186
d:1031:-1.0548286564215914e-06,3.2847042966119613,3.2847044108215364,6.569409762262154
d:1032:1.654283874330531e-07,3.2847043123343838,3.2847044161523673,6.569408563058364
d:1033:-6.462503048254575e-07,3.284704234192324,3.2847044252755744,6.569409305718203
d:1034:-9.344976135139405e-07,3.284704303247807,3.284704438774348,6.5694096765197685
d:1035:1.4663801159997547e-06,3.284704355544486,3.2847044306799695,6.5694073198443395
d:1036:-1.4115536490777458e-06,3.2847043790766044,3.2847044159487044,6.569410206578958
d:1037:-2.564164436336114e-07,3.284704288153458,3.2847044119810693,6.569408956550971
d:1038:-5.057451186729622e-07,3.2847042711923446,3.2847044006961728,6.569409177633636
d:1039:-7.757029543142835e-07,3.2847042506355013,3.284704432592516,6.569409458930972
d:1040:1.496560827263238e-06,3.2847042722147197,3.2847043899900736,6.569407165643966
d:1041:-1.6388524937127613e-06,3.284704250034295,3.284704392864148,6.569410281750937
d:1042:-1.5224942018221554e-07,3.2847042642301005,3.2847044416282802,6.569408858107801
d:1043:-2.609690330501735e-07,3.2847042806881888,3.2847043894838066,6.569408931141028
d:1044:-6.274578829845723e-07,3.2847042881796202,3.2847043834333345,6.569409299070838
d:1045:-6.242530350419884e-07,3.2847043023806037,3.2847043674257907,6.5694092940594295
d:1046:1.2803391644666817e-06,3.2847043711758843,3.2847043969142096,6.569407487750929
d:1047:3.308381089084378e-07,3.2847043242675973,3.2847044106328767,6.569408404062365
d:1048:-1.8739010556600988e-06,3.2847042664874806,3.284704409316314,6.56941054970485
d:1049:-1.6724184330740854e-06,3.2847042609518358,3.2847044408390946,6.5694103742093635
d:1050:-5.008121970462298e-07,3.284704360925467,3.2847044032504513,6.569409264988115
d:1051:-5.766772765980477e-07,3.2847042997851847,3.2847044359976785,6.56940931246014
d:1052:-8.626742182826774e-07,3.2847042721863087,3.2847044148707383,6.569409549731265
d:1053:-1.753133851423172e-07,3.2847043244640783,3.2847044344227303,6.569408934200194
d:1054:-6.519991249120949e-07,3.2847042586957613,3.2847043777413916,6.569409288436278
d:1055:1.0724239274395586e-07,3.2847043805890888,3.284704392740988,6.569408666087684
d:1056:-1.5461617408618622e-07,3.2847042903900956,3.284704404292894,6.569408849299164
d:1057:3.6380442125505397e-07,3.2847043492534667,3.284704395392371,6.569408380841416
d:1058:1.0217129968737027e-06,3.284704247265667,3.2847044261069698,6.56940765165964
d:1059:1.5752830329063272e-06,3.2847043206191895,3.2847044507469096,6.569407196083066
d:1060:7.915807636038608e-07,3.284704295704673,3.284704397698391,6.5694079018223
d:1061:3.9524433503856926e-07,3.284704303619561,3.2847043936745877,6.569408302049814
d:1062:-8.715074883980378e-08,3.2847043225586834,3.2847044391215867,6.569408848831019
d:1063:-8.423845034855049e-07,3.2847043156761195,3.284704381345989,6.569409539406612
d:1064:2.093913984424489e-06,3.2847042709110905,3.284704397398647,6.569406574395753
d:1065:4.1956128349340815e-07,3.2847043192840406,3.284704368097003,6.56940826781976
d:1066:-9.214448954963927e-07,3.2847043109002563,3.284704410879078,6.56940964322423
d:1067:2.0066637951288158e-07,3.28470433905739,3.284704401560319,6.569408539951329
d:1068:-3.8738514618330555e-07,3.2847043472008686,3.2847043903180246,6.569409124904039
d:1069:1.0747871872496262e-06,3.284704355371831,3.2847044147287043,6.569407695313348
d:1070:-2.402856544847509e-07,3.284704309103656,3.284704412513971,6.569408961903282
d:1071:1.3392100104425708e-06,3.2847043029347027,3.284704386632786,6.569407350357478
d:1072:1.3707654389349955e-07,3.2847043123343838,3.2847044043777753,6.569408579635615
d:1073:1.4403800960849367e-06,3.2847043790766044,3.2847044005222745,6.569407339218783
d:1074:1.3790385029466279e-06,3.2847043683230606,3.284704402140882,6.56940739142544
d:1075:2.8536634744114053e-07,3.2847043244031315,3.2847044126215437,6.569408451658328
d:1076:2.0765571200342947e-06,3.2847043241866416,3.284704414422791,6.569406662052312
d:1077:3.7946215769579794e-07,3.284704291368067,3.2847043649213017,6.569408276827211
d:1078:-9.231746460613977e-07,3.2847042709110905,3.2847043968449174,6.569409590930654
d:1079:-1.8539211197321492e-06,3.2847043156761195,3.2847043780798106,6.56941054767705
d:1080:-4.274715408314478e-07,3.2847043225586834,3.284704401154432,6.569409151184656
d:1081:-2.808465602299748e-07,3.284704303619561,3.284704374598377,6.569408959064498
d:1082:9.162000935702963e-09,3.284704287705443,3.2847043863104712,6.569408664853913
d:1083:-8.308755141683832e-07,3.284704344892397,3.2847043995974836,6.569409575365395
d:1084:6.512526695701126e-07,3.284704233653164,3.284704359118381,6.569407941518875
d:1085:7.144363376454521e-07,3.284704359192256,3.284704369324462,6.5694080140803806
d:1086:7.172170697344882e-07,3.28470426996628,3.2847043789004253,6.569407931649636
d:1087:-2.2126887877504942e-07,3.28470430584405,3.2847043623801095,6.5694088894930385
d:1088:1.9703842433216323e-06,3.2847042737770717,3.2847043441099792,6.569406647502808
d:1089:-3.363432217184936e-07,3.2847043499575523,3.2847043924432615,6.569409078744036
d:1090:-6.693992116169056e-07,3.284704253456413,3.284704374234476,6.5694092970901
d:1091:-1.6378169078734572e-06,3.2847043320336606,3.28470441438054,6.569410384231109
d:1092:-1.2708598369215451e-06,3.284704288965859,3.2847043824347644,6.56940994226046
d:1093:-2.48033401817338e-07,3.28470429746333,3.284704371682535,6.569408917179267
d:1094:-7.640238219863704e-07,3.284704344058202,3.2847044055700625,6.5694095136520865
d:1095:-1.224965663126909e-06,3.284704290033119,3.284704371027418,6.5694098860262
d:1096:-1.131132641774002e-06,3.2847042548554732,3.284704348750129,6.569409734738244
d:1097:-2.609075782089576e-07,3.284704280405716,3.2847043966559824,6.569408937969277
d:1098:1.785787720365306e-06,3.284704323193024,3.2847044067304036,6.569406944135707
d:1099:1.2193303984275872e-06,3.284704366325684,3.2847043659624013,6.569407512957687
d:1100:2.4184332225729577e-07,3.2847043229151893,3.2847043453758484,6.5694084264477155
d:1101:-1.6572868606345992e-06,3.2847042847116814,3.284704392169182,6.569410334167724
d:1102:5.414915964507827e-07,3.2847042881796202,3.284704363618008,6.569408110306032
d:1103:-5.687756967631685e-07,3.2847042830595523,3.2847043537707155,6.5694092056059645
d:1104:-7.805731350174483e-08,3.284704272730316,3.2847043867742105,6.56940873756184
d:1105:3.535012176314467e-07,3.2847042711923446,3.28470433941386,6.569408257104987
d:1106:-1.1697452517722695e-06,3.2847043032850145,3.2847043852476503,6.569409858277917
d:1107:7.711911180763309e-07,3.2847042884053756,3.284704402276345,6.569407919490603
d:1108:-3.8852054728977237e-07,3.284704331533259,3.2847043868214207,6.569409106875227
d:1109:-7.55179380362847e-07,3.28470434846521,3.2847043859294516,6.569409489574042
d:1110:4.394028252363569e-09,3.2847043028940615,3.2847044181772294,6.569408716677263
d:1111:-1.3259958109301806e-06,3.2847042794362515,3.2847043993946805,6.569410004826743
d:1112:-2.3294113482563716e-07,3.2847042611938946,3.284704339137411,6.5694088332724405
d:1113:-8.949528886859071e-07,3.2847043077662477,3.2847043620377185,6.569409564756855
d:1114:2.83085478613998e-07,3.2847043357686356,3.2847043900198027,6.56940844270296
d:1115:4.788224625684734e-07,3.284704286180318,3.2847043491458923,6.569408156503748
d:1116:2.046237025155051e-06,3.284704288965859,3.284704352414046,6.56940659514288
d:1117:2.3146502314830286e-07,3.2847043320336606,3.28470438470824,6.5694084852768775
d:1118:-3.272222137695735e-07,3.284704253456413,3.2847043429614597,6.569408923640086
d:1119:-2.976428064016545e-07,3.284704354014579,3.284704371586276,6.5694090232436615
d:1120:-1.4155346228506005e-07,3.2847042882369664,3.284704377098528,6.569408806888957
d:1121:2.932815963418989e-07,3.2847042718290087,3.284704373192426,6.569408351739838
d:1122:-1.7719012053163397e-06,3.2847043084086565,3.28470438960856,6.569410469918422
d:1123:-1.6601419261519368e-06,3.2847042808953457,3.2847043546396684,6.56941029567694
d:1124:-8.702207399124973e-07,3.2847042908907476,3.2847043611212143,6.569409522232702
d:1125:-3.330367643883392e-07,3.284704360925467,3.2847044125004228,6.569409106462654
d:1126:8.028694775674694e-07,3.284704252236482,3.2847043400580773,6.569407789425082
d:1127:2.3964986439750646e-08,3.2847043241092067,3.284704442940118,6.569408743084338
d:1128:-3.092870670684533e-07,3.2847043123343838,3.284704405209217,6.569409026830668
d:1129:-1.3732930348453465e-07,3.284704253116562,3.2847043575496784,6.569408747995544
d:1130:1.1078581874102156e-06,3.284704299024032,3.2847044043028415,6.569407595468686
d:1131:-3.1702394132082645e-07,3.2847043548350427,3.2847043827709914,6.5694090546299755
d:1132:-1.4343283840645427e-06,3.284704295704673,3.284704383194601,6.569410113227658
d:1133:5.135377154630305e-07,3.2847042635549393,3.284704345083938,6.569408095101162
d:1134:-2.6200245351049034e-07,3.284704299706288,3.2847044279622164,6.569408989670958
d:1135:-1.2257361703404968e-06,3.28470429841693,3.2847044354997426,6.569409959652843
d:1136:2.3608135073516223e-06,3.2847043427095812,3.2847044268644563,6.56940640876053
d:1137:-1.3559071128099731e-06,3.284704343933951,3.2847043876485316,6.5694100874895955
d:1138:9.771341584752236e-07,3.284704353222544,3.2847044043841542,6.56940778047254
d:1139:-4.262007458066819e-08,3.284704374590479,3.284704398147664,6.5694088153582175
d:1140:3.220596038744361e-07,3.284704355371831,3.2847043821415216,6.569408415453749
d:1141:-2.590687042669515e-07,3.2847043607997204,3.284704390607482,6.569409010475907
d:1142:-6.22057985566471e-07,3.2847043807197522,3.2847044140467077,6.5694094168244455
d:1143:1.352033146773124e-06,3.2847043448173032,3.2847043756092393,6.569407368393396
d:1144:2.1317430967116024e-06,3.284704357032382,3.2847044197226065,6.569406645011892
d:1145:-8.65672365790715e-07,3.2847043118189383,3.2847044241313412,6.569409601622645
d:1146:-2.5419211979738066e-07,3.28470426996628,3.284704414620128,6.569408938778528
d:1147:9.309960269376916e-08,3.2847042526179315,3.2847043846892916,6.56940854420762
d:1148:2.92777444954595e-07,3.2847043032850145,3.28470441763025,6.5694084281378196
d:1149:6.055645354052785e-07,3.2847043816003936,3.284704408221117,6.569408184256975
d:1150:7.754354722777634e-07,3.2847042736633245,3.28470443555611,6.569407933783962
d:1151:-9.350323537660188e-07,3.2847042377898585,3.2847043984439903,6.569409571266203
d:1152:-1.2793809602840156e-06,3.284704288965859,3.2847044451536753,6.5694100135004945
d:1153:6.600251474253582e-07,3.2847043535459726,3.2847044018274953,6.5694080953483205
d:1154:3.458610819961905e-07,3.2847042903900956,3.2847044098654994,6.569408354394513
d:1155:6.44459284160348e-07,3.2847042847116814,3.284704436767223,6.56940807701962
d:1156:-1.3670378482544265e-06,3.2847042797249717,3.284704454730191,6.569410101493011
d:1157:1.4014585190125217e-06,3.284704263287235,3.2847043855805342,6.56940724740925
d:1158:-7.312945253801217e-07,3.2847043301009062,3.2847043784818784,6.56940943987731
d:1159:-9.070963464807846e-07,3.284704259510278,3.2847043843893378,6.569409550995962
d:1160:1.0445654918811442e-06,3.2847043548350427,3.284704390781764,6.569407701051315
d:1161:3.291989472131718e-07,3.284704254278026,3.28470435890428,6.569408283983359
d:1162:3.158915049539246e-07,3.284704338220969,3.2847043992508365,6.569408421580301
d:1163:5.012550960969975e-07,3.284704244876812,3.284704342323927,6.569408085945643
d:1164:-2.6037034039916307e-07,3.2847042944377165,3.2847044070171574,6.569408961825214
d:1165:7.484976904947871e-07,3.284704301864677,3.284704379488071,6.569407932855057
d:1166:-7.244590065624834e-07,3.284704249915002,3.284704393824125,6.569409368198134
d:1167:1.1373035615491744e-06,3.2847043162497727,3.2847044450297727,6.569407623975984
d:1168:-9.276231089927478e-07,3.284704316456807,3.2847044145206343,6.56940965860055
d:1169:-1.2518103478242892e-06,3.284704273657951,3.284704385498907,6.569409910967206
d:1170:4.1107988302258036e-07,3.2847042794362515,3.2847044592254626,6.569408327581831
d:1171:1.642297151605021e-06,3.2847043159859783,3.2847044550274767,6.569407128716303
d:1172:5.962385305480211e-07,3.2847043596237455,3.284704427510592,6.569408190895807
d:1173:3.6737839081979473e-07,3.2847043012677197,3.284704450037559,6.569408383926888
d:1174:3.119646905247464e-07,3.2847042487011358,3.2847043988604785,6.569408335596924
d:1175:1.0436173702998985e-07,3.284704266790735,3.2847044149310456,6.5694085773600435
d:1176:9.796751907487078e-07,3.2847042882369664,3.2847044176453863,6.569407726207162
d:1177:-2.638101044283303e-07,3.284704300678886,3.284704461029925,6.569409025518915
d:1178:-1.0575517723765415e-06,3.284704293314899,3.2847044424936733,6.569409793360345
d:1179:1.8429794792496068e-06,3.284704337909096,3.2847044678768462,6.569406962806463
d:1180:-7.731522195797425e-07,3.2847043225586834,3.284704440114286,6.569409535825189
